[0.100s] Invoking command in '/home/diseq1/ros2_ws/build/examples_rclcpp_minimal_service': CMAKE_PREFIX_PATH=${CMAKE_PREFIX_PATH}:/home/diseq1/ros2_ws/install/turtle_tf2_py:/home/diseq1/ros2_ws/install/launch_testing_examples:/home/diseq1/ros2_ws/install/examples_rclpy_pointcloud_publisher:/home/diseq1/ros2_ws/install/examples_rclpy_minimal_subscriber:/home/diseq1/ros2_ws/install/examples_rclpy_minimal_service:/home/diseq1/ros2_ws/install/examples_rclpy_minimal_publisher:/home/diseq1/ros2_ws/install/examples_rclpy_minimal_client:/home/diseq1/ros2_ws/install/examples_rclpy_minimal_action_server:/home/diseq1/ros2_ws/install/examples_rclpy_minimal_action_client:/home/diseq1/ros2_ws/install/examples_rclpy_guard_conditions:/home/diseq1/ros2_ws/install/examples_rclpy_executors:/opt/ros/humble /usr/bin/cmake --build /home/diseq1/ros2_ws/build/examples_rclcpp_minimal_service -- -j32 -l32
[1.600s] [35m[1mConsolidate compiler generated dependencies of target service_main[0m
[1.600s] [100%] Built target service_main
[1.628s] Invoked command in '/home/diseq1/ros2_ws/build/examples_rclcpp_minimal_service' returned '0': CMAKE_PREFIX_PATH=${CMAKE_PREFIX_PATH}:/home/diseq1/ros2_ws/install/turtle_tf2_py:/home/diseq1/ros2_ws/install/launch_testing_examples:/home/diseq1/ros2_ws/install/examples_rclpy_pointcloud_publisher:/home/diseq1/ros2_ws/install/examples_rclpy_minimal_subscriber:/home/diseq1/ros2_ws/install/examples_rclpy_minimal_service:/home/diseq1/ros2_ws/install/examples_rclpy_minimal_publisher:/home/diseq1/ros2_ws/install/examples_rclpy_minimal_client:/home/diseq1/ros2_ws/install/examples_rclpy_minimal_action_server:/home/diseq1/ros2_ws/install/examples_rclpy_minimal_action_client:/home/diseq1/ros2_ws/install/examples_rclpy_guard_conditions:/home/diseq1/ros2_ws/install/examples_rclpy_executors:/opt/ros/humble /usr/bin/cmake --build /home/diseq1/ros2_ws/build/examples_rclcpp_minimal_service -- -j32 -l32
[1.629s] Invoking command in '/home/diseq1/ros2_ws/build/examples_rclcpp_minimal_service': CMAKE_PREFIX_PATH=${CMAKE_PREFIX_PATH}:/home/diseq1/ros2_ws/install/turtle_tf2_py:/home/diseq1/ros2_ws/install/launch_testing_examples:/home/diseq1/ros2_ws/install/examples_rclpy_pointcloud_publisher:/home/diseq1/ros2_ws/install/examples_rclpy_minimal_subscriber:/home/diseq1/ros2_ws/install/examples_rclpy_minimal_service:/home/diseq1/ros2_ws/install/examples_rclpy_minimal_publisher:/home/diseq1/ros2_ws/install/examples_rclpy_minimal_client:/home/diseq1/ros2_ws/install/examples_rclpy_minimal_action_server:/home/diseq1/ros2_ws/install/examples_rclpy_minimal_action_client:/home/diseq1/ros2_ws/install/examples_rclpy_guard_conditions:/home/diseq1/ros2_ws/install/examples_rclpy_executors:/opt/ros/humble /usr/bin/cmake --install /home/diseq1/ros2_ws/build/examples_rclcpp_minimal_service
[1.684s] -- Install configuration: ""
[1.685s] -- Up-to-date: /home/diseq1/ros2_ws/install/examples_rclcpp_minimal_service/lib/examples_rclcpp_minimal_service/service_main
[1.685s] -- Up-to-date: /home/diseq1/ros2_ws/install/examples_rclcpp_minimal_service/share/ament_index/resource_index/package_run_dependencies/examples_rclcpp_minimal_service
[1.686s] -- Up-to-date: /home/diseq1/ros2_ws/install/examples_rclcpp_minimal_service/share/ament_index/resource_index/parent_prefix_path/examples_rclcpp_minimal_service
[1.686s] -- Up-to-date: /home/diseq1/ros2_ws/install/examples_rclcpp_minimal_service/share/examples_rclcpp_minimal_service/environment/ament_prefix_path.sh
[1.686s] -- Up-to-date: /home/diseq1/ros2_ws/install/examples_rclcpp_minimal_service/share/examples_rclcpp_minimal_service/environment/ament_prefix_path.dsv
[1.686s] -- Up-to-date: /home/diseq1/ros2_ws/install/examples_rclcpp_minimal_service/share/examples_rclcpp_minimal_service/environment/path.sh
[1.686s] -- Up-to-date: /home/diseq1/ros2_ws/install/examples_rclcpp_minimal_service/share/examples_rclcpp_minimal_service/environment/path.dsv
[1.687s] -- Up-to-date: /home/diseq1/ros2_ws/install/examples_rclcpp_minimal_service/share/examples_rclcpp_minimal_service/local_setup.bash
[1.687s] -- Up-to-date: /home/diseq1/ros2_ws/install/examples_rclcpp_minimal_service/share/examples_rclcpp_minimal_service/local_setup.sh
[1.687s] -- Up-to-date: /home/diseq1/ros2_ws/install/examples_rclcpp_minimal_service/share/examples_rclcpp_minimal_service/local_setup.zsh
[1.687s] -- Up-to-date: /home/diseq1/ros2_ws/install/examples_rclcpp_minimal_service/share/examples_rclcpp_minimal_service/local_setup.dsv
[1.687s] -- Installing: /home/diseq1/ros2_ws/install/examples_rclcpp_minimal_service/share/examples_rclcpp_minimal_service/package.dsv
[1.688s] -- Up-to-date: /home/diseq1/ros2_ws/install/examples_rclcpp_minimal_service/share/ament_index/resource_index/packages/examples_rclcpp_minimal_service
[1.688s] -- Up-to-date: /home/diseq1/ros2_ws/install/examples_rclcpp_minimal_service/share/examples_rclcpp_minimal_service/cmake/examples_rclcpp_minimal_serviceConfig.cmake
[1.688s] -- Up-to-date: /home/diseq1/ros2_ws/install/examples_rclcpp_minimal_service/share/examples_rclcpp_minimal_service/cmake/examples_rclcpp_minimal_serviceConfig-version.cmake
[1.688s] -- Up-to-date: /home/diseq1/ros2_ws/install/examples_rclcpp_minimal_service/share/examples_rclcpp_minimal_service/package.xml
[1.797s] Invoked command in '/home/diseq1/ros2_ws/build/examples_rclcpp_minimal_service' returned '0': CMAKE_PREFIX_PATH=${CMAKE_PREFIX_PATH}:/home/diseq1/ros2_ws/install/turtle_tf2_py:/home/diseq1/ros2_ws/install/launch_testing_examples:/home/diseq1/ros2_ws/install/examples_rclpy_pointcloud_publisher:/home/diseq1/ros2_ws/install/examples_rclpy_minimal_subscriber:/home/diseq1/ros2_ws/install/examples_rclpy_minimal_service:/home/diseq1/ros2_ws/install/examples_rclpy_minimal_publisher:/home/diseq1/ros2_ws/install/examples_rclpy_minimal_client:/home/diseq1/ros2_ws/install/examples_rclpy_minimal_action_server:/home/diseq1/ros2_ws/install/examples_rclpy_minimal_action_client:/home/diseq1/ros2_ws/install/examples_rclpy_guard_conditions:/home/diseq1/ros2_ws/install/examples_rclpy_executors:/opt/ros/humble /usr/bin/cmake --install /home/diseq1/ros2_ws/build/examples_rclcpp_minimal_service
