[1.890s] Invoking command in '/home/diseq1/ros2_ws/src/geometry_tutorials/turtle_tf2_py': PYTHONPATH=/home/diseq1/ros2_ws/build/turtle_tf2_py/prefix_override:/usr/lib/python3/dist-packages/colcon_core/task/python/colcon_distutils_commands:/home/diseq1/ros2_ws/install/turtle_tf2_py/lib/python3.10/site-packages:${PYTHONPATH} /usr/bin/python3 -W ignore:setup.py install is deprecated -W ignore:easy_install command is deprecated setup.py egg_info --egg-base ../../../build/turtle_tf2_py build --build-base /home/diseq1/ros2_ws/build/turtle_tf2_py/build install --record /home/diseq1/ros2_ws/build/turtle_tf2_py/install.log --single-version-externally-managed install_data
[3.275s] running egg_info
[3.277s] creating ../../../build/turtle_tf2_py/turtle_tf2_py.egg-info
[3.277s] writing ../../../build/turtle_tf2_py/turtle_tf2_py.egg-info/PKG-INFO
[3.278s] writing dependency_links to ../../../build/turtle_tf2_py/turtle_tf2_py.egg-info/dependency_links.txt
[3.279s] writing entry points to ../../../build/turtle_tf2_py/turtle_tf2_py.egg-info/entry_points.txt
[3.279s] writing requirements to ../../../build/turtle_tf2_py/turtle_tf2_py.egg-info/requires.txt
[3.280s] writing top-level names to ../../../build/turtle_tf2_py/turtle_tf2_py.egg-info/top_level.txt
[3.280s] writing manifest file '../../../build/turtle_tf2_py/turtle_tf2_py.egg-info/SOURCES.txt'
[3.280s] reading manifest file '../../../build/turtle_tf2_py/turtle_tf2_py.egg-info/SOURCES.txt'
[3.280s] writing manifest file '../../../build/turtle_tf2_py/turtle_tf2_py.egg-info/SOURCES.txt'
[3.280s] running build
[3.281s] running build_py
[3.281s] creating /home/diseq1/ros2_ws/build/turtle_tf2_py/build
[3.282s] creating /home/diseq1/ros2_ws/build/turtle_tf2_py/build/lib
[3.282s] creating /home/diseq1/ros2_ws/build/turtle_tf2_py/build/lib/turtle_tf2_py
[3.283s] copying turtle_tf2_py/turtle_tf2_broadcaster.py -> /home/diseq1/ros2_ws/build/turtle_tf2_py/build/lib/turtle_tf2_py
[3.283s] copying turtle_tf2_py/turtle_tf2_listener.py -> /home/diseq1/ros2_ws/build/turtle_tf2_py/build/lib/turtle_tf2_py
[3.283s] copying turtle_tf2_py/__init__.py -> /home/diseq1/ros2_ws/build/turtle_tf2_py/build/lib/turtle_tf2_py
[3.283s] copying turtle_tf2_py/dynamic_frame_tf2_broadcaster.py -> /home/diseq1/ros2_ws/build/turtle_tf2_py/build/lib/turtle_tf2_py
[3.284s] copying turtle_tf2_py/fixed_frame_tf2_broadcaster.py -> /home/diseq1/ros2_ws/build/turtle_tf2_py/build/lib/turtle_tf2_py
[3.284s] copying turtle_tf2_py/turtle_tf2_message_broadcaster.py -> /home/diseq1/ros2_ws/build/turtle_tf2_py/build/lib/turtle_tf2_py
[3.284s] copying turtle_tf2_py/static_turtle_tf2_broadcaster.py -> /home/diseq1/ros2_ws/build/turtle_tf2_py/build/lib/turtle_tf2_py
[3.285s] running install
[3.285s] running install_lib
[3.285s] creating /home/diseq1/ros2_ws/install/turtle_tf2_py/lib/python3.10/site-packages/turtle_tf2_py
[3.285s] copying /home/diseq1/ros2_ws/build/turtle_tf2_py/build/lib/turtle_tf2_py/turtle_tf2_broadcaster.py -> /home/diseq1/ros2_ws/install/turtle_tf2_py/lib/python3.10/site-packages/turtle_tf2_py
[3.286s] copying /home/diseq1/ros2_ws/build/turtle_tf2_py/build/lib/turtle_tf2_py/turtle_tf2_listener.py -> /home/diseq1/ros2_ws/install/turtle_tf2_py/lib/python3.10/site-packages/turtle_tf2_py
[3.286s] copying /home/diseq1/ros2_ws/build/turtle_tf2_py/build/lib/turtle_tf2_py/__init__.py -> /home/diseq1/ros2_ws/install/turtle_tf2_py/lib/python3.10/site-packages/turtle_tf2_py
[3.286s] copying /home/diseq1/ros2_ws/build/turtle_tf2_py/build/lib/turtle_tf2_py/dynamic_frame_tf2_broadcaster.py -> /home/diseq1/ros2_ws/install/turtle_tf2_py/lib/python3.10/site-packages/turtle_tf2_py
[3.286s] copying /home/diseq1/ros2_ws/build/turtle_tf2_py/build/lib/turtle_tf2_py/fixed_frame_tf2_broadcaster.py -> /home/diseq1/ros2_ws/install/turtle_tf2_py/lib/python3.10/site-packages/turtle_tf2_py
[3.286s] copying /home/diseq1/ros2_ws/build/turtle_tf2_py/build/lib/turtle_tf2_py/turtle_tf2_message_broadcaster.py -> /home/diseq1/ros2_ws/install/turtle_tf2_py/lib/python3.10/site-packages/turtle_tf2_py
[3.286s] copying /home/diseq1/ros2_ws/build/turtle_tf2_py/build/lib/turtle_tf2_py/static_turtle_tf2_broadcaster.py -> /home/diseq1/ros2_ws/install/turtle_tf2_py/lib/python3.10/site-packages/turtle_tf2_py
[3.287s] byte-compiling /home/diseq1/ros2_ws/install/turtle_tf2_py/lib/python3.10/site-packages/turtle_tf2_py/turtle_tf2_broadcaster.py to turtle_tf2_broadcaster.cpython-310.pyc
[3.287s] byte-compiling /home/diseq1/ros2_ws/install/turtle_tf2_py/lib/python3.10/site-packages/turtle_tf2_py/turtle_tf2_listener.py to turtle_tf2_listener.cpython-310.pyc
[3.287s] byte-compiling /home/diseq1/ros2_ws/install/turtle_tf2_py/lib/python3.10/site-packages/turtle_tf2_py/__init__.py to __init__.cpython-310.pyc
[3.288s] byte-compiling /home/diseq1/ros2_ws/install/turtle_tf2_py/lib/python3.10/site-packages/turtle_tf2_py/dynamic_frame_tf2_broadcaster.py to dynamic_frame_tf2_broadcaster.cpython-310.pyc
[3.290s] byte-compiling /home/diseq1/ros2_ws/install/turtle_tf2_py/lib/python3.10/site-packages/turtle_tf2_py/fixed_frame_tf2_broadcaster.py to fixed_frame_tf2_broadcaster.cpython-310.pyc
[3.290s] byte-compiling /home/diseq1/ros2_ws/install/turtle_tf2_py/lib/python3.10/site-packages/turtle_tf2_py/turtle_tf2_message_broadcaster.py to turtle_tf2_message_broadcaster.cpython-310.pyc
[3.290s] byte-compiling /home/diseq1/ros2_ws/install/turtle_tf2_py/lib/python3.10/site-packages/turtle_tf2_py/static_turtle_tf2_broadcaster.py to static_turtle_tf2_broadcaster.cpython-310.pyc
[3.290s] running install_data
[3.290s] creating /home/diseq1/ros2_ws/install/turtle_tf2_py/share/ament_index
[3.290s] creating /home/diseq1/ros2_ws/install/turtle_tf2_py/share/ament_index/resource_index
[3.290s] creating /home/diseq1/ros2_ws/install/turtle_tf2_py/share/ament_index/resource_index/packages
[3.290s] copying resource/turtle_tf2_py -> /home/diseq1/ros2_ws/install/turtle_tf2_py/share/ament_index/resource_index/packages
[3.290s] copying package.xml -> /home/diseq1/ros2_ws/install/turtle_tf2_py/share/turtle_tf2_py
[3.290s] creating /home/diseq1/ros2_ws/install/turtle_tf2_py/share/turtle_tf2_py/launch
[3.290s] copying launch/turtle_tf2_fixed_frame_demo.launch.py -> /home/diseq1/ros2_ws/install/turtle_tf2_py/share/turtle_tf2_py/launch
[3.291s] copying launch/turtle_tf2_dynamic_frame_demo.launch.py -> /home/diseq1/ros2_ws/install/turtle_tf2_py/share/turtle_tf2_py/launch
[3.291s] copying launch/turtle_tf2_demo.launch.py -> /home/diseq1/ros2_ws/install/turtle_tf2_py/share/turtle_tf2_py/launch
[3.291s] copying launch/turtle_tf2_sensor_message.launch.py -> /home/diseq1/ros2_ws/install/turtle_tf2_py/share/turtle_tf2_py/launch
[3.291s] creating /home/diseq1/ros2_ws/install/turtle_tf2_py/share/turtle_tf2_py/rviz
[3.292s] copying rviz/turtle_rviz.rviz -> /home/diseq1/ros2_ws/install/turtle_tf2_py/share/turtle_tf2_py/rviz
[3.292s] running install_egg_info
[3.292s] Copying ../../../build/turtle_tf2_py/turtle_tf2_py.egg-info to /home/diseq1/ros2_ws/install/turtle_tf2_py/lib/python3.10/site-packages/turtle_tf2_py-0.7.0-py3.10.egg-info
[3.292s] running install_scripts
[3.292s] Installing dynamic_frame_tf2_broadcaster script to /home/diseq1/ros2_ws/install/turtle_tf2_py/lib/turtle_tf2_py
[3.292s] Installing fixed_frame_tf2_broadcaster script to /home/diseq1/ros2_ws/install/turtle_tf2_py/lib/turtle_tf2_py
[3.292s] Installing static_turtle_tf2_broadcaster script to /home/diseq1/ros2_ws/install/turtle_tf2_py/lib/turtle_tf2_py
[3.292s] Installing turtle_tf2_broadcaster script to /home/diseq1/ros2_ws/install/turtle_tf2_py/lib/turtle_tf2_py
[3.292s] Installing turtle_tf2_listener script to /home/diseq1/ros2_ws/install/turtle_tf2_py/lib/turtle_tf2_py
[3.292s] Installing turtle_tf2_message_broadcaster script to /home/diseq1/ros2_ws/install/turtle_tf2_py/lib/turtle_tf2_py
[3.292s] writing list of installed files to '/home/diseq1/ros2_ws/build/turtle_tf2_py/install.log'
[3.336s] Invoked command in '/home/diseq1/ros2_ws/src/geometry_tutorials/turtle_tf2_py' returned '0': PYTHONPATH=/home/diseq1/ros2_ws/build/turtle_tf2_py/prefix_override:/usr/lib/python3/dist-packages/colcon_core/task/python/colcon_distutils_commands:/home/diseq1/ros2_ws/install/turtle_tf2_py/lib/python3.10/site-packages:${PYTHONPATH} /usr/bin/python3 -W ignore:setup.py install is deprecated -W ignore:easy_install command is deprecated setup.py egg_info --egg-base ../../../build/turtle_tf2_py build --build-base /home/diseq1/ros2_ws/build/turtle_tf2_py/build install --record /home/diseq1/ros2_ws/build/turtle_tf2_py/install.log --single-version-externally-managed install_data
