[4.575s] Invoking command in '/home/diseq1/ros2_ws/src/ros2-tutorials/rclpy/services/minimal_service': PYTHONPATH=/home/diseq1/ros2_ws/build/examples_rclpy_minimal_service/prefix_override:/usr/lib/python3/dist-packages/colcon_core/task/python/colcon_distutils_commands:/home/diseq1/ros2_ws/install/examples_rclpy_minimal_service/lib/python3.10/site-packages:${PYTHONPATH} /usr/bin/python3 -W ignore:setup.py install is deprecated -W ignore:easy_install command is deprecated setup.py egg_info --egg-base ../../../../../build/examples_rclpy_minimal_service build --build-base /home/diseq1/ros2_ws/build/examples_rclpy_minimal_service/build install --record /home/diseq1/ros2_ws/build/examples_rclpy_minimal_service/install.log --single-version-externally-managed install_data
[5.033s] running egg_info
[5.034s] writing ../../../../../build/examples_rclpy_minimal_service/examples_rclpy_minimal_service.egg-info/PKG-INFO
[5.034s] writing dependency_links to ../../../../../build/examples_rclpy_minimal_service/examples_rclpy_minimal_service.egg-info/dependency_links.txt
[5.034s] writing entry points to ../../../../../build/examples_rclpy_minimal_service/examples_rclpy_minimal_service.egg-info/entry_points.txt
[5.034s] writing requirements to ../../../../../build/examples_rclpy_minimal_service/examples_rclpy_minimal_service.egg-info/requires.txt
[5.034s] writing top-level names to ../../../../../build/examples_rclpy_minimal_service/examples_rclpy_minimal_service.egg-info/top_level.txt
[5.034s] reading manifest file '../../../../../build/examples_rclpy_minimal_service/examples_rclpy_minimal_service.egg-info/SOURCES.txt'
[5.034s] writing manifest file '../../../../../build/examples_rclpy_minimal_service/examples_rclpy_minimal_service.egg-info/SOURCES.txt'
[5.034s] running build
[5.034s] running build_py
[5.034s] running install
[5.034s] running install_lib
[5.034s] running install_data
[5.034s] running install_egg_info
[5.034s] removing '/home/diseq1/ros2_ws/install/examples_rclpy_minimal_service/lib/python3.10/site-packages/examples_rclpy_minimal_service-0.21.4-py3.10.egg-info' (and everything under it)
[5.034s] Copying ../../../../../build/examples_rclpy_minimal_service/examples_rclpy_minimal_service.egg-info to /home/diseq1/ros2_ws/install/examples_rclpy_minimal_service/lib/python3.10/site-packages/examples_rclpy_minimal_service-0.21.4-py3.10.egg-info
[5.034s] running install_scripts
[5.051s] Installing service script to /home/diseq1/ros2_ws/install/examples_rclpy_minimal_service/lib/examples_rclpy_minimal_service
[5.051s] Installing service_member_function script to /home/diseq1/ros2_ws/install/examples_rclpy_minimal_service/lib/examples_rclpy_minimal_service
[5.051s] writing list of installed files to '/home/diseq1/ros2_ws/build/examples_rclpy_minimal_service/install.log'
[5.108s] Invoked command in '/home/diseq1/ros2_ws/src/ros2-tutorials/rclpy/services/minimal_service' returned '0': PYTHONPATH=/home/diseq1/ros2_ws/build/examples_rclpy_minimal_service/prefix_override:/usr/lib/python3/dist-packages/colcon_core/task/python/colcon_distutils_commands:/home/diseq1/ros2_ws/install/examples_rclpy_minimal_service/lib/python3.10/site-packages:${PYTHONPATH} /usr/bin/python3 -W ignore:setup.py install is deprecated -W ignore:easy_install command is deprecated setup.py egg_info --egg-base ../../../../../build/examples_rclpy_minimal_service build --build-base /home/diseq1/ros2_ws/build/examples_rclpy_minimal_service/build install --record /home/diseq1/ros2_ws/build/examples_rclpy_minimal_service/install.log --single-version-externally-managed install_data
