[1.979s] Invoking command in '/home/diseq1/ros2_ws/src/ros2-tutorials/rclpy/actions/minimal_action_client': PYTHONPATH=/home/diseq1/ros2_ws/build/examples_rclpy_minimal_action_client/prefix_override:/usr/lib/python3/dist-packages/colcon_core/task/python/colcon_distutils_commands:/home/diseq1/ros2_ws/install/examples_rclpy_minimal_action_client/lib/python3.10/site-packages:${PYTHONPATH} /usr/bin/python3 -W ignore:setup.py install is deprecated -W ignore:easy_install command is deprecated setup.py egg_info --egg-base ../../../../../build/examples_rclpy_minimal_action_client build --build-base /home/diseq1/ros2_ws/build/examples_rclpy_minimal_action_client/build install --record /home/diseq1/ros2_ws/build/examples_rclpy_minimal_action_client/install.log --single-version-externally-managed install_data
[3.359s] running egg_info
[3.359s] creating ../../../../../build/examples_rclpy_minimal_action_client/examples_rclpy_minimal_action_client.egg-info
[3.359s] writing ../../../../../build/examples_rclpy_minimal_action_client/examples_rclpy_minimal_action_client.egg-info/PKG-INFO
[3.360s] writing dependency_links to ../../../../../build/examples_rclpy_minimal_action_client/examples_rclpy_minimal_action_client.egg-info/dependency_links.txt
[3.360s] writing entry points to ../../../../../build/examples_rclpy_minimal_action_client/examples_rclpy_minimal_action_client.egg-info/entry_points.txt
[3.360s] writing requirements to ../../../../../build/examples_rclpy_minimal_action_client/examples_rclpy_minimal_action_client.egg-info/requires.txt
[3.360s] writing top-level names to ../../../../../build/examples_rclpy_minimal_action_client/examples_rclpy_minimal_action_client.egg-info/top_level.txt
[3.360s] writing manifest file '../../../../../build/examples_rclpy_minimal_action_client/examples_rclpy_minimal_action_client.egg-info/SOURCES.txt'
[3.360s] reading manifest file '../../../../../build/examples_rclpy_minimal_action_client/examples_rclpy_minimal_action_client.egg-info/SOURCES.txt'
[3.360s] writing manifest file '../../../../../build/examples_rclpy_minimal_action_client/examples_rclpy_minimal_action_client.egg-info/SOURCES.txt'
[3.360s] running build
[3.360s] running build_py
[3.360s] creating /home/diseq1/ros2_ws/build/examples_rclpy_minimal_action_client/build
[3.360s] creating /home/diseq1/ros2_ws/build/examples_rclpy_minimal_action_client/build/lib
[3.360s] creating /home/diseq1/ros2_ws/build/examples_rclpy_minimal_action_client/build/lib/examples_rclpy_minimal_action_client
[3.360s] copying examples_rclpy_minimal_action_client/client_asyncio.py -> /home/diseq1/ros2_ws/build/examples_rclpy_minimal_action_client/build/lib/examples_rclpy_minimal_action_client
[3.360s] copying examples_rclpy_minimal_action_client/client_cancel.py -> /home/diseq1/ros2_ws/build/examples_rclpy_minimal_action_client/build/lib/examples_rclpy_minimal_action_client
[3.360s] copying examples_rclpy_minimal_action_client/client_not_composable.py -> /home/diseq1/ros2_ws/build/examples_rclpy_minimal_action_client/build/lib/examples_rclpy_minimal_action_client
[3.360s] copying examples_rclpy_minimal_action_client/__init__.py -> /home/diseq1/ros2_ws/build/examples_rclpy_minimal_action_client/build/lib/examples_rclpy_minimal_action_client
[3.360s] copying examples_rclpy_minimal_action_client/client.py -> /home/diseq1/ros2_ws/build/examples_rclpy_minimal_action_client/build/lib/examples_rclpy_minimal_action_client
[3.361s] running install
[3.361s] running install_lib
[3.361s] creating /home/diseq1/ros2_ws/install/examples_rclpy_minimal_action_client/lib/python3.10/site-packages/examples_rclpy_minimal_action_client
[3.361s] copying /home/diseq1/ros2_ws/build/examples_rclpy_minimal_action_client/build/lib/examples_rclpy_minimal_action_client/client_asyncio.py -> /home/diseq1/ros2_ws/install/examples_rclpy_minimal_action_client/lib/python3.10/site-packages/examples_rclpy_minimal_action_client
[3.361s] copying /home/diseq1/ros2_ws/build/examples_rclpy_minimal_action_client/build/lib/examples_rclpy_minimal_action_client/client_cancel.py -> /home/diseq1/ros2_ws/install/examples_rclpy_minimal_action_client/lib/python3.10/site-packages/examples_rclpy_minimal_action_client
[3.361s] copying /home/diseq1/ros2_ws/build/examples_rclpy_minimal_action_client/build/lib/examples_rclpy_minimal_action_client/client_not_composable.py -> /home/diseq1/ros2_ws/install/examples_rclpy_minimal_action_client/lib/python3.10/site-packages/examples_rclpy_minimal_action_client
[3.361s] copying /home/diseq1/ros2_ws/build/examples_rclpy_minimal_action_client/build/lib/examples_rclpy_minimal_action_client/__init__.py -> /home/diseq1/ros2_ws/install/examples_rclpy_minimal_action_client/lib/python3.10/site-packages/examples_rclpy_minimal_action_client
[3.361s] copying /home/diseq1/ros2_ws/build/examples_rclpy_minimal_action_client/build/lib/examples_rclpy_minimal_action_client/client.py -> /home/diseq1/ros2_ws/install/examples_rclpy_minimal_action_client/lib/python3.10/site-packages/examples_rclpy_minimal_action_client
[3.361s] byte-compiling /home/diseq1/ros2_ws/install/examples_rclpy_minimal_action_client/lib/python3.10/site-packages/examples_rclpy_minimal_action_client/client_asyncio.py to client_asyncio.cpython-310.pyc
[3.361s] byte-compiling /home/diseq1/ros2_ws/install/examples_rclpy_minimal_action_client/lib/python3.10/site-packages/examples_rclpy_minimal_action_client/client_cancel.py to client_cancel.cpython-310.pyc
[3.361s] byte-compiling /home/diseq1/ros2_ws/install/examples_rclpy_minimal_action_client/lib/python3.10/site-packages/examples_rclpy_minimal_action_client/client_not_composable.py to client_not_composable.cpython-310.pyc
[3.361s] byte-compiling /home/diseq1/ros2_ws/install/examples_rclpy_minimal_action_client/lib/python3.10/site-packages/examples_rclpy_minimal_action_client/__init__.py to __init__.cpython-310.pyc
[3.362s] byte-compiling /home/diseq1/ros2_ws/install/examples_rclpy_minimal_action_client/lib/python3.10/site-packages/examples_rclpy_minimal_action_client/client.py to client.cpython-310.pyc
[3.362s] running install_data
[3.362s] creating /home/diseq1/ros2_ws/install/examples_rclpy_minimal_action_client/share/ament_index
[3.362s] creating /home/diseq1/ros2_ws/install/examples_rclpy_minimal_action_client/share/ament_index/resource_index
[3.362s] creating /home/diseq1/ros2_ws/install/examples_rclpy_minimal_action_client/share/ament_index/resource_index/packages
[3.362s] copying resource/examples_rclpy_minimal_action_client -> /home/diseq1/ros2_ws/install/examples_rclpy_minimal_action_client/share/ament_index/resource_index/packages
[3.362s] copying package.xml -> /home/diseq1/ros2_ws/install/examples_rclpy_minimal_action_client/share/examples_rclpy_minimal_action_client
[3.362s] running install_egg_info
[3.362s] Copying ../../../../../build/examples_rclpy_minimal_action_client/examples_rclpy_minimal_action_client.egg-info to /home/diseq1/ros2_ws/install/examples_rclpy_minimal_action_client/lib/python3.10/site-packages/examples_rclpy_minimal_action_client-0.21.4-py3.10.egg-info
[3.362s] running install_scripts
[3.362s] Installing client script to /home/diseq1/ros2_ws/install/examples_rclpy_minimal_action_client/lib/examples_rclpy_minimal_action_client
[3.362s] Installing client_asyncio script to /home/diseq1/ros2_ws/install/examples_rclpy_minimal_action_client/lib/examples_rclpy_minimal_action_client
[3.362s] Installing client_cancel script to /home/diseq1/ros2_ws/install/examples_rclpy_minimal_action_client/lib/examples_rclpy_minimal_action_client
[3.362s] Installing client_not_composable script to /home/diseq1/ros2_ws/install/examples_rclpy_minimal_action_client/lib/examples_rclpy_minimal_action_client
[3.363s] writing list of installed files to '/home/diseq1/ros2_ws/build/examples_rclpy_minimal_action_client/install.log'
[3.406s] Invoked command in '/home/diseq1/ros2_ws/src/ros2-tutorials/rclpy/actions/minimal_action_client' returned '0': PYTHONPATH=/home/diseq1/ros2_ws/build/examples_rclpy_minimal_action_client/prefix_override:/usr/lib/python3/dist-packages/colcon_core/task/python/colcon_distutils_commands:/home/diseq1/ros2_ws/install/examples_rclpy_minimal_action_client/lib/python3.10/site-packages:${PYTHONPATH} /usr/bin/python3 -W ignore:setup.py install is deprecated -W ignore:easy_install command is deprecated setup.py egg_info --egg-base ../../../../../build/examples_rclpy_minimal_action_client build --build-base /home/diseq1/ros2_ws/build/examples_rclpy_minimal_action_client/build install --record /home/diseq1/ros2_ws/build/examples_rclpy_minimal_action_client/install.log --single-version-externally-managed install_data
