[0.083s] Invoking command in '/home/diseq1/ros2_ws/build/examples_rclcpp_wait_set': CMAKE_PREFIX_PATH=/opt/ros/humble /usr/bin/cmake --build /home/diseq1/ros2_ws/build/examples_rclcpp_wait_set -- -j32 -l32
[3.576s] [01m[K/home/diseq1/ros2_ws/src/ros2-tutorials/rclcpp/wait_set/src/wait_set_topics_and_timer.cpp:[m[K In function ‘[01m[Kint32_t main(int32_t, char**)[m[K’:
[3.576s] [01m[K/home/diseq1/ros2_ws/src/ros2-tutorials/rclcpp/wait_set/src/wait_set_topics_and_timer.cpp:76:42:[m[K [01;31m[Kerror: [m[Kno matching function for call to ‘[01m[Krclcpp::TimerBase::execute_callback(bool&)[m[K’
[3.576s]    76 |           [01;31m[Kone_off_timer->execute_callback(data)[m[K;
[3.577s]       |           [01;31m[K~~~~~~~~~~~~~~~~~~~~~~~~~~~~~~~^~~~~~[m[K
[3.577s] In file included from [01m[K/opt/ros/humble/include/rclcpp/rclcpp/callback_group.hpp:30[m[K,
[3.577s]                  from [01m[K/opt/ros/humble/include/rclcpp/rclcpp/any_executable.hpp:20[m[K,
[3.577s]                  from [01m[K/opt/ros/humble/include/rclcpp/rclcpp/memory_strategy.hpp:25[m[K,
[3.577s]                  from [01m[K/opt/ros/humble/include/rclcpp/rclcpp/memory_strategies.hpp:18[m[K,
[3.577s]                  from [01m[K/opt/ros/humble/include/rclcpp/rclcpp/executor_options.hpp:20[m[K,
[3.577s]                  from [01m[K/opt/ros/humble/include/rclcpp/rclcpp/executor.hpp:37[m[K,
[3.577s]                  from [01m[K/opt/ros/humble/include/rclcpp/rclcpp/executors/multi_threaded_executor.hpp:25[m[K,
[3.577s]                  from [01m[K/opt/ros/humble/include/rclcpp/rclcpp/executors.hpp:21[m[K,
[3.577s]                  from [01m[K/opt/ros/humble/include/rclcpp/rclcpp/rclcpp.hpp:155[m[K,
[3.577s]                  from [01m[K/home/diseq1/ros2_ws/src/ros2-tutorials/rclcpp/wait_set/src/wait_set_topics_and_timer.cpp:17[m[K:
[3.577s] [01m[K/opt/ros/humble/include/rclcpp/rclcpp/timer.hpp:108:3:[m[K [01;36m[Knote: [m[Kcandidate: ‘[01m[Kvirtual void rclcpp::TimerBase::execute_callback()[m[K’
[3.577s]   108 |   [01;36m[Kexecute_callback[m[K() = 0;
[3.577s]       |   [01;36m[K^~~~~~~~~~~~~~~~[m[K
[3.577s] [01m[K/opt/ros/humble/include/rclcpp/rclcpp/timer.hpp:108:3:[m[K [01;36m[Knote: [m[K  candidate expects 0 arguments, 1 provided
[3.577s] [  4%] [32mBuilding CXX object CMakeFiles/listener.dir/src/listener.cpp.o[0m
[3.577s] [  8%] [32mBuilding CXX object CMakeFiles/wait_set_random_order.dir/src/wait_set_random_order.cpp.o[0m
[3.577s] [ 12%] [32mBuilding CXX object CMakeFiles/wait_set.dir/src/wait_set.cpp.o[0m
[3.577s] [ 16%] [32mBuilding CXX object CMakeFiles/talker.dir/src/talker.cpp.o[0m
[3.577s] [ 20%] [32mBuilding CXX object CMakeFiles/wait_set_talker.dir/rclcpp_components/node_main_wait_set_talker.cpp.o[0m
[3.577s] [ 25%] [32mBuilding CXX object CMakeFiles/executor_random_order.dir/src/executor_random_order.cpp.o[0m
[3.577s] [ 29%] [32mBuilding CXX object CMakeFiles/static_wait_set.dir/src/static_wait_set.cpp.o[0m
[3.577s] [ 33%] [32mBuilding CXX object CMakeFiles/wait_set_listener.dir/rclcpp_components/node_main_wait_set_listener.cpp.o[0m
[3.577s] [ 37%] [32mBuilding CXX object CMakeFiles/wait_set_topics_and_timer.dir/src/wait_set_topics_and_timer.cpp.o[0m
[3.578s] [ 41%] [32mBuilding CXX object CMakeFiles/thread_safe_wait_set.dir/src/thread_safe_wait_set.cpp.o[0m
[3.578s] [ 45%] [32mBuilding CXX object CMakeFiles/wait_set_topics_with_different_rates.dir/src/wait_set_topics_with_different_rates.cpp.o[0m
[4.676s] [ 50%] [32m[1mLinking CXX executable wait_set_listener[0m
[4.825s] [ 54%] [32m[1mLinking CXX executable wait_set_talker[0m
[5.376s] [ 54%] Built target wait_set_listener
[5.386s] [ 54%] Built target wait_set_talker
[6.122s] [ 58%] [32m[1mLinking CXX shared library libtalker.so[0m
[6.774s] [ 58%] Built target talker
[7.397s] gmake[2]: *** [CMakeFiles/wait_set_topics_and_timer.dir/build.make:76: CMakeFiles/wait_set_topics_and_timer.dir/src/wait_set_topics_and_timer.cpp.o] Error 1
[7.397s] gmake[1]: *** [CMakeFiles/Makefile2:341: CMakeFiles/wait_set_topics_and_timer.dir/all] Error 2
[7.397s] gmake[1]: *** Waiting for unfinished jobs....
[10.269s] [ 62%] [32m[1mLinking CXX executable static_wait_set[0m
[10.504s] [ 66%] [32m[1mLinking CXX executable wait_set_topics_with_different_rates[0m
[10.673s] [ 66%] Built target static_wait_set
[10.777s] [ 70%] [32m[1mLinking CXX executable executor_random_order[0m
[10.943s] [ 70%] Built target wait_set_topics_with_different_rates
[10.976s] [ 75%] [32m[1mLinking CXX executable wait_set_random_order[0m
[11.175s] [ 79%] [32m[1mLinking CXX executable wait_set[0m
[11.195s] [ 83%] [32m[1mLinking CXX shared library liblistener.so[0m
[11.216s] [ 83%] Built target executor_random_order
[11.238s] [ 87%] [32m[1mLinking CXX executable thread_safe_wait_set[0m
[11.421s] [ 87%] Built target wait_set_random_order
[11.582s] [ 87%] Built target wait_set
[11.600s] [ 87%] Built target listener
[11.623s] [ 87%] Built target thread_safe_wait_set
[11.624s] gmake: *** [Makefile:146: all] Error 2
