[1.961s] Invoking command in '/home/diseq1/ros2_ws/src/ros2-tutorials/rclpy/services/minimal_service': PYTHONPATH=/home/diseq1/ros2_ws/build/examples_rclpy_minimal_service/prefix_override:/usr/lib/python3/dist-packages/colcon_core/task/python/colcon_distutils_commands:/home/diseq1/ros2_ws/install/examples_rclpy_minimal_service/lib/python3.10/site-packages:${PYTHONPATH} /usr/bin/python3 -W ignore:setup.py install is deprecated -W ignore:easy_install command is deprecated setup.py egg_info --egg-base ../../../../../build/examples_rclpy_minimal_service build --build-base /home/diseq1/ros2_ws/build/examples_rclpy_minimal_service/build install --record /home/diseq1/ros2_ws/build/examples_rclpy_minimal_service/install.log --single-version-externally-managed install_data
[2.108s] running egg_info
[2.108s] writing ../../../../../build/examples_rclpy_minimal_service/examples_rclpy_minimal_service.egg-info/PKG-INFO
[2.108s] writing dependency_links to ../../../../../build/examples_rclpy_minimal_service/examples_rclpy_minimal_service.egg-info/dependency_links.txt
[2.108s] writing entry points to ../../../../../build/examples_rclpy_minimal_service/examples_rclpy_minimal_service.egg-info/entry_points.txt
[2.109s] writing requirements to ../../../../../build/examples_rclpy_minimal_service/examples_rclpy_minimal_service.egg-info/requires.txt
[2.109s] writing top-level names to ../../../../../build/examples_rclpy_minimal_service/examples_rclpy_minimal_service.egg-info/top_level.txt
[2.109s] reading manifest file '../../../../../build/examples_rclpy_minimal_service/examples_rclpy_minimal_service.egg-info/SOURCES.txt'
[2.113s] writing manifest file '../../../../../build/examples_rclpy_minimal_service/examples_rclpy_minimal_service.egg-info/SOURCES.txt'
[2.113s] running build
[2.113s] running build_py
[2.113s] running install
[2.114s] running install_lib
[2.117s] running install_data
[2.118s] running install_egg_info
[2.119s] removing '/home/diseq1/ros2_ws/install/examples_rclpy_minimal_service/lib/python3.10/site-packages/examples_rclpy_minimal_service-0.21.4-py3.10.egg-info' (and everything under it)
[2.120s] Copying ../../../../../build/examples_rclpy_minimal_service/examples_rclpy_minimal_service.egg-info to /home/diseq1/ros2_ws/install/examples_rclpy_minimal_service/lib/python3.10/site-packages/examples_rclpy_minimal_service-0.21.4-py3.10.egg-info
[2.121s] running install_scripts
[2.133s] Installing service script to /home/diseq1/ros2_ws/install/examples_rclpy_minimal_service/lib/examples_rclpy_minimal_service
[2.133s] Installing service_member_function script to /home/diseq1/ros2_ws/install/examples_rclpy_minimal_service/lib/examples_rclpy_minimal_service
[2.133s] writing list of installed files to '/home/diseq1/ros2_ws/build/examples_rclpy_minimal_service/install.log'
[2.176s] Invoked command in '/home/diseq1/ros2_ws/src/ros2-tutorials/rclpy/services/minimal_service' returned '0': PYTHONPATH=/home/diseq1/ros2_ws/build/examples_rclpy_minimal_service/prefix_override:/usr/lib/python3/dist-packages/colcon_core/task/python/colcon_distutils_commands:/home/diseq1/ros2_ws/install/examples_rclpy_minimal_service/lib/python3.10/site-packages:${PYTHONPATH} /usr/bin/python3 -W ignore:setup.py install is deprecated -W ignore:easy_install command is deprecated setup.py egg_info --egg-base ../../../../../build/examples_rclpy_minimal_service build --build-base /home/diseq1/ros2_ws/build/examples_rclpy_minimal_service/build install --record /home/diseq1/ros2_ws/build/examples_rclpy_minimal_service/install.log --single-version-externally-managed install_data
