[0.072s] Invoking command in '/home/diseq1/ros2_ws/build/examples_rclcpp_wait_set': CMAKE_PREFIX_PATH=/opt/ros/humble /usr/bin/cmake /home/diseq1/ros2_ws/src/ros2-tutorials/rclcpp/wait_set -DCMAKE_INSTALL_PREFIX=/home/diseq1/ros2_ws/install/examples_rclcpp_wait_set
[1.550s] -- The C compiler identification is GNU 11.4.0
[1.550s] -- The CXX compiler identification is GNU 11.4.0
[1.550s] -- Detecting C compiler ABI info
[1.550s] -- Detecting C compiler ABI info - done
[1.551s] -- Check for working C compiler: /usr/bin/cc - skipped
[1.551s] -- Detecting C compile features
[1.551s] -- Detecting C compile features - done
[1.551s] -- Detecting CXX compiler ABI info
[1.551s] -- Detecting CXX compiler ABI info - done
[1.551s] -- Check for working CXX compiler: /usr/bin/c++ - skipped
[1.551s] -- Detecting CXX compile features
[1.551s] -- Detecting CXX compile features - done
[1.551s] -- Found ament_cmake: 1.3.12 (/opt/ros/humble/share/ament_cmake/cmake)
[1.552s] -- Found Python3: /usr/bin/python3 (found version "3.10.12") found components: Interpreter 
[1.552s] -- Found example_interfaces: 0.9.3 (/opt/ros/humble/share/example_interfaces/cmake)
[1.552s] -- Found rosidl_generator_c: 3.1.8 (/opt/ros/humble/share/rosidl_generator_c/cmake)
[1.552s] -- Found rosidl_adapter: 3.1.8 (/opt/ros/humble/share/rosidl_adapter/cmake)
[1.552s] -- Found rosidl_generator_cpp: 3.1.8 (/opt/ros/humble/share/rosidl_generator_cpp/cmake)
[1.552s] -- Using all available rosidl_typesupport_c: rosidl_typesupport_fastrtps_c;rosidl_typesupport_introspection_c
[1.553s] -- Using all available rosidl_typesupport_cpp: rosidl_typesupport_fastrtps_cpp;rosidl_typesupport_introspection_cpp
[1.553s] -- Found rclcpp: 16.0.17 (/opt/ros/humble/share/rclcpp/cmake)
[1.553s] -- Found rmw_implementation_cmake: 6.1.2 (/opt/ros/humble/share/rmw_implementation_cmake/cmake)
[1.553s] -- Found rmw_fastrtps_cpp: 6.2.9 (/opt/ros/humble/share/rmw_fastrtps_cpp/cmake)
[2.606s] -- Found OpenSSL: /usr/lib/x86_64-linux-gnu/libcrypto.so (found version "3.0.2")  
[3.994s] -- Found FastRTPS: /opt/ros/humble/include  
[6.382s] -- Using RMW implementation 'rmw_fastrtps_cpp' as default
[6.386s] -- Looking for pthread.h
[6.549s] -- Looking for pthread.h - found
[6.550s] -- Performing Test CMAKE_HAVE_LIBC_PTHREAD
[6.724s] -- Performing Test CMAKE_HAVE_LIBC_PTHREAD - Success
[6.725s] -- Found Threads: TRUE  
[6.753s] -- Found rclcpp_components: 16.0.17 (/opt/ros/humble/share/rclcpp_components/cmake)
[6.790s] -- Found ament_lint_auto: 0.12.14 (/opt/ros/humble/share/ament_lint_auto/cmake)
[6.846s] -- Added test 'copyright' to check source files copyright and LICENSE
[6.847s] -- Added test 'cppcheck' to perform static code analysis on C / C++ code
[6.847s] -- Configured cppcheck include dirs: /home/diseq1/ros2_ws/src/ros2-tutorials/rclcpp/wait_set/include
[6.847s] -- Configured cppcheck exclude dirs and/or files: 
[6.848s] -- Added test 'cpplint' to check C / C++ code against the Google style
[6.848s] -- Configured cpplint exclude dirs and/or files: 
[6.848s] -- Added test 'lint_cmake' to check CMake code style
[6.850s] -- Added test 'uncrustify' to check C / C++ code style
[6.850s] -- Configured uncrustify additional arguments: 
[6.850s] -- Added test 'xmllint' to check XML markup files
[6.852s] -- Configuring done
[6.886s] -- Generating done
[6.898s] -- Build files have been written to: /home/diseq1/ros2_ws/build/examples_rclcpp_wait_set
