[4.432s] Invoking command in '/home/diseq1/ros2_ws/src/ros2-tutorials/rclpy/services/minimal_client': PYTHONPATH=/home/diseq1/ros2_ws/build/examples_rclpy_minimal_client/prefix_override:/usr/lib/python3/dist-packages/colcon_core/task/python/colcon_distutils_commands:/home/diseq1/ros2_ws/install/examples_rclpy_minimal_client/lib/python3.10/site-packages:${PYTHONPATH} /usr/bin/python3 -W ignore:setup.py install is deprecated -W ignore:easy_install command is deprecated setup.py egg_info --egg-base ../../../../../build/examples_rclpy_minimal_client build --build-base /home/diseq1/ros2_ws/build/examples_rclpy_minimal_client/build install --record /home/diseq1/ros2_ws/build/examples_rclpy_minimal_client/install.log --single-version-externally-managed install_data
[4.990s] running egg_info
[4.991s] writing ../../../../../build/examples_rclpy_minimal_client/examples_rclpy_minimal_client.egg-info/PKG-INFO
[4.992s] writing dependency_links to ../../../../../build/examples_rclpy_minimal_client/examples_rclpy_minimal_client.egg-info/dependency_links.txt
[4.992s] writing entry points to ../../../../../build/examples_rclpy_minimal_client/examples_rclpy_minimal_client.egg-info/entry_points.txt
[4.992s] writing requirements to ../../../../../build/examples_rclpy_minimal_client/examples_rclpy_minimal_client.egg-info/requires.txt
[4.992s] writing top-level names to ../../../../../build/examples_rclpy_minimal_client/examples_rclpy_minimal_client.egg-info/top_level.txt
[4.992s] reading manifest file '../../../../../build/examples_rclpy_minimal_client/examples_rclpy_minimal_client.egg-info/SOURCES.txt'
[4.992s] writing manifest file '../../../../../build/examples_rclpy_minimal_client/examples_rclpy_minimal_client.egg-info/SOURCES.txt'
[4.992s] running build
[4.992s] running build_py
[4.992s] running install
[4.992s] running install_lib
[4.992s] running install_data
[4.992s] running install_egg_info
[4.992s] removing '/home/diseq1/ros2_ws/install/examples_rclpy_minimal_client/lib/python3.10/site-packages/examples_rclpy_minimal_client-0.21.4-py3.10.egg-info' (and everything under it)
[4.992s] Copying ../../../../../build/examples_rclpy_minimal_client/examples_rclpy_minimal_client.egg-info to /home/diseq1/ros2_ws/install/examples_rclpy_minimal_client/lib/python3.10/site-packages/examples_rclpy_minimal_client-0.21.4-py3.10.egg-info
[4.992s] running install_scripts
[5.000s] Installing client script to /home/diseq1/ros2_ws/install/examples_rclpy_minimal_client/lib/examples_rclpy_minimal_client
[5.002s] Installing client_async script to /home/diseq1/ros2_ws/install/examples_rclpy_minimal_client/lib/examples_rclpy_minimal_client
[5.002s] Installing client_async_callback script to /home/diseq1/ros2_ws/install/examples_rclpy_minimal_client/lib/examples_rclpy_minimal_client
[5.002s] Installing client_async_member_function script to /home/diseq1/ros2_ws/install/examples_rclpy_minimal_client/lib/examples_rclpy_minimal_client
[5.002s] writing list of installed files to '/home/diseq1/ros2_ws/build/examples_rclpy_minimal_client/install.log'
[5.023s] Invoked command in '/home/diseq1/ros2_ws/src/ros2-tutorials/rclpy/services/minimal_client' returned '0': PYTHONPATH=/home/diseq1/ros2_ws/build/examples_rclpy_minimal_client/prefix_override:/usr/lib/python3/dist-packages/colcon_core/task/python/colcon_distutils_commands:/home/diseq1/ros2_ws/install/examples_rclpy_minimal_client/lib/python3.10/site-packages:${PYTHONPATH} /usr/bin/python3 -W ignore:setup.py install is deprecated -W ignore:easy_install command is deprecated setup.py egg_info --egg-base ../../../../../build/examples_rclpy_minimal_client build --build-base /home/diseq1/ros2_ws/build/examples_rclpy_minimal_client/build install --record /home/diseq1/ros2_ws/build/examples_rclpy_minimal_client/install.log --single-version-externally-managed install_data
