[1.506s] Invoking command in '/home/diseq1/ros2_ws/build/turtlesim': CMAKE_PREFIX_PATH=${CMAKE_PREFIX_PATH}:/home/diseq1/ros2_ws/install/turtle_tf2_py:/home/diseq1/ros2_ws/install/launch_testing_examples:/home/diseq1/ros2_ws/install/examples_rclpy_pointcloud_publisher:/home/diseq1/ros2_ws/install/examples_rclpy_minimal_subscriber:/home/diseq1/ros2_ws/install/examples_rclpy_minimal_service:/home/diseq1/ros2_ws/install/examples_rclpy_minimal_publisher:/home/diseq1/ros2_ws/install/examples_rclpy_minimal_client:/home/diseq1/ros2_ws/install/examples_rclpy_minimal_action_server:/home/diseq1/ros2_ws/install/examples_rclpy_minimal_action_client:/home/diseq1/ros2_ws/install/examples_rclpy_guard_conditions:/home/diseq1/ros2_ws/install/examples_rclpy_executors:/opt/ros/humble /usr/bin/cmake --build /home/diseq1/ros2_ws/build/turtlesim -- -j32 -l32
[1.538s] [35m[1mConsolidate compiler generated dependencies of target turtlesim__rosidl_generator_c[0m
[1.539s] [ 11%] Built target turtlesim__cpp
[1.539s] [ 11%] Built target turtlesim__rosidl_generator_c
[1.544s] [35m[1mConsolidate compiler generated dependencies of target turtlesim__rosidl_typesupport_cpp[0m
[1.544s] [ 11%] Built target ament_cmake_python_copy_turtlesim
[1.546s] [35m[1mConsolidate compiler generated dependencies of target turtlesim__rosidl_typesupport_fastrtps_cpp[0m
[1.547s] [35m[1mConsolidate compiler generated dependencies of target turtlesim__rosidl_typesupport_c[0m
[1.547s] [35m[1mConsolidate compiler generated dependencies of target turtlesim__rosidl_typesupport_fastrtps_c[0m
[1.548s] [35m[1mConsolidate compiler generated dependencies of target turtlesim__rosidl_typesupport_introspection_c[0m
[1.550s] [35m[1mConsolidate compiler generated dependencies of target turtlesim__rosidl_typesupport_introspection_cpp[0m
[1.557s] [ 21%] Built target turtlesim__rosidl_typesupport_c
[1.558s] [ 35%] Built target turtlesim__rosidl_typesupport_introspection_c
[1.559s] [ 41%] Built target turtlesim__rosidl_typesupport_cpp
[1.560s] [ 51%] Built target turtlesim__rosidl_typesupport_fastrtps_cpp
[1.563s] [ 61%] Built target turtlesim__rosidl_typesupport_fastrtps_c
[1.563s] [ 71%] Built target turtlesim__rosidl_typesupport_introspection_cpp
[1.564s] [35m[1mConsolidate compiler generated dependencies of target mimic[0m
[1.566s] [35m[1mConsolidate compiler generated dependencies of target turtle_teleop_key[0m
[1.567s] [35m[1mConsolidate compiler generated dependencies of target draw_square[0m
[1.569s] [35m[1mConsolidate compiler generated dependencies of target turtlesim_node[0m
[1.576s] [ 73%] Built target mimic
[1.579s] [ 73%] Built target turtlesim
[1.579s] [ 75%] Built target draw_square
[1.579s] [ 77%] Built target turtle_teleop_key
[1.583s] [ 83%] Built target turtlesim_node
[1.630s] [ 84%] Built target turtlesim__py
[1.636s] [35m[1mConsolidate compiler generated dependencies of target turtlesim__rosidl_generator_py[0m
[1.636s] [ 93%] Built target turtlesim__rosidl_generator_py
[1.636s] [35m[1mConsolidate compiler generated dependencies of target turtlesim__rosidl_typesupport_introspection_c__pyext[0m
[1.636s] [35m[1mConsolidate compiler generated dependencies of target turtlesim__rosidl_typesupport_fastrtps_c__pyext[0m
[1.637s] [35m[1mConsolidate compiler generated dependencies of target turtlesim__rosidl_typesupport_c__pyext[0m
[1.637s] [ 95%] Built target turtlesim__rosidl_typesupport_introspection_c__pyext
[1.637s] [ 97%] Built target turtlesim__rosidl_typesupport_fastrtps_c__pyext
[1.637s] [100%] Built target turtlesim__rosidl_typesupport_c__pyext
[1.700s] running egg_info
[1.701s] writing turtlesim.egg-info/PKG-INFO
[1.701s] writing dependency_links to turtlesim.egg-info/dependency_links.txt
[1.702s] writing top-level names to turtlesim.egg-info/top_level.txt
[1.704s] reading manifest file 'turtlesim.egg-info/SOURCES.txt'
[1.705s] writing manifest file 'turtlesim.egg-info/SOURCES.txt'
[1.732s] [100%] Built target ament_cmake_python_build_turtlesim_egg
[1.816s] Invoked command in '/home/diseq1/ros2_ws/build/turtlesim' returned '0': CMAKE_PREFIX_PATH=${CMAKE_PREFIX_PATH}:/home/diseq1/ros2_ws/install/turtle_tf2_py:/home/diseq1/ros2_ws/install/launch_testing_examples:/home/diseq1/ros2_ws/install/examples_rclpy_pointcloud_publisher:/home/diseq1/ros2_ws/install/examples_rclpy_minimal_subscriber:/home/diseq1/ros2_ws/install/examples_rclpy_minimal_service:/home/diseq1/ros2_ws/install/examples_rclpy_minimal_publisher:/home/diseq1/ros2_ws/install/examples_rclpy_minimal_client:/home/diseq1/ros2_ws/install/examples_rclpy_minimal_action_server:/home/diseq1/ros2_ws/install/examples_rclpy_minimal_action_client:/home/diseq1/ros2_ws/install/examples_rclpy_guard_conditions:/home/diseq1/ros2_ws/install/examples_rclpy_executors:/opt/ros/humble /usr/bin/cmake --build /home/diseq1/ros2_ws/build/turtlesim -- -j32 -l32
[1.818s] Invoking command in '/home/diseq1/ros2_ws/build/turtlesim': CMAKE_PREFIX_PATH=${CMAKE_PREFIX_PATH}:/home/diseq1/ros2_ws/install/turtle_tf2_py:/home/diseq1/ros2_ws/install/launch_testing_examples:/home/diseq1/ros2_ws/install/examples_rclpy_pointcloud_publisher:/home/diseq1/ros2_ws/install/examples_rclpy_minimal_subscriber:/home/diseq1/ros2_ws/install/examples_rclpy_minimal_service:/home/diseq1/ros2_ws/install/examples_rclpy_minimal_publisher:/home/diseq1/ros2_ws/install/examples_rclpy_minimal_client:/home/diseq1/ros2_ws/install/examples_rclpy_minimal_action_server:/home/diseq1/ros2_ws/install/examples_rclpy_minimal_action_client:/home/diseq1/ros2_ws/install/examples_rclpy_guard_conditions:/home/diseq1/ros2_ws/install/examples_rclpy_executors:/opt/ros/humble /usr/bin/cmake --install /home/diseq1/ros2_ws/build/turtlesim
[1.827s] -- Install configuration: ""
[1.828s] -- Installing: /home/diseq1/ros2_ws/install/turtlesim/share/ament_index/resource_index/rosidl_interfaces/turtlesim
[1.828s] -- Installing: /home/diseq1/ros2_ws/install/turtlesim/include/turtlesim/turtlesim
[1.829s] -- Installing: /home/diseq1/ros2_ws/install/turtlesim/include/turtlesim/turtlesim/msg
[1.829s] -- Installing: /home/diseq1/ros2_ws/install/turtlesim/include/turtlesim/turtlesim/msg/rosidl_generator_c__visibility_control.h
[1.829s] -- Installing: /home/diseq1/ros2_ws/install/turtlesim/include/turtlesim/turtlesim/msg/pose.h
[1.829s] -- Installing: /home/diseq1/ros2_ws/install/turtlesim/include/turtlesim/turtlesim/msg/color.h
[1.829s] -- Installing: /home/diseq1/ros2_ws/install/turtlesim/include/turtlesim/turtlesim/msg/detail
[1.829s] -- Installing: /home/diseq1/ros2_ws/install/turtlesim/include/turtlesim/turtlesim/msg/detail/color__functions.c
[1.830s] -- Installing: /home/diseq1/ros2_ws/install/turtlesim/include/turtlesim/turtlesim/msg/detail/pose__type_support.h
[1.830s] -- Installing: /home/diseq1/ros2_ws/install/turtlesim/include/turtlesim/turtlesim/msg/detail/color__functions.h
[1.830s] -- Installing: /home/diseq1/ros2_ws/install/turtlesim/include/turtlesim/turtlesim/msg/detail/color__type_support.h
[1.830s] -- Installing: /home/diseq1/ros2_ws/install/turtlesim/include/turtlesim/turtlesim/msg/detail/pose__functions.h
[1.831s] -- Installing: /home/diseq1/ros2_ws/install/turtlesim/include/turtlesim/turtlesim/msg/detail/pose__struct.h
[1.831s] -- Installing: /home/diseq1/ros2_ws/install/turtlesim/include/turtlesim/turtlesim/msg/detail/color__struct.h
[1.831s] -- Installing: /home/diseq1/ros2_ws/install/turtlesim/include/turtlesim/turtlesim/msg/detail/pose__functions.c
[1.831s] -- Installing: /home/diseq1/ros2_ws/install/turtlesim/include/turtlesim/turtlesim/action
[1.831s] -- Installing: /home/diseq1/ros2_ws/install/turtlesim/include/turtlesim/turtlesim/action/rotate_absolute.h
[1.832s] -- Installing: /home/diseq1/ros2_ws/install/turtlesim/include/turtlesim/turtlesim/action/detail
[1.832s] -- Installing: /home/diseq1/ros2_ws/install/turtlesim/include/turtlesim/turtlesim/action/detail/rotate_absolute__struct.h
[1.832s] -- Installing: /home/diseq1/ros2_ws/install/turtlesim/include/turtlesim/turtlesim/action/detail/rotate_absolute__functions.c
[1.832s] -- Installing: /home/diseq1/ros2_ws/install/turtlesim/include/turtlesim/turtlesim/action/detail/rotate_absolute__type_support.h
[1.832s] -- Installing: /home/diseq1/ros2_ws/install/turtlesim/include/turtlesim/turtlesim/action/detail/rotate_absolute__functions.h
[1.832s] -- Installing: /home/diseq1/ros2_ws/install/turtlesim/include/turtlesim/turtlesim/srv
[1.832s] -- Installing: /home/diseq1/ros2_ws/install/turtlesim/include/turtlesim/turtlesim/srv/spawn.h
[1.833s] -- Installing: /home/diseq1/ros2_ws/install/turtlesim/include/turtlesim/turtlesim/srv/teleport_relative.h
[1.833s] -- Installing: /home/diseq1/ros2_ws/install/turtlesim/include/turtlesim/turtlesim/srv/set_pen.h
[1.833s] -- Installing: /home/diseq1/ros2_ws/install/turtlesim/include/turtlesim/turtlesim/srv/detail
[1.833s] -- Installing: /home/diseq1/ros2_ws/install/turtlesim/include/turtlesim/turtlesim/srv/detail/teleport_relative__functions.c
[1.833s] -- Installing: /home/diseq1/ros2_ws/install/turtlesim/include/turtlesim/turtlesim/srv/detail/set_pen__struct.h
[1.833s] -- Installing: /home/diseq1/ros2_ws/install/turtlesim/include/turtlesim/turtlesim/srv/detail/teleport_relative__functions.h
[1.833s] -- Installing: /home/diseq1/ros2_ws/install/turtlesim/include/turtlesim/turtlesim/srv/detail/set_pen__functions.c
[1.833s] -- Installing: /home/diseq1/ros2_ws/install/turtlesim/include/turtlesim/turtlesim/srv/detail/teleport_relative__struct.h
[1.833s] -- Installing: /home/diseq1/ros2_ws/install/turtlesim/include/turtlesim/turtlesim/srv/detail/teleport_relative__type_support.h
[1.834s] -- Installing: /home/diseq1/ros2_ws/install/turtlesim/include/turtlesim/turtlesim/srv/detail/spawn__struct.h
[1.834s] -- Installing: /home/diseq1/ros2_ws/install/turtlesim/include/turtlesim/turtlesim/srv/detail/kill__functions.c
[1.834s] -- Installing: /home/diseq1/ros2_ws/install/turtlesim/include/turtlesim/turtlesim/srv/detail/teleport_absolute__struct.h
[1.834s] -- Installing: /home/diseq1/ros2_ws/install/turtlesim/include/turtlesim/turtlesim/srv/detail/teleport_absolute__functions.h
[1.834s] -- Installing: /home/diseq1/ros2_ws/install/turtlesim/include/turtlesim/turtlesim/srv/detail/set_pen__type_support.h
[1.834s] -- Installing: /home/diseq1/ros2_ws/install/turtlesim/include/turtlesim/turtlesim/srv/detail/spawn__functions.h
[1.835s] -- Installing: /home/diseq1/ros2_ws/install/turtlesim/include/turtlesim/turtlesim/srv/detail/set_pen__functions.h
[1.835s] -- Installing: /home/diseq1/ros2_ws/install/turtlesim/include/turtlesim/turtlesim/srv/detail/teleport_absolute__type_support.h
[1.835s] -- Installing: /home/diseq1/ros2_ws/install/turtlesim/include/turtlesim/turtlesim/srv/detail/spawn__type_support.h
[1.835s] -- Installing: /home/diseq1/ros2_ws/install/turtlesim/include/turtlesim/turtlesim/srv/detail/kill__struct.h
[1.835s] -- Installing: /home/diseq1/ros2_ws/install/turtlesim/include/turtlesim/turtlesim/srv/detail/spawn__functions.c
[1.835s] -- Installing: /home/diseq1/ros2_ws/install/turtlesim/include/turtlesim/turtlesim/srv/detail/kill__type_support.h
[1.835s] -- Installing: /home/diseq1/ros2_ws/install/turtlesim/include/turtlesim/turtlesim/srv/detail/kill__functions.h
[1.836s] -- Installing: /home/diseq1/ros2_ws/install/turtlesim/include/turtlesim/turtlesim/srv/detail/teleport_absolute__functions.c
[1.836s] -- Installing: /home/diseq1/ros2_ws/install/turtlesim/include/turtlesim/turtlesim/srv/kill.h
[1.836s] -- Installing: /home/diseq1/ros2_ws/install/turtlesim/include/turtlesim/turtlesim/srv/teleport_absolute.h
[1.836s] -- Installing: /home/diseq1/ros2_ws/install/turtlesim/share/turtlesim/environment/library_path.sh
[1.836s] -- Installing: /home/diseq1/ros2_ws/install/turtlesim/share/turtlesim/environment/library_path.dsv
[1.837s] -- Installing: /home/diseq1/ros2_ws/install/turtlesim/lib/libturtlesim__rosidl_generator_c.so
[1.837s] -- Set runtime path of "/home/diseq1/ros2_ws/install/turtlesim/lib/libturtlesim__rosidl_generator_c.so" to ""
[1.837s] -- Up-to-date: /home/diseq1/ros2_ws/install/turtlesim/include/turtlesim/turtlesim
[1.837s] -- Up-to-date: /home/diseq1/ros2_ws/install/turtlesim/include/turtlesim/turtlesim/msg
[1.837s] -- Installing: /home/diseq1/ros2_ws/install/turtlesim/include/turtlesim/turtlesim/msg/rosidl_typesupport_fastrtps_c__visibility_control.h
[1.838s] -- Up-to-date: /home/diseq1/ros2_ws/install/turtlesim/include/turtlesim/turtlesim/msg/detail
[1.838s] -- Installing: /home/diseq1/ros2_ws/install/turtlesim/include/turtlesim/turtlesim/msg/detail/pose__rosidl_typesupport_fastrtps_c.h
[1.838s] -- Installing: /home/diseq1/ros2_ws/install/turtlesim/include/turtlesim/turtlesim/msg/detail/color__rosidl_typesupport_fastrtps_c.h
[1.838s] -- Up-to-date: /home/diseq1/ros2_ws/install/turtlesim/include/turtlesim/turtlesim/action
[1.838s] -- Up-to-date: /home/diseq1/ros2_ws/install/turtlesim/include/turtlesim/turtlesim/action/detail
[1.838s] -- Installing: /home/diseq1/ros2_ws/install/turtlesim/include/turtlesim/turtlesim/action/detail/rotate_absolute__rosidl_typesupport_fastrtps_c.h
[1.839s] -- Up-to-date: /home/diseq1/ros2_ws/install/turtlesim/include/turtlesim/turtlesim/srv
[1.839s] -- Up-to-date: /home/diseq1/ros2_ws/install/turtlesim/include/turtlesim/turtlesim/srv/detail
[1.839s] -- Installing: /home/diseq1/ros2_ws/install/turtlesim/include/turtlesim/turtlesim/srv/detail/spawn__rosidl_typesupport_fastrtps_c.h
[1.839s] -- Installing: /home/diseq1/ros2_ws/install/turtlesim/include/turtlesim/turtlesim/srv/detail/teleport_absolute__rosidl_typesupport_fastrtps_c.h
[1.839s] -- Installing: /home/diseq1/ros2_ws/install/turtlesim/include/turtlesim/turtlesim/srv/detail/teleport_relative__rosidl_typesupport_fastrtps_c.h
[1.840s] -- Installing: /home/diseq1/ros2_ws/install/turtlesim/include/turtlesim/turtlesim/srv/detail/kill__rosidl_typesupport_fastrtps_c.h
[1.840s] -- Installing: /home/diseq1/ros2_ws/install/turtlesim/include/turtlesim/turtlesim/srv/detail/set_pen__rosidl_typesupport_fastrtps_c.h
[1.840s] -- Installing: /home/diseq1/ros2_ws/install/turtlesim/lib/libturtlesim__rosidl_typesupport_fastrtps_c.so
[1.840s] -- Set runtime path of "/home/diseq1/ros2_ws/install/turtlesim/lib/libturtlesim__rosidl_typesupport_fastrtps_c.so" to ""
[1.840s] -- Up-to-date: /home/diseq1/ros2_ws/install/turtlesim/include/turtlesim/turtlesim
[1.840s] -- Up-to-date: /home/diseq1/ros2_ws/install/turtlesim/include/turtlesim/turtlesim/msg
[1.841s] -- Installing: /home/diseq1/ros2_ws/install/turtlesim/include/turtlesim/turtlesim/msg/pose.hpp
[1.841s] -- Installing: /home/diseq1/ros2_ws/install/turtlesim/include/turtlesim/turtlesim/msg/rosidl_generator_cpp__visibility_control.hpp
[1.841s] -- Installing: /home/diseq1/ros2_ws/install/turtlesim/include/turtlesim/turtlesim/msg/color.hpp
[1.841s] -- Up-to-date: /home/diseq1/ros2_ws/install/turtlesim/include/turtlesim/turtlesim/msg/detail
[1.841s] -- Installing: /home/diseq1/ros2_ws/install/turtlesim/include/turtlesim/turtlesim/msg/detail/color__type_support.hpp
[1.841s] -- Installing: /home/diseq1/ros2_ws/install/turtlesim/include/turtlesim/turtlesim/msg/detail/color__builder.hpp
[1.842s] -- Installing: /home/diseq1/ros2_ws/install/turtlesim/include/turtlesim/turtlesim/msg/detail/pose__struct.hpp
[1.842s] -- Installing: /home/diseq1/ros2_ws/install/turtlesim/include/turtlesim/turtlesim/msg/detail/color__struct.hpp
[1.842s] -- Installing: /home/diseq1/ros2_ws/install/turtlesim/include/turtlesim/turtlesim/msg/detail/pose__type_support.hpp
[1.842s] -- Installing: /home/diseq1/ros2_ws/install/turtlesim/include/turtlesim/turtlesim/msg/detail/color__traits.hpp
[1.842s] -- Installing: /home/diseq1/ros2_ws/install/turtlesim/include/turtlesim/turtlesim/msg/detail/pose__builder.hpp
[1.842s] -- Installing: /home/diseq1/ros2_ws/install/turtlesim/include/turtlesim/turtlesim/msg/detail/pose__traits.hpp
[1.843s] -- Up-to-date: /home/diseq1/ros2_ws/install/turtlesim/include/turtlesim/turtlesim/action
[1.843s] -- Installing: /home/diseq1/ros2_ws/install/turtlesim/include/turtlesim/turtlesim/action/rotate_absolute.hpp
[1.843s] -- Up-to-date: /home/diseq1/ros2_ws/install/turtlesim/include/turtlesim/turtlesim/action/detail
[1.843s] -- Installing: /home/diseq1/ros2_ws/install/turtlesim/include/turtlesim/turtlesim/action/detail/rotate_absolute__builder.hpp
[1.843s] -- Installing: /home/diseq1/ros2_ws/install/turtlesim/include/turtlesim/turtlesim/action/detail/rotate_absolute__struct.hpp
[1.843s] -- Installing: /home/diseq1/ros2_ws/install/turtlesim/include/turtlesim/turtlesim/action/detail/rotate_absolute__type_support.hpp
[1.843s] -- Installing: /home/diseq1/ros2_ws/install/turtlesim/include/turtlesim/turtlesim/action/detail/rotate_absolute__traits.hpp
[1.843s] -- Up-to-date: /home/diseq1/ros2_ws/install/turtlesim/include/turtlesim/turtlesim/srv
[1.843s] -- Installing: /home/diseq1/ros2_ws/install/turtlesim/include/turtlesim/turtlesim/srv/teleport_relative.hpp
[1.843s] -- Installing: /home/diseq1/ros2_ws/install/turtlesim/include/turtlesim/turtlesim/srv/set_pen.hpp
[1.843s] -- Installing: /home/diseq1/ros2_ws/install/turtlesim/include/turtlesim/turtlesim/srv/spawn.hpp
[1.843s] -- Installing: /home/diseq1/ros2_ws/install/turtlesim/include/turtlesim/turtlesim/srv/teleport_absolute.hpp
[1.843s] -- Up-to-date: /home/diseq1/ros2_ws/install/turtlesim/include/turtlesim/turtlesim/srv/detail
[1.843s] -- Installing: /home/diseq1/ros2_ws/install/turtlesim/include/turtlesim/turtlesim/srv/detail/set_pen__struct.hpp
[1.843s] -- Installing: /home/diseq1/ros2_ws/install/turtlesim/include/turtlesim/turtlesim/srv/detail/teleport_absolute__traits.hpp
[1.843s] -- Installing: /home/diseq1/ros2_ws/install/turtlesim/include/turtlesim/turtlesim/srv/detail/teleport_absolute__type_support.hpp
[1.843s] -- Installing: /home/diseq1/ros2_ws/install/turtlesim/include/turtlesim/turtlesim/srv/detail/teleport_absolute__builder.hpp
[1.843s] -- Installing: /home/diseq1/ros2_ws/install/turtlesim/include/turtlesim/turtlesim/srv/detail/spawn__builder.hpp
[1.843s] -- Installing: /home/diseq1/ros2_ws/install/turtlesim/include/turtlesim/turtlesim/srv/detail/set_pen__type_support.hpp
[1.843s] -- Installing: /home/diseq1/ros2_ws/install/turtlesim/include/turtlesim/turtlesim/srv/detail/kill__struct.hpp
[1.843s] -- Installing: /home/diseq1/ros2_ws/install/turtlesim/include/turtlesim/turtlesim/srv/detail/kill__traits.hpp
[1.843s] -- Installing: /home/diseq1/ros2_ws/install/turtlesim/include/turtlesim/turtlesim/srv/detail/spawn__struct.hpp
[1.844s] -- Installing: /home/diseq1/ros2_ws/install/turtlesim/include/turtlesim/turtlesim/srv/detail/teleport_relative__traits.hpp
[1.844s] -- Installing: /home/diseq1/ros2_ws/install/turtlesim/include/turtlesim/turtlesim/srv/detail/spawn__type_support.hpp
[1.844s] -- Installing: /home/diseq1/ros2_ws/install/turtlesim/include/turtlesim/turtlesim/srv/detail/teleport_relative__type_support.hpp
[1.844s] -- Installing: /home/diseq1/ros2_ws/install/turtlesim/include/turtlesim/turtlesim/srv/detail/kill__builder.hpp
[1.844s] -- Installing: /home/diseq1/ros2_ws/install/turtlesim/include/turtlesim/turtlesim/srv/detail/teleport_absolute__struct.hpp
[1.844s] -- Installing: /home/diseq1/ros2_ws/install/turtlesim/include/turtlesim/turtlesim/srv/detail/teleport_relative__builder.hpp
[1.844s] -- Installing: /home/diseq1/ros2_ws/install/turtlesim/include/turtlesim/turtlesim/srv/detail/spawn__traits.hpp
[1.844s] -- Installing: /home/diseq1/ros2_ws/install/turtlesim/include/turtlesim/turtlesim/srv/detail/set_pen__traits.hpp
[1.844s] -- Installing: /home/diseq1/ros2_ws/install/turtlesim/include/turtlesim/turtlesim/srv/detail/teleport_relative__struct.hpp
[1.844s] -- Installing: /home/diseq1/ros2_ws/install/turtlesim/include/turtlesim/turtlesim/srv/detail/set_pen__builder.hpp
[1.844s] -- Installing: /home/diseq1/ros2_ws/install/turtlesim/include/turtlesim/turtlesim/srv/detail/kill__type_support.hpp
[1.844s] -- Installing: /home/diseq1/ros2_ws/install/turtlesim/include/turtlesim/turtlesim/srv/kill.hpp
[1.845s] -- Up-to-date: /home/diseq1/ros2_ws/install/turtlesim/include/turtlesim/turtlesim
[1.845s] -- Up-to-date: /home/diseq1/ros2_ws/install/turtlesim/include/turtlesim/turtlesim/msg
[1.845s] -- Up-to-date: /home/diseq1/ros2_ws/install/turtlesim/include/turtlesim/turtlesim/msg/detail
[1.845s] -- Installing: /home/diseq1/ros2_ws/install/turtlesim/include/turtlesim/turtlesim/msg/detail/pose__rosidl_typesupport_fastrtps_cpp.hpp
[1.845s] -- Installing: /home/diseq1/ros2_ws/install/turtlesim/include/turtlesim/turtlesim/msg/detail/color__rosidl_typesupport_fastrtps_cpp.hpp
[1.845s] -- Installing: /home/diseq1/ros2_ws/install/turtlesim/include/turtlesim/turtlesim/msg/detail/dds_fastrtps
[1.845s] -- Installing: /home/diseq1/ros2_ws/install/turtlesim/include/turtlesim/turtlesim/msg/rosidl_typesupport_fastrtps_cpp__visibility_control.h
[1.845s] -- Up-to-date: /home/diseq1/ros2_ws/install/turtlesim/include/turtlesim/turtlesim/action
[1.845s] -- Up-to-date: /home/diseq1/ros2_ws/install/turtlesim/include/turtlesim/turtlesim/action/detail
[1.846s] -- Installing: /home/diseq1/ros2_ws/install/turtlesim/include/turtlesim/turtlesim/action/detail/rotate_absolute__rosidl_typesupport_fastrtps_cpp.hpp
[1.846s] -- Installing: /home/diseq1/ros2_ws/install/turtlesim/include/turtlesim/turtlesim/action/detail/dds_fastrtps
[1.846s] -- Up-to-date: /home/diseq1/ros2_ws/install/turtlesim/include/turtlesim/turtlesim/srv
[1.846s] -- Up-to-date: /home/diseq1/ros2_ws/install/turtlesim/include/turtlesim/turtlesim/srv/detail
[1.846s] -- Installing: /home/diseq1/ros2_ws/install/turtlesim/include/turtlesim/turtlesim/srv/detail/spawn__rosidl_typesupport_fastrtps_cpp.hpp
[1.846s] -- Installing: /home/diseq1/ros2_ws/install/turtlesim/include/turtlesim/turtlesim/srv/detail/set_pen__rosidl_typesupport_fastrtps_cpp.hpp
[1.847s] -- Installing: /home/diseq1/ros2_ws/install/turtlesim/include/turtlesim/turtlesim/srv/detail/dds_fastrtps
[1.847s] -- Installing: /home/diseq1/ros2_ws/install/turtlesim/include/turtlesim/turtlesim/srv/detail/teleport_relative__rosidl_typesupport_fastrtps_cpp.hpp
[1.847s] -- Installing: /home/diseq1/ros2_ws/install/turtlesim/include/turtlesim/turtlesim/srv/detail/teleport_absolute__rosidl_typesupport_fastrtps_cpp.hpp
[1.847s] -- Installing: /home/diseq1/ros2_ws/install/turtlesim/include/turtlesim/turtlesim/srv/detail/kill__rosidl_typesupport_fastrtps_cpp.hpp
[1.848s] -- Installing: /home/diseq1/ros2_ws/install/turtlesim/lib/libturtlesim__rosidl_typesupport_fastrtps_cpp.so
[1.848s] -- Set runtime path of "/home/diseq1/ros2_ws/install/turtlesim/lib/libturtlesim__rosidl_typesupport_fastrtps_cpp.so" to ""
[1.848s] -- Up-to-date: /home/diseq1/ros2_ws/install/turtlesim/include/turtlesim/turtlesim
[1.848s] -- Up-to-date: /home/diseq1/ros2_ws/install/turtlesim/include/turtlesim/turtlesim/msg
[1.848s] -- Installing: /home/diseq1/ros2_ws/install/turtlesim/include/turtlesim/turtlesim/msg/rosidl_typesupport_introspection_c__visibility_control.h
[1.848s] -- Up-to-date: /home/diseq1/ros2_ws/install/turtlesim/include/turtlesim/turtlesim/msg/detail
[1.848s] -- Installing: /home/diseq1/ros2_ws/install/turtlesim/include/turtlesim/turtlesim/msg/detail/color__type_support.c
[1.848s] -- Installing: /home/diseq1/ros2_ws/install/turtlesim/include/turtlesim/turtlesim/msg/detail/color__rosidl_typesupport_introspection_c.h
[1.848s] -- Installing: /home/diseq1/ros2_ws/install/turtlesim/include/turtlesim/turtlesim/msg/detail/pose__type_support.c
[1.848s] -- Installing: /home/diseq1/ros2_ws/install/turtlesim/include/turtlesim/turtlesim/msg/detail/pose__rosidl_typesupport_introspection_c.h
[1.848s] -- Up-to-date: /home/diseq1/ros2_ws/install/turtlesim/include/turtlesim/turtlesim/action
[1.848s] -- Up-to-date: /home/diseq1/ros2_ws/install/turtlesim/include/turtlesim/turtlesim/action/detail
[1.848s] -- Installing: /home/diseq1/ros2_ws/install/turtlesim/include/turtlesim/turtlesim/action/detail/rotate_absolute__rosidl_typesupport_introspection_c.h
[1.848s] -- Installing: /home/diseq1/ros2_ws/install/turtlesim/include/turtlesim/turtlesim/action/detail/rotate_absolute__type_support.c
[1.848s] -- Up-to-date: /home/diseq1/ros2_ws/install/turtlesim/include/turtlesim/turtlesim/srv
[1.848s] -- Up-to-date: /home/diseq1/ros2_ws/install/turtlesim/include/turtlesim/turtlesim/srv/detail
[1.848s] -- Installing: /home/diseq1/ros2_ws/install/turtlesim/include/turtlesim/turtlesim/srv/detail/teleport_absolute__type_support.c
[1.849s] -- Installing: /home/diseq1/ros2_ws/install/turtlesim/include/turtlesim/turtlesim/srv/detail/spawn__type_support.c
[1.849s] -- Installing: /home/diseq1/ros2_ws/install/turtlesim/include/turtlesim/turtlesim/srv/detail/set_pen__rosidl_typesupport_introspection_c.h
[1.849s] -- Installing: /home/diseq1/ros2_ws/install/turtlesim/include/turtlesim/turtlesim/srv/detail/teleport_relative__rosidl_typesupport_introspection_c.h
[1.849s] -- Installing: /home/diseq1/ros2_ws/install/turtlesim/include/turtlesim/turtlesim/srv/detail/teleport_relative__type_support.c
[1.849s] -- Installing: /home/diseq1/ros2_ws/install/turtlesim/include/turtlesim/turtlesim/srv/detail/spawn__rosidl_typesupport_introspection_c.h
[1.849s] -- Installing: /home/diseq1/ros2_ws/install/turtlesim/include/turtlesim/turtlesim/srv/detail/set_pen__type_support.c
[1.849s] -- Installing: /home/diseq1/ros2_ws/install/turtlesim/include/turtlesim/turtlesim/srv/detail/kill__rosidl_typesupport_introspection_c.h
[1.849s] -- Installing: /home/diseq1/ros2_ws/install/turtlesim/include/turtlesim/turtlesim/srv/detail/teleport_absolute__rosidl_typesupport_introspection_c.h
[1.849s] -- Installing: /home/diseq1/ros2_ws/install/turtlesim/include/turtlesim/turtlesim/srv/detail/kill__type_support.c
[1.849s] -- Installing: /home/diseq1/ros2_ws/install/turtlesim/lib/libturtlesim__rosidl_typesupport_introspection_c.so
[1.849s] -- Set runtime path of "/home/diseq1/ros2_ws/install/turtlesim/lib/libturtlesim__rosidl_typesupport_introspection_c.so" to ""
[1.849s] -- Installing: /home/diseq1/ros2_ws/install/turtlesim/lib/libturtlesim__rosidl_typesupport_c.so
[1.850s] -- Set runtime path of "/home/diseq1/ros2_ws/install/turtlesim/lib/libturtlesim__rosidl_typesupport_c.so" to ""
[1.850s] -- Up-to-date: /home/diseq1/ros2_ws/install/turtlesim/include/turtlesim/turtlesim
[1.850s] -- Up-to-date: /home/diseq1/ros2_ws/install/turtlesim/include/turtlesim/turtlesim/msg
[1.850s] -- Up-to-date: /home/diseq1/ros2_ws/install/turtlesim/include/turtlesim/turtlesim/msg/detail
[1.850s] -- Installing: /home/diseq1/ros2_ws/install/turtlesim/include/turtlesim/turtlesim/msg/detail/color__rosidl_typesupport_introspection_cpp.hpp
[1.850s] -- Installing: /home/diseq1/ros2_ws/install/turtlesim/include/turtlesim/turtlesim/msg/detail/pose__type_support.cpp
[1.850s] -- Installing: /home/diseq1/ros2_ws/install/turtlesim/include/turtlesim/turtlesim/msg/detail/color__type_support.cpp
[1.850s] -- Installing: /home/diseq1/ros2_ws/install/turtlesim/include/turtlesim/turtlesim/msg/detail/pose__rosidl_typesupport_introspection_cpp.hpp
[1.850s] -- Up-to-date: /home/diseq1/ros2_ws/install/turtlesim/include/turtlesim/turtlesim/action
[1.850s] -- Up-to-date: /home/diseq1/ros2_ws/install/turtlesim/include/turtlesim/turtlesim/action/detail
[1.850s] -- Installing: /home/diseq1/ros2_ws/install/turtlesim/include/turtlesim/turtlesim/action/detail/rotate_absolute__rosidl_typesupport_introspection_cpp.hpp
[1.850s] -- Installing: /home/diseq1/ros2_ws/install/turtlesim/include/turtlesim/turtlesim/action/detail/rotate_absolute__type_support.cpp
[1.850s] -- Up-to-date: /home/diseq1/ros2_ws/install/turtlesim/include/turtlesim/turtlesim/srv
[1.850s] -- Up-to-date: /home/diseq1/ros2_ws/install/turtlesim/include/turtlesim/turtlesim/srv/detail
[1.850s] -- Installing: /home/diseq1/ros2_ws/install/turtlesim/include/turtlesim/turtlesim/srv/detail/set_pen__rosidl_typesupport_introspection_cpp.hpp
[1.850s] -- Installing: /home/diseq1/ros2_ws/install/turtlesim/include/turtlesim/turtlesim/srv/detail/set_pen__type_support.cpp
[1.850s] -- Installing: /home/diseq1/ros2_ws/install/turtlesim/include/turtlesim/turtlesim/srv/detail/teleport_absolute__type_support.cpp
[1.850s] -- Installing: /home/diseq1/ros2_ws/install/turtlesim/include/turtlesim/turtlesim/srv/detail/teleport_absolute__rosidl_typesupport_introspection_cpp.hpp
[1.851s] -- Installing: /home/diseq1/ros2_ws/install/turtlesim/include/turtlesim/turtlesim/srv/detail/spawn__rosidl_typesupport_introspection_cpp.hpp
[1.851s] -- Installing: /home/diseq1/ros2_ws/install/turtlesim/include/turtlesim/turtlesim/srv/detail/kill__rosidl_typesupport_introspection_cpp.hpp
[1.851s] -- Installing: /home/diseq1/ros2_ws/install/turtlesim/include/turtlesim/turtlesim/srv/detail/teleport_relative__type_support.cpp
[1.851s] -- Installing: /home/diseq1/ros2_ws/install/turtlesim/include/turtlesim/turtlesim/srv/detail/spawn__type_support.cpp
[1.851s] -- Installing: /home/diseq1/ros2_ws/install/turtlesim/include/turtlesim/turtlesim/srv/detail/teleport_relative__rosidl_typesupport_introspection_cpp.hpp
[1.851s] -- Installing: /home/diseq1/ros2_ws/install/turtlesim/include/turtlesim/turtlesim/srv/detail/kill__type_support.cpp
[1.851s] -- Installing: /home/diseq1/ros2_ws/install/turtlesim/lib/libturtlesim__rosidl_typesupport_introspection_cpp.so
[1.851s] -- Set runtime path of "/home/diseq1/ros2_ws/install/turtlesim/lib/libturtlesim__rosidl_typesupport_introspection_cpp.so" to ""
[1.851s] -- Installing: /home/diseq1/ros2_ws/install/turtlesim/lib/libturtlesim__rosidl_typesupport_cpp.so
[1.851s] -- Set runtime path of "/home/diseq1/ros2_ws/install/turtlesim/lib/libturtlesim__rosidl_typesupport_cpp.so" to ""
[1.851s] -- Installing: /home/diseq1/ros2_ws/install/turtlesim/share/turtlesim/environment/pythonpath.sh
[1.851s] -- Installing: /home/diseq1/ros2_ws/install/turtlesim/share/turtlesim/environment/pythonpath.dsv
[1.851s] -- Installing: /home/diseq1/ros2_ws/install/turtlesim/local/lib/python3.10/dist-packages/turtlesim-1.4.3-py3.10.egg-info
[1.851s] -- Installing: /home/diseq1/ros2_ws/install/turtlesim/local/lib/python3.10/dist-packages/turtlesim-1.4.3-py3.10.egg-info/PKG-INFO
[1.851s] -- Installing: /home/diseq1/ros2_ws/install/turtlesim/local/lib/python3.10/dist-packages/turtlesim-1.4.3-py3.10.egg-info/SOURCES.txt
[1.851s] -- Installing: /home/diseq1/ros2_ws/install/turtlesim/local/lib/python3.10/dist-packages/turtlesim-1.4.3-py3.10.egg-info/dependency_links.txt
[1.851s] -- Installing: /home/diseq1/ros2_ws/install/turtlesim/local/lib/python3.10/dist-packages/turtlesim-1.4.3-py3.10.egg-info/top_level.txt
[1.852s] -- Installing: /home/diseq1/ros2_ws/install/turtlesim/local/lib/python3.10/dist-packages/turtlesim
[1.852s] -- Installing: /home/diseq1/ros2_ws/install/turtlesim/local/lib/python3.10/dist-packages/turtlesim/turtlesim_s__rosidl_typesupport_fastrtps_c.cpython-310-x86_64-linux-gnu.so
[1.852s] -- Installing: /home/diseq1/ros2_ws/install/turtlesim/local/lib/python3.10/dist-packages/turtlesim/msg
[1.852s] -- Installing: /home/diseq1/ros2_ws/install/turtlesim/local/lib/python3.10/dist-packages/turtlesim/msg/_pose.py
[1.852s] -- Installing: /home/diseq1/ros2_ws/install/turtlesim/local/lib/python3.10/dist-packages/turtlesim/msg/_color_s.c
[1.852s] -- Installing: /home/diseq1/ros2_ws/install/turtlesim/local/lib/python3.10/dist-packages/turtlesim/msg/__init__.py
[1.852s] -- Installing: /home/diseq1/ros2_ws/install/turtlesim/local/lib/python3.10/dist-packages/turtlesim/msg/_color.py
[1.852s] -- Installing: /home/diseq1/ros2_ws/install/turtlesim/local/lib/python3.10/dist-packages/turtlesim/msg/_pose_s.c
[1.852s] -- Installing: /home/diseq1/ros2_ws/install/turtlesim/local/lib/python3.10/dist-packages/turtlesim/turtlesim_s__rosidl_typesupport_introspection_c.cpython-310-x86_64-linux-gnu.so
[1.852s] -- Installing: /home/diseq1/ros2_ws/install/turtlesim/local/lib/python3.10/dist-packages/turtlesim/_turtlesim_s.ep.rosidl_typesupport_c.c
[1.852s] -- Installing: /home/diseq1/ros2_ws/install/turtlesim/local/lib/python3.10/dist-packages/turtlesim/libturtlesim__rosidl_generator_py.so
[1.852s] -- Installing: /home/diseq1/ros2_ws/install/turtlesim/local/lib/python3.10/dist-packages/turtlesim/_turtlesim_s.ep.rosidl_typesupport_fastrtps_c.c
[1.852s] -- Installing: /home/diseq1/ros2_ws/install/turtlesim/local/lib/python3.10/dist-packages/turtlesim/__init__.py
[1.852s] -- Installing: /home/diseq1/ros2_ws/install/turtlesim/local/lib/python3.10/dist-packages/turtlesim/turtlesim_s__rosidl_typesupport_c.cpython-310-x86_64-linux-gnu.so
[1.852s] -- Installing: /home/diseq1/ros2_ws/install/turtlesim/local/lib/python3.10/dist-packages/turtlesim/action
[1.852s] -- Installing: /home/diseq1/ros2_ws/install/turtlesim/local/lib/python3.10/dist-packages/turtlesim/action/_rotate_absolute.py
[1.852s] -- Installing: /home/diseq1/ros2_ws/install/turtlesim/local/lib/python3.10/dist-packages/turtlesim/action/__init__.py
[1.852s] -- Installing: /home/diseq1/ros2_ws/install/turtlesim/local/lib/python3.10/dist-packages/turtlesim/action/_rotate_absolute_s.c
[1.852s] -- Installing: /home/diseq1/ros2_ws/install/turtlesim/local/lib/python3.10/dist-packages/turtlesim/srv
[1.852s] -- Installing: /home/diseq1/ros2_ws/install/turtlesim/local/lib/python3.10/dist-packages/turtlesim/srv/_teleport_relative_s.c
[1.852s] -- Installing: /home/diseq1/ros2_ws/install/turtlesim/local/lib/python3.10/dist-packages/turtlesim/srv/_kill_s.c
[1.853s] -- Installing: /home/diseq1/ros2_ws/install/turtlesim/local/lib/python3.10/dist-packages/turtlesim/srv/_teleport_relative.py
[1.853s] -- Installing: /home/diseq1/ros2_ws/install/turtlesim/local/lib/python3.10/dist-packages/turtlesim/srv/__init__.py
[1.853s] -- Installing: /home/diseq1/ros2_ws/install/turtlesim/local/lib/python3.10/dist-packages/turtlesim/srv/_teleport_absolute.py
[1.853s] -- Installing: /home/diseq1/ros2_ws/install/turtlesim/local/lib/python3.10/dist-packages/turtlesim/srv/_set_pen.py
[1.853s] -- Installing: /home/diseq1/ros2_ws/install/turtlesim/local/lib/python3.10/dist-packages/turtlesim/srv/_spawn.py
[1.853s] -- Installing: /home/diseq1/ros2_ws/install/turtlesim/local/lib/python3.10/dist-packages/turtlesim/srv/_set_pen_s.c
[1.853s] -- Installing: /home/diseq1/ros2_ws/install/turtlesim/local/lib/python3.10/dist-packages/turtlesim/srv/_teleport_absolute_s.c
[1.853s] -- Installing: /home/diseq1/ros2_ws/install/turtlesim/local/lib/python3.10/dist-packages/turtlesim/srv/_spawn_s.c
[1.853s] -- Installing: /home/diseq1/ros2_ws/install/turtlesim/local/lib/python3.10/dist-packages/turtlesim/srv/_kill.py
[1.853s] -- Installing: /home/diseq1/ros2_ws/install/turtlesim/local/lib/python3.10/dist-packages/turtlesim/_turtlesim_s.ep.rosidl_typesupport_introspection_c.c
[1.901s] Listing '/home/diseq1/ros2_ws/install/turtlesim/local/lib/python3.10/dist-packages/turtlesim'...
[1.901s] Compiling '/home/diseq1/ros2_ws/install/turtlesim/local/lib/python3.10/dist-packages/turtlesim/__init__.py'...
[1.901s] Listing '/home/diseq1/ros2_ws/install/turtlesim/local/lib/python3.10/dist-packages/turtlesim/action'...
[1.901s] Compiling '/home/diseq1/ros2_ws/install/turtlesim/local/lib/python3.10/dist-packages/turtlesim/action/__init__.py'...
[1.901s] Compiling '/home/diseq1/ros2_ws/install/turtlesim/local/lib/python3.10/dist-packages/turtlesim/action/_rotate_absolute.py'...
[1.902s] Listing '/home/diseq1/ros2_ws/install/turtlesim/local/lib/python3.10/dist-packages/turtlesim/msg'...
[1.902s] Compiling '/home/diseq1/ros2_ws/install/turtlesim/local/lib/python3.10/dist-packages/turtlesim/msg/__init__.py'...
[1.903s] Compiling '/home/diseq1/ros2_ws/install/turtlesim/local/lib/python3.10/dist-packages/turtlesim/msg/_color.py'...
[1.903s] Compiling '/home/diseq1/ros2_ws/install/turtlesim/local/lib/python3.10/dist-packages/turtlesim/msg/_pose.py'...
[1.903s] Listing '/home/diseq1/ros2_ws/install/turtlesim/local/lib/python3.10/dist-packages/turtlesim/srv'...
[1.903s] Compiling '/home/diseq1/ros2_ws/install/turtlesim/local/lib/python3.10/dist-packages/turtlesim/srv/__init__.py'...
[1.904s] Compiling '/home/diseq1/ros2_ws/install/turtlesim/local/lib/python3.10/dist-packages/turtlesim/srv/_kill.py'...
[1.904s] Compiling '/home/diseq1/ros2_ws/install/turtlesim/local/lib/python3.10/dist-packages/turtlesim/srv/_set_pen.py'...
[1.904s] Compiling '/home/diseq1/ros2_ws/install/turtlesim/local/lib/python3.10/dist-packages/turtlesim/srv/_spawn.py'...
[1.904s] Compiling '/home/diseq1/ros2_ws/install/turtlesim/local/lib/python3.10/dist-packages/turtlesim/srv/_teleport_absolute.py'...
[1.904s] Compiling '/home/diseq1/ros2_ws/install/turtlesim/local/lib/python3.10/dist-packages/turtlesim/srv/_teleport_relative.py'...
[1.910s] -- Installing: /home/diseq1/ros2_ws/install/turtlesim/local/lib/python3.10/dist-packages/turtlesim/turtlesim_s__rosidl_typesupport_fastrtps_c.cpython-310-x86_64-linux-gnu.so
[1.910s] -- Set runtime path of "/home/diseq1/ros2_ws/install/turtlesim/local/lib/python3.10/dist-packages/turtlesim/turtlesim_s__rosidl_typesupport_fastrtps_c.cpython-310-x86_64-linux-gnu.so" to ""
[1.910s] -- Installing: /home/diseq1/ros2_ws/install/turtlesim/local/lib/python3.10/dist-packages/turtlesim/turtlesim_s__rosidl_typesupport_introspection_c.cpython-310-x86_64-linux-gnu.so
[1.910s] -- Set runtime path of "/home/diseq1/ros2_ws/install/turtlesim/local/lib/python3.10/dist-packages/turtlesim/turtlesim_s__rosidl_typesupport_introspection_c.cpython-310-x86_64-linux-gnu.so" to ""
[1.911s] -- Installing: /home/diseq1/ros2_ws/install/turtlesim/local/lib/python3.10/dist-packages/turtlesim/turtlesim_s__rosidl_typesupport_c.cpython-310-x86_64-linux-gnu.so
[1.912s] -- Set runtime path of "/home/diseq1/ros2_ws/install/turtlesim/local/lib/python3.10/dist-packages/turtlesim/turtlesim_s__rosidl_typesupport_c.cpython-310-x86_64-linux-gnu.so" to ""
[1.912s] -- Installing: /home/diseq1/ros2_ws/install/turtlesim/lib/libturtlesim__rosidl_generator_py.so
[1.912s] -- Set runtime path of "/home/diseq1/ros2_ws/install/turtlesim/lib/libturtlesim__rosidl_generator_py.so" to ""
[1.912s] -- Installing: /home/diseq1/ros2_ws/install/turtlesim/share/turtlesim/action/RotateAbsolute.idl
[1.912s] -- Installing: /home/diseq1/ros2_ws/install/turtlesim/share/turtlesim/msg/Color.idl
[1.918s] -- Installing: /home/diseq1/ros2_ws/install/turtlesim/share/turtlesim/msg/Pose.idl
[1.918s] -- Installing: /home/diseq1/ros2_ws/install/turtlesim/share/turtlesim/srv/Kill.idl
[1.918s] -- Installing: /home/diseq1/ros2_ws/install/turtlesim/share/turtlesim/srv/SetPen.idl
[1.920s] -- Installing: /home/diseq1/ros2_ws/install/turtlesim/share/turtlesim/srv/Spawn.idl
[1.922s] -- Installing: /home/diseq1/ros2_ws/install/turtlesim/share/turtlesim/srv/TeleportAbsolute.idl
[1.922s] -- Installing: /home/diseq1/ros2_ws/install/turtlesim/share/turtlesim/srv/TeleportRelative.idl
[1.923s] -- Installing: /home/diseq1/ros2_ws/install/turtlesim/share/turtlesim/action/RotateAbsolute.action
[1.923s] -- Installing: /home/diseq1/ros2_ws/install/turtlesim/share/turtlesim/msg/Color.msg
[1.923s] -- Installing: /home/diseq1/ros2_ws/install/turtlesim/share/turtlesim/msg/Pose.msg
[1.923s] -- Installing: /home/diseq1/ros2_ws/install/turtlesim/share/turtlesim/srv/Kill.srv
[1.924s] -- Installing: /home/diseq1/ros2_ws/install/turtlesim/share/turtlesim/srv/Kill_Request.msg
[1.924s] -- Installing: /home/diseq1/ros2_ws/install/turtlesim/share/turtlesim/srv/Kill_Response.msg
[1.925s] -- Installing: /home/diseq1/ros2_ws/install/turtlesim/share/turtlesim/srv/SetPen.srv
[1.926s] -- Installing: /home/diseq1/ros2_ws/install/turtlesim/share/turtlesim/srv/SetPen_Request.msg
[1.926s] -- Installing: /home/diseq1/ros2_ws/install/turtlesim/share/turtlesim/srv/SetPen_Response.msg
[1.927s] -- Installing: /home/diseq1/ros2_ws/install/turtlesim/share/turtlesim/srv/Spawn.srv
[1.927s] -- Installing: /home/diseq1/ros2_ws/install/turtlesim/share/turtlesim/srv/Spawn_Request.msg
[1.927s] -- Installing: /home/diseq1/ros2_ws/install/turtlesim/share/turtlesim/srv/Spawn_Response.msg
[1.927s] -- Installing: /home/diseq1/ros2_ws/install/turtlesim/share/turtlesim/srv/TeleportAbsolute.srv
[1.927s] -- Installing: /home/diseq1/ros2_ws/install/turtlesim/share/turtlesim/srv/TeleportAbsolute_Request.msg
[1.927s] -- Installing: /home/diseq1/ros2_ws/install/turtlesim/share/turtlesim/srv/TeleportAbsolute_Response.msg
[1.928s] -- Installing: /home/diseq1/ros2_ws/install/turtlesim/share/turtlesim/srv/TeleportRelative.srv
[1.928s] -- Installing: /home/diseq1/ros2_ws/install/turtlesim/share/turtlesim/srv/TeleportRelative_Request.msg
[1.928s] -- Installing: /home/diseq1/ros2_ws/install/turtlesim/share/turtlesim/srv/TeleportRelative_Response.msg
[1.930s] -- Installing: /home/diseq1/ros2_ws/install/turtlesim/lib/turtlesim/turtlesim_node
[1.931s] -- Set runtime path of "/home/diseq1/ros2_ws/install/turtlesim/lib/turtlesim/turtlesim_node" to ""
[1.931s] -- Installing: /home/diseq1/ros2_ws/install/turtlesim/lib/turtlesim/turtle_teleop_key
[1.931s] -- Set runtime path of "/home/diseq1/ros2_ws/install/turtlesim/lib/turtlesim/turtle_teleop_key" to ""
[1.931s] -- Installing: /home/diseq1/ros2_ws/install/turtlesim/lib/turtlesim/draw_square
[1.932s] -- Set runtime path of "/home/diseq1/ros2_ws/install/turtlesim/lib/turtlesim/draw_square" to ""
[1.932s] -- Installing: /home/diseq1/ros2_ws/install/turtlesim/lib/turtlesim/mimic
[1.932s] -- Set runtime path of "/home/diseq1/ros2_ws/install/turtlesim/lib/turtlesim/mimic" to ""
[1.932s] -- Installing: /home/diseq1/ros2_ws/install/turtlesim/share/turtlesim/images
[1.932s] -- Installing: /home/diseq1/ros2_ws/install/turtlesim/share/turtlesim/images/galactic.png
[1.932s] -- Installing: /home/diseq1/ros2_ws/install/turtlesim/share/turtlesim/images/ardent.png
[1.932s] -- Installing: /home/diseq1/ros2_ws/install/turtlesim/share/turtlesim/images/foxy.png
[1.932s] -- Installing: /home/diseq1/ros2_ws/install/turtlesim/share/turtlesim/images/humble.png
[1.933s] -- Installing: /home/diseq1/ros2_ws/install/turtlesim/share/turtlesim/images/eloquent.png
[1.933s] -- Installing: /home/diseq1/ros2_ws/install/turtlesim/share/turtlesim/images/crystal.png
[1.933s] -- Installing: /home/diseq1/ros2_ws/install/turtlesim/share/turtlesim/images/rolling.png
[1.933s] -- Installing: /home/diseq1/ros2_ws/install/turtlesim/share/turtlesim/images/bouncy.png
[1.933s] -- Installing: /home/diseq1/ros2_ws/install/turtlesim/share/turtlesim/images/dashing.png
[1.933s] -- Installing: /home/diseq1/ros2_ws/install/turtlesim/share/turtlesim/launch
[1.933s] -- Installing: /home/diseq1/ros2_ws/install/turtlesim/share/turtlesim/launch/multisim.launch.py
[1.933s] -- Installing: /home/diseq1/ros2_ws/install/turtlesim/share/ament_index/resource_index/package_run_dependencies/turtlesim
[1.933s] -- Installing: /home/diseq1/ros2_ws/install/turtlesim/share/ament_index/resource_index/parent_prefix_path/turtlesim
[1.933s] -- Installing: /home/diseq1/ros2_ws/install/turtlesim/share/turtlesim/environment/ament_prefix_path.sh
[1.934s] -- Installing: /home/diseq1/ros2_ws/install/turtlesim/share/turtlesim/environment/ament_prefix_path.dsv
[1.934s] -- Installing: /home/diseq1/ros2_ws/install/turtlesim/share/turtlesim/environment/path.sh
[1.934s] -- Installing: /home/diseq1/ros2_ws/install/turtlesim/share/turtlesim/environment/path.dsv
[1.934s] -- Installing: /home/diseq1/ros2_ws/install/turtlesim/share/turtlesim/local_setup.bash
[1.934s] -- Installing: /home/diseq1/ros2_ws/install/turtlesim/share/turtlesim/local_setup.sh
[1.934s] -- Installing: /home/diseq1/ros2_ws/install/turtlesim/share/turtlesim/local_setup.zsh
[1.934s] -- Installing: /home/diseq1/ros2_ws/install/turtlesim/share/turtlesim/local_setup.dsv
[1.935s] -- Installing: /home/diseq1/ros2_ws/install/turtlesim/share/turtlesim/package.dsv
[1.936s] -- Installing: /home/diseq1/ros2_ws/install/turtlesim/share/ament_index/resource_index/packages/turtlesim
[1.936s] -- Installing: /home/diseq1/ros2_ws/install/turtlesim/share/turtlesim/cmake/export_turtlesim__rosidl_generator_cExport.cmake
[1.936s] -- Installing: /home/diseq1/ros2_ws/install/turtlesim/share/turtlesim/cmake/export_turtlesim__rosidl_generator_cExport-noconfig.cmake
[1.937s] -- Installing: /home/diseq1/ros2_ws/install/turtlesim/share/turtlesim/cmake/export_turtlesim__rosidl_typesupport_fastrtps_cExport.cmake
[1.937s] -- Installing: /home/diseq1/ros2_ws/install/turtlesim/share/turtlesim/cmake/export_turtlesim__rosidl_typesupport_fastrtps_cExport-noconfig.cmake
[1.939s] -- Installing: /home/diseq1/ros2_ws/install/turtlesim/share/turtlesim/cmake/export_turtlesim__rosidl_generator_cppExport.cmake
[1.939s] -- Installing: /home/diseq1/ros2_ws/install/turtlesim/share/turtlesim/cmake/export_turtlesim__rosidl_typesupport_fastrtps_cppExport.cmake
[1.941s] -- Installing: /home/diseq1/ros2_ws/install/turtlesim/share/turtlesim/cmake/export_turtlesim__rosidl_typesupport_fastrtps_cppExport-noconfig.cmake
[1.941s] -- Installing: /home/diseq1/ros2_ws/install/turtlesim/share/turtlesim/cmake/turtlesim__rosidl_typesupport_introspection_cExport.cmake
[1.941s] -- Installing: /home/diseq1/ros2_ws/install/turtlesim/share/turtlesim/cmake/turtlesim__rosidl_typesupport_introspection_cExport-noconfig.cmake
[1.941s] -- Installing: /home/diseq1/ros2_ws/install/turtlesim/share/turtlesim/cmake/turtlesim__rosidl_typesupport_cExport.cmake
[1.941s] -- Installing: /home/diseq1/ros2_ws/install/turtlesim/share/turtlesim/cmake/turtlesim__rosidl_typesupport_cExport-noconfig.cmake
[1.941s] -- Installing: /home/diseq1/ros2_ws/install/turtlesim/share/turtlesim/cmake/turtlesim__rosidl_typesupport_introspection_cppExport.cmake
[1.942s] -- Installing: /home/diseq1/ros2_ws/install/turtlesim/share/turtlesim/cmake/turtlesim__rosidl_typesupport_introspection_cppExport-noconfig.cmake
[1.942s] -- Installing: /home/diseq1/ros2_ws/install/turtlesim/share/turtlesim/cmake/turtlesim__rosidl_typesupport_cppExport.cmake
[1.942s] -- Installing: /home/diseq1/ros2_ws/install/turtlesim/share/turtlesim/cmake/turtlesim__rosidl_typesupport_cppExport-noconfig.cmake
[1.942s] -- Installing: /home/diseq1/ros2_ws/install/turtlesim/share/turtlesim/cmake/export_turtlesim__rosidl_generator_pyExport.cmake
[1.942s] -- Installing: /home/diseq1/ros2_ws/install/turtlesim/share/turtlesim/cmake/export_turtlesim__rosidl_generator_pyExport-noconfig.cmake
[1.942s] -- Installing: /home/diseq1/ros2_ws/install/turtlesim/share/turtlesim/cmake/rosidl_cmake-extras.cmake
[1.942s] -- Installing: /home/diseq1/ros2_ws/install/turtlesim/share/turtlesim/cmake/ament_cmake_export_dependencies-extras.cmake
[1.942s] -- Installing: /home/diseq1/ros2_ws/install/turtlesim/share/turtlesim/cmake/ament_cmake_export_include_directories-extras.cmake
[1.942s] -- Installing: /home/diseq1/ros2_ws/install/turtlesim/share/turtlesim/cmake/ament_cmake_export_libraries-extras.cmake
[1.942s] -- Installing: /home/diseq1/ros2_ws/install/turtlesim/share/turtlesim/cmake/ament_cmake_export_targets-extras.cmake
[1.943s] -- Installing: /home/diseq1/ros2_ws/install/turtlesim/share/turtlesim/cmake/rosidl_cmake_export_typesupport_targets-extras.cmake
[1.943s] -- Installing: /home/diseq1/ros2_ws/install/turtlesim/share/turtlesim/cmake/rosidl_cmake_export_typesupport_libraries-extras.cmake
[1.943s] -- Installing: /home/diseq1/ros2_ws/install/turtlesim/share/turtlesim/cmake/turtlesimConfig.cmake
[1.943s] -- Installing: /home/diseq1/ros2_ws/install/turtlesim/share/turtlesim/cmake/turtlesimConfig-version.cmake
[1.944s] -- Installing: /home/diseq1/ros2_ws/install/turtlesim/share/turtlesim/package.xml
[1.946s] Invoked command in '/home/diseq1/ros2_ws/build/turtlesim' returned '0': CMAKE_PREFIX_PATH=${CMAKE_PREFIX_PATH}:/home/diseq1/ros2_ws/install/turtle_tf2_py:/home/diseq1/ros2_ws/install/launch_testing_examples:/home/diseq1/ros2_ws/install/examples_rclpy_pointcloud_publisher:/home/diseq1/ros2_ws/install/examples_rclpy_minimal_subscriber:/home/diseq1/ros2_ws/install/examples_rclpy_minimal_service:/home/diseq1/ros2_ws/install/examples_rclpy_minimal_publisher:/home/diseq1/ros2_ws/install/examples_rclpy_minimal_client:/home/diseq1/ros2_ws/install/examples_rclpy_minimal_action_server:/home/diseq1/ros2_ws/install/examples_rclpy_minimal_action_client:/home/diseq1/ros2_ws/install/examples_rclpy_guard_conditions:/home/diseq1/ros2_ws/install/examples_rclpy_executors:/opt/ros/humble /usr/bin/cmake --install /home/diseq1/ros2_ws/build/turtlesim
