[1.900s] Invoking command in '/home/diseq1/ros2_ws/src/ros2-tutorials/rclpy/services/minimal_client': PYTHONPATH=/home/diseq1/ros2_ws/build/examples_rclpy_minimal_client/prefix_override:/usr/lib/python3/dist-packages/colcon_core/task/python/colcon_distutils_commands:/home/diseq1/ros2_ws/install/examples_rclpy_minimal_client/lib/python3.10/site-packages:${PYTHONPATH} /usr/bin/python3 -W ignore:setup.py install is deprecated -W ignore:easy_install command is deprecated setup.py egg_info --egg-base ../../../../../build/examples_rclpy_minimal_client build --build-base /home/diseq1/ros2_ws/build/examples_rclpy_minimal_client/build install --record /home/diseq1/ros2_ws/build/examples_rclpy_minimal_client/install.log --single-version-externally-managed install_data
[2.087s] running egg_info
[2.087s] writing ../../../../../build/examples_rclpy_minimal_client/examples_rclpy_minimal_client.egg-info/PKG-INFO
[2.088s] writing dependency_links to ../../../../../build/examples_rclpy_minimal_client/examples_rclpy_minimal_client.egg-info/dependency_links.txt
[2.088s] writing entry points to ../../../../../build/examples_rclpy_minimal_client/examples_rclpy_minimal_client.egg-info/entry_points.txt
[2.088s] writing requirements to ../../../../../build/examples_rclpy_minimal_client/examples_rclpy_minimal_client.egg-info/requires.txt
[2.088s] writing top-level names to ../../../../../build/examples_rclpy_minimal_client/examples_rclpy_minimal_client.egg-info/top_level.txt
[2.089s] reading manifest file '../../../../../build/examples_rclpy_minimal_client/examples_rclpy_minimal_client.egg-info/SOURCES.txt'
[2.089s] writing manifest file '../../../../../build/examples_rclpy_minimal_client/examples_rclpy_minimal_client.egg-info/SOURCES.txt'
[2.090s] running build
[2.090s] running build_py
[2.090s] running install
[2.090s] running install_lib
[2.091s] running install_data
[2.092s] running install_egg_info
[2.093s] removing '/home/diseq1/ros2_ws/install/examples_rclpy_minimal_client/lib/python3.10/site-packages/examples_rclpy_minimal_client-0.21.4-py3.10.egg-info' (and everything under it)
[2.093s] Copying ../../../../../build/examples_rclpy_minimal_client/examples_rclpy_minimal_client.egg-info to /home/diseq1/ros2_ws/install/examples_rclpy_minimal_client/lib/python3.10/site-packages/examples_rclpy_minimal_client-0.21.4-py3.10.egg-info
[2.094s] running install_scripts
[2.113s] Installing client script to /home/diseq1/ros2_ws/install/examples_rclpy_minimal_client/lib/examples_rclpy_minimal_client
[2.113s] Installing client_async script to /home/diseq1/ros2_ws/install/examples_rclpy_minimal_client/lib/examples_rclpy_minimal_client
[2.113s] Installing client_async_callback script to /home/diseq1/ros2_ws/install/examples_rclpy_minimal_client/lib/examples_rclpy_minimal_client
[2.113s] Installing client_async_member_function script to /home/diseq1/ros2_ws/install/examples_rclpy_minimal_client/lib/examples_rclpy_minimal_client
[2.114s] writing list of installed files to '/home/diseq1/ros2_ws/build/examples_rclpy_minimal_client/install.log'
[2.162s] Invoked command in '/home/diseq1/ros2_ws/src/ros2-tutorials/rclpy/services/minimal_client' returned '0': PYTHONPATH=/home/diseq1/ros2_ws/build/examples_rclpy_minimal_client/prefix_override:/usr/lib/python3/dist-packages/colcon_core/task/python/colcon_distutils_commands:/home/diseq1/ros2_ws/install/examples_rclpy_minimal_client/lib/python3.10/site-packages:${PYTHONPATH} /usr/bin/python3 -W ignore:setup.py install is deprecated -W ignore:easy_install command is deprecated setup.py egg_info --egg-base ../../../../../build/examples_rclpy_minimal_client build --build-base /home/diseq1/ros2_ws/build/examples_rclpy_minimal_client/build install --record /home/diseq1/ros2_ws/build/examples_rclpy_minimal_client/install.log --single-version-externally-managed install_data
