[0.099s] Invoking command in '/home/diseq1/ros2_ws/build/examples_rclcpp_minimal_timer': CMAKE_PREFIX_PATH=${CMAKE_PREFIX_PATH}:/home/diseq1/ros2_ws/install/turtle_tf2_py:/home/diseq1/ros2_ws/install/launch_testing_examples:/home/diseq1/ros2_ws/install/examples_rclpy_pointcloud_publisher:/home/diseq1/ros2_ws/install/examples_rclpy_minimal_subscriber:/home/diseq1/ros2_ws/install/examples_rclpy_minimal_service:/home/diseq1/ros2_ws/install/examples_rclpy_minimal_publisher:/home/diseq1/ros2_ws/install/examples_rclpy_minimal_client:/home/diseq1/ros2_ws/install/examples_rclpy_minimal_action_server:/home/diseq1/ros2_ws/install/examples_rclpy_minimal_action_client:/home/diseq1/ros2_ws/install/examples_rclpy_guard_conditions:/home/diseq1/ros2_ws/install/examples_rclpy_executors:/opt/ros/humble /usr/bin/cmake --build /home/diseq1/ros2_ws/build/examples_rclcpp_minimal_timer -- -j32 -l32
[1.596s] [35m[1mConsolidate compiler generated dependencies of target timer_lambda[0m
[1.596s] [35m[1mConsolidate compiler generated dependencies of target timer_member_function[0m
[1.596s] [ 50%] Built target timer_lambda
[1.596s] [100%] Built target timer_member_function
[1.633s] Invoked command in '/home/diseq1/ros2_ws/build/examples_rclcpp_minimal_timer' returned '0': CMAKE_PREFIX_PATH=${CMAKE_PREFIX_PATH}:/home/diseq1/ros2_ws/install/turtle_tf2_py:/home/diseq1/ros2_ws/install/launch_testing_examples:/home/diseq1/ros2_ws/install/examples_rclpy_pointcloud_publisher:/home/diseq1/ros2_ws/install/examples_rclpy_minimal_subscriber:/home/diseq1/ros2_ws/install/examples_rclpy_minimal_service:/home/diseq1/ros2_ws/install/examples_rclpy_minimal_publisher:/home/diseq1/ros2_ws/install/examples_rclpy_minimal_client:/home/diseq1/ros2_ws/install/examples_rclpy_minimal_action_server:/home/diseq1/ros2_ws/install/examples_rclpy_minimal_action_client:/home/diseq1/ros2_ws/install/examples_rclpy_guard_conditions:/home/diseq1/ros2_ws/install/examples_rclpy_executors:/opt/ros/humble /usr/bin/cmake --build /home/diseq1/ros2_ws/build/examples_rclcpp_minimal_timer -- -j32 -l32
[1.635s] Invoking command in '/home/diseq1/ros2_ws/build/examples_rclcpp_minimal_timer': CMAKE_PREFIX_PATH=${CMAKE_PREFIX_PATH}:/home/diseq1/ros2_ws/install/turtle_tf2_py:/home/diseq1/ros2_ws/install/launch_testing_examples:/home/diseq1/ros2_ws/install/examples_rclpy_pointcloud_publisher:/home/diseq1/ros2_ws/install/examples_rclpy_minimal_subscriber:/home/diseq1/ros2_ws/install/examples_rclpy_minimal_service:/home/diseq1/ros2_ws/install/examples_rclpy_minimal_publisher:/home/diseq1/ros2_ws/install/examples_rclpy_minimal_client:/home/diseq1/ros2_ws/install/examples_rclpy_minimal_action_server:/home/diseq1/ros2_ws/install/examples_rclpy_minimal_action_client:/home/diseq1/ros2_ws/install/examples_rclpy_guard_conditions:/home/diseq1/ros2_ws/install/examples_rclpy_executors:/opt/ros/humble /usr/bin/cmake --install /home/diseq1/ros2_ws/build/examples_rclcpp_minimal_timer
[1.671s] -- Install configuration: ""
[1.671s] -- Up-to-date: /home/diseq1/ros2_ws/install/examples_rclcpp_minimal_timer/lib/examples_rclcpp_minimal_timer/timer_lambda
[1.671s] -- Up-to-date: /home/diseq1/ros2_ws/install/examples_rclcpp_minimal_timer/lib/examples_rclcpp_minimal_timer/timer_member_function
[1.671s] -- Up-to-date: /home/diseq1/ros2_ws/install/examples_rclcpp_minimal_timer/share/ament_index/resource_index/package_run_dependencies/examples_rclcpp_minimal_timer
[1.671s] -- Up-to-date: /home/diseq1/ros2_ws/install/examples_rclcpp_minimal_timer/share/ament_index/resource_index/parent_prefix_path/examples_rclcpp_minimal_timer
[1.671s] -- Up-to-date: /home/diseq1/ros2_ws/install/examples_rclcpp_minimal_timer/share/examples_rclcpp_minimal_timer/environment/ament_prefix_path.sh
[1.672s] -- Up-to-date: /home/diseq1/ros2_ws/install/examples_rclcpp_minimal_timer/share/examples_rclcpp_minimal_timer/environment/ament_prefix_path.dsv
[1.673s] -- Up-to-date: /home/diseq1/ros2_ws/install/examples_rclcpp_minimal_timer/share/examples_rclcpp_minimal_timer/environment/path.sh
[1.673s] -- Up-to-date: /home/diseq1/ros2_ws/install/examples_rclcpp_minimal_timer/share/examples_rclcpp_minimal_timer/environment/path.dsv
[1.675s] -- Up-to-date: /home/diseq1/ros2_ws/install/examples_rclcpp_minimal_timer/share/examples_rclcpp_minimal_timer/local_setup.bash
[1.675s] -- Up-to-date: /home/diseq1/ros2_ws/install/examples_rclcpp_minimal_timer/share/examples_rclcpp_minimal_timer/local_setup.sh
[1.675s] -- Up-to-date: /home/diseq1/ros2_ws/install/examples_rclcpp_minimal_timer/share/examples_rclcpp_minimal_timer/local_setup.zsh
[1.675s] -- Up-to-date: /home/diseq1/ros2_ws/install/examples_rclcpp_minimal_timer/share/examples_rclcpp_minimal_timer/local_setup.dsv
[1.675s] -- Installing: /home/diseq1/ros2_ws/install/examples_rclcpp_minimal_timer/share/examples_rclcpp_minimal_timer/package.dsv
[1.675s] -- Up-to-date: /home/diseq1/ros2_ws/install/examples_rclcpp_minimal_timer/share/ament_index/resource_index/packages/examples_rclcpp_minimal_timer
[1.675s] -- Up-to-date: /home/diseq1/ros2_ws/install/examples_rclcpp_minimal_timer/share/examples_rclcpp_minimal_timer/cmake/examples_rclcpp_minimal_timerConfig.cmake
[1.675s] -- Up-to-date: /home/diseq1/ros2_ws/install/examples_rclcpp_minimal_timer/share/examples_rclcpp_minimal_timer/cmake/examples_rclcpp_minimal_timerConfig-version.cmake
[1.676s] -- Up-to-date: /home/diseq1/ros2_ws/install/examples_rclcpp_minimal_timer/share/examples_rclcpp_minimal_timer/package.xml
[1.805s] Invoked command in '/home/diseq1/ros2_ws/build/examples_rclcpp_minimal_timer' returned '0': CMAKE_PREFIX_PATH=${CMAKE_PREFIX_PATH}:/home/diseq1/ros2_ws/install/turtle_tf2_py:/home/diseq1/ros2_ws/install/launch_testing_examples:/home/diseq1/ros2_ws/install/examples_rclpy_pointcloud_publisher:/home/diseq1/ros2_ws/install/examples_rclpy_minimal_subscriber:/home/diseq1/ros2_ws/install/examples_rclpy_minimal_service:/home/diseq1/ros2_ws/install/examples_rclpy_minimal_publisher:/home/diseq1/ros2_ws/install/examples_rclpy_minimal_client:/home/diseq1/ros2_ws/install/examples_rclpy_minimal_action_server:/home/diseq1/ros2_ws/install/examples_rclpy_minimal_action_client:/home/diseq1/ros2_ws/install/examples_rclpy_guard_conditions:/home/diseq1/ros2_ws/install/examples_rclpy_executors:/opt/ros/humble /usr/bin/cmake --install /home/diseq1/ros2_ws/build/examples_rclcpp_minimal_timer
