[0.186s] DEBUG:colcon:Command line arguments: ['/usr/bin/colcon', 'build', '--packages-select', 'urdf_tutorial']
[0.186s] DEBUG:colcon:Parsed command line arguments: Namespace(log_base=None, log_level=None, verb_name='build', build_base='build', install_base='install', merge_install=False, symlink_install=False, test_result_base=None, continue_on_error=False, executor='parallel', parallel_workers=32, event_handlers=None, ignore_user_meta=False, metas=['./colcon.meta'], base_paths=['.'], packages_ignore=None, packages_ignore_regex=None, paths=None, packages_up_to=None, packages_up_to_regex=None, packages_above=None, packages_above_and_dependencies=None, packages_above_depth=None, packages_select_by_dep=None, packages_skip_by_dep=None, packages_skip_up_to=None, packages_select_build_failed=False, packages_skip_build_finished=False, packages_select_test_failures=False, packages_skip_test_passed=False, packages_select=['urdf_tutorial'], packages_skip=None, packages_select_regex=None, packages_skip_regex=None, packages_start=None, packages_end=None, allow_overriding=[], cmake_args=None, cmake_target=None, cmake_target_skip_unavailable=False, cmake_clean_cache=False, cmake_clean_first=False, cmake_force_configure=False, ament_cmake_args=None, catkin_cmake_args=None, catkin_skip_building_tests=False, verb_parser=<colcon_defaults.argument_parser.defaults.DefaultArgumentsDecorator object at 0x73751b617af0>, verb_extension=<colcon_core.verb.build.BuildVerb object at 0x73751b617430>, main=<bound method BuildVerb.main of <colcon_core.verb.build.BuildVerb object at 0x73751b617430>>)
[0.364s] Level 1:colcon.colcon_core.package_discovery:discover_packages(colcon_meta) check parameters
[0.364s] Level 1:colcon.colcon_core.package_discovery:discover_packages(recursive) check parameters
[0.364s] Level 1:colcon.colcon_core.package_discovery:discover_packages(ignore) check parameters
[0.364s] Level 1:colcon.colcon_core.package_discovery:discover_packages(path) check parameters
[0.364s] Level 1:colcon.colcon_core.package_discovery:discover_packages(colcon_meta) discover
[0.364s] Level 1:colcon.colcon_core.package_discovery:discover_packages(recursive) discover
[0.364s] INFO:colcon.colcon_core.package_discovery:Crawling recursively for packages in '/home/diseq1/ros2_ws'
[0.364s] Level 1:colcon.colcon_core.package_identification:_identify(.) by extensions ['ignore', 'ignore_ament_install']
[0.364s] Level 1:colcon.colcon_core.package_identification:_identify(.) by extension 'ignore'
[0.364s] Level 1:colcon.colcon_core.package_identification:_identify(.) by extension 'ignore_ament_install'
[0.364s] Level 1:colcon.colcon_core.package_identification:_identify(.) by extensions ['colcon_pkg']
[0.364s] Level 1:colcon.colcon_core.package_identification:_identify(.) by extension 'colcon_pkg'
[0.364s] Level 1:colcon.colcon_core.package_identification:_identify(.) by extensions ['colcon_meta']
[0.364s] Level 1:colcon.colcon_core.package_identification:_identify(.) by extension 'colcon_meta'
[0.364s] Level 1:colcon.colcon_core.package_identification:_identify(.) by extensions ['ros']
[0.364s] Level 1:colcon.colcon_core.package_identification:_identify(.) by extension 'ros'
[0.372s] Level 1:colcon.colcon_core.package_identification:_identify(.) by extensions ['cmake', 'python']
[0.372s] Level 1:colcon.colcon_core.package_identification:_identify(.) by extension 'cmake'
[0.372s] Level 1:colcon.colcon_core.package_identification:_identify(.) by extension 'python'
[0.372s] Level 1:colcon.colcon_core.package_identification:_identify(.) by extensions ['python_setup_py']
[0.372s] Level 1:colcon.colcon_core.package_identification:_identify(.) by extension 'python_setup_py'
[0.372s] Level 1:colcon.colcon_core.package_identification:_identify(build) by extensions ['ignore', 'ignore_ament_install']
[0.373s] Level 1:colcon.colcon_core.package_identification:_identify(build) by extension 'ignore'
[0.373s] Level 1:colcon.colcon_core.package_identification:_identify(build) ignored
[0.373s] Level 1:colcon.colcon_core.package_identification:_identify(install) by extensions ['ignore', 'ignore_ament_install']
[0.373s] Level 1:colcon.colcon_core.package_identification:_identify(install) by extension 'ignore'
[0.373s] Level 1:colcon.colcon_core.package_identification:_identify(install) ignored
[0.373s] Level 1:colcon.colcon_core.package_identification:_identify(log) by extensions ['ignore', 'ignore_ament_install']
[0.373s] Level 1:colcon.colcon_core.package_identification:_identify(log) by extension 'ignore'
[0.373s] Level 1:colcon.colcon_core.package_identification:_identify(log) ignored
[0.373s] Level 1:colcon.colcon_core.package_identification:_identify(ros_tutorials) by extensions ['ignore', 'ignore_ament_install']
[0.373s] Level 1:colcon.colcon_core.package_identification:_identify(ros_tutorials) by extension 'ignore'
[0.373s] Level 1:colcon.colcon_core.package_identification:_identify(ros_tutorials) by extension 'ignore_ament_install'
[0.373s] Level 1:colcon.colcon_core.package_identification:_identify(ros_tutorials) by extensions ['colcon_pkg']
[0.373s] Level 1:colcon.colcon_core.package_identification:_identify(ros_tutorials) by extension 'colcon_pkg'
[0.373s] Level 1:colcon.colcon_core.package_identification:_identify(ros_tutorials) by extensions ['colcon_meta']
[0.373s] Level 1:colcon.colcon_core.package_identification:_identify(ros_tutorials) by extension 'colcon_meta'
[0.373s] Level 1:colcon.colcon_core.package_identification:_identify(ros_tutorials) by extensions ['ros']
[0.373s] Level 1:colcon.colcon_core.package_identification:_identify(ros_tutorials) by extension 'ros'
[0.373s] Level 1:colcon.colcon_core.package_identification:_identify(ros_tutorials) by extensions ['cmake', 'python']
[0.373s] Level 1:colcon.colcon_core.package_identification:_identify(ros_tutorials) by extension 'cmake'
[0.373s] Level 1:colcon.colcon_core.package_identification:_identify(ros_tutorials) by extension 'python'
[0.373s] Level 1:colcon.colcon_core.package_identification:_identify(ros_tutorials) by extensions ['python_setup_py']
[0.373s] Level 1:colcon.colcon_core.package_identification:_identify(ros_tutorials) by extension 'python_setup_py'
[0.373s] Level 1:colcon.colcon_core.package_identification:_identify(ros_tutorials/ros_tutorials) by extensions ['ignore', 'ignore_ament_install']
[0.374s] Level 1:colcon.colcon_core.package_identification:_identify(ros_tutorials/ros_tutorials) by extension 'ignore'
[0.374s] Level 1:colcon.colcon_core.package_identification:_identify(ros_tutorials/ros_tutorials) ignored
[0.374s] Level 1:colcon.colcon_core.package_identification:_identify(ros_tutorials/roscpp_tutorials) by extensions ['ignore', 'ignore_ament_install']
[0.374s] Level 1:colcon.colcon_core.package_identification:_identify(ros_tutorials/roscpp_tutorials) by extension 'ignore'
[0.374s] Level 1:colcon.colcon_core.package_identification:_identify(ros_tutorials/roscpp_tutorials) ignored
[0.374s] Level 1:colcon.colcon_core.package_identification:_identify(ros_tutorials/rospy_tutorials) by extensions ['ignore', 'ignore_ament_install']
[0.374s] Level 1:colcon.colcon_core.package_identification:_identify(ros_tutorials/rospy_tutorials) by extension 'ignore'
[0.374s] Level 1:colcon.colcon_core.package_identification:_identify(ros_tutorials/rospy_tutorials) ignored
[0.374s] Level 1:colcon.colcon_core.package_identification:_identify(ros_tutorials/turtlesim) by extensions ['ignore', 'ignore_ament_install']
[0.374s] Level 1:colcon.colcon_core.package_identification:_identify(ros_tutorials/turtlesim) by extension 'ignore'
[0.374s] Level 1:colcon.colcon_core.package_identification:_identify(ros_tutorials/turtlesim) by extension 'ignore_ament_install'
[0.374s] Level 1:colcon.colcon_core.package_identification:_identify(ros_tutorials/turtlesim) by extensions ['colcon_pkg']
[0.374s] Level 1:colcon.colcon_core.package_identification:_identify(ros_tutorials/turtlesim) by extension 'colcon_pkg'
[0.374s] Level 1:colcon.colcon_core.package_identification:_identify(ros_tutorials/turtlesim) by extensions ['colcon_meta']
[0.374s] Level 1:colcon.colcon_core.package_identification:_identify(ros_tutorials/turtlesim) by extension 'colcon_meta'
[0.374s] Level 1:colcon.colcon_core.package_identification:_identify(ros_tutorials/turtlesim) by extensions ['ros']
[0.374s] Level 1:colcon.colcon_core.package_identification:_identify(ros_tutorials/turtlesim) by extension 'ros'
[0.377s] DEBUG:colcon.colcon_core.package_identification:Package 'ros_tutorials/turtlesim' with type 'ros.ament_cmake' and name 'turtlesim'
[0.377s] Level 1:colcon.colcon_core.package_identification:_identify(src) by extensions ['ignore', 'ignore_ament_install']
[0.377s] Level 1:colcon.colcon_core.package_identification:_identify(src) by extension 'ignore'
[0.377s] Level 1:colcon.colcon_core.package_identification:_identify(src) by extension 'ignore_ament_install'
[0.377s] Level 1:colcon.colcon_core.package_identification:_identify(src) by extensions ['colcon_pkg']
[0.377s] Level 1:colcon.colcon_core.package_identification:_identify(src) by extension 'colcon_pkg'
[0.377s] Level 1:colcon.colcon_core.package_identification:_identify(src) by extensions ['colcon_meta']
[0.377s] Level 1:colcon.colcon_core.package_identification:_identify(src) by extension 'colcon_meta'
[0.377s] Level 1:colcon.colcon_core.package_identification:_identify(src) by extensions ['ros']
[0.377s] Level 1:colcon.colcon_core.package_identification:_identify(src) by extension 'ros'
[0.377s] Level 1:colcon.colcon_core.package_identification:_identify(src) by extensions ['cmake', 'python']
[0.377s] Level 1:colcon.colcon_core.package_identification:_identify(src) by extension 'cmake'
[0.377s] Level 1:colcon.colcon_core.package_identification:_identify(src) by extension 'python'
[0.377s] Level 1:colcon.colcon_core.package_identification:_identify(src) by extensions ['python_setup_py']
[0.377s] Level 1:colcon.colcon_core.package_identification:_identify(src) by extension 'python_setup_py'
[0.377s] Level 1:colcon.colcon_core.package_identification:_identify(src/cpp_pubsub) by extensions ['ignore', 'ignore_ament_install']
[0.377s] Level 1:colcon.colcon_core.package_identification:_identify(src/cpp_pubsub) by extension 'ignore'
[0.377s] Level 1:colcon.colcon_core.package_identification:_identify(src/cpp_pubsub) by extension 'ignore_ament_install'
[0.377s] Level 1:colcon.colcon_core.package_identification:_identify(src/cpp_pubsub) by extensions ['colcon_pkg']
[0.377s] Level 1:colcon.colcon_core.package_identification:_identify(src/cpp_pubsub) by extension 'colcon_pkg'
[0.377s] Level 1:colcon.colcon_core.package_identification:_identify(src/cpp_pubsub) by extensions ['colcon_meta']
[0.377s] Level 1:colcon.colcon_core.package_identification:_identify(src/cpp_pubsub) by extension 'colcon_meta'
[0.377s] Level 1:colcon.colcon_core.package_identification:_identify(src/cpp_pubsub) by extensions ['ros']
[0.377s] Level 1:colcon.colcon_core.package_identification:_identify(src/cpp_pubsub) by extension 'ros'
[0.378s] DEBUG:colcon.colcon_core.package_identification:Package 'src/cpp_pubsub' with type 'ros.ament_cmake' and name 'cpp_pubsub'
[0.378s] Level 1:colcon.colcon_core.package_identification:_identify(src/geometry_tutorials) by extensions ['ignore', 'ignore_ament_install']
[0.378s] Level 1:colcon.colcon_core.package_identification:_identify(src/geometry_tutorials) by extension 'ignore'
[0.378s] Level 1:colcon.colcon_core.package_identification:_identify(src/geometry_tutorials) by extension 'ignore_ament_install'
[0.378s] Level 1:colcon.colcon_core.package_identification:_identify(src/geometry_tutorials) by extensions ['colcon_pkg']
[0.378s] Level 1:colcon.colcon_core.package_identification:_identify(src/geometry_tutorials) by extension 'colcon_pkg'
[0.378s] Level 1:colcon.colcon_core.package_identification:_identify(src/geometry_tutorials) by extensions ['colcon_meta']
[0.378s] Level 1:colcon.colcon_core.package_identification:_identify(src/geometry_tutorials) by extension 'colcon_meta'
[0.378s] Level 1:colcon.colcon_core.package_identification:_identify(src/geometry_tutorials) by extensions ['ros']
[0.378s] Level 1:colcon.colcon_core.package_identification:_identify(src/geometry_tutorials) by extension 'ros'
[0.378s] Level 1:colcon.colcon_core.package_identification:_identify(src/geometry_tutorials) by extensions ['cmake', 'python']
[0.378s] Level 1:colcon.colcon_core.package_identification:_identify(src/geometry_tutorials) by extension 'cmake'
[0.378s] Level 1:colcon.colcon_core.package_identification:_identify(src/geometry_tutorials) by extension 'python'
[0.378s] Level 1:colcon.colcon_core.package_identification:_identify(src/geometry_tutorials) by extensions ['python_setup_py']
[0.378s] Level 1:colcon.colcon_core.package_identification:_identify(src/geometry_tutorials) by extension 'python_setup_py'
[0.378s] Level 1:colcon.colcon_core.package_identification:_identify(src/geometry_tutorials/geometry_tutorials) by extensions ['ignore', 'ignore_ament_install']
[0.378s] Level 1:colcon.colcon_core.package_identification:_identify(src/geometry_tutorials/geometry_tutorials) by extension 'ignore'
[0.378s] Level 1:colcon.colcon_core.package_identification:_identify(src/geometry_tutorials/geometry_tutorials) by extension 'ignore_ament_install'
[0.378s] Level 1:colcon.colcon_core.package_identification:_identify(src/geometry_tutorials/geometry_tutorials) by extensions ['colcon_pkg']
[0.379s] Level 1:colcon.colcon_core.package_identification:_identify(src/geometry_tutorials/geometry_tutorials) by extension 'colcon_pkg'
[0.379s] Level 1:colcon.colcon_core.package_identification:_identify(src/geometry_tutorials/geometry_tutorials) by extensions ['colcon_meta']
[0.379s] Level 1:colcon.colcon_core.package_identification:_identify(src/geometry_tutorials/geometry_tutorials) by extension 'colcon_meta'
[0.379s] Level 1:colcon.colcon_core.package_identification:_identify(src/geometry_tutorials/geometry_tutorials) by extensions ['ros']
[0.379s] Level 1:colcon.colcon_core.package_identification:_identify(src/geometry_tutorials/geometry_tutorials) by extension 'ros'
[0.379s] DEBUG:colcon.colcon_core.package_identification:Package 'src/geometry_tutorials/geometry_tutorials' with type 'ros.ament_cmake' and name 'geometry_tutorials'
[0.379s] Level 1:colcon.colcon_core.package_identification:_identify(src/geometry_tutorials/turtle_tf2_cpp) by extensions ['ignore', 'ignore_ament_install']
[0.379s] Level 1:colcon.colcon_core.package_identification:_identify(src/geometry_tutorials/turtle_tf2_cpp) by extension 'ignore'
[0.379s] Level 1:colcon.colcon_core.package_identification:_identify(src/geometry_tutorials/turtle_tf2_cpp) by extension 'ignore_ament_install'
[0.379s] Level 1:colcon.colcon_core.package_identification:_identify(src/geometry_tutorials/turtle_tf2_cpp) by extensions ['colcon_pkg']
[0.379s] Level 1:colcon.colcon_core.package_identification:_identify(src/geometry_tutorials/turtle_tf2_cpp) by extension 'colcon_pkg'
[0.379s] Level 1:colcon.colcon_core.package_identification:_identify(src/geometry_tutorials/turtle_tf2_cpp) by extensions ['colcon_meta']
[0.379s] Level 1:colcon.colcon_core.package_identification:_identify(src/geometry_tutorials/turtle_tf2_cpp) by extension 'colcon_meta'
[0.379s] Level 1:colcon.colcon_core.package_identification:_identify(src/geometry_tutorials/turtle_tf2_cpp) by extensions ['ros']
[0.379s] Level 1:colcon.colcon_core.package_identification:_identify(src/geometry_tutorials/turtle_tf2_cpp) by extension 'ros'
[0.380s] DEBUG:colcon.colcon_core.package_identification:Package 'src/geometry_tutorials/turtle_tf2_cpp' with type 'ros.ament_cmake' and name 'turtle_tf2_cpp'
[0.380s] Level 1:colcon.colcon_core.package_identification:_identify(src/geometry_tutorials/turtle_tf2_py) by extensions ['ignore', 'ignore_ament_install']
[0.380s] Level 1:colcon.colcon_core.package_identification:_identify(src/geometry_tutorials/turtle_tf2_py) by extension 'ignore'
[0.380s] Level 1:colcon.colcon_core.package_identification:_identify(src/geometry_tutorials/turtle_tf2_py) by extension 'ignore_ament_install'
[0.380s] Level 1:colcon.colcon_core.package_identification:_identify(src/geometry_tutorials/turtle_tf2_py) by extensions ['colcon_pkg']
[0.380s] Level 1:colcon.colcon_core.package_identification:_identify(src/geometry_tutorials/turtle_tf2_py) by extension 'colcon_pkg'
[0.380s] Level 1:colcon.colcon_core.package_identification:_identify(src/geometry_tutorials/turtle_tf2_py) by extensions ['colcon_meta']
[0.380s] Level 1:colcon.colcon_core.package_identification:_identify(src/geometry_tutorials/turtle_tf2_py) by extension 'colcon_meta'
[0.380s] Level 1:colcon.colcon_core.package_identification:_identify(src/geometry_tutorials/turtle_tf2_py) by extensions ['ros']
[0.380s] Level 1:colcon.colcon_core.package_identification:_identify(src/geometry_tutorials/turtle_tf2_py) by extension 'ros'
[0.381s] DEBUG:colcon.colcon_core.package_identification:Package 'src/geometry_tutorials/turtle_tf2_py' with type 'ros.ament_python' and name 'turtle_tf2_py'
[0.381s] Level 1:colcon.colcon_core.package_identification:_identify(src/my_package) by extensions ['ignore', 'ignore_ament_install']
[0.381s] Level 1:colcon.colcon_core.package_identification:_identify(src/my_package) by extension 'ignore'
[0.381s] Level 1:colcon.colcon_core.package_identification:_identify(src/my_package) by extension 'ignore_ament_install'
[0.381s] Level 1:colcon.colcon_core.package_identification:_identify(src/my_package) by extensions ['colcon_pkg']
[0.381s] Level 1:colcon.colcon_core.package_identification:_identify(src/my_package) by extension 'colcon_pkg'
[0.381s] Level 1:colcon.colcon_core.package_identification:_identify(src/my_package) by extensions ['colcon_meta']
[0.381s] Level 1:colcon.colcon_core.package_identification:_identify(src/my_package) by extension 'colcon_meta'
[0.381s] Level 1:colcon.colcon_core.package_identification:_identify(src/my_package) by extensions ['ros']
[0.381s] Level 1:colcon.colcon_core.package_identification:_identify(src/my_package) by extension 'ros'
[0.382s] DEBUG:colcon.colcon_core.package_identification:Package 'src/my_package' with type 'ros.ament_cmake' and name 'my_package'
[0.382s] Level 1:colcon.colcon_core.package_identification:_identify(src/ros2-tutorials) by extensions ['ignore', 'ignore_ament_install']
[0.382s] Level 1:colcon.colcon_core.package_identification:_identify(src/ros2-tutorials) by extension 'ignore'
[0.382s] Level 1:colcon.colcon_core.package_identification:_identify(src/ros2-tutorials) by extension 'ignore_ament_install'
[0.382s] Level 1:colcon.colcon_core.package_identification:_identify(src/ros2-tutorials) by extensions ['colcon_pkg']
[0.382s] Level 1:colcon.colcon_core.package_identification:_identify(src/ros2-tutorials) by extension 'colcon_pkg'
[0.382s] Level 1:colcon.colcon_core.package_identification:_identify(src/ros2-tutorials) by extensions ['colcon_meta']
[0.382s] Level 1:colcon.colcon_core.package_identification:_identify(src/ros2-tutorials) by extension 'colcon_meta'
[0.382s] Level 1:colcon.colcon_core.package_identification:_identify(src/ros2-tutorials) by extensions ['ros']
[0.382s] Level 1:colcon.colcon_core.package_identification:_identify(src/ros2-tutorials) by extension 'ros'
[0.382s] Level 1:colcon.colcon_core.package_identification:_identify(src/ros2-tutorials) by extensions ['cmake', 'python']
[0.382s] Level 1:colcon.colcon_core.package_identification:_identify(src/ros2-tutorials) by extension 'cmake'
[0.382s] Level 1:colcon.colcon_core.package_identification:_identify(src/ros2-tutorials) by extension 'python'
[0.382s] Level 1:colcon.colcon_core.package_identification:_identify(src/ros2-tutorials) by extensions ['python_setup_py']
[0.382s] Level 1:colcon.colcon_core.package_identification:_identify(src/ros2-tutorials) by extension 'python_setup_py'
[0.382s] Level 1:colcon.colcon_core.package_identification:_identify(src/ros2-tutorials/launch_testing) by extensions ['ignore', 'ignore_ament_install']
[0.382s] Level 1:colcon.colcon_core.package_identification:_identify(src/ros2-tutorials/launch_testing) by extension 'ignore'
[0.382s] Level 1:colcon.colcon_core.package_identification:_identify(src/ros2-tutorials/launch_testing) by extension 'ignore_ament_install'
[0.382s] Level 1:colcon.colcon_core.package_identification:_identify(src/ros2-tutorials/launch_testing) by extensions ['colcon_pkg']
[0.382s] Level 1:colcon.colcon_core.package_identification:_identify(src/ros2-tutorials/launch_testing) by extension 'colcon_pkg'
[0.382s] Level 1:colcon.colcon_core.package_identification:_identify(src/ros2-tutorials/launch_testing) by extensions ['colcon_meta']
[0.382s] Level 1:colcon.colcon_core.package_identification:_identify(src/ros2-tutorials/launch_testing) by extension 'colcon_meta'
[0.382s] Level 1:colcon.colcon_core.package_identification:_identify(src/ros2-tutorials/launch_testing) by extensions ['ros']
[0.382s] Level 1:colcon.colcon_core.package_identification:_identify(src/ros2-tutorials/launch_testing) by extension 'ros'
[0.383s] Level 1:colcon.colcon_core.package_identification:_identify(src/ros2-tutorials/launch_testing) by extensions ['cmake', 'python']
[0.383s] Level 1:colcon.colcon_core.package_identification:_identify(src/ros2-tutorials/launch_testing) by extension 'cmake'
[0.383s] Level 1:colcon.colcon_core.package_identification:_identify(src/ros2-tutorials/launch_testing) by extension 'python'
[0.383s] Level 1:colcon.colcon_core.package_identification:_identify(src/ros2-tutorials/launch_testing) by extensions ['python_setup_py']
[0.383s] Level 1:colcon.colcon_core.package_identification:_identify(src/ros2-tutorials/launch_testing) by extension 'python_setup_py'
[0.383s] Level 1:colcon.colcon_core.package_identification:_identify(src/ros2-tutorials/launch_testing/launch_testing_examples) by extensions ['ignore', 'ignore_ament_install']
[0.383s] Level 1:colcon.colcon_core.package_identification:_identify(src/ros2-tutorials/launch_testing/launch_testing_examples) by extension 'ignore'
[0.383s] Level 1:colcon.colcon_core.package_identification:_identify(src/ros2-tutorials/launch_testing/launch_testing_examples) by extension 'ignore_ament_install'
[0.383s] Level 1:colcon.colcon_core.package_identification:_identify(src/ros2-tutorials/launch_testing/launch_testing_examples) by extensions ['colcon_pkg']
[0.383s] Level 1:colcon.colcon_core.package_identification:_identify(src/ros2-tutorials/launch_testing/launch_testing_examples) by extension 'colcon_pkg'
[0.383s] Level 1:colcon.colcon_core.package_identification:_identify(src/ros2-tutorials/launch_testing/launch_testing_examples) by extensions ['colcon_meta']
[0.383s] Level 1:colcon.colcon_core.package_identification:_identify(src/ros2-tutorials/launch_testing/launch_testing_examples) by extension 'colcon_meta'
[0.383s] Level 1:colcon.colcon_core.package_identification:_identify(src/ros2-tutorials/launch_testing/launch_testing_examples) by extensions ['ros']
[0.383s] Level 1:colcon.colcon_core.package_identification:_identify(src/ros2-tutorials/launch_testing/launch_testing_examples) by extension 'ros'
[0.383s] DEBUG:colcon.colcon_core.package_identification:Package 'src/ros2-tutorials/launch_testing/launch_testing_examples' with type 'ros.ament_python' and name 'launch_testing_examples'
[0.384s] Level 1:colcon.colcon_core.package_identification:_identify(src/ros2-tutorials/rclcpp) by extensions ['ignore', 'ignore_ament_install']
[0.384s] Level 1:colcon.colcon_core.package_identification:_identify(src/ros2-tutorials/rclcpp) by extension 'ignore'
[0.384s] Level 1:colcon.colcon_core.package_identification:_identify(src/ros2-tutorials/rclcpp) by extension 'ignore_ament_install'
[0.384s] Level 1:colcon.colcon_core.package_identification:_identify(src/ros2-tutorials/rclcpp) by extensions ['colcon_pkg']
[0.384s] Level 1:colcon.colcon_core.package_identification:_identify(src/ros2-tutorials/rclcpp) by extension 'colcon_pkg'
[0.384s] Level 1:colcon.colcon_core.package_identification:_identify(src/ros2-tutorials/rclcpp) by extensions ['colcon_meta']
[0.384s] Level 1:colcon.colcon_core.package_identification:_identify(src/ros2-tutorials/rclcpp) by extension 'colcon_meta'
[0.384s] Level 1:colcon.colcon_core.package_identification:_identify(src/ros2-tutorials/rclcpp) by extensions ['ros']
[0.384s] Level 1:colcon.colcon_core.package_identification:_identify(src/ros2-tutorials/rclcpp) by extension 'ros'
[0.384s] Level 1:colcon.colcon_core.package_identification:_identify(src/ros2-tutorials/rclcpp) by extensions ['cmake', 'python']
[0.384s] Level 1:colcon.colcon_core.package_identification:_identify(src/ros2-tutorials/rclcpp) by extension 'cmake'
[0.384s] Level 1:colcon.colcon_core.package_identification:_identify(src/ros2-tutorials/rclcpp) by extension 'python'
[0.384s] Level 1:colcon.colcon_core.package_identification:_identify(src/ros2-tutorials/rclcpp) by extensions ['python_setup_py']
[0.384s] Level 1:colcon.colcon_core.package_identification:_identify(src/ros2-tutorials/rclcpp) by extension 'python_setup_py'
[0.384s] Level 1:colcon.colcon_core.package_identification:_identify(src/ros2-tutorials/rclcpp/actions) by extensions ['ignore', 'ignore_ament_install']
[0.384s] Level 1:colcon.colcon_core.package_identification:_identify(src/ros2-tutorials/rclcpp/actions) by extension 'ignore'
[0.384s] Level 1:colcon.colcon_core.package_identification:_identify(src/ros2-tutorials/rclcpp/actions) by extension 'ignore_ament_install'
[0.384s] Level 1:colcon.colcon_core.package_identification:_identify(src/ros2-tutorials/rclcpp/actions) by extensions ['colcon_pkg']
[0.384s] Level 1:colcon.colcon_core.package_identification:_identify(src/ros2-tutorials/rclcpp/actions) by extension 'colcon_pkg'
[0.384s] Level 1:colcon.colcon_core.package_identification:_identify(src/ros2-tutorials/rclcpp/actions) by extensions ['colcon_meta']
[0.384s] Level 1:colcon.colcon_core.package_identification:_identify(src/ros2-tutorials/rclcpp/actions) by extension 'colcon_meta'
[0.384s] Level 1:colcon.colcon_core.package_identification:_identify(src/ros2-tutorials/rclcpp/actions) by extensions ['ros']
[0.384s] Level 1:colcon.colcon_core.package_identification:_identify(src/ros2-tutorials/rclcpp/actions) by extension 'ros'
[0.384s] Level 1:colcon.colcon_core.package_identification:_identify(src/ros2-tutorials/rclcpp/actions) by extensions ['cmake', 'python']
[0.384s] Level 1:colcon.colcon_core.package_identification:_identify(src/ros2-tutorials/rclcpp/actions) by extension 'cmake'
[0.384s] Level 1:colcon.colcon_core.package_identification:_identify(src/ros2-tutorials/rclcpp/actions) by extension 'python'
[0.384s] Level 1:colcon.colcon_core.package_identification:_identify(src/ros2-tutorials/rclcpp/actions) by extensions ['python_setup_py']
[0.384s] Level 1:colcon.colcon_core.package_identification:_identify(src/ros2-tutorials/rclcpp/actions) by extension 'python_setup_py'
[0.385s] Level 1:colcon.colcon_core.package_identification:_identify(src/ros2-tutorials/rclcpp/actions/minimal_action_client) by extensions ['ignore', 'ignore_ament_install']
[0.385s] Level 1:colcon.colcon_core.package_identification:_identify(src/ros2-tutorials/rclcpp/actions/minimal_action_client) by extension 'ignore'
[0.385s] Level 1:colcon.colcon_core.package_identification:_identify(src/ros2-tutorials/rclcpp/actions/minimal_action_client) by extension 'ignore_ament_install'
[0.385s] Level 1:colcon.colcon_core.package_identification:_identify(src/ros2-tutorials/rclcpp/actions/minimal_action_client) by extensions ['colcon_pkg']
[0.385s] Level 1:colcon.colcon_core.package_identification:_identify(src/ros2-tutorials/rclcpp/actions/minimal_action_client) by extension 'colcon_pkg'
[0.385s] Level 1:colcon.colcon_core.package_identification:_identify(src/ros2-tutorials/rclcpp/actions/minimal_action_client) by extensions ['colcon_meta']
[0.385s] Level 1:colcon.colcon_core.package_identification:_identify(src/ros2-tutorials/rclcpp/actions/minimal_action_client) by extension 'colcon_meta'
[0.385s] Level 1:colcon.colcon_core.package_identification:_identify(src/ros2-tutorials/rclcpp/actions/minimal_action_client) by extensions ['ros']
[0.385s] Level 1:colcon.colcon_core.package_identification:_identify(src/ros2-tutorials/rclcpp/actions/minimal_action_client) by extension 'ros'
[0.385s] DEBUG:colcon.colcon_core.package_identification:Package 'src/ros2-tutorials/rclcpp/actions/minimal_action_client' with type 'ros.ament_cmake' and name 'examples_rclcpp_minimal_action_client'
[0.385s] Level 1:colcon.colcon_core.package_identification:_identify(src/ros2-tutorials/rclcpp/actions/minimal_action_server) by extensions ['ignore', 'ignore_ament_install']
[0.386s] Level 1:colcon.colcon_core.package_identification:_identify(src/ros2-tutorials/rclcpp/actions/minimal_action_server) by extension 'ignore'
[0.386s] Level 1:colcon.colcon_core.package_identification:_identify(src/ros2-tutorials/rclcpp/actions/minimal_action_server) by extension 'ignore_ament_install'
[0.386s] Level 1:colcon.colcon_core.package_identification:_identify(src/ros2-tutorials/rclcpp/actions/minimal_action_server) by extensions ['colcon_pkg']
[0.386s] Level 1:colcon.colcon_core.package_identification:_identify(src/ros2-tutorials/rclcpp/actions/minimal_action_server) by extension 'colcon_pkg'
[0.386s] Level 1:colcon.colcon_core.package_identification:_identify(src/ros2-tutorials/rclcpp/actions/minimal_action_server) by extensions ['colcon_meta']
[0.386s] Level 1:colcon.colcon_core.package_identification:_identify(src/ros2-tutorials/rclcpp/actions/minimal_action_server) by extension 'colcon_meta'
[0.386s] Level 1:colcon.colcon_core.package_identification:_identify(src/ros2-tutorials/rclcpp/actions/minimal_action_server) by extensions ['ros']
[0.386s] Level 1:colcon.colcon_core.package_identification:_identify(src/ros2-tutorials/rclcpp/actions/minimal_action_server) by extension 'ros'
[0.386s] DEBUG:colcon.colcon_core.package_identification:Package 'src/ros2-tutorials/rclcpp/actions/minimal_action_server' with type 'ros.ament_cmake' and name 'examples_rclcpp_minimal_action_server'
[0.386s] Level 1:colcon.colcon_core.package_identification:_identify(src/ros2-tutorials/rclcpp/composition) by extensions ['ignore', 'ignore_ament_install']
[0.386s] Level 1:colcon.colcon_core.package_identification:_identify(src/ros2-tutorials/rclcpp/composition) by extension 'ignore'
[0.386s] Level 1:colcon.colcon_core.package_identification:_identify(src/ros2-tutorials/rclcpp/composition) by extension 'ignore_ament_install'
[0.386s] Level 1:colcon.colcon_core.package_identification:_identify(src/ros2-tutorials/rclcpp/composition) by extensions ['colcon_pkg']
[0.387s] Level 1:colcon.colcon_core.package_identification:_identify(src/ros2-tutorials/rclcpp/composition) by extension 'colcon_pkg'
[0.387s] Level 1:colcon.colcon_core.package_identification:_identify(src/ros2-tutorials/rclcpp/composition) by extensions ['colcon_meta']
[0.387s] Level 1:colcon.colcon_core.package_identification:_identify(src/ros2-tutorials/rclcpp/composition) by extension 'colcon_meta'
[0.387s] Level 1:colcon.colcon_core.package_identification:_identify(src/ros2-tutorials/rclcpp/composition) by extensions ['ros']
[0.387s] Level 1:colcon.colcon_core.package_identification:_identify(src/ros2-tutorials/rclcpp/composition) by extension 'ros'
[0.387s] Level 1:colcon.colcon_core.package_identification:_identify(src/ros2-tutorials/rclcpp/composition) by extensions ['cmake', 'python']
[0.387s] Level 1:colcon.colcon_core.package_identification:_identify(src/ros2-tutorials/rclcpp/composition) by extension 'cmake'
[0.387s] Level 1:colcon.colcon_core.package_identification:_identify(src/ros2-tutorials/rclcpp/composition) by extension 'python'
[0.387s] Level 1:colcon.colcon_core.package_identification:_identify(src/ros2-tutorials/rclcpp/composition) by extensions ['python_setup_py']
[0.387s] Level 1:colcon.colcon_core.package_identification:_identify(src/ros2-tutorials/rclcpp/composition) by extension 'python_setup_py'
[0.387s] Level 1:colcon.colcon_core.package_identification:_identify(src/ros2-tutorials/rclcpp/composition/minimal_composition) by extensions ['ignore', 'ignore_ament_install']
[0.387s] Level 1:colcon.colcon_core.package_identification:_identify(src/ros2-tutorials/rclcpp/composition/minimal_composition) by extension 'ignore'
[0.387s] Level 1:colcon.colcon_core.package_identification:_identify(src/ros2-tutorials/rclcpp/composition/minimal_composition) by extension 'ignore_ament_install'
[0.387s] Level 1:colcon.colcon_core.package_identification:_identify(src/ros2-tutorials/rclcpp/composition/minimal_composition) by extensions ['colcon_pkg']
[0.387s] Level 1:colcon.colcon_core.package_identification:_identify(src/ros2-tutorials/rclcpp/composition/minimal_composition) by extension 'colcon_pkg'
[0.387s] Level 1:colcon.colcon_core.package_identification:_identify(src/ros2-tutorials/rclcpp/composition/minimal_composition) by extensions ['colcon_meta']
[0.387s] Level 1:colcon.colcon_core.package_identification:_identify(src/ros2-tutorials/rclcpp/composition/minimal_composition) by extension 'colcon_meta'
[0.387s] Level 1:colcon.colcon_core.package_identification:_identify(src/ros2-tutorials/rclcpp/composition/minimal_composition) by extensions ['ros']
[0.387s] Level 1:colcon.colcon_core.package_identification:_identify(src/ros2-tutorials/rclcpp/composition/minimal_composition) by extension 'ros'
[0.387s] DEBUG:colcon.colcon_core.package_identification:Package 'src/ros2-tutorials/rclcpp/composition/minimal_composition' with type 'ros.ament_cmake' and name 'examples_rclcpp_minimal_composition'
[0.388s] Level 1:colcon.colcon_core.package_identification:_identify(src/ros2-tutorials/rclcpp/executors) by extensions ['ignore', 'ignore_ament_install']
[0.388s] Level 1:colcon.colcon_core.package_identification:_identify(src/ros2-tutorials/rclcpp/executors) by extension 'ignore'
[0.388s] Level 1:colcon.colcon_core.package_identification:_identify(src/ros2-tutorials/rclcpp/executors) by extension 'ignore_ament_install'
[0.388s] Level 1:colcon.colcon_core.package_identification:_identify(src/ros2-tutorials/rclcpp/executors) by extensions ['colcon_pkg']
[0.388s] Level 1:colcon.colcon_core.package_identification:_identify(src/ros2-tutorials/rclcpp/executors) by extension 'colcon_pkg'
[0.388s] Level 1:colcon.colcon_core.package_identification:_identify(src/ros2-tutorials/rclcpp/executors) by extensions ['colcon_meta']
[0.388s] Level 1:colcon.colcon_core.package_identification:_identify(src/ros2-tutorials/rclcpp/executors) by extension 'colcon_meta'
[0.388s] Level 1:colcon.colcon_core.package_identification:_identify(src/ros2-tutorials/rclcpp/executors) by extensions ['ros']
[0.388s] Level 1:colcon.colcon_core.package_identification:_identify(src/ros2-tutorials/rclcpp/executors) by extension 'ros'
[0.388s] Level 1:colcon.colcon_core.package_identification:_identify(src/ros2-tutorials/rclcpp/executors) by extensions ['cmake', 'python']
[0.388s] Level 1:colcon.colcon_core.package_identification:_identify(src/ros2-tutorials/rclcpp/executors) by extension 'cmake'
[0.388s] Level 1:colcon.colcon_core.package_identification:_identify(src/ros2-tutorials/rclcpp/executors) by extension 'python'
[0.388s] Level 1:colcon.colcon_core.package_identification:_identify(src/ros2-tutorials/rclcpp/executors) by extensions ['python_setup_py']
[0.388s] Level 1:colcon.colcon_core.package_identification:_identify(src/ros2-tutorials/rclcpp/executors) by extension 'python_setup_py'
[0.388s] Level 1:colcon.colcon_core.package_identification:_identify(src/ros2-tutorials/rclcpp/executors/cbg_executor) by extensions ['ignore', 'ignore_ament_install']
[0.388s] Level 1:colcon.colcon_core.package_identification:_identify(src/ros2-tutorials/rclcpp/executors/cbg_executor) by extension 'ignore'
[0.388s] Level 1:colcon.colcon_core.package_identification:_identify(src/ros2-tutorials/rclcpp/executors/cbg_executor) by extension 'ignore_ament_install'
[0.388s] Level 1:colcon.colcon_core.package_identification:_identify(src/ros2-tutorials/rclcpp/executors/cbg_executor) by extensions ['colcon_pkg']
[0.388s] Level 1:colcon.colcon_core.package_identification:_identify(src/ros2-tutorials/rclcpp/executors/cbg_executor) by extension 'colcon_pkg'
[0.388s] Level 1:colcon.colcon_core.package_identification:_identify(src/ros2-tutorials/rclcpp/executors/cbg_executor) by extensions ['colcon_meta']
[0.388s] Level 1:colcon.colcon_core.package_identification:_identify(src/ros2-tutorials/rclcpp/executors/cbg_executor) by extension 'colcon_meta'
[0.388s] Level 1:colcon.colcon_core.package_identification:_identify(src/ros2-tutorials/rclcpp/executors/cbg_executor) by extensions ['ros']
[0.388s] Level 1:colcon.colcon_core.package_identification:_identify(src/ros2-tutorials/rclcpp/executors/cbg_executor) by extension 'ros'
[0.389s] DEBUG:colcon.colcon_core.package_identification:Package 'src/ros2-tutorials/rclcpp/executors/cbg_executor' with type 'ros.ament_cmake' and name 'examples_rclcpp_cbg_executor'
[0.389s] Level 1:colcon.colcon_core.package_identification:_identify(src/ros2-tutorials/rclcpp/executors/multithreaded_executor) by extensions ['ignore', 'ignore_ament_install']
[0.389s] Level 1:colcon.colcon_core.package_identification:_identify(src/ros2-tutorials/rclcpp/executors/multithreaded_executor) by extension 'ignore'
[0.389s] Level 1:colcon.colcon_core.package_identification:_identify(src/ros2-tutorials/rclcpp/executors/multithreaded_executor) by extension 'ignore_ament_install'
[0.389s] Level 1:colcon.colcon_core.package_identification:_identify(src/ros2-tutorials/rclcpp/executors/multithreaded_executor) by extensions ['colcon_pkg']
[0.389s] Level 1:colcon.colcon_core.package_identification:_identify(src/ros2-tutorials/rclcpp/executors/multithreaded_executor) by extension 'colcon_pkg'
[0.389s] Level 1:colcon.colcon_core.package_identification:_identify(src/ros2-tutorials/rclcpp/executors/multithreaded_executor) by extensions ['colcon_meta']
[0.389s] Level 1:colcon.colcon_core.package_identification:_identify(src/ros2-tutorials/rclcpp/executors/multithreaded_executor) by extension 'colcon_meta'
[0.389s] Level 1:colcon.colcon_core.package_identification:_identify(src/ros2-tutorials/rclcpp/executors/multithreaded_executor) by extensions ['ros']
[0.389s] Level 1:colcon.colcon_core.package_identification:_identify(src/ros2-tutorials/rclcpp/executors/multithreaded_executor) by extension 'ros'
[0.390s] DEBUG:colcon.colcon_core.package_identification:Package 'src/ros2-tutorials/rclcpp/executors/multithreaded_executor' with type 'ros.ament_cmake' and name 'examples_rclcpp_multithreaded_executor'
[0.390s] Level 1:colcon.colcon_core.package_identification:_identify(src/ros2-tutorials/rclcpp/services) by extensions ['ignore', 'ignore_ament_install']
[0.390s] Level 1:colcon.colcon_core.package_identification:_identify(src/ros2-tutorials/rclcpp/services) by extension 'ignore'
[0.390s] Level 1:colcon.colcon_core.package_identification:_identify(src/ros2-tutorials/rclcpp/services) by extension 'ignore_ament_install'
[0.390s] Level 1:colcon.colcon_core.package_identification:_identify(src/ros2-tutorials/rclcpp/services) by extensions ['colcon_pkg']
[0.390s] Level 1:colcon.colcon_core.package_identification:_identify(src/ros2-tutorials/rclcpp/services) by extension 'colcon_pkg'
[0.390s] Level 1:colcon.colcon_core.package_identification:_identify(src/ros2-tutorials/rclcpp/services) by extensions ['colcon_meta']
[0.390s] Level 1:colcon.colcon_core.package_identification:_identify(src/ros2-tutorials/rclcpp/services) by extension 'colcon_meta'
[0.390s] Level 1:colcon.colcon_core.package_identification:_identify(src/ros2-tutorials/rclcpp/services) by extensions ['ros']
[0.390s] Level 1:colcon.colcon_core.package_identification:_identify(src/ros2-tutorials/rclcpp/services) by extension 'ros'
[0.390s] Level 1:colcon.colcon_core.package_identification:_identify(src/ros2-tutorials/rclcpp/services) by extensions ['cmake', 'python']
[0.390s] Level 1:colcon.colcon_core.package_identification:_identify(src/ros2-tutorials/rclcpp/services) by extension 'cmake'
[0.390s] Level 1:colcon.colcon_core.package_identification:_identify(src/ros2-tutorials/rclcpp/services) by extension 'python'
[0.390s] Level 1:colcon.colcon_core.package_identification:_identify(src/ros2-tutorials/rclcpp/services) by extensions ['python_setup_py']
[0.390s] Level 1:colcon.colcon_core.package_identification:_identify(src/ros2-tutorials/rclcpp/services) by extension 'python_setup_py'
[0.390s] Level 1:colcon.colcon_core.package_identification:_identify(src/ros2-tutorials/rclcpp/services/async_client) by extensions ['ignore', 'ignore_ament_install']
[0.390s] Level 1:colcon.colcon_core.package_identification:_identify(src/ros2-tutorials/rclcpp/services/async_client) by extension 'ignore'
[0.390s] Level 1:colcon.colcon_core.package_identification:_identify(src/ros2-tutorials/rclcpp/services/async_client) by extension 'ignore_ament_install'
[0.390s] Level 1:colcon.colcon_core.package_identification:_identify(src/ros2-tutorials/rclcpp/services/async_client) by extensions ['colcon_pkg']
[0.390s] Level 1:colcon.colcon_core.package_identification:_identify(src/ros2-tutorials/rclcpp/services/async_client) by extension 'colcon_pkg'
[0.390s] Level 1:colcon.colcon_core.package_identification:_identify(src/ros2-tutorials/rclcpp/services/async_client) by extensions ['colcon_meta']
[0.390s] Level 1:colcon.colcon_core.package_identification:_identify(src/ros2-tutorials/rclcpp/services/async_client) by extension 'colcon_meta'
[0.390s] Level 1:colcon.colcon_core.package_identification:_identify(src/ros2-tutorials/rclcpp/services/async_client) by extensions ['ros']
[0.390s] Level 1:colcon.colcon_core.package_identification:_identify(src/ros2-tutorials/rclcpp/services/async_client) by extension 'ros'
[0.391s] DEBUG:colcon.colcon_core.package_identification:Package 'src/ros2-tutorials/rclcpp/services/async_client' with type 'ros.ament_cmake' and name 'examples_rclcpp_async_client'
[0.391s] Level 1:colcon.colcon_core.package_identification:_identify(src/ros2-tutorials/rclcpp/services/minimal_client) by extensions ['ignore', 'ignore_ament_install']
[0.391s] Level 1:colcon.colcon_core.package_identification:_identify(src/ros2-tutorials/rclcpp/services/minimal_client) by extension 'ignore'
[0.391s] Level 1:colcon.colcon_core.package_identification:_identify(src/ros2-tutorials/rclcpp/services/minimal_client) by extension 'ignore_ament_install'
[0.391s] Level 1:colcon.colcon_core.package_identification:_identify(src/ros2-tutorials/rclcpp/services/minimal_client) by extensions ['colcon_pkg']
[0.391s] Level 1:colcon.colcon_core.package_identification:_identify(src/ros2-tutorials/rclcpp/services/minimal_client) by extension 'colcon_pkg'
[0.391s] Level 1:colcon.colcon_core.package_identification:_identify(src/ros2-tutorials/rclcpp/services/minimal_client) by extensions ['colcon_meta']
[0.391s] Level 1:colcon.colcon_core.package_identification:_identify(src/ros2-tutorials/rclcpp/services/minimal_client) by extension 'colcon_meta'
[0.391s] Level 1:colcon.colcon_core.package_identification:_identify(src/ros2-tutorials/rclcpp/services/minimal_client) by extensions ['ros']
[0.391s] Level 1:colcon.colcon_core.package_identification:_identify(src/ros2-tutorials/rclcpp/services/minimal_client) by extension 'ros'
[0.391s] DEBUG:colcon.colcon_core.package_identification:Package 'src/ros2-tutorials/rclcpp/services/minimal_client' with type 'ros.ament_cmake' and name 'examples_rclcpp_minimal_client'
[0.392s] Level 1:colcon.colcon_core.package_identification:_identify(src/ros2-tutorials/rclcpp/services/minimal_service) by extensions ['ignore', 'ignore_ament_install']
[0.392s] Level 1:colcon.colcon_core.package_identification:_identify(src/ros2-tutorials/rclcpp/services/minimal_service) by extension 'ignore'
[0.392s] Level 1:colcon.colcon_core.package_identification:_identify(src/ros2-tutorials/rclcpp/services/minimal_service) by extension 'ignore_ament_install'
[0.392s] Level 1:colcon.colcon_core.package_identification:_identify(src/ros2-tutorials/rclcpp/services/minimal_service) by extensions ['colcon_pkg']
[0.392s] Level 1:colcon.colcon_core.package_identification:_identify(src/ros2-tutorials/rclcpp/services/minimal_service) by extension 'colcon_pkg'
[0.392s] Level 1:colcon.colcon_core.package_identification:_identify(src/ros2-tutorials/rclcpp/services/minimal_service) by extensions ['colcon_meta']
[0.392s] Level 1:colcon.colcon_core.package_identification:_identify(src/ros2-tutorials/rclcpp/services/minimal_service) by extension 'colcon_meta'
[0.392s] Level 1:colcon.colcon_core.package_identification:_identify(src/ros2-tutorials/rclcpp/services/minimal_service) by extensions ['ros']
[0.392s] Level 1:colcon.colcon_core.package_identification:_identify(src/ros2-tutorials/rclcpp/services/minimal_service) by extension 'ros'
[0.392s] DEBUG:colcon.colcon_core.package_identification:Package 'src/ros2-tutorials/rclcpp/services/minimal_service' with type 'ros.ament_cmake' and name 'examples_rclcpp_minimal_service'
[0.392s] Level 1:colcon.colcon_core.package_identification:_identify(src/ros2-tutorials/rclcpp/timers) by extensions ['ignore', 'ignore_ament_install']
[0.392s] Level 1:colcon.colcon_core.package_identification:_identify(src/ros2-tutorials/rclcpp/timers) by extension 'ignore'
[0.392s] Level 1:colcon.colcon_core.package_identification:_identify(src/ros2-tutorials/rclcpp/timers) by extension 'ignore_ament_install'
[0.393s] Level 1:colcon.colcon_core.package_identification:_identify(src/ros2-tutorials/rclcpp/timers) by extensions ['colcon_pkg']
[0.393s] Level 1:colcon.colcon_core.package_identification:_identify(src/ros2-tutorials/rclcpp/timers) by extension 'colcon_pkg'
[0.393s] Level 1:colcon.colcon_core.package_identification:_identify(src/ros2-tutorials/rclcpp/timers) by extensions ['colcon_meta']
[0.393s] Level 1:colcon.colcon_core.package_identification:_identify(src/ros2-tutorials/rclcpp/timers) by extension 'colcon_meta'
[0.393s] Level 1:colcon.colcon_core.package_identification:_identify(src/ros2-tutorials/rclcpp/timers) by extensions ['ros']
[0.393s] Level 1:colcon.colcon_core.package_identification:_identify(src/ros2-tutorials/rclcpp/timers) by extension 'ros'
[0.393s] Level 1:colcon.colcon_core.package_identification:_identify(src/ros2-tutorials/rclcpp/timers) by extensions ['cmake', 'python']
[0.393s] Level 1:colcon.colcon_core.package_identification:_identify(src/ros2-tutorials/rclcpp/timers) by extension 'cmake'
[0.393s] Level 1:colcon.colcon_core.package_identification:_identify(src/ros2-tutorials/rclcpp/timers) by extension 'python'
[0.393s] Level 1:colcon.colcon_core.package_identification:_identify(src/ros2-tutorials/rclcpp/timers) by extensions ['python_setup_py']
[0.393s] Level 1:colcon.colcon_core.package_identification:_identify(src/ros2-tutorials/rclcpp/timers) by extension 'python_setup_py'
[0.393s] Level 1:colcon.colcon_core.package_identification:_identify(src/ros2-tutorials/rclcpp/timers/minimal_timer) by extensions ['ignore', 'ignore_ament_install']
[0.393s] Level 1:colcon.colcon_core.package_identification:_identify(src/ros2-tutorials/rclcpp/timers/minimal_timer) by extension 'ignore'
[0.393s] Level 1:colcon.colcon_core.package_identification:_identify(src/ros2-tutorials/rclcpp/timers/minimal_timer) by extension 'ignore_ament_install'
[0.393s] Level 1:colcon.colcon_core.package_identification:_identify(src/ros2-tutorials/rclcpp/timers/minimal_timer) by extensions ['colcon_pkg']
[0.393s] Level 1:colcon.colcon_core.package_identification:_identify(src/ros2-tutorials/rclcpp/timers/minimal_timer) by extension 'colcon_pkg'
[0.393s] Level 1:colcon.colcon_core.package_identification:_identify(src/ros2-tutorials/rclcpp/timers/minimal_timer) by extensions ['colcon_meta']
[0.393s] Level 1:colcon.colcon_core.package_identification:_identify(src/ros2-tutorials/rclcpp/timers/minimal_timer) by extension 'colcon_meta'
[0.393s] Level 1:colcon.colcon_core.package_identification:_identify(src/ros2-tutorials/rclcpp/timers/minimal_timer) by extensions ['ros']
[0.393s] Level 1:colcon.colcon_core.package_identification:_identify(src/ros2-tutorials/rclcpp/timers/minimal_timer) by extension 'ros'
[0.393s] DEBUG:colcon.colcon_core.package_identification:Package 'src/ros2-tutorials/rclcpp/timers/minimal_timer' with type 'ros.ament_cmake' and name 'examples_rclcpp_minimal_timer'
[0.394s] Level 1:colcon.colcon_core.package_identification:_identify(src/ros2-tutorials/rclcpp/topics) by extensions ['ignore', 'ignore_ament_install']
[0.394s] Level 1:colcon.colcon_core.package_identification:_identify(src/ros2-tutorials/rclcpp/topics) by extension 'ignore'
[0.394s] Level 1:colcon.colcon_core.package_identification:_identify(src/ros2-tutorials/rclcpp/topics) by extension 'ignore_ament_install'
[0.394s] Level 1:colcon.colcon_core.package_identification:_identify(src/ros2-tutorials/rclcpp/topics) by extensions ['colcon_pkg']
[0.394s] Level 1:colcon.colcon_core.package_identification:_identify(src/ros2-tutorials/rclcpp/topics) by extension 'colcon_pkg'
[0.394s] Level 1:colcon.colcon_core.package_identification:_identify(src/ros2-tutorials/rclcpp/topics) by extensions ['colcon_meta']
[0.394s] Level 1:colcon.colcon_core.package_identification:_identify(src/ros2-tutorials/rclcpp/topics) by extension 'colcon_meta'
[0.394s] Level 1:colcon.colcon_core.package_identification:_identify(src/ros2-tutorials/rclcpp/topics) by extensions ['ros']
[0.394s] Level 1:colcon.colcon_core.package_identification:_identify(src/ros2-tutorials/rclcpp/topics) by extension 'ros'
[0.394s] Level 1:colcon.colcon_core.package_identification:_identify(src/ros2-tutorials/rclcpp/topics) by extensions ['cmake', 'python']
[0.394s] Level 1:colcon.colcon_core.package_identification:_identify(src/ros2-tutorials/rclcpp/topics) by extension 'cmake'
[0.394s] Level 1:colcon.colcon_core.package_identification:_identify(src/ros2-tutorials/rclcpp/topics) by extension 'python'
[0.394s] Level 1:colcon.colcon_core.package_identification:_identify(src/ros2-tutorials/rclcpp/topics) by extensions ['python_setup_py']
[0.394s] Level 1:colcon.colcon_core.package_identification:_identify(src/ros2-tutorials/rclcpp/topics) by extension 'python_setup_py'
[0.394s] Level 1:colcon.colcon_core.package_identification:_identify(src/ros2-tutorials/rclcpp/topics/minimal_publisher) by extensions ['ignore', 'ignore_ament_install']
[0.394s] Level 1:colcon.colcon_core.package_identification:_identify(src/ros2-tutorials/rclcpp/topics/minimal_publisher) by extension 'ignore'
[0.394s] Level 1:colcon.colcon_core.package_identification:_identify(src/ros2-tutorials/rclcpp/topics/minimal_publisher) by extension 'ignore_ament_install'
[0.394s] Level 1:colcon.colcon_core.package_identification:_identify(src/ros2-tutorials/rclcpp/topics/minimal_publisher) by extensions ['colcon_pkg']
[0.394s] Level 1:colcon.colcon_core.package_identification:_identify(src/ros2-tutorials/rclcpp/topics/minimal_publisher) by extension 'colcon_pkg'
[0.394s] Level 1:colcon.colcon_core.package_identification:_identify(src/ros2-tutorials/rclcpp/topics/minimal_publisher) by extensions ['colcon_meta']
[0.394s] Level 1:colcon.colcon_core.package_identification:_identify(src/ros2-tutorials/rclcpp/topics/minimal_publisher) by extension 'colcon_meta'
[0.394s] Level 1:colcon.colcon_core.package_identification:_identify(src/ros2-tutorials/rclcpp/topics/minimal_publisher) by extensions ['ros']
[0.394s] Level 1:colcon.colcon_core.package_identification:_identify(src/ros2-tutorials/rclcpp/topics/minimal_publisher) by extension 'ros'
[0.395s] DEBUG:colcon.colcon_core.package_identification:Package 'src/ros2-tutorials/rclcpp/topics/minimal_publisher' with type 'ros.ament_cmake' and name 'examples_rclcpp_minimal_publisher'
[0.395s] Level 1:colcon.colcon_core.package_identification:_identify(src/ros2-tutorials/rclcpp/topics/minimal_subscriber) by extensions ['ignore', 'ignore_ament_install']
[0.395s] Level 1:colcon.colcon_core.package_identification:_identify(src/ros2-tutorials/rclcpp/topics/minimal_subscriber) by extension 'ignore'
[0.395s] Level 1:colcon.colcon_core.package_identification:_identify(src/ros2-tutorials/rclcpp/topics/minimal_subscriber) by extension 'ignore_ament_install'
[0.395s] Level 1:colcon.colcon_core.package_identification:_identify(src/ros2-tutorials/rclcpp/topics/minimal_subscriber) by extensions ['colcon_pkg']
[0.395s] Level 1:colcon.colcon_core.package_identification:_identify(src/ros2-tutorials/rclcpp/topics/minimal_subscriber) by extension 'colcon_pkg'
[0.395s] Level 1:colcon.colcon_core.package_identification:_identify(src/ros2-tutorials/rclcpp/topics/minimal_subscriber) by extensions ['colcon_meta']
[0.395s] Level 1:colcon.colcon_core.package_identification:_identify(src/ros2-tutorials/rclcpp/topics/minimal_subscriber) by extension 'colcon_meta'
[0.395s] Level 1:colcon.colcon_core.package_identification:_identify(src/ros2-tutorials/rclcpp/topics/minimal_subscriber) by extensions ['ros']
[0.395s] Level 1:colcon.colcon_core.package_identification:_identify(src/ros2-tutorials/rclcpp/topics/minimal_subscriber) by extension 'ros'
[0.395s] DEBUG:colcon.colcon_core.package_identification:Package 'src/ros2-tutorials/rclcpp/topics/minimal_subscriber' with type 'ros.ament_cmake' and name 'examples_rclcpp_minimal_subscriber'
[0.396s] Level 1:colcon.colcon_core.package_identification:_identify(src/ros2-tutorials/rclcpp/wait_set) by extensions ['ignore', 'ignore_ament_install']
[0.396s] Level 1:colcon.colcon_core.package_identification:_identify(src/ros2-tutorials/rclcpp/wait_set) by extension 'ignore'
[0.396s] Level 1:colcon.colcon_core.package_identification:_identify(src/ros2-tutorials/rclcpp/wait_set) by extension 'ignore_ament_install'
[0.396s] Level 1:colcon.colcon_core.package_identification:_identify(src/ros2-tutorials/rclcpp/wait_set) by extensions ['colcon_pkg']
[0.396s] Level 1:colcon.colcon_core.package_identification:_identify(src/ros2-tutorials/rclcpp/wait_set) by extension 'colcon_pkg'
[0.396s] Level 1:colcon.colcon_core.package_identification:_identify(src/ros2-tutorials/rclcpp/wait_set) by extensions ['colcon_meta']
[0.396s] Level 1:colcon.colcon_core.package_identification:_identify(src/ros2-tutorials/rclcpp/wait_set) by extension 'colcon_meta'
[0.396s] Level 1:colcon.colcon_core.package_identification:_identify(src/ros2-tutorials/rclcpp/wait_set) by extensions ['ros']
[0.396s] Level 1:colcon.colcon_core.package_identification:_identify(src/ros2-tutorials/rclcpp/wait_set) by extension 'ros'
[0.396s] DEBUG:colcon.colcon_core.package_identification:Package 'src/ros2-tutorials/rclcpp/wait_set' with type 'ros.ament_cmake' and name 'examples_rclcpp_wait_set'
[0.396s] Level 1:colcon.colcon_core.package_identification:_identify(src/ros2-tutorials/rclpy) by extensions ['ignore', 'ignore_ament_install']
[0.396s] Level 1:colcon.colcon_core.package_identification:_identify(src/ros2-tutorials/rclpy) by extension 'ignore'
[0.397s] Level 1:colcon.colcon_core.package_identification:_identify(src/ros2-tutorials/rclpy) by extension 'ignore_ament_install'
[0.397s] Level 1:colcon.colcon_core.package_identification:_identify(src/ros2-tutorials/rclpy) by extensions ['colcon_pkg']
[0.397s] Level 1:colcon.colcon_core.package_identification:_identify(src/ros2-tutorials/rclpy) by extension 'colcon_pkg'
[0.397s] Level 1:colcon.colcon_core.package_identification:_identify(src/ros2-tutorials/rclpy) by extensions ['colcon_meta']
[0.397s] Level 1:colcon.colcon_core.package_identification:_identify(src/ros2-tutorials/rclpy) by extension 'colcon_meta'
[0.397s] Level 1:colcon.colcon_core.package_identification:_identify(src/ros2-tutorials/rclpy) by extensions ['ros']
[0.397s] Level 1:colcon.colcon_core.package_identification:_identify(src/ros2-tutorials/rclpy) by extension 'ros'
[0.397s] Level 1:colcon.colcon_core.package_identification:_identify(src/ros2-tutorials/rclpy) by extensions ['cmake', 'python']
[0.397s] Level 1:colcon.colcon_core.package_identification:_identify(src/ros2-tutorials/rclpy) by extension 'cmake'
[0.397s] Level 1:colcon.colcon_core.package_identification:_identify(src/ros2-tutorials/rclpy) by extension 'python'
[0.397s] Level 1:colcon.colcon_core.package_identification:_identify(src/ros2-tutorials/rclpy) by extensions ['python_setup_py']
[0.397s] Level 1:colcon.colcon_core.package_identification:_identify(src/ros2-tutorials/rclpy) by extension 'python_setup_py'
[0.397s] Level 1:colcon.colcon_core.package_identification:_identify(src/ros2-tutorials/rclpy/actions) by extensions ['ignore', 'ignore_ament_install']
[0.397s] Level 1:colcon.colcon_core.package_identification:_identify(src/ros2-tutorials/rclpy/actions) by extension 'ignore'
[0.397s] Level 1:colcon.colcon_core.package_identification:_identify(src/ros2-tutorials/rclpy/actions) by extension 'ignore_ament_install'
[0.397s] Level 1:colcon.colcon_core.package_identification:_identify(src/ros2-tutorials/rclpy/actions) by extensions ['colcon_pkg']
[0.397s] Level 1:colcon.colcon_core.package_identification:_identify(src/ros2-tutorials/rclpy/actions) by extension 'colcon_pkg'
[0.397s] Level 1:colcon.colcon_core.package_identification:_identify(src/ros2-tutorials/rclpy/actions) by extensions ['colcon_meta']
[0.397s] Level 1:colcon.colcon_core.package_identification:_identify(src/ros2-tutorials/rclpy/actions) by extension 'colcon_meta'
[0.397s] Level 1:colcon.colcon_core.package_identification:_identify(src/ros2-tutorials/rclpy/actions) by extensions ['ros']
[0.397s] Level 1:colcon.colcon_core.package_identification:_identify(src/ros2-tutorials/rclpy/actions) by extension 'ros'
[0.397s] Level 1:colcon.colcon_core.package_identification:_identify(src/ros2-tutorials/rclpy/actions) by extensions ['cmake', 'python']
[0.397s] Level 1:colcon.colcon_core.package_identification:_identify(src/ros2-tutorials/rclpy/actions) by extension 'cmake'
[0.397s] Level 1:colcon.colcon_core.package_identification:_identify(src/ros2-tutorials/rclpy/actions) by extension 'python'
[0.397s] Level 1:colcon.colcon_core.package_identification:_identify(src/ros2-tutorials/rclpy/actions) by extensions ['python_setup_py']
[0.397s] Level 1:colcon.colcon_core.package_identification:_identify(src/ros2-tutorials/rclpy/actions) by extension 'python_setup_py'
[0.397s] Level 1:colcon.colcon_core.package_identification:_identify(src/ros2-tutorials/rclpy/actions/minimal_action_client) by extensions ['ignore', 'ignore_ament_install']
[0.397s] Level 1:colcon.colcon_core.package_identification:_identify(src/ros2-tutorials/rclpy/actions/minimal_action_client) by extension 'ignore'
[0.397s] Level 1:colcon.colcon_core.package_identification:_identify(src/ros2-tutorials/rclpy/actions/minimal_action_client) by extension 'ignore_ament_install'
[0.397s] Level 1:colcon.colcon_core.package_identification:_identify(src/ros2-tutorials/rclpy/actions/minimal_action_client) by extensions ['colcon_pkg']
[0.397s] Level 1:colcon.colcon_core.package_identification:_identify(src/ros2-tutorials/rclpy/actions/minimal_action_client) by extension 'colcon_pkg'
[0.397s] Level 1:colcon.colcon_core.package_identification:_identify(src/ros2-tutorials/rclpy/actions/minimal_action_client) by extensions ['colcon_meta']
[0.397s] Level 1:colcon.colcon_core.package_identification:_identify(src/ros2-tutorials/rclpy/actions/minimal_action_client) by extension 'colcon_meta'
[0.397s] Level 1:colcon.colcon_core.package_identification:_identify(src/ros2-tutorials/rclpy/actions/minimal_action_client) by extensions ['ros']
[0.397s] Level 1:colcon.colcon_core.package_identification:_identify(src/ros2-tutorials/rclpy/actions/minimal_action_client) by extension 'ros'
[0.398s] DEBUG:colcon.colcon_core.package_identification:Package 'src/ros2-tutorials/rclpy/actions/minimal_action_client' with type 'ros.ament_python' and name 'examples_rclpy_minimal_action_client'
[0.398s] Level 1:colcon.colcon_core.package_identification:_identify(src/ros2-tutorials/rclpy/actions/minimal_action_server) by extensions ['ignore', 'ignore_ament_install']
[0.398s] Level 1:colcon.colcon_core.package_identification:_identify(src/ros2-tutorials/rclpy/actions/minimal_action_server) by extension 'ignore'
[0.398s] Level 1:colcon.colcon_core.package_identification:_identify(src/ros2-tutorials/rclpy/actions/minimal_action_server) by extension 'ignore_ament_install'
[0.398s] Level 1:colcon.colcon_core.package_identification:_identify(src/ros2-tutorials/rclpy/actions/minimal_action_server) by extensions ['colcon_pkg']
[0.398s] Level 1:colcon.colcon_core.package_identification:_identify(src/ros2-tutorials/rclpy/actions/minimal_action_server) by extension 'colcon_pkg'
[0.398s] Level 1:colcon.colcon_core.package_identification:_identify(src/ros2-tutorials/rclpy/actions/minimal_action_server) by extensions ['colcon_meta']
[0.398s] Level 1:colcon.colcon_core.package_identification:_identify(src/ros2-tutorials/rclpy/actions/minimal_action_server) by extension 'colcon_meta'
[0.398s] Level 1:colcon.colcon_core.package_identification:_identify(src/ros2-tutorials/rclpy/actions/minimal_action_server) by extensions ['ros']
[0.398s] Level 1:colcon.colcon_core.package_identification:_identify(src/ros2-tutorials/rclpy/actions/minimal_action_server) by extension 'ros'
[0.399s] DEBUG:colcon.colcon_core.package_identification:Package 'src/ros2-tutorials/rclpy/actions/minimal_action_server' with type 'ros.ament_python' and name 'examples_rclpy_minimal_action_server'
[0.399s] Level 1:colcon.colcon_core.package_identification:_identify(src/ros2-tutorials/rclpy/executors) by extensions ['ignore', 'ignore_ament_install']
[0.399s] Level 1:colcon.colcon_core.package_identification:_identify(src/ros2-tutorials/rclpy/executors) by extension 'ignore'
[0.399s] Level 1:colcon.colcon_core.package_identification:_identify(src/ros2-tutorials/rclpy/executors) by extension 'ignore_ament_install'
[0.399s] Level 1:colcon.colcon_core.package_identification:_identify(src/ros2-tutorials/rclpy/executors) by extensions ['colcon_pkg']
[0.399s] Level 1:colcon.colcon_core.package_identification:_identify(src/ros2-tutorials/rclpy/executors) by extension 'colcon_pkg'
[0.399s] Level 1:colcon.colcon_core.package_identification:_identify(src/ros2-tutorials/rclpy/executors) by extensions ['colcon_meta']
[0.399s] Level 1:colcon.colcon_core.package_identification:_identify(src/ros2-tutorials/rclpy/executors) by extension 'colcon_meta'
[0.399s] Level 1:colcon.colcon_core.package_identification:_identify(src/ros2-tutorials/rclpy/executors) by extensions ['ros']
[0.399s] Level 1:colcon.colcon_core.package_identification:_identify(src/ros2-tutorials/rclpy/executors) by extension 'ros'
[0.399s] DEBUG:colcon.colcon_core.package_identification:Package 'src/ros2-tutorials/rclpy/executors' with type 'ros.ament_python' and name 'examples_rclpy_executors'
[0.400s] Level 1:colcon.colcon_core.package_identification:_identify(src/ros2-tutorials/rclpy/guard_conditions) by extensions ['ignore', 'ignore_ament_install']
[0.400s] Level 1:colcon.colcon_core.package_identification:_identify(src/ros2-tutorials/rclpy/guard_conditions) by extension 'ignore'
[0.400s] Level 1:colcon.colcon_core.package_identification:_identify(src/ros2-tutorials/rclpy/guard_conditions) by extension 'ignore_ament_install'
[0.400s] Level 1:colcon.colcon_core.package_identification:_identify(src/ros2-tutorials/rclpy/guard_conditions) by extensions ['colcon_pkg']
[0.400s] Level 1:colcon.colcon_core.package_identification:_identify(src/ros2-tutorials/rclpy/guard_conditions) by extension 'colcon_pkg'
[0.400s] Level 1:colcon.colcon_core.package_identification:_identify(src/ros2-tutorials/rclpy/guard_conditions) by extensions ['colcon_meta']
[0.400s] Level 1:colcon.colcon_core.package_identification:_identify(src/ros2-tutorials/rclpy/guard_conditions) by extension 'colcon_meta'
[0.400s] Level 1:colcon.colcon_core.package_identification:_identify(src/ros2-tutorials/rclpy/guard_conditions) by extensions ['ros']
[0.400s] Level 1:colcon.colcon_core.package_identification:_identify(src/ros2-tutorials/rclpy/guard_conditions) by extension 'ros'
[0.400s] DEBUG:colcon.colcon_core.package_identification:Package 'src/ros2-tutorials/rclpy/guard_conditions' with type 'ros.ament_python' and name 'examples_rclpy_guard_conditions'
[0.400s] Level 1:colcon.colcon_core.package_identification:_identify(src/ros2-tutorials/rclpy/services) by extensions ['ignore', 'ignore_ament_install']
[0.400s] Level 1:colcon.colcon_core.package_identification:_identify(src/ros2-tutorials/rclpy/services) by extension 'ignore'
[0.400s] Level 1:colcon.colcon_core.package_identification:_identify(src/ros2-tutorials/rclpy/services) by extension 'ignore_ament_install'
[0.400s] Level 1:colcon.colcon_core.package_identification:_identify(src/ros2-tutorials/rclpy/services) by extensions ['colcon_pkg']
[0.400s] Level 1:colcon.colcon_core.package_identification:_identify(src/ros2-tutorials/rclpy/services) by extension 'colcon_pkg'
[0.400s] Level 1:colcon.colcon_core.package_identification:_identify(src/ros2-tutorials/rclpy/services) by extensions ['colcon_meta']
[0.400s] Level 1:colcon.colcon_core.package_identification:_identify(src/ros2-tutorials/rclpy/services) by extension 'colcon_meta'
[0.400s] Level 1:colcon.colcon_core.package_identification:_identify(src/ros2-tutorials/rclpy/services) by extensions ['ros']
[0.401s] Level 1:colcon.colcon_core.package_identification:_identify(src/ros2-tutorials/rclpy/services) by extension 'ros'
[0.401s] Level 1:colcon.colcon_core.package_identification:_identify(src/ros2-tutorials/rclpy/services) by extensions ['cmake', 'python']
[0.401s] Level 1:colcon.colcon_core.package_identification:_identify(src/ros2-tutorials/rclpy/services) by extension 'cmake'
[0.401s] Level 1:colcon.colcon_core.package_identification:_identify(src/ros2-tutorials/rclpy/services) by extension 'python'
[0.401s] Level 1:colcon.colcon_core.package_identification:_identify(src/ros2-tutorials/rclpy/services) by extensions ['python_setup_py']
[0.401s] Level 1:colcon.colcon_core.package_identification:_identify(src/ros2-tutorials/rclpy/services) by extension 'python_setup_py'
[0.401s] Level 1:colcon.colcon_core.package_identification:_identify(src/ros2-tutorials/rclpy/services/minimal_client) by extensions ['ignore', 'ignore_ament_install']
[0.401s] Level 1:colcon.colcon_core.package_identification:_identify(src/ros2-tutorials/rclpy/services/minimal_client) by extension 'ignore'
[0.401s] Level 1:colcon.colcon_core.package_identification:_identify(src/ros2-tutorials/rclpy/services/minimal_client) by extension 'ignore_ament_install'
[0.401s] Level 1:colcon.colcon_core.package_identification:_identify(src/ros2-tutorials/rclpy/services/minimal_client) by extensions ['colcon_pkg']
[0.401s] Level 1:colcon.colcon_core.package_identification:_identify(src/ros2-tutorials/rclpy/services/minimal_client) by extension 'colcon_pkg'
[0.401s] Level 1:colcon.colcon_core.package_identification:_identify(src/ros2-tutorials/rclpy/services/minimal_client) by extensions ['colcon_meta']
[0.401s] Level 1:colcon.colcon_core.package_identification:_identify(src/ros2-tutorials/rclpy/services/minimal_client) by extension 'colcon_meta'
[0.401s] Level 1:colcon.colcon_core.package_identification:_identify(src/ros2-tutorials/rclpy/services/minimal_client) by extensions ['ros']
[0.401s] Level 1:colcon.colcon_core.package_identification:_identify(src/ros2-tutorials/rclpy/services/minimal_client) by extension 'ros'
[0.401s] DEBUG:colcon.colcon_core.package_identification:Package 'src/ros2-tutorials/rclpy/services/minimal_client' with type 'ros.ament_python' and name 'examples_rclpy_minimal_client'
[0.402s] Level 1:colcon.colcon_core.package_identification:_identify(src/ros2-tutorials/rclpy/services/minimal_service) by extensions ['ignore', 'ignore_ament_install']
[0.402s] Level 1:colcon.colcon_core.package_identification:_identify(src/ros2-tutorials/rclpy/services/minimal_service) by extension 'ignore'
[0.402s] Level 1:colcon.colcon_core.package_identification:_identify(src/ros2-tutorials/rclpy/services/minimal_service) by extension 'ignore_ament_install'
[0.402s] Level 1:colcon.colcon_core.package_identification:_identify(src/ros2-tutorials/rclpy/services/minimal_service) by extensions ['colcon_pkg']
[0.402s] Level 1:colcon.colcon_core.package_identification:_identify(src/ros2-tutorials/rclpy/services/minimal_service) by extension 'colcon_pkg'
[0.402s] Level 1:colcon.colcon_core.package_identification:_identify(src/ros2-tutorials/rclpy/services/minimal_service) by extensions ['colcon_meta']
[0.402s] Level 1:colcon.colcon_core.package_identification:_identify(src/ros2-tutorials/rclpy/services/minimal_service) by extension 'colcon_meta'
[0.402s] Level 1:colcon.colcon_core.package_identification:_identify(src/ros2-tutorials/rclpy/services/minimal_service) by extensions ['ros']
[0.402s] Level 1:colcon.colcon_core.package_identification:_identify(src/ros2-tutorials/rclpy/services/minimal_service) by extension 'ros'
[0.402s] DEBUG:colcon.colcon_core.package_identification:Package 'src/ros2-tutorials/rclpy/services/minimal_service' with type 'ros.ament_python' and name 'examples_rclpy_minimal_service'
[0.403s] Level 1:colcon.colcon_core.package_identification:_identify(src/ros2-tutorials/rclpy/topics) by extensions ['ignore', 'ignore_ament_install']
[0.403s] Level 1:colcon.colcon_core.package_identification:_identify(src/ros2-tutorials/rclpy/topics) by extension 'ignore'
[0.403s] Level 1:colcon.colcon_core.package_identification:_identify(src/ros2-tutorials/rclpy/topics) by extension 'ignore_ament_install'
[0.403s] Level 1:colcon.colcon_core.package_identification:_identify(src/ros2-tutorials/rclpy/topics) by extensions ['colcon_pkg']
[0.403s] Level 1:colcon.colcon_core.package_identification:_identify(src/ros2-tutorials/rclpy/topics) by extension 'colcon_pkg'
[0.403s] Level 1:colcon.colcon_core.package_identification:_identify(src/ros2-tutorials/rclpy/topics) by extensions ['colcon_meta']
[0.403s] Level 1:colcon.colcon_core.package_identification:_identify(src/ros2-tutorials/rclpy/topics) by extension 'colcon_meta'
[0.403s] Level 1:colcon.colcon_core.package_identification:_identify(src/ros2-tutorials/rclpy/topics) by extensions ['ros']
[0.403s] Level 1:colcon.colcon_core.package_identification:_identify(src/ros2-tutorials/rclpy/topics) by extension 'ros'
[0.403s] Level 1:colcon.colcon_core.package_identification:_identify(src/ros2-tutorials/rclpy/topics) by extensions ['cmake', 'python']
[0.403s] Level 1:colcon.colcon_core.package_identification:_identify(src/ros2-tutorials/rclpy/topics) by extension 'cmake'
[0.403s] Level 1:colcon.colcon_core.package_identification:_identify(src/ros2-tutorials/rclpy/topics) by extension 'python'
[0.403s] Level 1:colcon.colcon_core.package_identification:_identify(src/ros2-tutorials/rclpy/topics) by extensions ['python_setup_py']
[0.403s] Level 1:colcon.colcon_core.package_identification:_identify(src/ros2-tutorials/rclpy/topics) by extension 'python_setup_py'
[0.403s] Level 1:colcon.colcon_core.package_identification:_identify(src/ros2-tutorials/rclpy/topics/minimal_publisher) by extensions ['ignore', 'ignore_ament_install']
[0.403s] Level 1:colcon.colcon_core.package_identification:_identify(src/ros2-tutorials/rclpy/topics/minimal_publisher) by extension 'ignore'
[0.403s] Level 1:colcon.colcon_core.package_identification:_identify(src/ros2-tutorials/rclpy/topics/minimal_publisher) by extension 'ignore_ament_install'
[0.403s] Level 1:colcon.colcon_core.package_identification:_identify(src/ros2-tutorials/rclpy/topics/minimal_publisher) by extensions ['colcon_pkg']
[0.403s] Level 1:colcon.colcon_core.package_identification:_identify(src/ros2-tutorials/rclpy/topics/minimal_publisher) by extension 'colcon_pkg'
[0.403s] Level 1:colcon.colcon_core.package_identification:_identify(src/ros2-tutorials/rclpy/topics/minimal_publisher) by extensions ['colcon_meta']
[0.403s] Level 1:colcon.colcon_core.package_identification:_identify(src/ros2-tutorials/rclpy/topics/minimal_publisher) by extension 'colcon_meta'
[0.403s] Level 1:colcon.colcon_core.package_identification:_identify(src/ros2-tutorials/rclpy/topics/minimal_publisher) by extensions ['ros']
[0.403s] Level 1:colcon.colcon_core.package_identification:_identify(src/ros2-tutorials/rclpy/topics/minimal_publisher) by extension 'ros'
[0.404s] DEBUG:colcon.colcon_core.package_identification:Package 'src/ros2-tutorials/rclpy/topics/minimal_publisher' with type 'ros.ament_python' and name 'examples_rclpy_minimal_publisher'
[0.404s] Level 1:colcon.colcon_core.package_identification:_identify(src/ros2-tutorials/rclpy/topics/minimal_subscriber) by extensions ['ignore', 'ignore_ament_install']
[0.404s] Level 1:colcon.colcon_core.package_identification:_identify(src/ros2-tutorials/rclpy/topics/minimal_subscriber) by extension 'ignore'
[0.404s] Level 1:colcon.colcon_core.package_identification:_identify(src/ros2-tutorials/rclpy/topics/minimal_subscriber) by extension 'ignore_ament_install'
[0.404s] Level 1:colcon.colcon_core.package_identification:_identify(src/ros2-tutorials/rclpy/topics/minimal_subscriber) by extensions ['colcon_pkg']
[0.404s] Level 1:colcon.colcon_core.package_identification:_identify(src/ros2-tutorials/rclpy/topics/minimal_subscriber) by extension 'colcon_pkg'
[0.404s] Level 1:colcon.colcon_core.package_identification:_identify(src/ros2-tutorials/rclpy/topics/minimal_subscriber) by extensions ['colcon_meta']
[0.404s] Level 1:colcon.colcon_core.package_identification:_identify(src/ros2-tutorials/rclpy/topics/minimal_subscriber) by extension 'colcon_meta'
[0.404s] Level 1:colcon.colcon_core.package_identification:_identify(src/ros2-tutorials/rclpy/topics/minimal_subscriber) by extensions ['ros']
[0.404s] Level 1:colcon.colcon_core.package_identification:_identify(src/ros2-tutorials/rclpy/topics/minimal_subscriber) by extension 'ros'
[0.405s] DEBUG:colcon.colcon_core.package_identification:Package 'src/ros2-tutorials/rclpy/topics/minimal_subscriber' with type 'ros.ament_python' and name 'examples_rclpy_minimal_subscriber'
[0.405s] Level 1:colcon.colcon_core.package_identification:_identify(src/ros2-tutorials/rclpy/topics/pointcloud_publisher) by extensions ['ignore', 'ignore_ament_install']
[0.405s] Level 1:colcon.colcon_core.package_identification:_identify(src/ros2-tutorials/rclpy/topics/pointcloud_publisher) by extension 'ignore'
[0.405s] Level 1:colcon.colcon_core.package_identification:_identify(src/ros2-tutorials/rclpy/topics/pointcloud_publisher) by extension 'ignore_ament_install'
[0.405s] Level 1:colcon.colcon_core.package_identification:_identify(src/ros2-tutorials/rclpy/topics/pointcloud_publisher) by extensions ['colcon_pkg']
[0.405s] Level 1:colcon.colcon_core.package_identification:_identify(src/ros2-tutorials/rclpy/topics/pointcloud_publisher) by extension 'colcon_pkg'
[0.405s] Level 1:colcon.colcon_core.package_identification:_identify(src/ros2-tutorials/rclpy/topics/pointcloud_publisher) by extensions ['colcon_meta']
[0.405s] Level 1:colcon.colcon_core.package_identification:_identify(src/ros2-tutorials/rclpy/topics/pointcloud_publisher) by extension 'colcon_meta'
[0.405s] Level 1:colcon.colcon_core.package_identification:_identify(src/ros2-tutorials/rclpy/topics/pointcloud_publisher) by extensions ['ros']
[0.405s] Level 1:colcon.colcon_core.package_identification:_identify(src/ros2-tutorials/rclpy/topics/pointcloud_publisher) by extension 'ros'
[0.406s] DEBUG:colcon.colcon_core.package_identification:Package 'src/ros2-tutorials/rclpy/topics/pointcloud_publisher' with type 'ros.ament_python' and name 'examples_rclpy_pointcloud_publisher'
[0.406s] Level 1:colcon.colcon_core.package_identification:_identify(src/urdf_tutorial) by extensions ['ignore', 'ignore_ament_install']
[0.406s] Level 1:colcon.colcon_core.package_identification:_identify(src/urdf_tutorial) by extension 'ignore'
[0.406s] Level 1:colcon.colcon_core.package_identification:_identify(src/urdf_tutorial) by extension 'ignore_ament_install'
[0.406s] Level 1:colcon.colcon_core.package_identification:_identify(src/urdf_tutorial) by extensions ['colcon_pkg']
[0.406s] Level 1:colcon.colcon_core.package_identification:_identify(src/urdf_tutorial) by extension 'colcon_pkg'
[0.406s] Level 1:colcon.colcon_core.package_identification:_identify(src/urdf_tutorial) by extensions ['colcon_meta']
[0.406s] Level 1:colcon.colcon_core.package_identification:_identify(src/urdf_tutorial) by extension 'colcon_meta'
[0.406s] Level 1:colcon.colcon_core.package_identification:_identify(src/urdf_tutorial) by extensions ['ros']
[0.406s] Level 1:colcon.colcon_core.package_identification:_identify(src/urdf_tutorial) by extension 'ros'
[0.407s] DEBUG:colcon.colcon_core.package_identification:Package 'src/urdf_tutorial' with type 'ros.ament_cmake' and name 'urdf_tutorial'
[0.407s] Level 1:colcon.colcon_core.package_discovery:discover_packages(recursive) using defaults
[0.407s] Level 1:colcon.colcon_core.package_discovery:discover_packages(ignore) discover
[0.407s] Level 1:colcon.colcon_core.package_discovery:discover_packages(ignore) using defaults
[0.407s] Level 1:colcon.colcon_core.package_discovery:discover_packages(path) discover
[0.407s] Level 1:colcon.colcon_core.package_discovery:discover_packages(path) using defaults
[0.431s] INFO:colcon.colcon_core.package_selection:Skipping not selected package 'cpp_pubsub' in 'src/cpp_pubsub'
[0.431s] INFO:colcon.colcon_core.package_selection:Skipping not selected package 'examples_rclcpp_async_client' in 'src/ros2-tutorials/rclcpp/services/async_client'
[0.431s] INFO:colcon.colcon_core.package_selection:Skipping not selected package 'examples_rclcpp_cbg_executor' in 'src/ros2-tutorials/rclcpp/executors/cbg_executor'
[0.431s] INFO:colcon.colcon_core.package_selection:Skipping not selected package 'examples_rclcpp_minimal_action_client' in 'src/ros2-tutorials/rclcpp/actions/minimal_action_client'
[0.431s] INFO:colcon.colcon_core.package_selection:Skipping not selected package 'examples_rclcpp_minimal_action_server' in 'src/ros2-tutorials/rclcpp/actions/minimal_action_server'
[0.431s] INFO:colcon.colcon_core.package_selection:Skipping not selected package 'examples_rclcpp_minimal_client' in 'src/ros2-tutorials/rclcpp/services/minimal_client'
[0.431s] INFO:colcon.colcon_core.package_selection:Skipping not selected package 'examples_rclcpp_minimal_composition' in 'src/ros2-tutorials/rclcpp/composition/minimal_composition'
[0.431s] INFO:colcon.colcon_core.package_selection:Skipping not selected package 'examples_rclcpp_minimal_publisher' in 'src/ros2-tutorials/rclcpp/topics/minimal_publisher'
[0.431s] INFO:colcon.colcon_core.package_selection:Skipping not selected package 'examples_rclcpp_minimal_service' in 'src/ros2-tutorials/rclcpp/services/minimal_service'
[0.431s] INFO:colcon.colcon_core.package_selection:Skipping not selected package 'examples_rclcpp_minimal_subscriber' in 'src/ros2-tutorials/rclcpp/topics/minimal_subscriber'
[0.431s] INFO:colcon.colcon_core.package_selection:Skipping not selected package 'examples_rclcpp_minimal_timer' in 'src/ros2-tutorials/rclcpp/timers/minimal_timer'
[0.431s] INFO:colcon.colcon_core.package_selection:Skipping not selected package 'examples_rclcpp_multithreaded_executor' in 'src/ros2-tutorials/rclcpp/executors/multithreaded_executor'
[0.431s] INFO:colcon.colcon_core.package_selection:Skipping not selected package 'examples_rclcpp_wait_set' in 'src/ros2-tutorials/rclcpp/wait_set'
[0.431s] INFO:colcon.colcon_core.package_selection:Skipping not selected package 'examples_rclpy_executors' in 'src/ros2-tutorials/rclpy/executors'
[0.431s] INFO:colcon.colcon_core.package_selection:Skipping not selected package 'examples_rclpy_guard_conditions' in 'src/ros2-tutorials/rclpy/guard_conditions'
[0.431s] INFO:colcon.colcon_core.package_selection:Skipping not selected package 'examples_rclpy_minimal_action_client' in 'src/ros2-tutorials/rclpy/actions/minimal_action_client'
[0.431s] INFO:colcon.colcon_core.package_selection:Skipping not selected package 'examples_rclpy_minimal_action_server' in 'src/ros2-tutorials/rclpy/actions/minimal_action_server'
[0.431s] INFO:colcon.colcon_core.package_selection:Skipping not selected package 'examples_rclpy_minimal_client' in 'src/ros2-tutorials/rclpy/services/minimal_client'
[0.431s] INFO:colcon.colcon_core.package_selection:Skipping not selected package 'examples_rclpy_minimal_publisher' in 'src/ros2-tutorials/rclpy/topics/minimal_publisher'
[0.431s] INFO:colcon.colcon_core.package_selection:Skipping not selected package 'examples_rclpy_minimal_service' in 'src/ros2-tutorials/rclpy/services/minimal_service'
[0.431s] INFO:colcon.colcon_core.package_selection:Skipping not selected package 'examples_rclpy_minimal_subscriber' in 'src/ros2-tutorials/rclpy/topics/minimal_subscriber'
[0.431s] INFO:colcon.colcon_core.package_selection:Skipping not selected package 'examples_rclpy_pointcloud_publisher' in 'src/ros2-tutorials/rclpy/topics/pointcloud_publisher'
[0.431s] INFO:colcon.colcon_core.package_selection:Skipping not selected package 'geometry_tutorials' in 'src/geometry_tutorials/geometry_tutorials'
[0.431s] INFO:colcon.colcon_core.package_selection:Skipping not selected package 'launch_testing_examples' in 'src/ros2-tutorials/launch_testing/launch_testing_examples'
[0.431s] INFO:colcon.colcon_core.package_selection:Skipping not selected package 'my_package' in 'src/my_package'
[0.431s] INFO:colcon.colcon_core.package_selection:Skipping not selected package 'turtle_tf2_cpp' in 'src/geometry_tutorials/turtle_tf2_cpp'
[0.431s] INFO:colcon.colcon_core.package_selection:Skipping not selected package 'turtle_tf2_py' in 'src/geometry_tutorials/turtle_tf2_py'
[0.431s] INFO:colcon.colcon_core.package_selection:Skipping not selected package 'turtlesim' in 'ros_tutorials/turtlesim'
[0.431s] Level 1:colcon.colcon_core.package_discovery:discover_packages(prefix_path) check parameters
[0.431s] Level 1:colcon.colcon_core.package_discovery:discover_packages(prefix_path) discover
[0.434s] DEBUG:colcon.colcon_installed_package_information.package_discovery:Found 15 installed packages in /home/diseq1/ros2_ws/install
[0.435s] DEBUG:colcon.colcon_installed_package_information.package_discovery:Found 324 installed packages in /opt/ros/humble
[0.436s] Level 1:colcon.colcon_core.package_discovery:discover_packages(prefix_path) using defaults
[0.493s] Level 5:colcon.colcon_core.verb:set package 'urdf_tutorial' build argument 'cmake_args' from command line to 'None'
[0.493s] Level 5:colcon.colcon_core.verb:set package 'urdf_tutorial' build argument 'cmake_target' from command line to 'None'
[0.493s] Level 5:colcon.colcon_core.verb:set package 'urdf_tutorial' build argument 'cmake_target_skip_unavailable' from command line to 'False'
[0.493s] Level 5:colcon.colcon_core.verb:set package 'urdf_tutorial' build argument 'cmake_clean_cache' from command line to 'False'
[0.493s] Level 5:colcon.colcon_core.verb:set package 'urdf_tutorial' build argument 'cmake_clean_first' from command line to 'False'
[0.493s] Level 5:colcon.colcon_core.verb:set package 'urdf_tutorial' build argument 'cmake_force_configure' from command line to 'False'
[0.493s] Level 5:colcon.colcon_core.verb:set package 'urdf_tutorial' build argument 'ament_cmake_args' from command line to 'None'
[0.493s] Level 5:colcon.colcon_core.verb:set package 'urdf_tutorial' build argument 'catkin_cmake_args' from command line to 'None'
[0.493s] Level 5:colcon.colcon_core.verb:set package 'urdf_tutorial' build argument 'catkin_skip_building_tests' from command line to 'False'
[0.493s] DEBUG:colcon.colcon_core.verb:Building package 'urdf_tutorial' with the following arguments: {'ament_cmake_args': None, 'build_base': '/home/diseq1/ros2_ws/build/urdf_tutorial', 'catkin_cmake_args': None, 'catkin_skip_building_tests': False, 'cmake_args': None, 'cmake_clean_cache': False, 'cmake_clean_first': False, 'cmake_force_configure': False, 'cmake_target': None, 'cmake_target_skip_unavailable': False, 'install_base': '/home/diseq1/ros2_ws/install/urdf_tutorial', 'merge_install': False, 'path': '/home/diseq1/ros2_ws/src/urdf_tutorial', 'symlink_install': False, 'test_result_base': None}
[0.493s] INFO:colcon.colcon_core.executor:Executing jobs using 'parallel' executor
[0.494s] DEBUG:colcon.colcon_parallel_executor.executor.parallel:run_until_complete
[0.494s] INFO:colcon.colcon_ros.task.ament_cmake.build:Building ROS package in '/home/diseq1/ros2_ws/src/urdf_tutorial' with build type 'ament_cmake'
[0.494s] INFO:colcon.colcon_cmake.task.cmake.build:Building CMake package in '/home/diseq1/ros2_ws/src/urdf_tutorial'
[0.497s] INFO:colcon.colcon_core.plugin_system:Skipping extension 'colcon_core.shell.bat': Not used on non-Windows systems
[0.498s] INFO:colcon.colcon_core.shell:Skip shell extension 'powershell' for command environment: Not usable outside of PowerShell
[0.498s] DEBUG:colcon.colcon_core.shell:Skip shell extension 'dsv' for command environment
[0.503s] DEBUG:colcon.colcon_core.event_handler.log_command:Invoking command in '/home/diseq1/ros2_ws/build/urdf_tutorial': CMAKE_PREFIX_PATH=${CMAKE_PREFIX_PATH}:/opt/ros/humble /usr/bin/cmake --build /home/diseq1/ros2_ws/build/urdf_tutorial -- -j32 -l32
[0.552s] DEBUG:colcon.colcon_core.event_handler.log_command:Invoked command in '/home/diseq1/ros2_ws/build/urdf_tutorial' returned '0': CMAKE_PREFIX_PATH=${CMAKE_PREFIX_PATH}:/opt/ros/humble /usr/bin/cmake --build /home/diseq1/ros2_ws/build/urdf_tutorial -- -j32 -l32
[0.557s] DEBUG:colcon.colcon_core.event_handler.log_command:Invoking command in '/home/diseq1/ros2_ws/build/urdf_tutorial': CMAKE_PREFIX_PATH=${CMAKE_PREFIX_PATH}:/opt/ros/humble /usr/bin/cmake --install /home/diseq1/ros2_ws/build/urdf_tutorial
[0.563s] Level 1:colcon.colcon_core.environment:create_environment_scripts_only(urdf_tutorial)
[0.563s] DEBUG:colcon.colcon_core.event_handler.log_command:Invoked command in '/home/diseq1/ros2_ws/build/urdf_tutorial' returned '0': CMAKE_PREFIX_PATH=${CMAKE_PREFIX_PATH}:/opt/ros/humble /usr/bin/cmake --install /home/diseq1/ros2_ws/build/urdf_tutorial
[0.567s] Level 1:colcon.colcon_core.environment:checking '/home/diseq1/ros2_ws/install/urdf_tutorial' for CMake module files
[0.567s] Level 1:colcon.colcon_core.environment:checking '/home/diseq1/ros2_ws/install/urdf_tutorial' for CMake config files
[0.568s] Level 1:colcon.colcon_core.shell:create_environment_hook('urdf_tutorial', 'cmake_prefix_path')
[0.568s] INFO:colcon.colcon_core.shell:Creating environment hook '/home/diseq1/ros2_ws/install/urdf_tutorial/share/urdf_tutorial/hook/cmake_prefix_path.ps1'
[0.568s] INFO:colcon.colcon_core.shell:Creating environment descriptor '/home/diseq1/ros2_ws/install/urdf_tutorial/share/urdf_tutorial/hook/cmake_prefix_path.dsv'
[0.569s] INFO:colcon.colcon_core.shell:Creating environment hook '/home/diseq1/ros2_ws/install/urdf_tutorial/share/urdf_tutorial/hook/cmake_prefix_path.sh'
[0.569s] Level 1:colcon.colcon_core.environment:checking '/home/diseq1/ros2_ws/install/urdf_tutorial/bin'
[0.569s] Level 1:colcon.colcon_core.environment:checking '/home/diseq1/ros2_ws/install/urdf_tutorial/lib/pkgconfig/urdf_tutorial.pc'
[0.570s] Level 1:colcon.colcon_core.environment:checking '/home/diseq1/ros2_ws/install/urdf_tutorial/lib/python3.10/site-packages'
[0.570s] Level 1:colcon.colcon_core.environment:checking '/home/diseq1/ros2_ws/install/urdf_tutorial/bin'
[0.570s] INFO:colcon.colcon_core.shell:Creating package script '/home/diseq1/ros2_ws/install/urdf_tutorial/share/urdf_tutorial/package.ps1'
[0.571s] INFO:colcon.colcon_core.shell:Creating package descriptor '/home/diseq1/ros2_ws/install/urdf_tutorial/share/urdf_tutorial/package.dsv'
[0.571s] INFO:colcon.colcon_core.shell:Creating package script '/home/diseq1/ros2_ws/install/urdf_tutorial/share/urdf_tutorial/package.sh'
[0.572s] INFO:colcon.colcon_core.shell:Creating package script '/home/diseq1/ros2_ws/install/urdf_tutorial/share/urdf_tutorial/package.bash'
[0.572s] INFO:colcon.colcon_core.shell:Creating package script '/home/diseq1/ros2_ws/install/urdf_tutorial/share/urdf_tutorial/package.zsh'
[0.572s] Level 1:colcon.colcon_core.environment:create_file_with_runtime_dependencies(/home/diseq1/ros2_ws/install/urdf_tutorial/share/colcon-core/packages/urdf_tutorial)
[0.573s] Level 1:colcon.colcon_core.environment:create_environment_scripts_only(urdf_tutorial)
[0.573s] Level 1:colcon.colcon_core.environment:checking '/home/diseq1/ros2_ws/install/urdf_tutorial' for CMake module files
[0.573s] Level 1:colcon.colcon_core.environment:checking '/home/diseq1/ros2_ws/install/urdf_tutorial' for CMake config files
[0.573s] Level 1:colcon.colcon_core.shell:create_environment_hook('urdf_tutorial', 'cmake_prefix_path')
[0.573s] INFO:colcon.colcon_core.shell:Creating environment hook '/home/diseq1/ros2_ws/install/urdf_tutorial/share/urdf_tutorial/hook/cmake_prefix_path.ps1'
[0.573s] INFO:colcon.colcon_core.shell:Creating environment descriptor '/home/diseq1/ros2_ws/install/urdf_tutorial/share/urdf_tutorial/hook/cmake_prefix_path.dsv'
[0.574s] INFO:colcon.colcon_core.shell:Creating environment hook '/home/diseq1/ros2_ws/install/urdf_tutorial/share/urdf_tutorial/hook/cmake_prefix_path.sh'
[0.574s] Level 1:colcon.colcon_core.environment:checking '/home/diseq1/ros2_ws/install/urdf_tutorial/bin'
[0.574s] Level 1:colcon.colcon_core.environment:checking '/home/diseq1/ros2_ws/install/urdf_tutorial/lib/pkgconfig/urdf_tutorial.pc'
[0.574s] Level 1:colcon.colcon_core.environment:checking '/home/diseq1/ros2_ws/install/urdf_tutorial/lib/python3.10/site-packages'
[0.574s] Level 1:colcon.colcon_core.environment:checking '/home/diseq1/ros2_ws/install/urdf_tutorial/bin'
[0.574s] INFO:colcon.colcon_core.shell:Creating package script '/home/diseq1/ros2_ws/install/urdf_tutorial/share/urdf_tutorial/package.ps1'
[0.575s] INFO:colcon.colcon_core.shell:Creating package descriptor '/home/diseq1/ros2_ws/install/urdf_tutorial/share/urdf_tutorial/package.dsv'
[0.575s] INFO:colcon.colcon_core.shell:Creating package script '/home/diseq1/ros2_ws/install/urdf_tutorial/share/urdf_tutorial/package.sh'
[0.575s] INFO:colcon.colcon_core.shell:Creating package script '/home/diseq1/ros2_ws/install/urdf_tutorial/share/urdf_tutorial/package.bash'
[0.575s] INFO:colcon.colcon_core.shell:Creating package script '/home/diseq1/ros2_ws/install/urdf_tutorial/share/urdf_tutorial/package.zsh'
[0.576s] Level 1:colcon.colcon_core.environment:create_file_with_runtime_dependencies(/home/diseq1/ros2_ws/install/urdf_tutorial/share/colcon-core/packages/urdf_tutorial)
[0.576s] DEBUG:colcon.colcon_parallel_executor.executor.parallel:closing loop
[0.576s] DEBUG:colcon.colcon_parallel_executor.executor.parallel:loop closed
[0.576s] DEBUG:colcon.colcon_parallel_executor.executor.parallel:run_until_complete finished with '0'
[0.576s] DEBUG:colcon.colcon_core.event_reactor:joining thread
[0.611s] INFO:colcon.colcon_core.plugin_system:Skipping extension 'colcon_notification.desktop_notification.notify_send': Could not find 'notify-send'
[0.611s] INFO:colcon.colcon_core.plugin_system:Skipping extension 'colcon_notification.desktop_notification.terminal_notifier': Not used on non-Darwin systems
[0.611s] INFO:colcon.colcon_core.plugin_system:Skipping extension 'colcon_notification.desktop_notification.win32': Not used on non-Windows systems
[0.611s] INFO:colcon.colcon_notification.desktop_notification:Sending desktop notification using 'notify2'
[0.617s] DEBUG:colcon.colcon_notification.desktop_notification.notify2:Failed to initialize notify2: org.freedesktop.DBus.Error.ServiceUnknown: The name org.freedesktop.Notifications was not provided by any .service files
[0.617s] DEBUG:colcon.colcon_core.event_reactor:joined thread
[0.617s] INFO:colcon.colcon_core.shell:Creating prefix script '/home/diseq1/ros2_ws/install/local_setup.ps1'
[0.618s] INFO:colcon.colcon_core.shell:Creating prefix util module '/home/diseq1/ros2_ws/install/_local_setup_util_ps1.py'
[0.619s] INFO:colcon.colcon_core.shell:Creating prefix chain script '/home/diseq1/ros2_ws/install/setup.ps1'
[0.620s] INFO:colcon.colcon_core.shell:Creating prefix script '/home/diseq1/ros2_ws/install/local_setup.sh'
[0.620s] INFO:colcon.colcon_core.shell:Creating prefix util module '/home/diseq1/ros2_ws/install/_local_setup_util_sh.py'
[0.620s] INFO:colcon.colcon_core.shell:Creating prefix chain script '/home/diseq1/ros2_ws/install/setup.sh'
[0.621s] INFO:colcon.colcon_core.shell:Creating prefix script '/home/diseq1/ros2_ws/install/local_setup.bash'
[0.621s] INFO:colcon.colcon_core.shell:Creating prefix chain script '/home/diseq1/ros2_ws/install/setup.bash'
[0.622s] INFO:colcon.colcon_core.shell:Creating prefix script '/home/diseq1/ros2_ws/install/local_setup.zsh'
[0.622s] INFO:colcon.colcon_core.shell:Creating prefix chain script '/home/diseq1/ros2_ws/install/setup.zsh'
