[1.374s] Invoking command in '/home/diseq1/ros2_ws/build/my_package': CMAKE_PREFIX_PATH=${CMAKE_PREFIX_PATH}:/home/diseq1/ros2_ws/install/turtle_tf2_py:/home/diseq1/ros2_ws/install/launch_testing_examples:/home/diseq1/ros2_ws/install/examples_rclpy_pointcloud_publisher:/home/diseq1/ros2_ws/install/examples_rclpy_minimal_subscriber:/home/diseq1/ros2_ws/install/examples_rclpy_minimal_service:/home/diseq1/ros2_ws/install/examples_rclpy_minimal_publisher:/home/diseq1/ros2_ws/install/examples_rclpy_minimal_client:/home/diseq1/ros2_ws/install/examples_rclpy_minimal_action_server:/home/diseq1/ros2_ws/install/examples_rclpy_minimal_action_client:/home/diseq1/ros2_ws/install/examples_rclpy_guard_conditions:/home/diseq1/ros2_ws/install/examples_rclpy_executors:/opt/ros/humble /usr/bin/cmake --build /home/diseq1/ros2_ws/build/my_package -- -j32 -l32
[1.549s] [100%] Built target my_node
[1.589s] Invoked command in '/home/diseq1/ros2_ws/build/my_package' returned '0': CMAKE_PREFIX_PATH=${CMAKE_PREFIX_PATH}:/home/diseq1/ros2_ws/install/turtle_tf2_py:/home/diseq1/ros2_ws/install/launch_testing_examples:/home/diseq1/ros2_ws/install/examples_rclpy_pointcloud_publisher:/home/diseq1/ros2_ws/install/examples_rclpy_minimal_subscriber:/home/diseq1/ros2_ws/install/examples_rclpy_minimal_service:/home/diseq1/ros2_ws/install/examples_rclpy_minimal_publisher:/home/diseq1/ros2_ws/install/examples_rclpy_minimal_client:/home/diseq1/ros2_ws/install/examples_rclpy_minimal_action_server:/home/diseq1/ros2_ws/install/examples_rclpy_minimal_action_client:/home/diseq1/ros2_ws/install/examples_rclpy_guard_conditions:/home/diseq1/ros2_ws/install/examples_rclpy_executors:/opt/ros/humble /usr/bin/cmake --build /home/diseq1/ros2_ws/build/my_package -- -j32 -l32
[1.591s] Invoking command in '/home/diseq1/ros2_ws/build/my_package': CMAKE_PREFIX_PATH=${CMAKE_PREFIX_PATH}:/home/diseq1/ros2_ws/install/turtle_tf2_py:/home/diseq1/ros2_ws/install/launch_testing_examples:/home/diseq1/ros2_ws/install/examples_rclpy_pointcloud_publisher:/home/diseq1/ros2_ws/install/examples_rclpy_minimal_subscriber:/home/diseq1/ros2_ws/install/examples_rclpy_minimal_service:/home/diseq1/ros2_ws/install/examples_rclpy_minimal_publisher:/home/diseq1/ros2_ws/install/examples_rclpy_minimal_client:/home/diseq1/ros2_ws/install/examples_rclpy_minimal_action_server:/home/diseq1/ros2_ws/install/examples_rclpy_minimal_action_client:/home/diseq1/ros2_ws/install/examples_rclpy_guard_conditions:/home/diseq1/ros2_ws/install/examples_rclpy_executors:/opt/ros/humble /usr/bin/cmake --install /home/diseq1/ros2_ws/build/my_package
[1.636s] -- Install configuration: ""
[1.636s] -- Up-to-date: /home/diseq1/ros2_ws/install/my_package/lib/my_package/my_node
[1.636s] -- Up-to-date: /home/diseq1/ros2_ws/install/my_package/share/ament_index/resource_index/package_run_dependencies/my_package
[1.636s] -- Up-to-date: /home/diseq1/ros2_ws/install/my_package/share/ament_index/resource_index/parent_prefix_path/my_package
[1.637s] -- Up-to-date: /home/diseq1/ros2_ws/install/my_package/share/my_package/environment/ament_prefix_path.sh
[1.637s] -- Up-to-date: /home/diseq1/ros2_ws/install/my_package/share/my_package/environment/ament_prefix_path.dsv
[1.638s] -- Up-to-date: /home/diseq1/ros2_ws/install/my_package/share/my_package/environment/path.sh
[1.638s] -- Up-to-date: /home/diseq1/ros2_ws/install/my_package/share/my_package/environment/path.dsv
[1.639s] -- Up-to-date: /home/diseq1/ros2_ws/install/my_package/share/my_package/local_setup.bash
[1.639s] -- Up-to-date: /home/diseq1/ros2_ws/install/my_package/share/my_package/local_setup.sh
[1.639s] -- Up-to-date: /home/diseq1/ros2_ws/install/my_package/share/my_package/local_setup.zsh
[1.639s] -- Up-to-date: /home/diseq1/ros2_ws/install/my_package/share/my_package/local_setup.dsv
[1.640s] -- Installing: /home/diseq1/ros2_ws/install/my_package/share/my_package/package.dsv
[1.640s] -- Up-to-date: /home/diseq1/ros2_ws/install/my_package/share/ament_index/resource_index/packages/my_package
[1.640s] -- Up-to-date: /home/diseq1/ros2_ws/install/my_package/share/my_package/cmake/my_packageConfig.cmake
[1.640s] -- Up-to-date: /home/diseq1/ros2_ws/install/my_package/share/my_package/cmake/my_packageConfig-version.cmake
[1.640s] -- Up-to-date: /home/diseq1/ros2_ws/install/my_package/share/my_package/package.xml
[1.786s] Invoked command in '/home/diseq1/ros2_ws/build/my_package' returned '0': CMAKE_PREFIX_PATH=${CMAKE_PREFIX_PATH}:/home/diseq1/ros2_ws/install/turtle_tf2_py:/home/diseq1/ros2_ws/install/launch_testing_examples:/home/diseq1/ros2_ws/install/examples_rclpy_pointcloud_publisher:/home/diseq1/ros2_ws/install/examples_rclpy_minimal_subscriber:/home/diseq1/ros2_ws/install/examples_rclpy_minimal_service:/home/diseq1/ros2_ws/install/examples_rclpy_minimal_publisher:/home/diseq1/ros2_ws/install/examples_rclpy_minimal_client:/home/diseq1/ros2_ws/install/examples_rclpy_minimal_action_server:/home/diseq1/ros2_ws/install/examples_rclpy_minimal_action_client:/home/diseq1/ros2_ws/install/examples_rclpy_guard_conditions:/home/diseq1/ros2_ws/install/examples_rclpy_executors:/opt/ros/humble /usr/bin/cmake --install /home/diseq1/ros2_ws/build/my_package
