[3.113s] Invoking command in '/home/diseq1/ros2_ws/build/turtle_tf2_cpp': CMAKE_PREFIX_PATH=/opt/ros/humble /usr/bin/cmake /home/diseq1/ros2_ws/src/geometry_tutorials/turtle_tf2_cpp -DCMAKE_INSTALL_PREFIX=/home/diseq1/ros2_ws/install/turtle_tf2_cpp
[3.564s] -- Found ament_cmake: 1.3.12 (/opt/ros/humble/share/ament_cmake/cmake)
[3.565s] -- Found geometry_msgs: 4.9.0 (/opt/ros/humble/share/geometry_msgs/cmake)
[3.943s] -- Found rosidl_generator_c: 3.1.8 (/opt/ros/humble/share/rosidl_generator_c/cmake)
[3.956s] -- Found rosidl_adapter: 3.1.8 (/opt/ros/humble/share/rosidl_adapter/cmake)
[3.966s] -- Found rosidl_generator_cpp: 3.1.8 (/opt/ros/humble/share/rosidl_generator_cpp/cmake)
[3.988s] -- Using all available rosidl_typesupport_c: rosidl_typesupport_fastrtps_c;rosidl_typesupport_introspection_c
[4.013s] -- Using all available rosidl_typesupport_cpp: rosidl_typesupport_fastrtps_cpp;rosidl_typesupport_introspection_cpp
[4.103s] -- Found message_filters: 4.3.11 (/opt/ros/humble/share/message_filters/cmake)
[4.160s] -- Found rmw_implementation_cmake: 6.1.2 (/opt/ros/humble/share/rmw_implementation_cmake/cmake)
[4.162s] -- Found rmw_fastrtps_cpp: 6.2.9 (/opt/ros/humble/share/rmw_fastrtps_cpp/cmake)
[13.630s] -- Using RMW implementation 'rmw_fastrtps_cpp' as default
[13.649s] -- Found tf2: 0.25.18 (/opt/ros/humble/share/tf2/cmake)
[13.653s] -- Found tf2_geometry_msgs: 0.25.18 (/opt/ros/humble/share/tf2_geometry_msgs/cmake)
[13.657s] -- Found eigen3_cmake_module: 0.1.1 (/opt/ros/humble/share/eigen3_cmake_module/cmake)
[13.658s] -- Ensuring Eigen3 include directory is part of orocos-kdl CMake target
[14.682s] [31mCMake Error at CMakeLists.txt:24 (find_package):
[14.682s]   By not providing "Findturtlesim_msgs.cmake" in CMAKE_MODULE_PATH this
[14.682s]   project has asked CMake to find a package configuration file provided by
[14.682s]   "turtlesim_msgs", but CMake did not find one.
[14.682s] 
[14.682s]   Could not find a package configuration file provided by "turtlesim_msgs"
[14.682s]   with any of the following names:
[14.682s] 
[14.682s]     turtlesim_msgsConfig.cmake
[14.682s]     turtlesim_msgs-config.cmake
[14.682s] 
[14.682s]   Add the installation prefix of "turtlesim_msgs" to CMAKE_PREFIX_PATH or set
[14.682s]   "turtlesim_msgs_DIR" to a directory containing one of the above files.  If
[14.682s]   "turtlesim_msgs" provides a separate development package or SDK, be sure it
[14.683s]   has been installed.
[14.683s] 
[14.683s] [0m
[14.683s] -- Configuring incomplete, errors occurred!
[14.683s] See also "/home/diseq1/ros2_ws/build/turtle_tf2_cpp/CMakeFiles/CMakeOutput.log".
