[1.944s] Invoking command in '/home/diseq1/ros2_ws/src/geometry_tutorials/turtle_tf2_py': PYTHONPATH=/home/diseq1/ros2_ws/build/turtle_tf2_py/prefix_override:/usr/lib/python3/dist-packages/colcon_core/task/python/colcon_distutils_commands:/home/diseq1/ros2_ws/install/turtle_tf2_py/lib/python3.10/site-packages:${PYTHONPATH} /usr/bin/python3 -W ignore:setup.py install is deprecated -W ignore:easy_install command is deprecated setup.py egg_info --egg-base ../../../build/turtle_tf2_py build --build-base /home/diseq1/ros2_ws/build/turtle_tf2_py/build install --record /home/diseq1/ros2_ws/build/turtle_tf2_py/install.log --single-version-externally-managed install_data
[2.115s] running egg_info
[2.116s] writing ../../../build/turtle_tf2_py/turtle_tf2_py.egg-info/PKG-INFO
[2.116s] writing dependency_links to ../../../build/turtle_tf2_py/turtle_tf2_py.egg-info/dependency_links.txt
[2.116s] writing entry points to ../../../build/turtle_tf2_py/turtle_tf2_py.egg-info/entry_points.txt
[2.118s] writing requirements to ../../../build/turtle_tf2_py/turtle_tf2_py.egg-info/requires.txt
[2.118s] writing top-level names to ../../../build/turtle_tf2_py/turtle_tf2_py.egg-info/top_level.txt
[2.119s] reading manifest file '../../../build/turtle_tf2_py/turtle_tf2_py.egg-info/SOURCES.txt'
[2.120s] writing manifest file '../../../build/turtle_tf2_py/turtle_tf2_py.egg-info/SOURCES.txt'
[2.122s] running build
[2.122s] running build_py
[2.122s] running install
[2.123s] running install_lib
[2.123s] running install_data
[2.123s] running install_egg_info
[2.124s] removing '/home/diseq1/ros2_ws/install/turtle_tf2_py/lib/python3.10/site-packages/turtle_tf2_py-0.7.0-py3.10.egg-info' (and everything under it)
[2.124s] Copying ../../../build/turtle_tf2_py/turtle_tf2_py.egg-info to /home/diseq1/ros2_ws/install/turtle_tf2_py/lib/python3.10/site-packages/turtle_tf2_py-0.7.0-py3.10.egg-info
[2.124s] running install_scripts
[2.134s] Installing dynamic_frame_tf2_broadcaster script to /home/diseq1/ros2_ws/install/turtle_tf2_py/lib/turtle_tf2_py
[2.134s] Installing fixed_frame_tf2_broadcaster script to /home/diseq1/ros2_ws/install/turtle_tf2_py/lib/turtle_tf2_py
[2.134s] Installing static_turtle_tf2_broadcaster script to /home/diseq1/ros2_ws/install/turtle_tf2_py/lib/turtle_tf2_py
[2.134s] Installing turtle_tf2_broadcaster script to /home/diseq1/ros2_ws/install/turtle_tf2_py/lib/turtle_tf2_py
[2.134s] Installing turtle_tf2_listener script to /home/diseq1/ros2_ws/install/turtle_tf2_py/lib/turtle_tf2_py
[2.134s] Installing turtle_tf2_message_broadcaster script to /home/diseq1/ros2_ws/install/turtle_tf2_py/lib/turtle_tf2_py
[2.135s] writing list of installed files to '/home/diseq1/ros2_ws/build/turtle_tf2_py/install.log'
[2.161s] Invoked command in '/home/diseq1/ros2_ws/src/geometry_tutorials/turtle_tf2_py' returned '0': PYTHONPATH=/home/diseq1/ros2_ws/build/turtle_tf2_py/prefix_override:/usr/lib/python3/dist-packages/colcon_core/task/python/colcon_distutils_commands:/home/diseq1/ros2_ws/install/turtle_tf2_py/lib/python3.10/site-packages:${PYTHONPATH} /usr/bin/python3 -W ignore:setup.py install is deprecated -W ignore:easy_install command is deprecated setup.py egg_info --egg-base ../../../build/turtle_tf2_py build --build-base /home/diseq1/ros2_ws/build/turtle_tf2_py/build install --record /home/diseq1/ros2_ws/build/turtle_tf2_py/install.log --single-version-externally-managed install_data
