[0.101s] Invoking command in '/home/diseq1/ros2_ws/build/cpp_pubsub': CMAKE_PREFIX_PATH=${CMAKE_PREFIX_PATH}:/home/diseq1/ros2_ws/install/turtle_tf2_py:/home/diseq1/ros2_ws/install/launch_testing_examples:/home/diseq1/ros2_ws/install/examples_rclpy_pointcloud_publisher:/home/diseq1/ros2_ws/install/examples_rclpy_minimal_subscriber:/home/diseq1/ros2_ws/install/examples_rclpy_minimal_service:/home/diseq1/ros2_ws/install/examples_rclpy_minimal_publisher:/home/diseq1/ros2_ws/install/examples_rclpy_minimal_client:/home/diseq1/ros2_ws/install/examples_rclpy_minimal_action_server:/home/diseq1/ros2_ws/install/examples_rclpy_minimal_action_client:/home/diseq1/ros2_ws/install/examples_rclpy_guard_conditions:/home/diseq1/ros2_ws/install/examples_rclpy_executors:/opt/ros/humble /usr/bin/cmake --build /home/diseq1/ros2_ws/build/cpp_pubsub -- -j32 -l32
[1.600s] [35m[1mConsolidate compiler generated dependencies of target talker[0m
[1.602s] [35m[1mConsolidate compiler generated dependencies of target listener[0m
[1.603s] [ 50%] Built target listener
[1.605s] [100%] Built target talker
[1.627s] Invoked command in '/home/diseq1/ros2_ws/build/cpp_pubsub' returned '0': CMAKE_PREFIX_PATH=${CMAKE_PREFIX_PATH}:/home/diseq1/ros2_ws/install/turtle_tf2_py:/home/diseq1/ros2_ws/install/launch_testing_examples:/home/diseq1/ros2_ws/install/examples_rclpy_pointcloud_publisher:/home/diseq1/ros2_ws/install/examples_rclpy_minimal_subscriber:/home/diseq1/ros2_ws/install/examples_rclpy_minimal_service:/home/diseq1/ros2_ws/install/examples_rclpy_minimal_publisher:/home/diseq1/ros2_ws/install/examples_rclpy_minimal_client:/home/diseq1/ros2_ws/install/examples_rclpy_minimal_action_server:/home/diseq1/ros2_ws/install/examples_rclpy_minimal_action_client:/home/diseq1/ros2_ws/install/examples_rclpy_guard_conditions:/home/diseq1/ros2_ws/install/examples_rclpy_executors:/opt/ros/humble /usr/bin/cmake --build /home/diseq1/ros2_ws/build/cpp_pubsub -- -j32 -l32
[1.634s] Invoking command in '/home/diseq1/ros2_ws/build/cpp_pubsub': CMAKE_PREFIX_PATH=${CMAKE_PREFIX_PATH}:/home/diseq1/ros2_ws/install/turtle_tf2_py:/home/diseq1/ros2_ws/install/launch_testing_examples:/home/diseq1/ros2_ws/install/examples_rclpy_pointcloud_publisher:/home/diseq1/ros2_ws/install/examples_rclpy_minimal_subscriber:/home/diseq1/ros2_ws/install/examples_rclpy_minimal_service:/home/diseq1/ros2_ws/install/examples_rclpy_minimal_publisher:/home/diseq1/ros2_ws/install/examples_rclpy_minimal_client:/home/diseq1/ros2_ws/install/examples_rclpy_minimal_action_server:/home/diseq1/ros2_ws/install/examples_rclpy_minimal_action_client:/home/diseq1/ros2_ws/install/examples_rclpy_guard_conditions:/home/diseq1/ros2_ws/install/examples_rclpy_executors:/opt/ros/humble /usr/bin/cmake --install /home/diseq1/ros2_ws/build/cpp_pubsub
[1.689s] -- Install configuration: ""
[1.689s] -- Installing: /home/diseq1/ros2_ws/install/cpp_pubsub/lib/cpp_pubsub/talker
[1.690s] -- Set runtime path of "/home/diseq1/ros2_ws/install/cpp_pubsub/lib/cpp_pubsub/talker" to ""
[1.690s] -- Installing: /home/diseq1/ros2_ws/install/cpp_pubsub/lib/cpp_pubsub/listener
[1.690s] -- Set runtime path of "/home/diseq1/ros2_ws/install/cpp_pubsub/lib/cpp_pubsub/listener" to ""
[1.690s] -- Installing: /home/diseq1/ros2_ws/install/cpp_pubsub/share/ament_index/resource_index/package_run_dependencies/cpp_pubsub
[1.690s] -- Installing: /home/diseq1/ros2_ws/install/cpp_pubsub/share/ament_index/resource_index/parent_prefix_path/cpp_pubsub
[1.691s] -- Installing: /home/diseq1/ros2_ws/install/cpp_pubsub/share/cpp_pubsub/environment/ament_prefix_path.sh
[1.691s] -- Installing: /home/diseq1/ros2_ws/install/cpp_pubsub/share/cpp_pubsub/environment/ament_prefix_path.dsv
[1.692s] -- Installing: /home/diseq1/ros2_ws/install/cpp_pubsub/share/cpp_pubsub/environment/path.sh
[1.692s] -- Installing: /home/diseq1/ros2_ws/install/cpp_pubsub/share/cpp_pubsub/environment/path.dsv
[1.692s] -- Installing: /home/diseq1/ros2_ws/install/cpp_pubsub/share/cpp_pubsub/local_setup.bash
[1.692s] -- Installing: /home/diseq1/ros2_ws/install/cpp_pubsub/share/cpp_pubsub/local_setup.sh
[1.693s] -- Installing: /home/diseq1/ros2_ws/install/cpp_pubsub/share/cpp_pubsub/local_setup.zsh
[1.693s] -- Installing: /home/diseq1/ros2_ws/install/cpp_pubsub/share/cpp_pubsub/local_setup.dsv
[1.693s] -- Installing: /home/diseq1/ros2_ws/install/cpp_pubsub/share/cpp_pubsub/package.dsv
[1.693s] -- Installing: /home/diseq1/ros2_ws/install/cpp_pubsub/share/ament_index/resource_index/packages/cpp_pubsub
[1.693s] -- Installing: /home/diseq1/ros2_ws/install/cpp_pubsub/share/cpp_pubsub/cmake/cpp_pubsubConfig.cmake
[1.694s] -- Installing: /home/diseq1/ros2_ws/install/cpp_pubsub/share/cpp_pubsub/cmake/cpp_pubsubConfig-version.cmake
[1.694s] -- Installing: /home/diseq1/ros2_ws/install/cpp_pubsub/share/cpp_pubsub/package.xml
[1.733s] Invoked command in '/home/diseq1/ros2_ws/build/cpp_pubsub' returned '0': CMAKE_PREFIX_PATH=${CMAKE_PREFIX_PATH}:/home/diseq1/ros2_ws/install/turtle_tf2_py:/home/diseq1/ros2_ws/install/launch_testing_examples:/home/diseq1/ros2_ws/install/examples_rclpy_pointcloud_publisher:/home/diseq1/ros2_ws/install/examples_rclpy_minimal_subscriber:/home/diseq1/ros2_ws/install/examples_rclpy_minimal_service:/home/diseq1/ros2_ws/install/examples_rclpy_minimal_publisher:/home/diseq1/ros2_ws/install/examples_rclpy_minimal_client:/home/diseq1/ros2_ws/install/examples_rclpy_minimal_action_server:/home/diseq1/ros2_ws/install/examples_rclpy_minimal_action_client:/home/diseq1/ros2_ws/install/examples_rclpy_guard_conditions:/home/diseq1/ros2_ws/install/examples_rclpy_executors:/opt/ros/humble /usr/bin/cmake --install /home/diseq1/ros2_ws/build/cpp_pubsub
