[0.072s] Invoking command in '/home/diseq1/ros2_ws/build/examples_rclcpp_multithreaded_executor': CMAKE_PREFIX_PATH=/opt/ros/humble /usr/bin/cmake /home/diseq1/ros2_ws/src/ros2-tutorials/rclcpp/executors/multithreaded_executor -DCMAKE_INSTALL_PREFIX=/home/diseq1/ros2_ws/install/examples_rclcpp_multithreaded_executor
[1.555s] -- The C compiler identification is GNU 11.4.0
[1.555s] -- The CXX compiler identification is GNU 11.4.0
[1.555s] -- Detecting C compiler ABI info
[1.555s] -- Detecting C compiler ABI info - done
[1.555s] -- Check for working C compiler: /usr/bin/cc - skipped
[1.556s] -- Detecting C compile features
[1.556s] -- Detecting C compile features - done
[1.556s] -- Detecting CXX compiler ABI info
[1.556s] -- Detecting CXX compiler ABI info - done
[1.556s] -- Check for working CXX compiler: /usr/bin/c++ - skipped
[1.556s] -- Detecting CXX compile features
[1.556s] -- Detecting CXX compile features - done
[1.556s] -- Found ament_cmake: 1.3.12 (/opt/ros/humble/share/ament_cmake/cmake)
[1.556s] -- Found Python3: /usr/bin/python3 (found version "3.10.12") found components: Interpreter 
[1.556s] -- Found rclcpp: 16.0.17 (/opt/ros/humble/share/rclcpp/cmake)
[1.556s] -- Found rosidl_generator_c: 3.1.8 (/opt/ros/humble/share/rosidl_generator_c/cmake)
[1.556s] -- Found rosidl_adapter: 3.1.8 (/opt/ros/humble/share/rosidl_adapter/cmake)
[1.556s] -- Found rosidl_generator_cpp: 3.1.8 (/opt/ros/humble/share/rosidl_generator_cpp/cmake)
[1.556s] -- Using all available rosidl_typesupport_c: rosidl_typesupport_fastrtps_c;rosidl_typesupport_introspection_c
[1.556s] -- Using all available rosidl_typesupport_cpp: rosidl_typesupport_fastrtps_cpp;rosidl_typesupport_introspection_cpp
[1.556s] -- Found rmw_implementation_cmake: 6.1.2 (/opt/ros/humble/share/rmw_implementation_cmake/cmake)
[1.556s] -- Found rmw_fastrtps_cpp: 6.2.9 (/opt/ros/humble/share/rmw_fastrtps_cpp/cmake)
[3.037s] -- Found OpenSSL: /usr/lib/x86_64-linux-gnu/libcrypto.so (found version "3.0.2")  
[4.551s] -- Found FastRTPS: /opt/ros/humble/include  
[6.587s] -- Using RMW implementation 'rmw_fastrtps_cpp' as default
[6.591s] -- Looking for pthread.h
[6.784s] -- Looking for pthread.h - found
[6.784s] -- Performing Test CMAKE_HAVE_LIBC_PTHREAD
[6.966s] -- Performing Test CMAKE_HAVE_LIBC_PTHREAD - Success
[6.967s] -- Found Threads: TRUE  
[7.001s] -- Found ament_lint_auto: 0.12.14 (/opt/ros/humble/share/ament_lint_auto/cmake)
[7.055s] -- Added test 'copyright' to check source files copyright and LICENSE
[7.056s] -- Added test 'cppcheck' to perform static code analysis on C / C++ code
[7.056s] -- Configured cppcheck include dirs: 
[7.056s] -- Configured cppcheck exclude dirs and/or files: 
[7.057s] -- Added test 'cpplint' to check C / C++ code against the Google style
[7.057s] -- Configured cpplint exclude dirs and/or files: 
[7.058s] -- Added test 'lint_cmake' to check CMake code style
[7.059s] -- Added test 'uncrustify' to check C / C++ code style
[7.059s] -- Configured uncrustify additional arguments: 
[7.059s] -- Added test 'xmllint' to check XML markup files
[7.060s] -- Configuring done
[7.066s] -- Generating done
[7.068s] -- Build files have been written to: /home/diseq1/ros2_ws/build/examples_rclcpp_multithreaded_executor
