[1.336s] Invoking command in '/home/diseq1/ros2_ws/build/turtle_tf2_cpp': CMAKE_PREFIX_PATH=/opt/ros/humble /usr/bin/cmake /home/diseq1/ros2_ws/src/geometry_tutorials/turtle_tf2_cpp -DCMAKE_INSTALL_PREFIX=/home/diseq1/ros2_ws/install/turtle_tf2_cpp
[1.523s] -- The C compiler identification is GNU 11.4.0
[2.361s] -- The CXX compiler identification is GNU 11.4.0
[2.816s] -- Detecting C compiler ABI info
[2.982s] -- Detecting C compiler ABI info - done
[2.986s] -- Check for working C compiler: /usr/bin/cc - skipped
[2.986s] -- Detecting C compile features
[2.986s] -- Detecting C compile features - done
[2.987s] -- Detecting CXX compiler ABI info
[3.166s] -- Detecting CXX compiler ABI info - done
[3.169s] -- Check for working CXX compiler: /usr/bin/c++ - skipped
[3.169s] -- Detecting CXX compile features
[3.170s] -- Detecting CXX compile features - done
[3.171s] -- Found ament_cmake: 1.3.12 (/opt/ros/humble/share/ament_cmake/cmake)
[3.247s] -- Found Python3: /usr/bin/python3 (found version "3.10.12") found components: Interpreter 
[3.338s] -- Found geometry_msgs: 4.9.0 (/opt/ros/humble/share/geometry_msgs/cmake)
[3.532s] -- Found rosidl_generator_c: 3.1.8 (/opt/ros/humble/share/rosidl_generator_c/cmake)
[3.536s] -- Found rosidl_adapter: 3.1.8 (/opt/ros/humble/share/rosidl_adapter/cmake)
[3.541s] -- Found rosidl_generator_cpp: 3.1.8 (/opt/ros/humble/share/rosidl_generator_cpp/cmake)
[3.546s] -- Using all available rosidl_typesupport_c: rosidl_typesupport_fastrtps_c;rosidl_typesupport_introspection_c
[3.554s] -- Using all available rosidl_typesupport_cpp: rosidl_typesupport_fastrtps_cpp;rosidl_typesupport_introspection_cpp
[3.583s] -- Found message_filters: 4.3.11 (/opt/ros/humble/share/message_filters/cmake)
[3.605s] -- Found rmw_implementation_cmake: 6.1.2 (/opt/ros/humble/share/rmw_implementation_cmake/cmake)
[3.606s] -- Found rmw_fastrtps_cpp: 6.2.9 (/opt/ros/humble/share/rmw_fastrtps_cpp/cmake)
[4.439s] -- Found OpenSSL: /usr/lib/x86_64-linux-gnu/libcrypto.so (found version "3.0.2")  
[5.510s] -- Found FastRTPS: /opt/ros/humble/include  
[8.728s] -- Using RMW implementation 'rmw_fastrtps_cpp' as default
[8.732s] -- Looking for pthread.h
[8.855s] -- Looking for pthread.h - found
[8.855s] -- Performing Test CMAKE_HAVE_LIBC_PTHREAD
[8.973s] -- Performing Test CMAKE_HAVE_LIBC_PTHREAD - Success
[8.974s] -- Found Threads: TRUE  
[8.996s] -- Found tf2: 0.25.18 (/opt/ros/humble/share/tf2/cmake)
[9.002s] -- Found tf2_geometry_msgs: 0.25.18 (/opt/ros/humble/share/tf2_geometry_msgs/cmake)
[9.060s] -- Found eigen3_cmake_module: 0.1.1 (/opt/ros/humble/share/eigen3_cmake_module/cmake)
[9.061s] -- Found Eigen3: TRUE (found version "3.4.0") 
[9.061s] -- Ensuring Eigen3 include directory is part of orocos-kdl CMake target
[10.462s] [31mCMake Error at CMakeLists.txt:24 (find_package):
[10.462s]   By not providing "Findturtlesim_msgs.cmake" in CMAKE_MODULE_PATH this
[10.462s]   project has asked CMake to find a package configuration file provided by
[10.462s]   "turtlesim_msgs", but CMake did not find one.
[10.462s] 
[10.462s]   Could not find a package configuration file provided by "turtlesim_msgs"
[10.462s]   with any of the following names:
[10.462s] 
[10.462s]     turtlesim_msgsConfig.cmake
[10.462s]     turtlesim_msgs-config.cmake
[10.463s] 
[10.463s]   Add the installation prefix of "turtlesim_msgs" to CMAKE_PREFIX_PATH or set
[10.463s]   "turtlesim_msgs_DIR" to a directory containing one of the above files.  If
[10.463s]   "turtlesim_msgs" provides a separate development package or SDK, be sure it
[10.463s]   has been installed.
[10.463s] 
[10.463s] [0m
[10.463s] -- Configuring incomplete, errors occurred!
[10.463s] See also "/home/diseq1/ros2_ws/build/turtle_tf2_cpp/CMakeFiles/CMakeOutput.log".
