[1.946s] Invoking command in '/home/diseq1/ros2_ws/src/ros2-tutorials/rclpy/actions/minimal_action_client': PYTHONPATH=/home/diseq1/ros2_ws/build/examples_rclpy_minimal_action_client/prefix_override:/usr/lib/python3/dist-packages/colcon_core/task/python/colcon_distutils_commands:/home/diseq1/ros2_ws/install/examples_rclpy_minimal_action_client/lib/python3.10/site-packages:${PYTHONPATH} /usr/bin/python3 -W ignore:setup.py install is deprecated -W ignore:easy_install command is deprecated setup.py egg_info --egg-base ../../../../../build/examples_rclpy_minimal_action_client build --build-base /home/diseq1/ros2_ws/build/examples_rclpy_minimal_action_client/build install --record /home/diseq1/ros2_ws/build/examples_rclpy_minimal_action_client/install.log --single-version-externally-managed install_data
[2.093s] running egg_info
[2.094s] writing ../../../../../build/examples_rclpy_minimal_action_client/examples_rclpy_minimal_action_client.egg-info/PKG-INFO
[2.094s] writing dependency_links to ../../../../../build/examples_rclpy_minimal_action_client/examples_rclpy_minimal_action_client.egg-info/dependency_links.txt
[2.094s] writing entry points to ../../../../../build/examples_rclpy_minimal_action_client/examples_rclpy_minimal_action_client.egg-info/entry_points.txt
[2.094s] writing requirements to ../../../../../build/examples_rclpy_minimal_action_client/examples_rclpy_minimal_action_client.egg-info/requires.txt
[2.094s] writing top-level names to ../../../../../build/examples_rclpy_minimal_action_client/examples_rclpy_minimal_action_client.egg-info/top_level.txt
[2.096s] reading manifest file '../../../../../build/examples_rclpy_minimal_action_client/examples_rclpy_minimal_action_client.egg-info/SOURCES.txt'
[2.096s] writing manifest file '../../../../../build/examples_rclpy_minimal_action_client/examples_rclpy_minimal_action_client.egg-info/SOURCES.txt'
[2.096s] running build
[2.096s] running build_py
[2.097s] running install
[2.097s] running install_lib
[2.098s] running install_data
[2.098s] running install_egg_info
[2.100s] removing '/home/diseq1/ros2_ws/install/examples_rclpy_minimal_action_client/lib/python3.10/site-packages/examples_rclpy_minimal_action_client-0.21.4-py3.10.egg-info' (and everything under it)
[2.100s] Copying ../../../../../build/examples_rclpy_minimal_action_client/examples_rclpy_minimal_action_client.egg-info to /home/diseq1/ros2_ws/install/examples_rclpy_minimal_action_client/lib/python3.10/site-packages/examples_rclpy_minimal_action_client-0.21.4-py3.10.egg-info
[2.101s] running install_scripts
[2.119s] Installing client script to /home/diseq1/ros2_ws/install/examples_rclpy_minimal_action_client/lib/examples_rclpy_minimal_action_client
[2.119s] Installing client_asyncio script to /home/diseq1/ros2_ws/install/examples_rclpy_minimal_action_client/lib/examples_rclpy_minimal_action_client
[2.119s] Installing client_cancel script to /home/diseq1/ros2_ws/install/examples_rclpy_minimal_action_client/lib/examples_rclpy_minimal_action_client
[2.120s] Installing client_not_composable script to /home/diseq1/ros2_ws/install/examples_rclpy_minimal_action_client/lib/examples_rclpy_minimal_action_client
[2.120s] writing list of installed files to '/home/diseq1/ros2_ws/build/examples_rclpy_minimal_action_client/install.log'
[2.154s] Invoked command in '/home/diseq1/ros2_ws/src/ros2-tutorials/rclpy/actions/minimal_action_client' returned '0': PYTHONPATH=/home/diseq1/ros2_ws/build/examples_rclpy_minimal_action_client/prefix_override:/usr/lib/python3/dist-packages/colcon_core/task/python/colcon_distutils_commands:/home/diseq1/ros2_ws/install/examples_rclpy_minimal_action_client/lib/python3.10/site-packages:${PYTHONPATH} /usr/bin/python3 -W ignore:setup.py install is deprecated -W ignore:easy_install command is deprecated setup.py egg_info --egg-base ../../../../../build/examples_rclpy_minimal_action_client build --build-base /home/diseq1/ros2_ws/build/examples_rclpy_minimal_action_client/build install --record /home/diseq1/ros2_ws/build/examples_rclpy_minimal_action_client/install.log --single-version-externally-managed install_data
