[0.005s] Invoking command in '/home/diseq1/ros2_ws/build/urdf_tutorial': CMAKE_PREFIX_PATH=/opt/ros/humble /usr/bin/cmake /home/diseq1/ros2_ws/src/urdf_tutorial -DCMAKE_INSTALL_PREFIX=/home/diseq1/ros2_ws/install/urdf_tutorial
[0.096s] -- The C compiler identification is GNU 11.4.0
[0.436s] -- The CXX compiler identification is GNU 11.4.0
[0.699s] -- Detecting C compiler ABI info
[0.790s] -- Detecting C compiler ABI info - done
[0.793s] -- Check for working C compiler: /usr/bin/cc - skipped
[0.793s] -- Detecting C compile features
[0.793s] -- Detecting C compile features - done
[0.794s] -- Detecting CXX compiler ABI info
[0.890s] -- Detecting CXX compiler ABI info - done
[0.893s] -- Check for working CXX compiler: /usr/bin/c++ - skipped
[0.894s] -- Detecting CXX compile features
[0.894s] -- Detecting CXX compile features - done
[0.897s] -- Found ament_cmake: 1.3.12 (/opt/ros/humble/share/ament_cmake/cmake)
[0.970s] -- Found Python3: /usr/bin/python3 (found version "3.10.12") found components: Interpreter 
[1.015s] -- Found ament_lint_auto: 0.12.14 (/opt/ros/humble/share/ament_lint_auto/cmake)
[1.053s] -- Added test 'flake8' to check Python code syntax and style conventions
[1.054s] -- Added test 'lint_cmake' to check CMake code style
[1.054s] -- Added test 'pep257' to check Python code against some of the docstring style conventions in PEP 257
[1.055s] -- Added test 'xmllint' to check XML markup files
[1.055s] -- Configuring done
[1.057s] -- Generating done
[1.058s] -- Build files have been written to: /home/diseq1/ros2_ws/build/urdf_tutorial
[1.061s] Invoked command in '/home/diseq1/ros2_ws/build/urdf_tutorial' returned '0': CMAKE_PREFIX_PATH=/opt/ros/humble /usr/bin/cmake /home/diseq1/ros2_ws/src/urdf_tutorial -DCMAKE_INSTALL_PREFIX=/home/diseq1/ros2_ws/install/urdf_tutorial
[1.062s] Invoking command in '/home/diseq1/ros2_ws/build/urdf_tutorial': CMAKE_PREFIX_PATH=/opt/ros/humble /usr/bin/cmake --build /home/diseq1/ros2_ws/build/urdf_tutorial -- -j32 -l32
[1.079s] Invoked command in '/home/diseq1/ros2_ws/build/urdf_tutorial' returned '0': CMAKE_PREFIX_PATH=/opt/ros/humble /usr/bin/cmake --build /home/diseq1/ros2_ws/build/urdf_tutorial -- -j32 -l32
[1.084s] Invoking command in '/home/diseq1/ros2_ws/build/urdf_tutorial': CMAKE_PREFIX_PATH=/opt/ros/humble /usr/bin/cmake --install /home/diseq1/ros2_ws/build/urdf_tutorial
[1.087s] -- Install configuration: ""
[1.087s] -- Installing: /home/diseq1/ros2_ws/install/urdf_tutorial/share/urdf_tutorial/launch
[1.088s] -- Installing: /home/diseq1/ros2_ws/install/urdf_tutorial/share/urdf_tutorial/launch/display.launch.py
[1.088s] -- Installing: /home/diseq1/ros2_ws/install/urdf_tutorial/share/urdf_tutorial/urdf
[1.088s] -- Installing: /home/diseq1/ros2_ws/install/urdf_tutorial/share/urdf_tutorial/urdf/01-simple-link.urdf
[1.088s] -- Installing: /home/diseq1/ros2_ws/install/urdf_tutorial/share/ament_index/resource_index/package_run_dependencies/urdf_tutorial
[1.088s] -- Installing: /home/diseq1/ros2_ws/install/urdf_tutorial/share/ament_index/resource_index/parent_prefix_path/urdf_tutorial
[1.088s] -- Installing: /home/diseq1/ros2_ws/install/urdf_tutorial/share/urdf_tutorial/environment/ament_prefix_path.sh
[1.088s] -- Installing: /home/diseq1/ros2_ws/install/urdf_tutorial/share/urdf_tutorial/environment/ament_prefix_path.dsv
[1.089s] -- Installing: /home/diseq1/ros2_ws/install/urdf_tutorial/share/urdf_tutorial/environment/path.sh
[1.089s] -- Installing: /home/diseq1/ros2_ws/install/urdf_tutorial/share/urdf_tutorial/environment/path.dsv
[1.089s] -- Installing: /home/diseq1/ros2_ws/install/urdf_tutorial/share/urdf_tutorial/local_setup.bash
[1.089s] -- Installing: /home/diseq1/ros2_ws/install/urdf_tutorial/share/urdf_tutorial/local_setup.sh
[1.089s] -- Installing: /home/diseq1/ros2_ws/install/urdf_tutorial/share/urdf_tutorial/local_setup.zsh
[1.089s] -- Installing: /home/diseq1/ros2_ws/install/urdf_tutorial/share/urdf_tutorial/local_setup.dsv
[1.089s] -- Installing: /home/diseq1/ros2_ws/install/urdf_tutorial/share/urdf_tutorial/package.dsv
[1.089s] -- Installing: /home/diseq1/ros2_ws/install/urdf_tutorial/share/ament_index/resource_index/packages/urdf_tutorial
[1.089s] -- Installing: /home/diseq1/ros2_ws/install/urdf_tutorial/share/urdf_tutorial/cmake/urdf_tutorialConfig.cmake
[1.089s] -- Installing: /home/diseq1/ros2_ws/install/urdf_tutorial/share/urdf_tutorial/cmake/urdf_tutorialConfig-version.cmake
[1.089s] -- Installing: /home/diseq1/ros2_ws/install/urdf_tutorial/share/urdf_tutorial/package.xml
[1.091s] Invoked command in '/home/diseq1/ros2_ws/build/urdf_tutorial' returned '0': CMAKE_PREFIX_PATH=/opt/ros/humble /usr/bin/cmake --install /home/diseq1/ros2_ws/build/urdf_tutorial
