[1.944s] Invoking command in '/home/diseq1/ros2_ws/src/ros2-tutorials/rclpy/topics/minimal_publisher': PYTHONPATH=/home/diseq1/ros2_ws/build/examples_rclpy_minimal_publisher/prefix_override:/usr/lib/python3/dist-packages/colcon_core/task/python/colcon_distutils_commands:/home/diseq1/ros2_ws/install/examples_rclpy_minimal_publisher/lib/python3.10/site-packages:${PYTHONPATH} /usr/bin/python3 -W ignore:setup.py install is deprecated -W ignore:easy_install command is deprecated setup.py egg_info --egg-base ../../../../../build/examples_rclpy_minimal_publisher build --build-base /home/diseq1/ros2_ws/build/examples_rclpy_minimal_publisher/build install --record /home/diseq1/ros2_ws/build/examples_rclpy_minimal_publisher/install.log --single-version-externally-managed install_data
[2.118s] running egg_info
[2.120s] writing ../../../../../build/examples_rclpy_minimal_publisher/examples_rclpy_minimal_publisher.egg-info/PKG-INFO
[2.120s] writing dependency_links to ../../../../../build/examples_rclpy_minimal_publisher/examples_rclpy_minimal_publisher.egg-info/dependency_links.txt
[2.120s] writing entry points to ../../../../../build/examples_rclpy_minimal_publisher/examples_rclpy_minimal_publisher.egg-info/entry_points.txt
[2.120s] writing requirements to ../../../../../build/examples_rclpy_minimal_publisher/examples_rclpy_minimal_publisher.egg-info/requires.txt
[2.120s] writing top-level names to ../../../../../build/examples_rclpy_minimal_publisher/examples_rclpy_minimal_publisher.egg-info/top_level.txt
[2.121s] reading manifest file '../../../../../build/examples_rclpy_minimal_publisher/examples_rclpy_minimal_publisher.egg-info/SOURCES.txt'
[2.121s] writing manifest file '../../../../../build/examples_rclpy_minimal_publisher/examples_rclpy_minimal_publisher.egg-info/SOURCES.txt'
[2.121s] running build
[2.121s] running build_py
[2.121s] running install
[2.122s] running install_lib
[2.124s] running install_data
[2.124s] running install_egg_info
[2.125s] removing '/home/diseq1/ros2_ws/install/examples_rclpy_minimal_publisher/lib/python3.10/site-packages/examples_rclpy_minimal_publisher-0.21.4-py3.10.egg-info' (and everything under it)
[2.125s] Copying ../../../../../build/examples_rclpy_minimal_publisher/examples_rclpy_minimal_publisher.egg-info to /home/diseq1/ros2_ws/install/examples_rclpy_minimal_publisher/lib/python3.10/site-packages/examples_rclpy_minimal_publisher-0.21.4-py3.10.egg-info
[2.127s] running install_scripts
[2.137s] Installing publisher_local_function script to /home/diseq1/ros2_ws/install/examples_rclpy_minimal_publisher/lib/examples_rclpy_minimal_publisher
[2.137s] Installing publisher_member_function script to /home/diseq1/ros2_ws/install/examples_rclpy_minimal_publisher/lib/examples_rclpy_minimal_publisher
[2.137s] Installing publisher_member_function_with_wait_for_all_acked script to /home/diseq1/ros2_ws/install/examples_rclpy_minimal_publisher/lib/examples_rclpy_minimal_publisher
[2.137s] Installing publisher_old_school script to /home/diseq1/ros2_ws/install/examples_rclpy_minimal_publisher/lib/examples_rclpy_minimal_publisher
[2.138s] writing list of installed files to '/home/diseq1/ros2_ws/build/examples_rclpy_minimal_publisher/install.log'
[2.188s] Invoked command in '/home/diseq1/ros2_ws/src/ros2-tutorials/rclpy/topics/minimal_publisher' returned '0': PYTHONPATH=/home/diseq1/ros2_ws/build/examples_rclpy_minimal_publisher/prefix_override:/usr/lib/python3/dist-packages/colcon_core/task/python/colcon_distutils_commands:/home/diseq1/ros2_ws/install/examples_rclpy_minimal_publisher/lib/python3.10/site-packages:${PYTHONPATH} /usr/bin/python3 -W ignore:setup.py install is deprecated -W ignore:easy_install command is deprecated setup.py egg_info --egg-base ../../../../../build/examples_rclpy_minimal_publisher build --build-base /home/diseq1/ros2_ws/build/examples_rclpy_minimal_publisher/build install --record /home/diseq1/ros2_ws/build/examples_rclpy_minimal_publisher/install.log --single-version-externally-managed install_data
