[1.208s] Invoking command in '/home/diseq1/ros2_ws/build/geometry_tutorials': CMAKE_PREFIX_PATH=/opt/ros/humble /usr/bin/cmake /home/diseq1/ros2_ws/src/geometry_tutorials/geometry_tutorials -DCMAKE_INSTALL_PREFIX=/home/diseq1/ros2_ws/install/geometry_tutorials
[1.529s] -- Found ament_cmake: 1.3.12 (/opt/ros/humble/share/ament_cmake/cmake)
[1.529s] -- Found Python3: /usr/bin/python3 (found version "3.10.12") found components: Interpreter 
[1.530s] -- Configuring done
[1.530s] -- Generating done
[1.530s] -- Build files have been written to: /home/diseq1/ros2_ws/build/geometry_tutorials
[1.530s] Invoked command in '/home/diseq1/ros2_ws/build/geometry_tutorials' returned '0': CMAKE_PREFIX_PATH=/opt/ros/humble /usr/bin/cmake /home/diseq1/ros2_ws/src/geometry_tutorials/geometry_tutorials -DCMAKE_INSTALL_PREFIX=/home/diseq1/ros2_ws/install/geometry_tutorials
[1.530s] Invoking command in '/home/diseq1/ros2_ws/build/geometry_tutorials': CMAKE_PREFIX_PATH=/opt/ros/humble /usr/bin/cmake --build /home/diseq1/ros2_ws/build/geometry_tutorials -- -j32 -l32
[3.344s] Invoked command in '/home/diseq1/ros2_ws/build/geometry_tutorials' returned '0': CMAKE_PREFIX_PATH=/opt/ros/humble /usr/bin/cmake --build /home/diseq1/ros2_ws/build/geometry_tutorials -- -j32 -l32
[3.344s] Invoking command in '/home/diseq1/ros2_ws/build/geometry_tutorials': CMAKE_PREFIX_PATH=/opt/ros/humble /usr/bin/cmake --install /home/diseq1/ros2_ws/build/geometry_tutorials
[3.495s] -- Install configuration: ""
[3.496s] -- Installing: /home/diseq1/ros2_ws/install/geometry_tutorials/share/ament_index/resource_index/package_run_dependencies/geometry_tutorials
[3.496s] -- Installing: /home/diseq1/ros2_ws/install/geometry_tutorials/share/ament_index/resource_index/parent_prefix_path/geometry_tutorials
[3.497s] -- Installing: /home/diseq1/ros2_ws/install/geometry_tutorials/share/geometry_tutorials/environment/ament_prefix_path.sh
[3.497s] -- Installing: /home/diseq1/ros2_ws/install/geometry_tutorials/share/geometry_tutorials/environment/ament_prefix_path.dsv
[3.497s] -- Installing: /home/diseq1/ros2_ws/install/geometry_tutorials/share/geometry_tutorials/environment/path.sh
[3.497s] -- Installing: /home/diseq1/ros2_ws/install/geometry_tutorials/share/geometry_tutorials/environment/path.dsv
[3.497s] -- Installing: /home/diseq1/ros2_ws/install/geometry_tutorials/share/geometry_tutorials/local_setup.bash
[3.497s] -- Installing: /home/diseq1/ros2_ws/install/geometry_tutorials/share/geometry_tutorials/local_setup.sh
[3.497s] -- Installing: /home/diseq1/ros2_ws/install/geometry_tutorials/share/geometry_tutorials/local_setup.zsh
[3.497s] -- Installing: /home/diseq1/ros2_ws/install/geometry_tutorials/share/geometry_tutorials/local_setup.dsv
[3.498s] -- Installing: /home/diseq1/ros2_ws/install/geometry_tutorials/share/geometry_tutorials/package.dsv
[3.498s] -- Installing: /home/diseq1/ros2_ws/install/geometry_tutorials/share/ament_index/resource_index/packages/geometry_tutorials
[3.498s] -- Installing: /home/diseq1/ros2_ws/install/geometry_tutorials/share/geometry_tutorials/cmake/geometry_tutorialsConfig.cmake
[3.498s] -- Installing: /home/diseq1/ros2_ws/install/geometry_tutorials/share/geometry_tutorials/cmake/geometry_tutorialsConfig-version.cmake
[3.498s] -- Installing: /home/diseq1/ros2_ws/install/geometry_tutorials/share/geometry_tutorials/package.xml
[3.508s] Invoked command in '/home/diseq1/ros2_ws/build/geometry_tutorials' returned '0': CMAKE_PREFIX_PATH=/opt/ros/humble /usr/bin/cmake --install /home/diseq1/ros2_ws/build/geometry_tutorials
