[0.076s] Invoking command in '/home/diseq1/ros2_ws/build/examples_rclcpp_minimal_publisher': CMAKE_PREFIX_PATH=/opt/ros/humble /usr/bin/cmake /home/diseq1/ros2_ws/src/ros2-tutorials/rclcpp/topics/minimal_publisher -DCMAKE_INSTALL_PREFIX=/home/diseq1/ros2_ws/install/examples_rclcpp_minimal_publisher
[3.568s] -- Found ament_cmake: 1.3.12 (/opt/ros/humble/share/ament_cmake/cmake)
[3.568s] -- Found rclcpp: 16.0.17 (/opt/ros/humble/share/rclcpp/cmake)
[3.568s] -- Found rosidl_generator_c: 3.1.8 (/opt/ros/humble/share/rosidl_generator_c/cmake)
[3.568s] -- Found rosidl_adapter: 3.1.8 (/opt/ros/humble/share/rosidl_adapter/cmake)
[3.568s] -- Found rosidl_generator_cpp: 3.1.8 (/opt/ros/humble/share/rosidl_generator_cpp/cmake)
[3.568s] -- Using all available rosidl_typesupport_c: rosidl_typesupport_fastrtps_c;rosidl_typesupport_introspection_c
[3.569s] -- Using all available rosidl_typesupport_cpp: rosidl_typesupport_fastrtps_cpp;rosidl_typesupport_introspection_cpp
[3.569s] -- Found rmw_implementation_cmake: 6.1.2 (/opt/ros/humble/share/rmw_implementation_cmake/cmake)
[3.569s] -- Found rmw_fastrtps_cpp: 6.2.9 (/opt/ros/humble/share/rmw_fastrtps_cpp/cmake)
[10.849s] -- Using RMW implementation 'rmw_fastrtps_cpp' as default
[10.883s] -- Found ament_lint_auto: 0.12.14 (/opt/ros/humble/share/ament_lint_auto/cmake)
[10.952s] -- Added test 'copyright' to check source files copyright and LICENSE
[10.953s] -- Added test 'cppcheck' to perform static code analysis on C / C++ code
[10.953s] -- Configured cppcheck include dirs: 
[10.953s] -- Configured cppcheck exclude dirs and/or files: 
[10.954s] -- Added test 'cpplint' to check C / C++ code against the Google style
[10.954s] -- Configured cpplint exclude dirs and/or files: 
[10.954s] -- Added test 'lint_cmake' to check CMake code style
[10.955s] -- Added test 'uncrustify' to check C / C++ code style
[10.955s] -- Configured uncrustify additional arguments: 
[10.955s] -- Added test 'xmllint' to check XML markup files
[10.957s] -- Configuring done
[10.961s] [31mCMake Error at CMakeLists.txt:21 (add_executable):
[10.961s]   Cannot find source file:
[10.961s] 
[10.961s]     member_function.cpp
[10.961s] 
[10.961s] [0m
[10.961s] [31mCMake Error at CMakeLists.txt:21 (add_executable):
[10.961s]   No SOURCES given to target: publisher_member_function
[10.961s] 
[10.961s] [0m
[10.961s] [0mCMake Generate step failed.  Build files cannot be regenerated correctly.[0m
