[0.071s] Invoking command in '/home/diseq1/ros2_ws/build/examples_rclcpp_minimal_action_client': CMAKE_PREFIX_PATH=/opt/ros/humble /usr/bin/cmake /home/diseq1/ros2_ws/src/ros2-tutorials/rclcpp/actions/minimal_action_client -DCMAKE_INSTALL_PREFIX=/home/diseq1/ros2_ws/install/examples_rclcpp_minimal_action_client
[1.554s] -- The C compiler identification is GNU 11.4.0
[1.554s] -- The CXX compiler identification is GNU 11.4.0
[1.554s] -- Detecting C compiler ABI info
[1.554s] -- Detecting C compiler ABI info - done
[1.555s] -- Check for working C compiler: /usr/bin/cc - skipped
[1.555s] -- Detecting C compile features
[1.555s] -- Detecting C compile features - done
[1.555s] -- Detecting CXX compiler ABI info
[1.555s] -- Detecting CXX compiler ABI info - done
[1.555s] -- Check for working CXX compiler: /usr/bin/c++ - skipped
[1.555s] -- Detecting CXX compile features
[1.555s] -- Detecting CXX compile features - done
[1.555s] -- Found ament_cmake: 1.3.12 (/opt/ros/humble/share/ament_cmake/cmake)
[1.555s] -- Found Python3: /usr/bin/python3 (found version "3.10.12") found components: Interpreter 
[1.555s] -- Found example_interfaces: 0.9.3 (/opt/ros/humble/share/example_interfaces/cmake)
[1.555s] -- Found rosidl_generator_c: 3.1.8 (/opt/ros/humble/share/rosidl_generator_c/cmake)
[1.555s] -- Found rosidl_adapter: 3.1.8 (/opt/ros/humble/share/rosidl_adapter/cmake)
[1.555s] -- Found rosidl_generator_cpp: 3.1.8 (/opt/ros/humble/share/rosidl_generator_cpp/cmake)
[1.555s] -- Using all available rosidl_typesupport_c: rosidl_typesupport_fastrtps_c;rosidl_typesupport_introspection_c
[1.555s] -- Using all available rosidl_typesupport_cpp: rosidl_typesupport_fastrtps_cpp;rosidl_typesupport_introspection_cpp
[1.555s] -- Found rclcpp: 16.0.17 (/opt/ros/humble/share/rclcpp/cmake)
[1.555s] -- Found rmw_implementation_cmake: 6.1.2 (/opt/ros/humble/share/rmw_implementation_cmake/cmake)
[1.555s] -- Found rmw_fastrtps_cpp: 6.2.9 (/opt/ros/humble/share/rmw_fastrtps_cpp/cmake)
[2.578s] -- Found OpenSSL: /usr/lib/x86_64-linux-gnu/libcrypto.so (found version "3.0.2")  
[3.687s] -- Found FastRTPS: /opt/ros/humble/include  
[5.661s] -- Using RMW implementation 'rmw_fastrtps_cpp' as default
[5.665s] -- Looking for pthread.h
[5.788s] -- Looking for pthread.h - found
[5.789s] -- Performing Test CMAKE_HAVE_LIBC_PTHREAD
[5.935s] -- Performing Test CMAKE_HAVE_LIBC_PTHREAD - Success
[5.936s] -- Found Threads: TRUE  
[5.966s] -- Found rclcpp_action: 16.0.17 (/opt/ros/humble/share/rclcpp_action/cmake)
[5.975s] -- Found ament_lint_auto: 0.12.14 (/opt/ros/humble/share/ament_lint_auto/cmake)
[6.020s] -- Added test 'copyright' to check source files copyright and LICENSE
[6.021s] -- Added test 'cppcheck' to perform static code analysis on C / C++ code
[6.021s] -- Configured cppcheck include dirs: 
[6.021s] -- Configured cppcheck exclude dirs and/or files: 
[6.022s] -- Added test 'cpplint' to check C / C++ code against the Google style
[6.022s] -- Configured cpplint exclude dirs and/or files: 
[6.022s] -- Added test 'lint_cmake' to check CMake code style
[6.023s] -- Added test 'uncrustify' to check C / C++ code style
[6.023s] -- Configured uncrustify additional arguments: 
[6.024s] -- Added test 'xmllint' to check XML markup files
[6.025s] -- Configuring done
[6.037s] -- Generating done
[6.042s] -- Build files have been written to: /home/diseq1/ros2_ws/build/examples_rclcpp_minimal_action_client
