[0.098s] Invoking command in '/home/diseq1/ros2_ws/build/examples_rclcpp_minimal_publisher': CMAKE_PREFIX_PATH=${CMAKE_PREFIX_PATH}:/home/diseq1/ros2_ws/install/turtle_tf2_py:/home/diseq1/ros2_ws/install/launch_testing_examples:/home/diseq1/ros2_ws/install/examples_rclpy_pointcloud_publisher:/home/diseq1/ros2_ws/install/examples_rclpy_minimal_subscriber:/home/diseq1/ros2_ws/install/examples_rclpy_minimal_service:/home/diseq1/ros2_ws/install/examples_rclpy_minimal_publisher:/home/diseq1/ros2_ws/install/examples_rclpy_minimal_client:/home/diseq1/ros2_ws/install/examples_rclpy_minimal_action_server:/home/diseq1/ros2_ws/install/examples_rclpy_minimal_action_client:/home/diseq1/ros2_ws/install/examples_rclpy_guard_conditions:/home/diseq1/ros2_ws/install/examples_rclpy_executors:/opt/ros/humble /usr/bin/cmake /home/diseq1/ros2_ws/src/ros2-tutorials/rclcpp/topics/minimal_publisher -DCMAKE_INSTALL_PREFIX=/home/diseq1/ros2_ws/install/examples_rclcpp_minimal_publisher
[1.601s] -- Found ament_cmake: 1.3.12 (/opt/ros/humble/share/ament_cmake/cmake)
[1.601s] -- Found rclcpp: 16.0.17 (/opt/ros/humble/share/rclcpp/cmake)
[1.601s] -- Found rosidl_generator_c: 3.1.8 (/opt/ros/humble/share/rosidl_generator_c/cmake)
[1.601s] -- Found rosidl_adapter: 3.1.8 (/opt/ros/humble/share/rosidl_adapter/cmake)
[1.601s] -- Found rosidl_generator_cpp: 3.1.8 (/opt/ros/humble/share/rosidl_generator_cpp/cmake)
[1.601s] -- Using all available rosidl_typesupport_c: rosidl_typesupport_fastrtps_c;rosidl_typesupport_introspection_c
[1.602s] -- Using all available rosidl_typesupport_cpp: rosidl_typesupport_fastrtps_cpp;rosidl_typesupport_introspection_cpp
[1.602s] -- Found rmw_implementation_cmake: 6.1.2 (/opt/ros/humble/share/rmw_implementation_cmake/cmake)
[1.602s] -- Found rmw_fastrtps_cpp: 6.2.9 (/opt/ros/humble/share/rmw_fastrtps_cpp/cmake)
[2.594s] -- Using RMW implementation 'rmw_fastrtps_cpp' as default
[2.623s] -- Found ament_lint_auto: 0.12.14 (/opt/ros/humble/share/ament_lint_auto/cmake)
[2.659s] -- Added test 'copyright' to check source files copyright and LICENSE
[2.659s] -- Added test 'cppcheck' to perform static code analysis on C / C++ code
[2.660s] -- Configured cppcheck include dirs: 
[2.660s] -- Configured cppcheck exclude dirs and/or files: 
[2.660s] -- Added test 'cpplint' to check C / C++ code against the Google style
[2.660s] -- Configured cpplint exclude dirs and/or files: 
[2.660s] -- Added test 'lint_cmake' to check CMake code style
[2.660s] -- Added test 'uncrustify' to check C / C++ code style
[2.660s] -- Configured uncrustify additional arguments: 
[2.660s] -- Added test 'xmllint' to check XML markup files
[2.661s] -- Configuring done
[2.662s] [31mCMake Error at CMakeLists.txt:21 (add_executable):
[2.662s]   Cannot find source file:
[2.662s] 
[2.662s]     member_function.cpp
[2.662s] 
[2.662s] [0m
[2.663s] [31mCMake Error at CMakeLists.txt:21 (add_executable):
[2.663s]   No SOURCES given to target: publisher_member_function
[2.663s] 
[2.663s] [0m
[2.663s] [0mCMake Generate step failed.  Build files cannot be regenerated correctly.[0m
[2.667s] Invoked command in '/home/diseq1/ros2_ws/build/examples_rclcpp_minimal_publisher' returned '1': CMAKE_PREFIX_PATH=${CMAKE_PREFIX_PATH}:/home/diseq1/ros2_ws/install/turtle_tf2_py:/home/diseq1/ros2_ws/install/launch_testing_examples:/home/diseq1/ros2_ws/install/examples_rclpy_pointcloud_publisher:/home/diseq1/ros2_ws/install/examples_rclpy_minimal_subscriber:/home/diseq1/ros2_ws/install/examples_rclpy_minimal_service:/home/diseq1/ros2_ws/install/examples_rclpy_minimal_publisher:/home/diseq1/ros2_ws/install/examples_rclpy_minimal_client:/home/diseq1/ros2_ws/install/examples_rclpy_minimal_action_server:/home/diseq1/ros2_ws/install/examples_rclpy_minimal_action_client:/home/diseq1/ros2_ws/install/examples_rclpy_guard_conditions:/home/diseq1/ros2_ws/install/examples_rclpy_executors:/opt/ros/humble /usr/bin/cmake /home/diseq1/ros2_ws/src/ros2-tutorials/rclcpp/topics/minimal_publisher -DCMAKE_INSTALL_PREFIX=/home/diseq1/ros2_ws/install/examples_rclcpp_minimal_publisher
