[35m[1mConsolidate compiler generated dependencies of target talker[0m
[35m[1mConsolidate compiler generated dependencies of target wait_set[0m
[35m[1mConsolidate compiler generated dependencies of target wait_set_talker[0m
[35m[1mConsolidate compiler generated dependencies of target wait_set_topics_and_timer[0m
[35m[1mConsolidate compiler generated dependencies of target listener[0m
[35m[1mConsolidate compiler generated dependencies of target wait_set_listener[0m
[35m[1mConsolidate compiler generated dependencies of target wait_set_random_order[0m
[35m[1mConsolidate compiler generated dependencies of target static_wait_set[0m
[35m[1mConsolidate compiler generated dependencies of target thread_safe_wait_set[0m
[35m[1mConsolidate compiler generated dependencies of target wait_set_topics_with_different_rates[0m
[35m[1mConsolidate compiler generated dependencies of target executor_random_order[0m
[  8%] Built target talker
[ 16%] Built target wait_set_listener
[ 25%] Built target listener
[ 33%] Built target wait_set
[ 41%] Built target wait_set_talker
[ 62%] Built target thread_safe_wait_set
[ 70%] Built target wait_set_random_order
[ 75%] Built target wait_set_topics_with_different_rates
[ 75%] Built target static_wait_set
[ 79%] [32mBuilding CXX object CMakeFiles/wait_set_topics_and_timer.dir/src/wait_set_topics_and_timer.cpp.o[0m
[ 87%] Built target executor_random_order
[ 91%] [32mBuilding CXX object CMakeFiles/wait_set_composed.dir/src/wait_set_composed.cpp.o[0m
[ 95%] [32m[1mLinking CXX executable wait_set_composed[0m
[ 95%] Built target wait_set_composed
