[0.101s] Invoking command in '/home/diseq1/ros2_ws/build/examples_rclcpp_wait_set': CMAKE_PREFIX_PATH=${CMAKE_PREFIX_PATH}:/home/diseq1/ros2_ws/install/turtle_tf2_py:/home/diseq1/ros2_ws/install/launch_testing_examples:/home/diseq1/ros2_ws/install/examples_rclpy_pointcloud_publisher:/home/diseq1/ros2_ws/install/examples_rclpy_minimal_subscriber:/home/diseq1/ros2_ws/install/examples_rclpy_minimal_service:/home/diseq1/ros2_ws/install/examples_rclpy_minimal_publisher:/home/diseq1/ros2_ws/install/examples_rclpy_minimal_client:/home/diseq1/ros2_ws/install/examples_rclpy_minimal_action_server:/home/diseq1/ros2_ws/install/examples_rclpy_minimal_action_client:/home/diseq1/ros2_ws/install/examples_rclpy_guard_conditions:/home/diseq1/ros2_ws/install/examples_rclpy_executors:/opt/ros/humble /usr/bin/cmake --build /home/diseq1/ros2_ws/build/examples_rclcpp_wait_set -- -j32 -l32
[1.591s] [35m[1mConsolidate compiler generated dependencies of target talker[0m
[1.592s] [35m[1mConsolidate compiler generated dependencies of target wait_set[0m
[1.592s] [35m[1mConsolidate compiler generated dependencies of target wait_set_talker[0m
[1.592s] [35m[1mConsolidate compiler generated dependencies of target wait_set_topics_and_timer[0m
[1.592s] [35m[1mConsolidate compiler generated dependencies of target listener[0m
[1.592s] [35m[1mConsolidate compiler generated dependencies of target wait_set_listener[0m
[1.592s] [35m[1mConsolidate compiler generated dependencies of target wait_set_random_order[0m
[1.593s] [35m[1mConsolidate compiler generated dependencies of target static_wait_set[0m
[1.593s] [35m[1mConsolidate compiler generated dependencies of target thread_safe_wait_set[0m
[1.593s] [35m[1mConsolidate compiler generated dependencies of target wait_set_topics_with_different_rates[0m
[1.593s] [35m[1mConsolidate compiler generated dependencies of target executor_random_order[0m
[1.593s] [  8%] Built target talker
[1.593s] [ 16%] Built target wait_set_listener
[1.593s] [ 25%] Built target listener
[1.593s] [ 33%] Built target wait_set
[1.593s] [ 41%] Built target wait_set_talker
[1.593s] [ 62%] Built target thread_safe_wait_set
[1.593s] [ 70%] Built target wait_set_random_order
[1.593s] [ 75%] Built target wait_set_topics_with_different_rates
[1.594s] [ 75%] Built target static_wait_set
[1.594s] [ 79%] [32mBuilding CXX object CMakeFiles/wait_set_topics_and_timer.dir/src/wait_set_topics_and_timer.cpp.o[0m
[1.594s] [ 87%] Built target executor_random_order
[1.594s] [ 91%] [32mBuilding CXX object CMakeFiles/wait_set_composed.dir/src/wait_set_composed.cpp.o[0m
[1.594s] [01m[K/home/diseq1/ros2_ws/src/ros2-tutorials/rclcpp/wait_set/src/wait_set_topics_and_timer.cpp:[m[K In function ‘[01m[Kint32_t main(int32_t, char**)[m[K’:
[1.594s] [01m[K/home/diseq1/ros2_ws/src/ros2-tutorials/rclcpp/wait_set/src/wait_set_topics_and_timer.cpp:76:42:[m[K [01;31m[Kerror: [m[Kno matching function for call to ‘[01m[Krclcpp::TimerBase::execute_callback(bool&)[m[K’
[1.594s]    76 |           [01;31m[Kone_off_timer->execute_callback(data)[m[K;
[1.594s]       |           [01;31m[K~~~~~~~~~~~~~~~~~~~~~~~~~~~~~~~^~~~~~[m[K
[1.595s] In file included from [01m[K/opt/ros/humble/include/rclcpp/rclcpp/callback_group.hpp:30[m[K,
[1.595s]                  from [01m[K/opt/ros/humble/include/rclcpp/rclcpp/any_executable.hpp:20[m[K,
[1.595s]                  from [01m[K/opt/ros/humble/include/rclcpp/rclcpp/memory_strategy.hpp:25[m[K,
[1.595s]                  from [01m[K/opt/ros/humble/include/rclcpp/rclcpp/memory_strategies.hpp:18[m[K,
[1.595s]                  from [01m[K/opt/ros/humble/include/rclcpp/rclcpp/executor_options.hpp:20[m[K,
[1.595s]                  from [01m[K/opt/ros/humble/include/rclcpp/rclcpp/executor.hpp:37[m[K,
[1.595s]                  from [01m[K/opt/ros/humble/include/rclcpp/rclcpp/executors/multi_threaded_executor.hpp:25[m[K,
[1.595s]                  from [01m[K/opt/ros/humble/include/rclcpp/rclcpp/executors.hpp:21[m[K,
[1.595s]                  from [01m[K/opt/ros/humble/include/rclcpp/rclcpp/rclcpp.hpp:155[m[K,
[1.596s]                  from [01m[K/home/diseq1/ros2_ws/src/ros2-tutorials/rclcpp/wait_set/src/wait_set_topics_and_timer.cpp:17[m[K:
[1.596s] [01m[K/opt/ros/humble/include/rclcpp/rclcpp/timer.hpp:108:3:[m[K [01;36m[Knote: [m[Kcandidate: ‘[01m[Kvirtual void rclcpp::TimerBase::execute_callback()[m[K’
[1.596s]   108 |   [01;36m[Kexecute_callback[m[K() = 0;
[1.596s]       |   [01;36m[K^~~~~~~~~~~~~~~~[m[K
[1.597s] [01m[K/opt/ros/humble/include/rclcpp/rclcpp/timer.hpp:108:3:[m[K [01;36m[Knote: [m[K  candidate expects 0 arguments, 1 provided
[1.891s] [ 95%] [32m[1mLinking CXX executable wait_set_composed[0m
[2.148s] [ 95%] Built target wait_set_composed
[3.195s] gmake[2]: *** [CMakeFiles/wait_set_topics_and_timer.dir/build.make:76: CMakeFiles/wait_set_topics_and_timer.dir/src/wait_set_topics_and_timer.cpp.o] Error 1
[3.195s] gmake[1]: *** [CMakeFiles/Makefile2:341: CMakeFiles/wait_set_topics_and_timer.dir/all] Error 2
[3.195s] gmake: *** [Makefile:146: all] Error 2
