[1.959s] Invoking command in '/home/diseq1/ros2_ws/src/ros2-tutorials/rclpy/actions/minimal_action_server': PYTHONPATH=/home/diseq1/ros2_ws/build/examples_rclpy_minimal_action_server/prefix_override:/usr/lib/python3/dist-packages/colcon_core/task/python/colcon_distutils_commands:/home/diseq1/ros2_ws/install/examples_rclpy_minimal_action_server/lib/python3.10/site-packages:${PYTHONPATH} /usr/bin/python3 -W ignore:setup.py install is deprecated -W ignore:easy_install command is deprecated setup.py egg_info --egg-base ../../../../../build/examples_rclpy_minimal_action_server build --build-base /home/diseq1/ros2_ws/build/examples_rclpy_minimal_action_server/build install --record /home/diseq1/ros2_ws/build/examples_rclpy_minimal_action_server/install.log --single-version-externally-managed install_data
[2.101s] running egg_info
[2.101s] writing ../../../../../build/examples_rclpy_minimal_action_server/examples_rclpy_minimal_action_server.egg-info/PKG-INFO
[2.101s] writing dependency_links to ../../../../../build/examples_rclpy_minimal_action_server/examples_rclpy_minimal_action_server.egg-info/dependency_links.txt
[2.102s] writing entry points to ../../../../../build/examples_rclpy_minimal_action_server/examples_rclpy_minimal_action_server.egg-info/entry_points.txt
[2.102s] writing requirements to ../../../../../build/examples_rclpy_minimal_action_server/examples_rclpy_minimal_action_server.egg-info/requires.txt
[2.102s] writing top-level names to ../../../../../build/examples_rclpy_minimal_action_server/examples_rclpy_minimal_action_server.egg-info/top_level.txt
[2.103s] reading manifest file '../../../../../build/examples_rclpy_minimal_action_server/examples_rclpy_minimal_action_server.egg-info/SOURCES.txt'
[2.103s] writing manifest file '../../../../../build/examples_rclpy_minimal_action_server/examples_rclpy_minimal_action_server.egg-info/SOURCES.txt'
[2.103s] running build
[2.103s] running build_py
[2.103s] running install
[2.104s] running install_lib
[2.105s] running install_data
[2.105s] running install_egg_info
[2.106s] removing '/home/diseq1/ros2_ws/install/examples_rclpy_minimal_action_server/lib/python3.10/site-packages/examples_rclpy_minimal_action_server-0.21.4-py3.10.egg-info' (and everything under it)
[2.106s] Copying ../../../../../build/examples_rclpy_minimal_action_server/examples_rclpy_minimal_action_server.egg-info to /home/diseq1/ros2_ws/install/examples_rclpy_minimal_action_server/lib/python3.10/site-packages/examples_rclpy_minimal_action_server-0.21.4-py3.10.egg-info
[2.106s] running install_scripts
[2.124s] Installing server script to /home/diseq1/ros2_ws/install/examples_rclpy_minimal_action_server/lib/examples_rclpy_minimal_action_server
[2.126s] Installing server_defer script to /home/diseq1/ros2_ws/install/examples_rclpy_minimal_action_server/lib/examples_rclpy_minimal_action_server
[2.126s] Installing server_not_composable script to /home/diseq1/ros2_ws/install/examples_rclpy_minimal_action_server/lib/examples_rclpy_minimal_action_server
[2.127s] Installing server_queue_goals script to /home/diseq1/ros2_ws/install/examples_rclpy_minimal_action_server/lib/examples_rclpy_minimal_action_server
[2.127s] Installing server_single_goal script to /home/diseq1/ros2_ws/install/examples_rclpy_minimal_action_server/lib/examples_rclpy_minimal_action_server
[2.127s] writing list of installed files to '/home/diseq1/ros2_ws/build/examples_rclpy_minimal_action_server/install.log'
[2.174s] Invoked command in '/home/diseq1/ros2_ws/src/ros2-tutorials/rclpy/actions/minimal_action_server' returned '0': PYTHONPATH=/home/diseq1/ros2_ws/build/examples_rclpy_minimal_action_server/prefix_override:/usr/lib/python3/dist-packages/colcon_core/task/python/colcon_distutils_commands:/home/diseq1/ros2_ws/install/examples_rclpy_minimal_action_server/lib/python3.10/site-packages:${PYTHONPATH} /usr/bin/python3 -W ignore:setup.py install is deprecated -W ignore:easy_install command is deprecated setup.py egg_info --egg-base ../../../../../build/examples_rclpy_minimal_action_server build --build-base /home/diseq1/ros2_ws/build/examples_rclpy_minimal_action_server/build install --record /home/diseq1/ros2_ws/build/examples_rclpy_minimal_action_server/install.log --single-version-externally-managed install_data
