[0.101s] Invoking command in '/home/diseq1/ros2_ws/build/examples_rclcpp_cbg_executor': CMAKE_PREFIX_PATH=${CMAKE_PREFIX_PATH}:/home/diseq1/ros2_ws/install/turtle_tf2_py:/home/diseq1/ros2_ws/install/launch_testing_examples:/home/diseq1/ros2_ws/install/examples_rclpy_pointcloud_publisher:/home/diseq1/ros2_ws/install/examples_rclpy_minimal_subscriber:/home/diseq1/ros2_ws/install/examples_rclpy_minimal_service:/home/diseq1/ros2_ws/install/examples_rclpy_minimal_publisher:/home/diseq1/ros2_ws/install/examples_rclpy_minimal_client:/home/diseq1/ros2_ws/install/examples_rclpy_minimal_action_server:/home/diseq1/ros2_ws/install/examples_rclpy_minimal_action_client:/home/diseq1/ros2_ws/install/examples_rclpy_guard_conditions:/home/diseq1/ros2_ws/install/examples_rclpy_executors:/opt/ros/humble /usr/bin/cmake --build /home/diseq1/ros2_ws/build/examples_rclcpp_cbg_executor -- -j32 -l32
[1.601s] [ 30%] Built target ping
[1.601s] [ 60%] Built target pong
[1.602s] [100%] Built target ping_pong
[1.632s] Invoked command in '/home/diseq1/ros2_ws/build/examples_rclcpp_cbg_executor' returned '0': CMAKE_PREFIX_PATH=${CMAKE_PREFIX_PATH}:/home/diseq1/ros2_ws/install/turtle_tf2_py:/home/diseq1/ros2_ws/install/launch_testing_examples:/home/diseq1/ros2_ws/install/examples_rclpy_pointcloud_publisher:/home/diseq1/ros2_ws/install/examples_rclpy_minimal_subscriber:/home/diseq1/ros2_ws/install/examples_rclpy_minimal_service:/home/diseq1/ros2_ws/install/examples_rclpy_minimal_publisher:/home/diseq1/ros2_ws/install/examples_rclpy_minimal_client:/home/diseq1/ros2_ws/install/examples_rclpy_minimal_action_server:/home/diseq1/ros2_ws/install/examples_rclpy_minimal_action_client:/home/diseq1/ros2_ws/install/examples_rclpy_guard_conditions:/home/diseq1/ros2_ws/install/examples_rclpy_executors:/opt/ros/humble /usr/bin/cmake --build /home/diseq1/ros2_ws/build/examples_rclcpp_cbg_executor -- -j32 -l32
[1.635s] Invoking command in '/home/diseq1/ros2_ws/build/examples_rclcpp_cbg_executor': CMAKE_PREFIX_PATH=${CMAKE_PREFIX_PATH}:/home/diseq1/ros2_ws/install/turtle_tf2_py:/home/diseq1/ros2_ws/install/launch_testing_examples:/home/diseq1/ros2_ws/install/examples_rclpy_pointcloud_publisher:/home/diseq1/ros2_ws/install/examples_rclpy_minimal_subscriber:/home/diseq1/ros2_ws/install/examples_rclpy_minimal_service:/home/diseq1/ros2_ws/install/examples_rclpy_minimal_publisher:/home/diseq1/ros2_ws/install/examples_rclpy_minimal_client:/home/diseq1/ros2_ws/install/examples_rclpy_minimal_action_server:/home/diseq1/ros2_ws/install/examples_rclpy_minimal_action_client:/home/diseq1/ros2_ws/install/examples_rclpy_guard_conditions:/home/diseq1/ros2_ws/install/examples_rclpy_executors:/opt/ros/humble /usr/bin/cmake --install /home/diseq1/ros2_ws/build/examples_rclcpp_cbg_executor
[1.677s] -- Install configuration: ""
[1.677s] -- Up-to-date: /home/diseq1/ros2_ws/install/examples_rclcpp_cbg_executor/lib/examples_rclcpp_cbg_executor/ping
[1.678s] -- Up-to-date: /home/diseq1/ros2_ws/install/examples_rclcpp_cbg_executor/lib/examples_rclcpp_cbg_executor/pong
[1.678s] -- Up-to-date: /home/diseq1/ros2_ws/install/examples_rclcpp_cbg_executor/lib/examples_rclcpp_cbg_executor/ping_pong
[1.679s] -- Up-to-date: /home/diseq1/ros2_ws/install/examples_rclcpp_cbg_executor/include
[1.679s] -- Up-to-date: /home/diseq1/ros2_ws/install/examples_rclcpp_cbg_executor/include/examples_rclcpp_cbg_executor
[1.679s] -- Up-to-date: /home/diseq1/ros2_ws/install/examples_rclcpp_cbg_executor/include/examples_rclcpp_cbg_executor/pong_node.hpp
[1.679s] -- Up-to-date: /home/diseq1/ros2_ws/install/examples_rclcpp_cbg_executor/include/examples_rclcpp_cbg_executor/ping_node.hpp
[1.679s] -- Up-to-date: /home/diseq1/ros2_ws/install/examples_rclcpp_cbg_executor/share/ament_index/resource_index/package_run_dependencies/examples_rclcpp_cbg_executor
[1.679s] -- Up-to-date: /home/diseq1/ros2_ws/install/examples_rclcpp_cbg_executor/share/ament_index/resource_index/parent_prefix_path/examples_rclcpp_cbg_executor
[1.679s] -- Up-to-date: /home/diseq1/ros2_ws/install/examples_rclcpp_cbg_executor/share/examples_rclcpp_cbg_executor/environment/ament_prefix_path.sh
[1.680s] -- Up-to-date: /home/diseq1/ros2_ws/install/examples_rclcpp_cbg_executor/share/examples_rclcpp_cbg_executor/environment/ament_prefix_path.dsv
[1.680s] -- Up-to-date: /home/diseq1/ros2_ws/install/examples_rclcpp_cbg_executor/share/examples_rclcpp_cbg_executor/environment/path.sh
[1.680s] -- Up-to-date: /home/diseq1/ros2_ws/install/examples_rclcpp_cbg_executor/share/examples_rclcpp_cbg_executor/environment/path.dsv
[1.680s] -- Up-to-date: /home/diseq1/ros2_ws/install/examples_rclcpp_cbg_executor/share/examples_rclcpp_cbg_executor/local_setup.bash
[1.680s] -- Up-to-date: /home/diseq1/ros2_ws/install/examples_rclcpp_cbg_executor/share/examples_rclcpp_cbg_executor/local_setup.sh
[1.680s] -- Up-to-date: /home/diseq1/ros2_ws/install/examples_rclcpp_cbg_executor/share/examples_rclcpp_cbg_executor/local_setup.zsh
[1.680s] -- Up-to-date: /home/diseq1/ros2_ws/install/examples_rclcpp_cbg_executor/share/examples_rclcpp_cbg_executor/local_setup.dsv
[1.680s] -- Installing: /home/diseq1/ros2_ws/install/examples_rclcpp_cbg_executor/share/examples_rclcpp_cbg_executor/package.dsv
[1.680s] -- Up-to-date: /home/diseq1/ros2_ws/install/examples_rclcpp_cbg_executor/share/ament_index/resource_index/packages/examples_rclcpp_cbg_executor
[1.680s] -- Up-to-date: /home/diseq1/ros2_ws/install/examples_rclcpp_cbg_executor/share/examples_rclcpp_cbg_executor/cmake/ament_cmake_export_dependencies-extras.cmake
[1.680s] -- Up-to-date: /home/diseq1/ros2_ws/install/examples_rclcpp_cbg_executor/share/examples_rclcpp_cbg_executor/cmake/examples_rclcpp_cbg_executorConfig.cmake
[1.680s] -- Up-to-date: /home/diseq1/ros2_ws/install/examples_rclcpp_cbg_executor/share/examples_rclcpp_cbg_executor/cmake/examples_rclcpp_cbg_executorConfig-version.cmake
[1.681s] -- Up-to-date: /home/diseq1/ros2_ws/install/examples_rclcpp_cbg_executor/share/examples_rclcpp_cbg_executor/package.xml
[1.771s] Invoked command in '/home/diseq1/ros2_ws/build/examples_rclcpp_cbg_executor' returned '0': CMAKE_PREFIX_PATH=${CMAKE_PREFIX_PATH}:/home/diseq1/ros2_ws/install/turtle_tf2_py:/home/diseq1/ros2_ws/install/launch_testing_examples:/home/diseq1/ros2_ws/install/examples_rclpy_pointcloud_publisher:/home/diseq1/ros2_ws/install/examples_rclpy_minimal_subscriber:/home/diseq1/ros2_ws/install/examples_rclpy_minimal_service:/home/diseq1/ros2_ws/install/examples_rclpy_minimal_publisher:/home/diseq1/ros2_ws/install/examples_rclpy_minimal_client:/home/diseq1/ros2_ws/install/examples_rclpy_minimal_action_server:/home/diseq1/ros2_ws/install/examples_rclpy_minimal_action_client:/home/diseq1/ros2_ws/install/examples_rclpy_guard_conditions:/home/diseq1/ros2_ws/install/examples_rclpy_executors:/opt/ros/humble /usr/bin/cmake --install /home/diseq1/ros2_ws/build/examples_rclcpp_cbg_executor
