[3.110s] Invoking command in '/home/diseq1/ros2_ws/build/my_package': CMAKE_PREFIX_PATH=/opt/ros/humble /usr/bin/cmake --build /home/diseq1/ros2_ws/build/my_package -- -j32 -l32
[3.558s] [35m[1mConsolidate compiler generated dependencies of target my_node[0m
[3.558s] [100%] Built target my_node
[3.747s] Invoked command in '/home/diseq1/ros2_ws/build/my_package' returned '0': CMAKE_PREFIX_PATH=/opt/ros/humble /usr/bin/cmake --build /home/diseq1/ros2_ws/build/my_package -- -j32 -l32
[3.754s] Invoking command in '/home/diseq1/ros2_ws/build/my_package': CMAKE_PREFIX_PATH=/opt/ros/humble /usr/bin/cmake --install /home/diseq1/ros2_ws/build/my_package
[3.777s] -- Install configuration: ""
[3.783s] -- Up-to-date: /home/diseq1/ros2_ws/install/my_package/lib/my_package/my_node
[3.797s] -- Up-to-date: /home/diseq1/ros2_ws/install/my_package/share/ament_index/resource_index/package_run_dependencies/my_package
[3.797s] -- Up-to-date: /home/diseq1/ros2_ws/install/my_package/share/ament_index/resource_index/parent_prefix_path/my_package
[3.797s] -- Up-to-date: /home/diseq1/ros2_ws/install/my_package/share/my_package/environment/ament_prefix_path.sh
[3.797s] -- Up-to-date: /home/diseq1/ros2_ws/install/my_package/share/my_package/environment/ament_prefix_path.dsv
[3.797s] -- Up-to-date: /home/diseq1/ros2_ws/install/my_package/share/my_package/environment/path.sh
[3.797s] -- Up-to-date: /home/diseq1/ros2_ws/install/my_package/share/my_package/environment/path.dsv
[3.797s] -- Up-to-date: /home/diseq1/ros2_ws/install/my_package/share/my_package/local_setup.bash
[3.797s] -- Up-to-date: /home/diseq1/ros2_ws/install/my_package/share/my_package/local_setup.sh
[3.798s] -- Up-to-date: /home/diseq1/ros2_ws/install/my_package/share/my_package/local_setup.zsh
[3.798s] -- Up-to-date: /home/diseq1/ros2_ws/install/my_package/share/my_package/local_setup.dsv
[3.798s] -- Up-to-date: /home/diseq1/ros2_ws/install/my_package/share/my_package/package.dsv
[3.798s] -- Up-to-date: /home/diseq1/ros2_ws/install/my_package/share/ament_index/resource_index/packages/my_package
[3.798s] -- Up-to-date: /home/diseq1/ros2_ws/install/my_package/share/my_package/cmake/my_packageConfig.cmake
[3.798s] -- Up-to-date: /home/diseq1/ros2_ws/install/my_package/share/my_package/cmake/my_packageConfig-version.cmake
[3.798s] -- Up-to-date: /home/diseq1/ros2_ws/install/my_package/share/my_package/package.xml
[3.923s] Invoked command in '/home/diseq1/ros2_ws/build/my_package' returned '0': CMAKE_PREFIX_PATH=/opt/ros/humble /usr/bin/cmake --install /home/diseq1/ros2_ws/build/my_package
