[4.408s] Invoking command in '/home/diseq1/ros2_ws/src/ros2-tutorials/rclpy/actions/minimal_action_server': PYTHONPATH=/home/diseq1/ros2_ws/build/examples_rclpy_minimal_action_server/prefix_override:/usr/lib/python3/dist-packages/colcon_core/task/python/colcon_distutils_commands:/home/diseq1/ros2_ws/install/examples_rclpy_minimal_action_server/lib/python3.10/site-packages:${PYTHONPATH} /usr/bin/python3 -W ignore:setup.py install is deprecated -W ignore:easy_install command is deprecated setup.py egg_info --egg-base ../../../../../build/examples_rclpy_minimal_action_server build --build-base /home/diseq1/ros2_ws/build/examples_rclpy_minimal_action_server/build install --record /home/diseq1/ros2_ws/build/examples_rclpy_minimal_action_server/install.log --single-version-externally-managed install_data
[4.948s] running egg_info
[4.948s] writing ../../../../../build/examples_rclpy_minimal_action_server/examples_rclpy_minimal_action_server.egg-info/PKG-INFO
[4.948s] writing dependency_links to ../../../../../build/examples_rclpy_minimal_action_server/examples_rclpy_minimal_action_server.egg-info/dependency_links.txt
[4.948s] writing entry points to ../../../../../build/examples_rclpy_minimal_action_server/examples_rclpy_minimal_action_server.egg-info/entry_points.txt
[4.948s] writing requirements to ../../../../../build/examples_rclpy_minimal_action_server/examples_rclpy_minimal_action_server.egg-info/requires.txt
[4.948s] writing top-level names to ../../../../../build/examples_rclpy_minimal_action_server/examples_rclpy_minimal_action_server.egg-info/top_level.txt
[4.948s] reading manifest file '../../../../../build/examples_rclpy_minimal_action_server/examples_rclpy_minimal_action_server.egg-info/SOURCES.txt'
[4.948s] writing manifest file '../../../../../build/examples_rclpy_minimal_action_server/examples_rclpy_minimal_action_server.egg-info/SOURCES.txt'
[4.948s] running build
[4.948s] running build_py
[4.948s] running install
[4.948s] running install_lib
[4.948s] running install_data
[4.949s] running install_egg_info
[4.949s] removing '/home/diseq1/ros2_ws/install/examples_rclpy_minimal_action_server/lib/python3.10/site-packages/examples_rclpy_minimal_action_server-0.21.4-py3.10.egg-info' (and everything under it)
[4.949s] Copying ../../../../../build/examples_rclpy_minimal_action_server/examples_rclpy_minimal_action_server.egg-info to /home/diseq1/ros2_ws/install/examples_rclpy_minimal_action_server/lib/python3.10/site-packages/examples_rclpy_minimal_action_server-0.21.4-py3.10.egg-info
[4.949s] running install_scripts
[4.949s] Installing server script to /home/diseq1/ros2_ws/install/examples_rclpy_minimal_action_server/lib/examples_rclpy_minimal_action_server
[4.949s] Installing server_defer script to /home/diseq1/ros2_ws/install/examples_rclpy_minimal_action_server/lib/examples_rclpy_minimal_action_server
[4.949s] Installing server_not_composable script to /home/diseq1/ros2_ws/install/examples_rclpy_minimal_action_server/lib/examples_rclpy_minimal_action_server
[4.949s] Installing server_queue_goals script to /home/diseq1/ros2_ws/install/examples_rclpy_minimal_action_server/lib/examples_rclpy_minimal_action_server
[4.949s] Installing server_single_goal script to /home/diseq1/ros2_ws/install/examples_rclpy_minimal_action_server/lib/examples_rclpy_minimal_action_server
[4.949s] writing list of installed files to '/home/diseq1/ros2_ws/build/examples_rclpy_minimal_action_server/install.log'
[5.008s] Invoked command in '/home/diseq1/ros2_ws/src/ros2-tutorials/rclpy/actions/minimal_action_server' returned '0': PYTHONPATH=/home/diseq1/ros2_ws/build/examples_rclpy_minimal_action_server/prefix_override:/usr/lib/python3/dist-packages/colcon_core/task/python/colcon_distutils_commands:/home/diseq1/ros2_ws/install/examples_rclpy_minimal_action_server/lib/python3.10/site-packages:${PYTHONPATH} /usr/bin/python3 -W ignore:setup.py install is deprecated -W ignore:easy_install command is deprecated setup.py egg_info --egg-base ../../../../../build/examples_rclpy_minimal_action_server build --build-base /home/diseq1/ros2_ws/build/examples_rclpy_minimal_action_server/build install --record /home/diseq1/ros2_ws/build/examples_rclpy_minimal_action_server/install.log --single-version-externally-managed install_data
