[0.071s] Invoking command in '/home/diseq1/ros2_ws/build/cpp_pubsub': CMAKE_PREFIX_PATH=/opt/ros/humble /usr/bin/cmake /home/diseq1/ros2_ws/src/cpp_pubsub -DCMAKE_INSTALL_PREFIX=/home/diseq1/ros2_ws/install/cpp_pubsub
[1.539s] -- The C compiler identification is GNU 11.4.0
[1.540s] -- The CXX compiler identification is GNU 11.4.0
[1.541s] -- Detecting C compiler ABI info
[1.541s] -- Detecting C compiler ABI info - done
[1.541s] -- Check for working C compiler: /usr/bin/cc - skipped
[1.543s] -- Detecting C compile features
[1.543s] -- Detecting C compile features - done
[1.546s] -- Detecting CXX compiler ABI info
[1.546s] -- Detecting CXX compiler ABI info - done
[1.547s] -- Check for working CXX compiler: /usr/bin/c++ - skipped
[1.547s] -- Detecting CXX compile features
[1.547s] -- Detecting CXX compile features - done
[1.548s] -- Found ament_cmake: 1.3.12 (/opt/ros/humble/share/ament_cmake/cmake)
[1.581s] -- Found Python3: /usr/bin/python3 (found version "3.10.12") found components: Interpreter 
[1.639s] -- Found rclcpp: 16.0.17 (/opt/ros/humble/share/rclcpp/cmake)
[2.038s] -- Found rosidl_generator_c: 3.1.8 (/opt/ros/humble/share/rosidl_generator_c/cmake)
[2.042s] -- Found rosidl_adapter: 3.1.8 (/opt/ros/humble/share/rosidl_adapter/cmake)
[2.049s] -- Found rosidl_generator_cpp: 3.1.8 (/opt/ros/humble/share/rosidl_generator_cpp/cmake)
[2.058s] -- Using all available rosidl_typesupport_c: rosidl_typesupport_fastrtps_c;rosidl_typesupport_introspection_c
[2.070s] -- Using all available rosidl_typesupport_cpp: rosidl_typesupport_fastrtps_cpp;rosidl_typesupport_introspection_cpp
[2.100s] -- Found rmw_implementation_cmake: 6.1.2 (/opt/ros/humble/share/rmw_implementation_cmake/cmake)
[2.102s] -- Found rmw_fastrtps_cpp: 6.2.9 (/opt/ros/humble/share/rmw_fastrtps_cpp/cmake)
[3.454s] -- Found OpenSSL: /usr/lib/x86_64-linux-gnu/libcrypto.so (found version "3.0.2")  
[4.573s] -- Found FastRTPS: /opt/ros/humble/include  
[7.078s] -- Using RMW implementation 'rmw_fastrtps_cpp' as default
[7.082s] -- Looking for pthread.h
[7.259s] -- Looking for pthread.h - found
[7.260s] -- Performing Test CMAKE_HAVE_LIBC_PTHREAD
[7.392s] -- Performing Test CMAKE_HAVE_LIBC_PTHREAD - Success
[7.392s] -- Found Threads: TRUE  
[7.421s] -- Found ament_lint_auto: 0.12.14 (/opt/ros/humble/share/ament_lint_auto/cmake)
[7.470s] -- Added test 'cppcheck' to perform static code analysis on C / C++ code
[7.471s] -- Configured cppcheck include dirs: 
[7.471s] -- Configured cppcheck exclude dirs and/or files: 
[7.471s] -- Added test 'lint_cmake' to check CMake code style
[7.471s] -- Added test 'uncrustify' to check C / C++ code style
[7.471s] -- Configured uncrustify additional arguments: 
[7.472s] -- Added test 'xmllint' to check XML markup files
[7.472s] -- Configuring done
[7.479s] -- Generating done
[7.483s] -- Build files have been written to: /home/diseq1/ros2_ws/build/cpp_pubsub
