[1.934s] Invoking command in '/home/diseq1/ros2_ws/src/ros2-tutorials/rclpy/topics/minimal_publisher': PYTHONPATH=/home/diseq1/ros2_ws/build/examples_rclpy_minimal_publisher/prefix_override:/usr/lib/python3/dist-packages/colcon_core/task/python/colcon_distutils_commands:/home/diseq1/ros2_ws/install/examples_rclpy_minimal_publisher/lib/python3.10/site-packages:${PYTHONPATH} /usr/bin/python3 -W ignore:setup.py install is deprecated -W ignore:easy_install command is deprecated setup.py egg_info --egg-base ../../../../../build/examples_rclpy_minimal_publisher build --build-base /home/diseq1/ros2_ws/build/examples_rclpy_minimal_publisher/build install --record /home/diseq1/ros2_ws/build/examples_rclpy_minimal_publisher/install.log --single-version-externally-managed install_data
[3.333s] running egg_info
[3.333s] creating ../../../../../build/examples_rclpy_minimal_publisher/examples_rclpy_minimal_publisher.egg-info
[3.333s] writing ../../../../../build/examples_rclpy_minimal_publisher/examples_rclpy_minimal_publisher.egg-info/PKG-INFO
[3.333s] writing dependency_links to ../../../../../build/examples_rclpy_minimal_publisher/examples_rclpy_minimal_publisher.egg-info/dependency_links.txt
[3.333s] writing entry points to ../../../../../build/examples_rclpy_minimal_publisher/examples_rclpy_minimal_publisher.egg-info/entry_points.txt
[3.333s] writing requirements to ../../../../../build/examples_rclpy_minimal_publisher/examples_rclpy_minimal_publisher.egg-info/requires.txt
[3.334s] writing top-level names to ../../../../../build/examples_rclpy_minimal_publisher/examples_rclpy_minimal_publisher.egg-info/top_level.txt
[3.334s] writing manifest file '../../../../../build/examples_rclpy_minimal_publisher/examples_rclpy_minimal_publisher.egg-info/SOURCES.txt'
[3.334s] reading manifest file '../../../../../build/examples_rclpy_minimal_publisher/examples_rclpy_minimal_publisher.egg-info/SOURCES.txt'
[3.334s] writing manifest file '../../../../../build/examples_rclpy_minimal_publisher/examples_rclpy_minimal_publisher.egg-info/SOURCES.txt'
[3.334s] running build
[3.334s] running build_py
[3.335s] creating /home/diseq1/ros2_ws/build/examples_rclpy_minimal_publisher/build
[3.335s] creating /home/diseq1/ros2_ws/build/examples_rclpy_minimal_publisher/build/lib
[3.335s] creating /home/diseq1/ros2_ws/build/examples_rclpy_minimal_publisher/build/lib/examples_rclpy_minimal_publisher
[3.335s] copying examples_rclpy_minimal_publisher/publisher_member_function_with_wait_for_all_acked.py -> /home/diseq1/ros2_ws/build/examples_rclpy_minimal_publisher/build/lib/examples_rclpy_minimal_publisher
[3.335s] copying examples_rclpy_minimal_publisher/__init__.py -> /home/diseq1/ros2_ws/build/examples_rclpy_minimal_publisher/build/lib/examples_rclpy_minimal_publisher
[3.335s] copying examples_rclpy_minimal_publisher/publisher_local_function.py -> /home/diseq1/ros2_ws/build/examples_rclpy_minimal_publisher/build/lib/examples_rclpy_minimal_publisher
[3.335s] copying examples_rclpy_minimal_publisher/publisher_old_school.py -> /home/diseq1/ros2_ws/build/examples_rclpy_minimal_publisher/build/lib/examples_rclpy_minimal_publisher
[3.335s] copying examples_rclpy_minimal_publisher/publisher_member_function.py -> /home/diseq1/ros2_ws/build/examples_rclpy_minimal_publisher/build/lib/examples_rclpy_minimal_publisher
[3.335s] running install
[3.335s] running install_lib
[3.336s] creating /home/diseq1/ros2_ws/install/examples_rclpy_minimal_publisher/lib/python3.10/site-packages/examples_rclpy_minimal_publisher
[3.336s] copying /home/diseq1/ros2_ws/build/examples_rclpy_minimal_publisher/build/lib/examples_rclpy_minimal_publisher/publisher_member_function_with_wait_for_all_acked.py -> /home/diseq1/ros2_ws/install/examples_rclpy_minimal_publisher/lib/python3.10/site-packages/examples_rclpy_minimal_publisher
[3.336s] copying /home/diseq1/ros2_ws/build/examples_rclpy_minimal_publisher/build/lib/examples_rclpy_minimal_publisher/__init__.py -> /home/diseq1/ros2_ws/install/examples_rclpy_minimal_publisher/lib/python3.10/site-packages/examples_rclpy_minimal_publisher
[3.336s] copying /home/diseq1/ros2_ws/build/examples_rclpy_minimal_publisher/build/lib/examples_rclpy_minimal_publisher/publisher_local_function.py -> /home/diseq1/ros2_ws/install/examples_rclpy_minimal_publisher/lib/python3.10/site-packages/examples_rclpy_minimal_publisher
[3.336s] copying /home/diseq1/ros2_ws/build/examples_rclpy_minimal_publisher/build/lib/examples_rclpy_minimal_publisher/publisher_old_school.py -> /home/diseq1/ros2_ws/install/examples_rclpy_minimal_publisher/lib/python3.10/site-packages/examples_rclpy_minimal_publisher
[3.336s] copying /home/diseq1/ros2_ws/build/examples_rclpy_minimal_publisher/build/lib/examples_rclpy_minimal_publisher/publisher_member_function.py -> /home/diseq1/ros2_ws/install/examples_rclpy_minimal_publisher/lib/python3.10/site-packages/examples_rclpy_minimal_publisher
[3.336s] byte-compiling /home/diseq1/ros2_ws/install/examples_rclpy_minimal_publisher/lib/python3.10/site-packages/examples_rclpy_minimal_publisher/publisher_member_function_with_wait_for_all_acked.py to publisher_member_function_with_wait_for_all_acked.cpython-310.pyc
[3.336s] byte-compiling /home/diseq1/ros2_ws/install/examples_rclpy_minimal_publisher/lib/python3.10/site-packages/examples_rclpy_minimal_publisher/__init__.py to __init__.cpython-310.pyc
[3.336s] byte-compiling /home/diseq1/ros2_ws/install/examples_rclpy_minimal_publisher/lib/python3.10/site-packages/examples_rclpy_minimal_publisher/publisher_local_function.py to publisher_local_function.cpython-310.pyc
[3.336s] byte-compiling /home/diseq1/ros2_ws/install/examples_rclpy_minimal_publisher/lib/python3.10/site-packages/examples_rclpy_minimal_publisher/publisher_old_school.py to publisher_old_school.cpython-310.pyc
[3.336s] byte-compiling /home/diseq1/ros2_ws/install/examples_rclpy_minimal_publisher/lib/python3.10/site-packages/examples_rclpy_minimal_publisher/publisher_member_function.py to publisher_member_function.cpython-310.pyc
[3.336s] running install_data
[3.336s] creating /home/diseq1/ros2_ws/install/examples_rclpy_minimal_publisher/share/ament_index
[3.336s] creating /home/diseq1/ros2_ws/install/examples_rclpy_minimal_publisher/share/ament_index/resource_index
[3.337s] creating /home/diseq1/ros2_ws/install/examples_rclpy_minimal_publisher/share/ament_index/resource_index/packages
[3.337s] copying resource/examples_rclpy_minimal_publisher -> /home/diseq1/ros2_ws/install/examples_rclpy_minimal_publisher/share/ament_index/resource_index/packages
[3.337s] copying package.xml -> /home/diseq1/ros2_ws/install/examples_rclpy_minimal_publisher/share/examples_rclpy_minimal_publisher
[3.337s] running install_egg_info
[3.337s] Copying ../../../../../build/examples_rclpy_minimal_publisher/examples_rclpy_minimal_publisher.egg-info to /home/diseq1/ros2_ws/install/examples_rclpy_minimal_publisher/lib/python3.10/site-packages/examples_rclpy_minimal_publisher-0.21.4-py3.10.egg-info
[3.337s] running install_scripts
[3.337s] Installing publisher_local_function script to /home/diseq1/ros2_ws/install/examples_rclpy_minimal_publisher/lib/examples_rclpy_minimal_publisher
[3.337s] Installing publisher_member_function script to /home/diseq1/ros2_ws/install/examples_rclpy_minimal_publisher/lib/examples_rclpy_minimal_publisher
[3.337s] Installing publisher_member_function_with_wait_for_all_acked script to /home/diseq1/ros2_ws/install/examples_rclpy_minimal_publisher/lib/examples_rclpy_minimal_publisher
[3.337s] Installing publisher_old_school script to /home/diseq1/ros2_ws/install/examples_rclpy_minimal_publisher/lib/examples_rclpy_minimal_publisher
[3.337s] writing list of installed files to '/home/diseq1/ros2_ws/build/examples_rclpy_minimal_publisher/install.log'
[3.381s] Invoked command in '/home/diseq1/ros2_ws/src/ros2-tutorials/rclpy/topics/minimal_publisher' returned '0': PYTHONPATH=/home/diseq1/ros2_ws/build/examples_rclpy_minimal_publisher/prefix_override:/usr/lib/python3/dist-packages/colcon_core/task/python/colcon_distutils_commands:/home/diseq1/ros2_ws/install/examples_rclpy_minimal_publisher/lib/python3.10/site-packages:${PYTHONPATH} /usr/bin/python3 -W ignore:setup.py install is deprecated -W ignore:easy_install command is deprecated setup.py egg_info --egg-base ../../../../../build/examples_rclpy_minimal_publisher build --build-base /home/diseq1/ros2_ws/build/examples_rclpy_minimal_publisher/build install --record /home/diseq1/ros2_ws/build/examples_rclpy_minimal_publisher/install.log --single-version-externally-managed install_data
