[1.335s] Invoking command in '/home/diseq1/ros2_ws/build/my_package': CMAKE_PREFIX_PATH=/opt/ros/humble /usr/bin/cmake /home/diseq1/ros2_ws/src/my_package -DCMAKE_INSTALL_PREFIX=/home/diseq1/ros2_ws/install/my_package
[1.523s] -- The C compiler identification is GNU 11.4.0
[2.356s] -- The CXX compiler identification is GNU 11.4.0
[2.763s] -- Detecting C compiler ABI info
[2.929s] -- Detecting C compiler ABI info - done
[2.932s] -- Check for working C compiler: /usr/bin/cc - skipped
[2.933s] -- Detecting C compile features
[2.933s] -- Detecting C compile features - done
[2.934s] -- Detecting CXX compiler ABI info
[3.098s] -- Detecting CXX compiler ABI info - done
[3.102s] -- Check for working CXX compiler: /usr/bin/c++ - skipped
[3.102s] -- Detecting CXX compile features
[3.102s] -- Detecting CXX compile features - done
[3.104s] -- Found ament_cmake: 1.3.12 (/opt/ros/humble/share/ament_cmake/cmake)
[3.188s] -- Found Python3: /usr/bin/python3 (found version "3.10.12") found components: Interpreter 
[3.231s] -- Found ament_lint_auto: 0.12.14 (/opt/ros/humble/share/ament_lint_auto/cmake)
[3.268s] -- Added test 'cppcheck' to perform static code analysis on C / C++ code
[3.268s] -- Configured cppcheck include dirs: $<BUILD_INTERFACE:/home/diseq1/ros2_ws/src/my_package/include>
[3.268s] -- Configured cppcheck exclude dirs and/or files: 
[3.268s] -- Added test 'lint_cmake' to check CMake code style
[3.269s] -- Added test 'uncrustify' to check C / C++ code style
[3.269s] -- Configured uncrustify additional arguments: 
[3.269s] -- Added test 'xmllint' to check XML markup files
[3.270s] -- Configuring done
[3.273s] -- Generating done
[3.274s] -- Build files have been written to: /home/diseq1/ros2_ws/build/my_package
[3.277s] Invoked command in '/home/diseq1/ros2_ws/build/my_package' returned '0': CMAKE_PREFIX_PATH=/opt/ros/humble /usr/bin/cmake /home/diseq1/ros2_ws/src/my_package -DCMAKE_INSTALL_PREFIX=/home/diseq1/ros2_ws/install/my_package
[3.306s] Invoking command in '/home/diseq1/ros2_ws/build/my_package': CMAKE_PREFIX_PATH=/opt/ros/humble /usr/bin/cmake --build /home/diseq1/ros2_ws/build/my_package -- -j32 -l32
[3.340s] [ 50%] [32mBuilding CXX object CMakeFiles/my_node.dir/src/my_node.cpp.o[0m
[3.340s] [100%] [32m[1mLinking CXX executable my_node[0m
[3.481s] [100%] Built target my_node
[3.490s] Invoked command in '/home/diseq1/ros2_ws/build/my_package' returned '0': CMAKE_PREFIX_PATH=/opt/ros/humble /usr/bin/cmake --build /home/diseq1/ros2_ws/build/my_package -- -j32 -l32
[3.493s] Invoking command in '/home/diseq1/ros2_ws/build/my_package': CMAKE_PREFIX_PATH=/opt/ros/humble /usr/bin/cmake --install /home/diseq1/ros2_ws/build/my_package
[3.494s] -- Install configuration: ""
[3.494s] -- Installing: /home/diseq1/ros2_ws/install/my_package/lib/my_package/my_node
[3.495s] -- Installing: /home/diseq1/ros2_ws/install/my_package/share/ament_index/resource_index/package_run_dependencies/my_package
[3.495s] -- Installing: /home/diseq1/ros2_ws/install/my_package/share/ament_index/resource_index/parent_prefix_path/my_package
[3.495s] -- Installing: /home/diseq1/ros2_ws/install/my_package/share/my_package/environment/ament_prefix_path.sh
[3.495s] -- Installing: /home/diseq1/ros2_ws/install/my_package/share/my_package/environment/ament_prefix_path.dsv
[3.495s] -- Installing: /home/diseq1/ros2_ws/install/my_package/share/my_package/environment/path.sh
[3.496s] -- Installing: /home/diseq1/ros2_ws/install/my_package/share/my_package/environment/path.dsv
[3.496s] -- Installing: /home/diseq1/ros2_ws/install/my_package/share/my_package/local_setup.bash
[3.496s] -- Installing: /home/diseq1/ros2_ws/install/my_package/share/my_package/local_setup.sh
[3.496s] -- Installing: /home/diseq1/ros2_ws/install/my_package/share/my_package/local_setup.zsh
[3.496s] -- Installing: /home/diseq1/ros2_ws/install/my_package/share/my_package/local_setup.dsv
[3.496s] -- Installing: /home/diseq1/ros2_ws/install/my_package/share/my_package/package.dsv
[3.496s] -- Installing: /home/diseq1/ros2_ws/install/my_package/share/ament_index/resource_index/packages/my_package
[3.497s] -- Installing: /home/diseq1/ros2_ws/install/my_package/share/my_package/cmake/my_packageConfig.cmake
[3.497s] -- Installing: /home/diseq1/ros2_ws/install/my_package/share/my_package/cmake/my_packageConfig-version.cmake
[3.497s] -- Installing: /home/diseq1/ros2_ws/install/my_package/share/my_package/package.xml
[3.510s] Invoked command in '/home/diseq1/ros2_ws/build/my_package' returned '0': CMAKE_PREFIX_PATH=/opt/ros/humble /usr/bin/cmake --install /home/diseq1/ros2_ws/build/my_package
