[0.072s] Invoking command in '/home/diseq1/ros2_ws/build/examples_rclcpp_minimal_composition': CMAKE_PREFIX_PATH=/opt/ros/humble /usr/bin/cmake /home/diseq1/ros2_ws/src/ros2-tutorials/rclcpp/composition/minimal_composition -DCMAKE_INSTALL_PREFIX=/home/diseq1/ros2_ws/install/examples_rclcpp_minimal_composition
[1.554s] -- The C compiler identification is GNU 11.4.0
[1.554s] -- The CXX compiler identification is GNU 11.4.0
[1.554s] -- Detecting C compiler ABI info
[1.554s] -- Detecting C compiler ABI info - done
[1.554s] -- Check for working C compiler: /usr/bin/cc - skipped
[1.554s] -- Detecting C compile features
[1.554s] -- Detecting C compile features - done
[1.554s] -- Detecting CXX compiler ABI info
[1.554s] -- Detecting CXX compiler ABI info - done
[1.554s] -- Check for working CXX compiler: /usr/bin/c++ - skipped
[1.554s] -- Detecting CXX compile features
[1.555s] -- Detecting CXX compile features - done
[1.555s] -- Found ament_cmake: 1.3.12 (/opt/ros/humble/share/ament_cmake/cmake)
[1.555s] -- Found Python3: /usr/bin/python3 (found version "3.10.12") found components: Interpreter 
[1.555s] -- Found rclcpp: 16.0.17 (/opt/ros/humble/share/rclcpp/cmake)
[1.717s] -- Found rosidl_generator_c: 3.1.8 (/opt/ros/humble/share/rosidl_generator_c/cmake)
[1.721s] -- Found rosidl_adapter: 3.1.8 (/opt/ros/humble/share/rosidl_adapter/cmake)
[1.727s] -- Found rosidl_generator_cpp: 3.1.8 (/opt/ros/humble/share/rosidl_generator_cpp/cmake)
[1.736s] -- Using all available rosidl_typesupport_c: rosidl_typesupport_fastrtps_c;rosidl_typesupport_introspection_c
[1.744s] -- Using all available rosidl_typesupport_cpp: rosidl_typesupport_fastrtps_cpp;rosidl_typesupport_introspection_cpp
[1.769s] -- Found rmw_implementation_cmake: 6.1.2 (/opt/ros/humble/share/rmw_implementation_cmake/cmake)
[1.771s] -- Found rmw_fastrtps_cpp: 6.2.9 (/opt/ros/humble/share/rmw_fastrtps_cpp/cmake)
[3.507s] -- Found OpenSSL: /usr/lib/x86_64-linux-gnu/libcrypto.so (found version "3.0.2")  
[4.561s] -- Found FastRTPS: /opt/ros/humble/include  
[6.810s] -- Using RMW implementation 'rmw_fastrtps_cpp' as default
[6.815s] -- Looking for pthread.h
[6.991s] -- Looking for pthread.h - found
[6.991s] -- Performing Test CMAKE_HAVE_LIBC_PTHREAD
[7.146s] -- Performing Test CMAKE_HAVE_LIBC_PTHREAD - Success
[7.147s] -- Found Threads: TRUE  
[7.178s] -- Found rclcpp_components: 16.0.17 (/opt/ros/humble/share/rclcpp_components/cmake)
[7.194s] -- Found ament_lint_auto: 0.12.14 (/opt/ros/humble/share/ament_lint_auto/cmake)
[7.241s] -- Added test 'copyright' to check source files copyright and LICENSE
[7.242s] -- Added test 'cppcheck' to perform static code analysis on C / C++ code
[7.242s] -- Configured cppcheck include dirs: /home/diseq1/ros2_ws/src/ros2-tutorials/rclcpp/composition/minimal_composition/include
[7.243s] -- Configured cppcheck exclude dirs and/or files: 
[7.244s] -- Added test 'cpplint' to check C / C++ code against the Google style
[7.244s] -- Configured cpplint exclude dirs and/or files: 
[7.245s] -- Added test 'lint_cmake' to check CMake code style
[7.246s] -- Added test 'uncrustify' to check C / C++ code style
[7.247s] -- Configured uncrustify additional arguments: 
[7.247s] -- Added test 'xmllint' to check XML markup files
[7.248s] -- Configuring done
[7.261s] -- Generating done
[7.266s] -- Build files have been written to: /home/diseq1/ros2_ws/build/examples_rclcpp_minimal_composition
