[1.932s] Invoking command in '/home/diseq1/ros2_ws/src/ros2-tutorials/rclpy/executors': PYTHONPATH=/home/diseq1/ros2_ws/build/examples_rclpy_executors/prefix_override:/usr/lib/python3/dist-packages/colcon_core/task/python/colcon_distutils_commands:/home/diseq1/ros2_ws/install/examples_rclpy_executors/lib/python3.10/site-packages:${PYTHONPATH} /usr/bin/python3 -W ignore:setup.py install is deprecated -W ignore:easy_install command is deprecated setup.py egg_info --egg-base ../../../../build/examples_rclpy_executors build --build-base /home/diseq1/ros2_ws/build/examples_rclpy_executors/build install --record /home/diseq1/ros2_ws/build/examples_rclpy_executors/install.log --single-version-externally-managed install_data
[2.090s] running egg_info
[2.091s] writing ../../../../build/examples_rclpy_executors/examples_rclpy_executors.egg-info/PKG-INFO
[2.091s] writing dependency_links to ../../../../build/examples_rclpy_executors/examples_rclpy_executors.egg-info/dependency_links.txt
[2.091s] writing entry points to ../../../../build/examples_rclpy_executors/examples_rclpy_executors.egg-info/entry_points.txt
[2.091s] writing requirements to ../../../../build/examples_rclpy_executors/examples_rclpy_executors.egg-info/requires.txt
[2.091s] writing top-level names to ../../../../build/examples_rclpy_executors/examples_rclpy_executors.egg-info/top_level.txt
[2.092s] reading manifest file '../../../../build/examples_rclpy_executors/examples_rclpy_executors.egg-info/SOURCES.txt'
[2.092s] writing manifest file '../../../../build/examples_rclpy_executors/examples_rclpy_executors.egg-info/SOURCES.txt'
[2.092s] running build
[2.092s] running build_py
[2.093s] running install
[2.093s] running install_lib
[2.094s] running install_data
[2.094s] running install_egg_info
[2.095s] removing '/home/diseq1/ros2_ws/install/examples_rclpy_executors/lib/python3.10/site-packages/examples_rclpy_executors-0.21.4-py3.10.egg-info' (and everything under it)
[2.095s] Copying ../../../../build/examples_rclpy_executors/examples_rclpy_executors.egg-info to /home/diseq1/ros2_ws/install/examples_rclpy_executors/lib/python3.10/site-packages/examples_rclpy_executors-0.21.4-py3.10.egg-info
[2.096s] running install_scripts
[2.113s] Installing callback_group script to /home/diseq1/ros2_ws/install/examples_rclpy_executors/lib/examples_rclpy_executors
[2.114s] Installing composed script to /home/diseq1/ros2_ws/install/examples_rclpy_executors/lib/examples_rclpy_executors
[2.114s] Installing custom_callback_group script to /home/diseq1/ros2_ws/install/examples_rclpy_executors/lib/examples_rclpy_executors
[2.114s] Installing custom_executor script to /home/diseq1/ros2_ws/install/examples_rclpy_executors/lib/examples_rclpy_executors
[2.114s] Installing listener script to /home/diseq1/ros2_ws/install/examples_rclpy_executors/lib/examples_rclpy_executors
[2.114s] Installing talker script to /home/diseq1/ros2_ws/install/examples_rclpy_executors/lib/examples_rclpy_executors
[2.114s] writing list of installed files to '/home/diseq1/ros2_ws/build/examples_rclpy_executors/install.log'
[2.154s] Invoked command in '/home/diseq1/ros2_ws/src/ros2-tutorials/rclpy/executors' returned '0': PYTHONPATH=/home/diseq1/ros2_ws/build/examples_rclpy_executors/prefix_override:/usr/lib/python3/dist-packages/colcon_core/task/python/colcon_distutils_commands:/home/diseq1/ros2_ws/install/examples_rclpy_executors/lib/python3.10/site-packages:${PYTHONPATH} /usr/bin/python3 -W ignore:setup.py install is deprecated -W ignore:easy_install command is deprecated setup.py egg_info --egg-base ../../../../build/examples_rclpy_executors build --build-base /home/diseq1/ros2_ws/build/examples_rclpy_executors/build install --record /home/diseq1/ros2_ws/build/examples_rclpy_executors/install.log --single-version-externally-managed install_data
