[0.068s] Invoking command in '/home/diseq1/ros2_ws/build/examples_rclcpp_async_client': CMAKE_PREFIX_PATH=/opt/ros/humble /usr/bin/cmake --build /home/diseq1/ros2_ws/build/examples_rclcpp_async_client -- -j32 -l32
[3.564s] [ 50%] [32mBuilding CXX object CMakeFiles/client_main.dir/main.cpp.o[0m
[6.214s] [100%] [32m[1mLinking CXX executable client_main[0m
[6.809s] [100%] Built target client_main
[6.822s] Invoked command in '/home/diseq1/ros2_ws/build/examples_rclcpp_async_client' returned '0': CMAKE_PREFIX_PATH=/opt/ros/humble /usr/bin/cmake --build /home/diseq1/ros2_ws/build/examples_rclcpp_async_client -- -j32 -l32
[6.825s] Invoking command in '/home/diseq1/ros2_ws/build/examples_rclcpp_async_client': CMAKE_PREFIX_PATH=/opt/ros/humble /usr/bin/cmake --install /home/diseq1/ros2_ws/build/examples_rclcpp_async_client
[6.834s] -- Install configuration: ""
[6.835s] -- Installing: /home/diseq1/ros2_ws/install/examples_rclcpp_async_client/lib/examples_rclcpp_async_client/client_main
[6.835s] -- Set runtime path of "/home/diseq1/ros2_ws/install/examples_rclcpp_async_client/lib/examples_rclcpp_async_client/client_main" to ""
[6.836s] -- Installing: /home/diseq1/ros2_ws/install/examples_rclcpp_async_client/share/ament_index/resource_index/package_run_dependencies/examples_rclcpp_async_client
[6.837s] -- Installing: /home/diseq1/ros2_ws/install/examples_rclcpp_async_client/share/ament_index/resource_index/parent_prefix_path/examples_rclcpp_async_client
[6.838s] -- Installing: /home/diseq1/ros2_ws/install/examples_rclcpp_async_client/share/examples_rclcpp_async_client/environment/ament_prefix_path.sh
[6.838s] -- Installing: /home/diseq1/ros2_ws/install/examples_rclcpp_async_client/share/examples_rclcpp_async_client/environment/ament_prefix_path.dsv
[6.839s] -- Installing: /home/diseq1/ros2_ws/install/examples_rclcpp_async_client/share/examples_rclcpp_async_client/environment/path.sh
[6.839s] -- Installing: /home/diseq1/ros2_ws/install/examples_rclcpp_async_client/share/examples_rclcpp_async_client/environment/path.dsv
[6.839s] -- Installing: /home/diseq1/ros2_ws/install/examples_rclcpp_async_client/share/examples_rclcpp_async_client/local_setup.bash
[6.839s] -- Installing: /home/diseq1/ros2_ws/install/examples_rclcpp_async_client/share/examples_rclcpp_async_client/local_setup.sh
[6.840s] -- Installing: /home/diseq1/ros2_ws/install/examples_rclcpp_async_client/share/examples_rclcpp_async_client/local_setup.zsh
[6.840s] -- Installing: /home/diseq1/ros2_ws/install/examples_rclcpp_async_client/share/examples_rclcpp_async_client/local_setup.dsv
[6.841s] -- Installing: /home/diseq1/ros2_ws/install/examples_rclcpp_async_client/share/examples_rclcpp_async_client/package.dsv
[6.842s] -- Installing: /home/diseq1/ros2_ws/install/examples_rclcpp_async_client/share/ament_index/resource_index/packages/examples_rclcpp_async_client
[6.842s] -- Installing: /home/diseq1/ros2_ws/install/examples_rclcpp_async_client/share/examples_rclcpp_async_client/cmake/examples_rclcpp_async_clientConfig.cmake
[6.842s] -- Installing: /home/diseq1/ros2_ws/install/examples_rclcpp_async_client/share/examples_rclcpp_async_client/cmake/examples_rclcpp_async_clientConfig-version.cmake
[6.842s] -- Installing: /home/diseq1/ros2_ws/install/examples_rclcpp_async_client/share/examples_rclcpp_async_client/package.xml
[6.846s] Invoked command in '/home/diseq1/ros2_ws/build/examples_rclcpp_async_client' returned '0': CMAKE_PREFIX_PATH=/opt/ros/humble /usr/bin/cmake --install /home/diseq1/ros2_ws/build/examples_rclcpp_async_client
