[4.402s] Invoking command in '/home/diseq1/ros2_ws/src/ros2-tutorials/rclpy/guard_conditions': PYTHONPATH=/home/diseq1/ros2_ws/build/examples_rclpy_guard_conditions/prefix_override:/usr/lib/python3/dist-packages/colcon_core/task/python/colcon_distutils_commands:/home/diseq1/ros2_ws/install/examples_rclpy_guard_conditions/lib/python3.10/site-packages:${PYTHONPATH} /usr/bin/python3 -W ignore:setup.py install is deprecated -W ignore:easy_install command is deprecated setup.py egg_info --egg-base ../../../../build/examples_rclpy_guard_conditions build --build-base /home/diseq1/ros2_ws/build/examples_rclpy_guard_conditions/build install --record /home/diseq1/ros2_ws/build/examples_rclpy_guard_conditions/install.log --single-version-externally-managed install_data
[4.896s] running egg_info
[4.901s] writing ../../../../build/examples_rclpy_guard_conditions/examples_rclpy_guard_conditions.egg-info/PKG-INFO
[4.902s] writing dependency_links to ../../../../build/examples_rclpy_guard_conditions/examples_rclpy_guard_conditions.egg-info/dependency_links.txt
[4.902s] writing entry points to ../../../../build/examples_rclpy_guard_conditions/examples_rclpy_guard_conditions.egg-info/entry_points.txt
[4.902s] writing requirements to ../../../../build/examples_rclpy_guard_conditions/examples_rclpy_guard_conditions.egg-info/requires.txt
[4.902s] writing top-level names to ../../../../build/examples_rclpy_guard_conditions/examples_rclpy_guard_conditions.egg-info/top_level.txt
[4.905s] reading manifest file '../../../../build/examples_rclpy_guard_conditions/examples_rclpy_guard_conditions.egg-info/SOURCES.txt'
[4.908s] writing manifest file '../../../../build/examples_rclpy_guard_conditions/examples_rclpy_guard_conditions.egg-info/SOURCES.txt'
[4.908s] running build
[4.908s] running build_py
[4.908s] running install
[4.909s] running install_lib
[4.911s] running install_data
[4.911s] running install_egg_info
[4.913s] removing '/home/diseq1/ros2_ws/install/examples_rclpy_guard_conditions/lib/python3.10/site-packages/examples_rclpy_guard_conditions-0.21.4-py3.10.egg-info' (and everything under it)
[4.922s] Copying ../../../../build/examples_rclpy_guard_conditions/examples_rclpy_guard_conditions.egg-info to /home/diseq1/ros2_ws/install/examples_rclpy_guard_conditions/lib/python3.10/site-packages/examples_rclpy_guard_conditions-0.21.4-py3.10.egg-info
[4.926s] running install_scripts
[4.970s] Installing trigger_guard_condition script to /home/diseq1/ros2_ws/install/examples_rclpy_guard_conditions/lib/examples_rclpy_guard_conditions
[4.970s] writing list of installed files to '/home/diseq1/ros2_ws/build/examples_rclpy_guard_conditions/install.log'
[5.077s] Invoked command in '/home/diseq1/ros2_ws/src/ros2-tutorials/rclpy/guard_conditions' returned '0': PYTHONPATH=/home/diseq1/ros2_ws/build/examples_rclpy_guard_conditions/prefix_override:/usr/lib/python3/dist-packages/colcon_core/task/python/colcon_distutils_commands:/home/diseq1/ros2_ws/install/examples_rclpy_guard_conditions/lib/python3.10/site-packages:${PYTHONPATH} /usr/bin/python3 -W ignore:setup.py install is deprecated -W ignore:easy_install command is deprecated setup.py egg_info --egg-base ../../../../build/examples_rclpy_guard_conditions build --build-base /home/diseq1/ros2_ws/build/examples_rclpy_guard_conditions/build install --record /home/diseq1/ros2_ws/build/examples_rclpy_guard_conditions/install.log --single-version-externally-managed install_data
