[1.372s] Invoking command in '/home/diseq1/ros2_ws/build/turtle_tf2_cpp': CMAKE_PREFIX_PATH=${CMAKE_PREFIX_PATH}:/home/diseq1/ros2_ws/install/turtle_tf2_py:/home/diseq1/ros2_ws/install/launch_testing_examples:/home/diseq1/ros2_ws/install/examples_rclpy_pointcloud_publisher:/home/diseq1/ros2_ws/install/examples_rclpy_minimal_subscriber:/home/diseq1/ros2_ws/install/examples_rclpy_minimal_service:/home/diseq1/ros2_ws/install/examples_rclpy_minimal_publisher:/home/diseq1/ros2_ws/install/examples_rclpy_minimal_client:/home/diseq1/ros2_ws/install/examples_rclpy_minimal_action_server:/home/diseq1/ros2_ws/install/examples_rclpy_minimal_action_client:/home/diseq1/ros2_ws/install/examples_rclpy_guard_conditions:/home/diseq1/ros2_ws/install/examples_rclpy_executors:/opt/ros/humble /usr/bin/cmake /home/diseq1/ros2_ws/src/geometry_tutorials/turtle_tf2_cpp -DCMAKE_INSTALL_PREFIX=/home/diseq1/ros2_ws/install/turtle_tf2_cpp
[1.545s] -- Found ament_cmake: 1.3.12 (/opt/ros/humble/share/ament_cmake/cmake)
[1.545s] -- Found geometry_msgs: 4.9.0 (/opt/ros/humble/share/geometry_msgs/cmake)
[1.667s] -- Found rosidl_generator_c: 3.1.8 (/opt/ros/humble/share/rosidl_generator_c/cmake)
[1.668s] -- Found rosidl_adapter: 3.1.8 (/opt/ros/humble/share/rosidl_adapter/cmake)
[1.671s] -- Found rosidl_generator_cpp: 3.1.8 (/opt/ros/humble/share/rosidl_generator_cpp/cmake)
[1.682s] -- Using all available rosidl_typesupport_c: rosidl_typesupport_fastrtps_c;rosidl_typesupport_introspection_c
[1.693s] -- Using all available rosidl_typesupport_cpp: rosidl_typesupport_fastrtps_cpp;rosidl_typesupport_introspection_cpp
[1.725s] -- Found message_filters: 4.3.11 (/opt/ros/humble/share/message_filters/cmake)
[1.744s] -- Found rmw_implementation_cmake: 6.1.2 (/opt/ros/humble/share/rmw_implementation_cmake/cmake)
[1.745s] -- Found rmw_fastrtps_cpp: 6.2.9 (/opt/ros/humble/share/rmw_fastrtps_cpp/cmake)
[5.292s] -- Using RMW implementation 'rmw_fastrtps_cpp' as default
[5.311s] -- Found tf2: 0.25.18 (/opt/ros/humble/share/tf2/cmake)
[5.312s] -- Found tf2_geometry_msgs: 0.25.18 (/opt/ros/humble/share/tf2_geometry_msgs/cmake)
[5.314s] -- Found eigen3_cmake_module: 0.1.1 (/opt/ros/humble/share/eigen3_cmake_module/cmake)
[5.315s] -- Ensuring Eigen3 include directory is part of orocos-kdl CMake target
[6.204s] [31mCMake Error at CMakeLists.txt:24 (find_package):
[6.204s]   By not providing "Findturtlesim_msgs.cmake" in CMAKE_MODULE_PATH this
[6.204s]   project has asked CMake to find a package configuration file provided by
[6.204s]   "turtlesim_msgs", but CMake did not find one.
[6.204s] 
[6.204s]   Could not find a package configuration file provided by "turtlesim_msgs"
[6.204s]   with any of the following names:
[6.204s] 
[6.204s]     turtlesim_msgsConfig.cmake
[6.204s]     turtlesim_msgs-config.cmake
[6.204s] 
[6.205s]   Add the installation prefix of "turtlesim_msgs" to CMAKE_PREFIX_PATH or set
[6.205s]   "turtlesim_msgs_DIR" to a directory containing one of the above files.  If
[6.205s]   "turtlesim_msgs" provides a separate development package or SDK, be sure it
[6.205s]   has been installed.
[6.205s] 
[6.205s] [0m
[6.205s] -- Configuring incomplete, errors occurred!
[6.205s] See also "/home/diseq1/ros2_ws/build/turtle_tf2_cpp/CMakeFiles/CMakeOutput.log".
