[1.508s] Invoking command in '/home/diseq1/ros2_ws/build/urdf_tutorial': CMAKE_PREFIX_PATH=${CMAKE_PREFIX_PATH}:/home/diseq1/ros2_ws/install/turtle_tf2_py:/home/diseq1/ros2_ws/install/launch_testing_examples:/home/diseq1/ros2_ws/install/examples_rclpy_pointcloud_publisher:/home/diseq1/ros2_ws/install/examples_rclpy_minimal_subscriber:/home/diseq1/ros2_ws/install/examples_rclpy_minimal_service:/home/diseq1/ros2_ws/install/examples_rclpy_minimal_publisher:/home/diseq1/ros2_ws/install/examples_rclpy_minimal_client:/home/diseq1/ros2_ws/install/examples_rclpy_minimal_action_server:/home/diseq1/ros2_ws/install/examples_rclpy_minimal_action_client:/home/diseq1/ros2_ws/install/examples_rclpy_guard_conditions:/home/diseq1/ros2_ws/install/examples_rclpy_executors:/opt/ros/humble /usr/bin/cmake --build /home/diseq1/ros2_ws/build/urdf_tutorial -- -j32 -l32
[1.580s] Invoked command in '/home/diseq1/ros2_ws/build/urdf_tutorial' returned '0': CMAKE_PREFIX_PATH=${CMAKE_PREFIX_PATH}:/home/diseq1/ros2_ws/install/turtle_tf2_py:/home/diseq1/ros2_ws/install/launch_testing_examples:/home/diseq1/ros2_ws/install/examples_rclpy_pointcloud_publisher:/home/diseq1/ros2_ws/install/examples_rclpy_minimal_subscriber:/home/diseq1/ros2_ws/install/examples_rclpy_minimal_service:/home/diseq1/ros2_ws/install/examples_rclpy_minimal_publisher:/home/diseq1/ros2_ws/install/examples_rclpy_minimal_client:/home/diseq1/ros2_ws/install/examples_rclpy_minimal_action_server:/home/diseq1/ros2_ws/install/examples_rclpy_minimal_action_client:/home/diseq1/ros2_ws/install/examples_rclpy_guard_conditions:/home/diseq1/ros2_ws/install/examples_rclpy_executors:/opt/ros/humble /usr/bin/cmake --build /home/diseq1/ros2_ws/build/urdf_tutorial -- -j32 -l32
[1.622s] Invoking command in '/home/diseq1/ros2_ws/build/urdf_tutorial': CMAKE_PREFIX_PATH=${CMAKE_PREFIX_PATH}:/home/diseq1/ros2_ws/install/turtle_tf2_py:/home/diseq1/ros2_ws/install/launch_testing_examples:/home/diseq1/ros2_ws/install/examples_rclpy_pointcloud_publisher:/home/diseq1/ros2_ws/install/examples_rclpy_minimal_subscriber:/home/diseq1/ros2_ws/install/examples_rclpy_minimal_service:/home/diseq1/ros2_ws/install/examples_rclpy_minimal_publisher:/home/diseq1/ros2_ws/install/examples_rclpy_minimal_client:/home/diseq1/ros2_ws/install/examples_rclpy_minimal_action_server:/home/diseq1/ros2_ws/install/examples_rclpy_minimal_action_client:/home/diseq1/ros2_ws/install/examples_rclpy_guard_conditions:/home/diseq1/ros2_ws/install/examples_rclpy_executors:/opt/ros/humble /usr/bin/cmake --install /home/diseq1/ros2_ws/build/urdf_tutorial
[1.643s] -- Install configuration: ""
[1.643s] -- Up-to-date: /home/diseq1/ros2_ws/install/urdf_tutorial/share/urdf_tutorial/launch
[1.643s] -- Up-to-date: /home/diseq1/ros2_ws/install/urdf_tutorial/share/urdf_tutorial/launch/display.launch.py
[1.644s] -- Up-to-date: /home/diseq1/ros2_ws/install/urdf_tutorial/share/urdf_tutorial/urdf
[1.644s] -- Up-to-date: /home/diseq1/ros2_ws/install/urdf_tutorial/share/urdf_tutorial/urdf/r2d2_robot.urdf
[1.644s] -- Up-to-date: /home/diseq1/ros2_ws/install/urdf_tutorial/share/urdf_tutorial/urdf/02-two-link.urdf
[1.644s] -- Up-to-date: /home/diseq1/ros2_ws/install/urdf_tutorial/share/urdf_tutorial/urdf/01-simple-link.urdf
[1.644s] -- Up-to-date: /home/diseq1/ros2_ws/install/urdf_tutorial/share/urdf_tutorial/urdf/robot_arm.urdf
[1.644s] -- Up-to-date: /home/diseq1/ros2_ws/install/urdf_tutorial/share/urdf_tutorial/urdf/r2d2_auto.urdf
[1.645s] -- Up-to-date: /home/diseq1/ros2_ws/install/urdf_tutorial/share/ament_index/resource_index/package_run_dependencies/urdf_tutorial
[1.645s] -- Up-to-date: /home/diseq1/ros2_ws/install/urdf_tutorial/share/ament_index/resource_index/parent_prefix_path/urdf_tutorial
[1.645s] -- Up-to-date: /home/diseq1/ros2_ws/install/urdf_tutorial/share/urdf_tutorial/environment/ament_prefix_path.sh
[1.645s] -- Up-to-date: /home/diseq1/ros2_ws/install/urdf_tutorial/share/urdf_tutorial/environment/ament_prefix_path.dsv
[1.645s] -- Up-to-date: /home/diseq1/ros2_ws/install/urdf_tutorial/share/urdf_tutorial/environment/path.sh
[1.645s] -- Up-to-date: /home/diseq1/ros2_ws/install/urdf_tutorial/share/urdf_tutorial/environment/path.dsv
[1.645s] -- Up-to-date: /home/diseq1/ros2_ws/install/urdf_tutorial/share/urdf_tutorial/local_setup.bash
[1.645s] -- Up-to-date: /home/diseq1/ros2_ws/install/urdf_tutorial/share/urdf_tutorial/local_setup.sh
[1.646s] -- Up-to-date: /home/diseq1/ros2_ws/install/urdf_tutorial/share/urdf_tutorial/local_setup.zsh
[1.646s] -- Up-to-date: /home/diseq1/ros2_ws/install/urdf_tutorial/share/urdf_tutorial/local_setup.dsv
[1.646s] -- Installing: /home/diseq1/ros2_ws/install/urdf_tutorial/share/urdf_tutorial/package.dsv
[1.646s] -- Up-to-date: /home/diseq1/ros2_ws/install/urdf_tutorial/share/ament_index/resource_index/packages/urdf_tutorial
[1.646s] -- Up-to-date: /home/diseq1/ros2_ws/install/urdf_tutorial/share/urdf_tutorial/cmake/urdf_tutorialConfig.cmake
[1.646s] -- Up-to-date: /home/diseq1/ros2_ws/install/urdf_tutorial/share/urdf_tutorial/cmake/urdf_tutorialConfig-version.cmake
[1.647s] -- Up-to-date: /home/diseq1/ros2_ws/install/urdf_tutorial/share/urdf_tutorial/package.xml
[1.799s] Invoked command in '/home/diseq1/ros2_ws/build/urdf_tutorial' returned '0': CMAKE_PREFIX_PATH=${CMAKE_PREFIX_PATH}:/home/diseq1/ros2_ws/install/turtle_tf2_py:/home/diseq1/ros2_ws/install/launch_testing_examples:/home/diseq1/ros2_ws/install/examples_rclpy_pointcloud_publisher:/home/diseq1/ros2_ws/install/examples_rclpy_minimal_subscriber:/home/diseq1/ros2_ws/install/examples_rclpy_minimal_service:/home/diseq1/ros2_ws/install/examples_rclpy_minimal_publisher:/home/diseq1/ros2_ws/install/examples_rclpy_minimal_client:/home/diseq1/ros2_ws/install/examples_rclpy_minimal_action_server:/home/diseq1/ros2_ws/install/examples_rclpy_minimal_action_client:/home/diseq1/ros2_ws/install/examples_rclpy_guard_conditions:/home/diseq1/ros2_ws/install/examples_rclpy_executors:/opt/ros/humble /usr/bin/cmake --install /home/diseq1/ros2_ws/build/urdf_tutorial
