[1.249s] Invoking command in '/home/diseq1/ros2_ws/build/geometry_tutorials': CMAKE_PREFIX_PATH=${CMAKE_PREFIX_PATH}:/home/diseq1/ros2_ws/install/turtle_tf2_py:/home/diseq1/ros2_ws/install/launch_testing_examples:/home/diseq1/ros2_ws/install/examples_rclpy_pointcloud_publisher:/home/diseq1/ros2_ws/install/examples_rclpy_minimal_subscriber:/home/diseq1/ros2_ws/install/examples_rclpy_minimal_service:/home/diseq1/ros2_ws/install/examples_rclpy_minimal_publisher:/home/diseq1/ros2_ws/install/examples_rclpy_minimal_client:/home/diseq1/ros2_ws/install/examples_rclpy_minimal_action_server:/home/diseq1/ros2_ws/install/examples_rclpy_minimal_action_client:/home/diseq1/ros2_ws/install/examples_rclpy_guard_conditions:/home/diseq1/ros2_ws/install/examples_rclpy_executors:/opt/ros/humble /usr/bin/cmake --build /home/diseq1/ros2_ws/build/geometry_tutorials -- -j32 -l32
[1.597s] Invoked command in '/home/diseq1/ros2_ws/build/geometry_tutorials' returned '0': CMAKE_PREFIX_PATH=${CMAKE_PREFIX_PATH}:/home/diseq1/ros2_ws/install/turtle_tf2_py:/home/diseq1/ros2_ws/install/launch_testing_examples:/home/diseq1/ros2_ws/install/examples_rclpy_pointcloud_publisher:/home/diseq1/ros2_ws/install/examples_rclpy_minimal_subscriber:/home/diseq1/ros2_ws/install/examples_rclpy_minimal_service:/home/diseq1/ros2_ws/install/examples_rclpy_minimal_publisher:/home/diseq1/ros2_ws/install/examples_rclpy_minimal_client:/home/diseq1/ros2_ws/install/examples_rclpy_minimal_action_server:/home/diseq1/ros2_ws/install/examples_rclpy_minimal_action_client:/home/diseq1/ros2_ws/install/examples_rclpy_guard_conditions:/home/diseq1/ros2_ws/install/examples_rclpy_executors:/opt/ros/humble /usr/bin/cmake --build /home/diseq1/ros2_ws/build/geometry_tutorials -- -j32 -l32
[1.599s] Invoking command in '/home/diseq1/ros2_ws/build/geometry_tutorials': CMAKE_PREFIX_PATH=${CMAKE_PREFIX_PATH}:/home/diseq1/ros2_ws/install/turtle_tf2_py:/home/diseq1/ros2_ws/install/launch_testing_examples:/home/diseq1/ros2_ws/install/examples_rclpy_pointcloud_publisher:/home/diseq1/ros2_ws/install/examples_rclpy_minimal_subscriber:/home/diseq1/ros2_ws/install/examples_rclpy_minimal_service:/home/diseq1/ros2_ws/install/examples_rclpy_minimal_publisher:/home/diseq1/ros2_ws/install/examples_rclpy_minimal_client:/home/diseq1/ros2_ws/install/examples_rclpy_minimal_action_server:/home/diseq1/ros2_ws/install/examples_rclpy_minimal_action_client:/home/diseq1/ros2_ws/install/examples_rclpy_guard_conditions:/home/diseq1/ros2_ws/install/examples_rclpy_executors:/opt/ros/humble /usr/bin/cmake --install /home/diseq1/ros2_ws/build/geometry_tutorials
[1.651s] -- Install configuration: ""
[1.651s] -- Up-to-date: /home/diseq1/ros2_ws/install/geometry_tutorials/share/ament_index/resource_index/package_run_dependencies/geometry_tutorials
[1.652s] -- Up-to-date: /home/diseq1/ros2_ws/install/geometry_tutorials/share/ament_index/resource_index/parent_prefix_path/geometry_tutorials
[1.653s] -- Up-to-date: /home/diseq1/ros2_ws/install/geometry_tutorials/share/geometry_tutorials/environment/ament_prefix_path.sh
[1.653s] -- Up-to-date: /home/diseq1/ros2_ws/install/geometry_tutorials/share/geometry_tutorials/environment/ament_prefix_path.dsv
[1.653s] -- Up-to-date: /home/diseq1/ros2_ws/install/geometry_tutorials/share/geometry_tutorials/environment/path.sh
[1.653s] -- Up-to-date: /home/diseq1/ros2_ws/install/geometry_tutorials/share/geometry_tutorials/environment/path.dsv
[1.654s] -- Up-to-date: /home/diseq1/ros2_ws/install/geometry_tutorials/share/geometry_tutorials/local_setup.bash
[1.654s] -- Up-to-date: /home/diseq1/ros2_ws/install/geometry_tutorials/share/geometry_tutorials/local_setup.sh
[1.654s] -- Up-to-date: /home/diseq1/ros2_ws/install/geometry_tutorials/share/geometry_tutorials/local_setup.zsh
[1.654s] -- Up-to-date: /home/diseq1/ros2_ws/install/geometry_tutorials/share/geometry_tutorials/local_setup.dsv
[1.655s] -- Installing: /home/diseq1/ros2_ws/install/geometry_tutorials/share/geometry_tutorials/package.dsv
[1.655s] -- Up-to-date: /home/diseq1/ros2_ws/install/geometry_tutorials/share/ament_index/resource_index/packages/geometry_tutorials
[1.655s] -- Up-to-date: /home/diseq1/ros2_ws/install/geometry_tutorials/share/geometry_tutorials/cmake/geometry_tutorialsConfig.cmake
[1.655s] -- Up-to-date: /home/diseq1/ros2_ws/install/geometry_tutorials/share/geometry_tutorials/cmake/geometry_tutorialsConfig-version.cmake
[1.655s] -- Up-to-date: /home/diseq1/ros2_ws/install/geometry_tutorials/share/geometry_tutorials/package.xml
[1.788s] Invoked command in '/home/diseq1/ros2_ws/build/geometry_tutorials' returned '0': CMAKE_PREFIX_PATH=${CMAKE_PREFIX_PATH}:/home/diseq1/ros2_ws/install/turtle_tf2_py:/home/diseq1/ros2_ws/install/launch_testing_examples:/home/diseq1/ros2_ws/install/examples_rclpy_pointcloud_publisher:/home/diseq1/ros2_ws/install/examples_rclpy_minimal_subscriber:/home/diseq1/ros2_ws/install/examples_rclpy_minimal_service:/home/diseq1/ros2_ws/install/examples_rclpy_minimal_publisher:/home/diseq1/ros2_ws/install/examples_rclpy_minimal_client:/home/diseq1/ros2_ws/install/examples_rclpy_minimal_action_server:/home/diseq1/ros2_ws/install/examples_rclpy_minimal_action_client:/home/diseq1/ros2_ws/install/examples_rclpy_guard_conditions:/home/diseq1/ros2_ws/install/examples_rclpy_executors:/opt/ros/humble /usr/bin/cmake --install /home/diseq1/ros2_ws/build/geometry_tutorials
