[1.945s] Invoking command in '/home/diseq1/ros2_ws/src/ros2-tutorials/rclpy/guard_conditions': PYTHONPATH=/home/diseq1/ros2_ws/build/examples_rclpy_guard_conditions/prefix_override:/usr/lib/python3/dist-packages/colcon_core/task/python/colcon_distutils_commands:/home/diseq1/ros2_ws/install/examples_rclpy_guard_conditions/lib/python3.10/site-packages:${PYTHONPATH} /usr/bin/python3 -W ignore:setup.py install is deprecated -W ignore:easy_install command is deprecated setup.py egg_info --egg-base ../../../../build/examples_rclpy_guard_conditions build --build-base /home/diseq1/ros2_ws/build/examples_rclpy_guard_conditions/build install --record /home/diseq1/ros2_ws/build/examples_rclpy_guard_conditions/install.log --single-version-externally-managed install_data
[3.352s] running egg_info
[3.352s] creating ../../../../build/examples_rclpy_guard_conditions/examples_rclpy_guard_conditions.egg-info
[3.353s] writing ../../../../build/examples_rclpy_guard_conditions/examples_rclpy_guard_conditions.egg-info/PKG-INFO
[3.353s] writing dependency_links to ../../../../build/examples_rclpy_guard_conditions/examples_rclpy_guard_conditions.egg-info/dependency_links.txt
[3.353s] writing entry points to ../../../../build/examples_rclpy_guard_conditions/examples_rclpy_guard_conditions.egg-info/entry_points.txt
[3.353s] writing requirements to ../../../../build/examples_rclpy_guard_conditions/examples_rclpy_guard_conditions.egg-info/requires.txt
[3.353s] writing top-level names to ../../../../build/examples_rclpy_guard_conditions/examples_rclpy_guard_conditions.egg-info/top_level.txt
[3.353s] writing manifest file '../../../../build/examples_rclpy_guard_conditions/examples_rclpy_guard_conditions.egg-info/SOURCES.txt'
[3.353s] reading manifest file '../../../../build/examples_rclpy_guard_conditions/examples_rclpy_guard_conditions.egg-info/SOURCES.txt'
[3.353s] writing manifest file '../../../../build/examples_rclpy_guard_conditions/examples_rclpy_guard_conditions.egg-info/SOURCES.txt'
[3.353s] running build
[3.354s] running build_py
[3.354s] creating /home/diseq1/ros2_ws/build/examples_rclpy_guard_conditions/build
[3.354s] creating /home/diseq1/ros2_ws/build/examples_rclpy_guard_conditions/build/lib
[3.354s] creating /home/diseq1/ros2_ws/build/examples_rclpy_guard_conditions/build/lib/examples_rclpy_guard_conditions
[3.354s] copying examples_rclpy_guard_conditions/__init__.py -> /home/diseq1/ros2_ws/build/examples_rclpy_guard_conditions/build/lib/examples_rclpy_guard_conditions
[3.354s] copying examples_rclpy_guard_conditions/trigger_guard_condition.py -> /home/diseq1/ros2_ws/build/examples_rclpy_guard_conditions/build/lib/examples_rclpy_guard_conditions
[3.354s] running install
[3.354s] running install_lib
[3.354s] creating /home/diseq1/ros2_ws/install/examples_rclpy_guard_conditions/lib/python3.10/site-packages/examples_rclpy_guard_conditions
[3.354s] copying /home/diseq1/ros2_ws/build/examples_rclpy_guard_conditions/build/lib/examples_rclpy_guard_conditions/__init__.py -> /home/diseq1/ros2_ws/install/examples_rclpy_guard_conditions/lib/python3.10/site-packages/examples_rclpy_guard_conditions
[3.354s] copying /home/diseq1/ros2_ws/build/examples_rclpy_guard_conditions/build/lib/examples_rclpy_guard_conditions/trigger_guard_condition.py -> /home/diseq1/ros2_ws/install/examples_rclpy_guard_conditions/lib/python3.10/site-packages/examples_rclpy_guard_conditions
[3.354s] byte-compiling /home/diseq1/ros2_ws/install/examples_rclpy_guard_conditions/lib/python3.10/site-packages/examples_rclpy_guard_conditions/__init__.py to __init__.cpython-310.pyc
[3.354s] byte-compiling /home/diseq1/ros2_ws/install/examples_rclpy_guard_conditions/lib/python3.10/site-packages/examples_rclpy_guard_conditions/trigger_guard_condition.py to trigger_guard_condition.cpython-310.pyc
[3.354s] running install_data
[3.354s] creating /home/diseq1/ros2_ws/install/examples_rclpy_guard_conditions/share/ament_index
[3.355s] creating /home/diseq1/ros2_ws/install/examples_rclpy_guard_conditions/share/ament_index/resource_index
[3.355s] creating /home/diseq1/ros2_ws/install/examples_rclpy_guard_conditions/share/ament_index/resource_index/packages
[3.355s] copying resource/examples_rclpy_guard_conditions -> /home/diseq1/ros2_ws/install/examples_rclpy_guard_conditions/share/ament_index/resource_index/packages
[3.355s] copying package.xml -> /home/diseq1/ros2_ws/install/examples_rclpy_guard_conditions/share/examples_rclpy_guard_conditions
[3.355s] running install_egg_info
[3.355s] Copying ../../../../build/examples_rclpy_guard_conditions/examples_rclpy_guard_conditions.egg-info to /home/diseq1/ros2_ws/install/examples_rclpy_guard_conditions/lib/python3.10/site-packages/examples_rclpy_guard_conditions-0.21.4-py3.10.egg-info
[3.355s] running install_scripts
[3.356s] Installing trigger_guard_condition script to /home/diseq1/ros2_ws/install/examples_rclpy_guard_conditions/lib/examples_rclpy_guard_conditions
[3.356s] writing list of installed files to '/home/diseq1/ros2_ws/build/examples_rclpy_guard_conditions/install.log'
[3.400s] Invoked command in '/home/diseq1/ros2_ws/src/ros2-tutorials/rclpy/guard_conditions' returned '0': PYTHONPATH=/home/diseq1/ros2_ws/build/examples_rclpy_guard_conditions/prefix_override:/usr/lib/python3/dist-packages/colcon_core/task/python/colcon_distutils_commands:/home/diseq1/ros2_ws/install/examples_rclpy_guard_conditions/lib/python3.10/site-packages:${PYTHONPATH} /usr/bin/python3 -W ignore:setup.py install is deprecated -W ignore:easy_install command is deprecated setup.py egg_info --egg-base ../../../../build/examples_rclpy_guard_conditions build --build-base /home/diseq1/ros2_ws/build/examples_rclpy_guard_conditions/build install --record /home/diseq1/ros2_ws/build/examples_rclpy_guard_conditions/install.log --single-version-externally-managed install_data
