[1.983s] Invoking command in '/home/diseq1/ros2_ws/src/ros2-tutorials/rclpy/executors': PYTHONPATH=/home/diseq1/ros2_ws/build/examples_rclpy_executors/prefix_override:/usr/lib/python3/dist-packages/colcon_core/task/python/colcon_distutils_commands:/home/diseq1/ros2_ws/install/examples_rclpy_executors/lib/python3.10/site-packages:${PYTHONPATH} /usr/bin/python3 -W ignore:setup.py install is deprecated -W ignore:easy_install command is deprecated setup.py egg_info --egg-base ../../../../build/examples_rclpy_executors build --build-base /home/diseq1/ros2_ws/build/examples_rclpy_executors/build install --record /home/diseq1/ros2_ws/build/examples_rclpy_executors/install.log --single-version-externally-managed install_data
[3.359s] running egg_info
[3.359s] creating ../../../../build/examples_rclpy_executors/examples_rclpy_executors.egg-info
[3.359s] writing ../../../../build/examples_rclpy_executors/examples_rclpy_executors.egg-info/PKG-INFO
[3.359s] writing dependency_links to ../../../../build/examples_rclpy_executors/examples_rclpy_executors.egg-info/dependency_links.txt
[3.360s] writing entry points to ../../../../build/examples_rclpy_executors/examples_rclpy_executors.egg-info/entry_points.txt
[3.360s] writing requirements to ../../../../build/examples_rclpy_executors/examples_rclpy_executors.egg-info/requires.txt
[3.360s] writing top-level names to ../../../../build/examples_rclpy_executors/examples_rclpy_executors.egg-info/top_level.txt
[3.360s] writing manifest file '../../../../build/examples_rclpy_executors/examples_rclpy_executors.egg-info/SOURCES.txt'
[3.360s] reading manifest file '../../../../build/examples_rclpy_executors/examples_rclpy_executors.egg-info/SOURCES.txt'
[3.360s] writing manifest file '../../../../build/examples_rclpy_executors/examples_rclpy_executors.egg-info/SOURCES.txt'
[3.360s] running build
[3.360s] running build_py
[3.361s] creating /home/diseq1/ros2_ws/build/examples_rclpy_executors/build
[3.361s] creating /home/diseq1/ros2_ws/build/examples_rclpy_executors/build/lib
[3.361s] creating /home/diseq1/ros2_ws/build/examples_rclpy_executors/build/lib/examples_rclpy_executors
[3.361s] copying examples_rclpy_executors/talker.py -> /home/diseq1/ros2_ws/build/examples_rclpy_executors/build/lib/examples_rclpy_executors
[3.361s] copying examples_rclpy_executors/__init__.py -> /home/diseq1/ros2_ws/build/examples_rclpy_executors/build/lib/examples_rclpy_executors
[3.361s] copying examples_rclpy_executors/composed.py -> /home/diseq1/ros2_ws/build/examples_rclpy_executors/build/lib/examples_rclpy_executors
[3.361s] copying examples_rclpy_executors/listener.py -> /home/diseq1/ros2_ws/build/examples_rclpy_executors/build/lib/examples_rclpy_executors
[3.361s] copying examples_rclpy_executors/callback_group.py -> /home/diseq1/ros2_ws/build/examples_rclpy_executors/build/lib/examples_rclpy_executors
[3.361s] copying examples_rclpy_executors/custom_callback_group.py -> /home/diseq1/ros2_ws/build/examples_rclpy_executors/build/lib/examples_rclpy_executors
[3.361s] copying examples_rclpy_executors/custom_executor.py -> /home/diseq1/ros2_ws/build/examples_rclpy_executors/build/lib/examples_rclpy_executors
[3.361s] running install
[3.361s] running install_lib
[3.361s] creating /home/diseq1/ros2_ws/install/examples_rclpy_executors/lib/python3.10/site-packages/examples_rclpy_executors
[3.361s] copying /home/diseq1/ros2_ws/build/examples_rclpy_executors/build/lib/examples_rclpy_executors/talker.py -> /home/diseq1/ros2_ws/install/examples_rclpy_executors/lib/python3.10/site-packages/examples_rclpy_executors
[3.362s] copying /home/diseq1/ros2_ws/build/examples_rclpy_executors/build/lib/examples_rclpy_executors/__init__.py -> /home/diseq1/ros2_ws/install/examples_rclpy_executors/lib/python3.10/site-packages/examples_rclpy_executors
[3.362s] copying /home/diseq1/ros2_ws/build/examples_rclpy_executors/build/lib/examples_rclpy_executors/composed.py -> /home/diseq1/ros2_ws/install/examples_rclpy_executors/lib/python3.10/site-packages/examples_rclpy_executors
[3.362s] copying /home/diseq1/ros2_ws/build/examples_rclpy_executors/build/lib/examples_rclpy_executors/listener.py -> /home/diseq1/ros2_ws/install/examples_rclpy_executors/lib/python3.10/site-packages/examples_rclpy_executors
[3.362s] copying /home/diseq1/ros2_ws/build/examples_rclpy_executors/build/lib/examples_rclpy_executors/callback_group.py -> /home/diseq1/ros2_ws/install/examples_rclpy_executors/lib/python3.10/site-packages/examples_rclpy_executors
[3.362s] copying /home/diseq1/ros2_ws/build/examples_rclpy_executors/build/lib/examples_rclpy_executors/custom_callback_group.py -> /home/diseq1/ros2_ws/install/examples_rclpy_executors/lib/python3.10/site-packages/examples_rclpy_executors
[3.362s] copying /home/diseq1/ros2_ws/build/examples_rclpy_executors/build/lib/examples_rclpy_executors/custom_executor.py -> /home/diseq1/ros2_ws/install/examples_rclpy_executors/lib/python3.10/site-packages/examples_rclpy_executors
[3.362s] byte-compiling /home/diseq1/ros2_ws/install/examples_rclpy_executors/lib/python3.10/site-packages/examples_rclpy_executors/talker.py to talker.cpython-310.pyc
[3.362s] byte-compiling /home/diseq1/ros2_ws/install/examples_rclpy_executors/lib/python3.10/site-packages/examples_rclpy_executors/__init__.py to __init__.cpython-310.pyc
[3.362s] byte-compiling /home/diseq1/ros2_ws/install/examples_rclpy_executors/lib/python3.10/site-packages/examples_rclpy_executors/composed.py to composed.cpython-310.pyc
[3.362s] byte-compiling /home/diseq1/ros2_ws/install/examples_rclpy_executors/lib/python3.10/site-packages/examples_rclpy_executors/listener.py to listener.cpython-310.pyc
[3.362s] byte-compiling /home/diseq1/ros2_ws/install/examples_rclpy_executors/lib/python3.10/site-packages/examples_rclpy_executors/callback_group.py to callback_group.cpython-310.pyc
[3.362s] byte-compiling /home/diseq1/ros2_ws/install/examples_rclpy_executors/lib/python3.10/site-packages/examples_rclpy_executors/custom_callback_group.py to custom_callback_group.cpython-310.pyc
[3.362s] byte-compiling /home/diseq1/ros2_ws/install/examples_rclpy_executors/lib/python3.10/site-packages/examples_rclpy_executors/custom_executor.py to custom_executor.cpython-310.pyc
[3.363s] running install_data
[3.363s] creating /home/diseq1/ros2_ws/install/examples_rclpy_executors/share/ament_index
[3.363s] creating /home/diseq1/ros2_ws/install/examples_rclpy_executors/share/ament_index/resource_index
[3.363s] creating /home/diseq1/ros2_ws/install/examples_rclpy_executors/share/ament_index/resource_index/packages
[3.363s] copying resource/examples_rclpy_executors -> /home/diseq1/ros2_ws/install/examples_rclpy_executors/share/ament_index/resource_index/packages
[3.363s] copying package.xml -> /home/diseq1/ros2_ws/install/examples_rclpy_executors/share/examples_rclpy_executors
[3.364s] running install_egg_info
[3.364s] Copying ../../../../build/examples_rclpy_executors/examples_rclpy_executors.egg-info to /home/diseq1/ros2_ws/install/examples_rclpy_executors/lib/python3.10/site-packages/examples_rclpy_executors-0.21.4-py3.10.egg-info
[3.364s] running install_scripts
[3.364s] Installing callback_group script to /home/diseq1/ros2_ws/install/examples_rclpy_executors/lib/examples_rclpy_executors
[3.364s] Installing composed script to /home/diseq1/ros2_ws/install/examples_rclpy_executors/lib/examples_rclpy_executors
[3.364s] Installing custom_callback_group script to /home/diseq1/ros2_ws/install/examples_rclpy_executors/lib/examples_rclpy_executors
[3.364s] Installing custom_executor script to /home/diseq1/ros2_ws/install/examples_rclpy_executors/lib/examples_rclpy_executors
[3.364s] Installing listener script to /home/diseq1/ros2_ws/install/examples_rclpy_executors/lib/examples_rclpy_executors
[3.364s] Installing talker script to /home/diseq1/ros2_ws/install/examples_rclpy_executors/lib/examples_rclpy_executors
[3.364s] writing list of installed files to '/home/diseq1/ros2_ws/build/examples_rclpy_executors/install.log'
[3.407s] Invoked command in '/home/diseq1/ros2_ws/src/ros2-tutorials/rclpy/executors' returned '0': PYTHONPATH=/home/diseq1/ros2_ws/build/examples_rclpy_executors/prefix_override:/usr/lib/python3/dist-packages/colcon_core/task/python/colcon_distutils_commands:/home/diseq1/ros2_ws/install/examples_rclpy_executors/lib/python3.10/site-packages:${PYTHONPATH} /usr/bin/python3 -W ignore:setup.py install is deprecated -W ignore:easy_install command is deprecated setup.py egg_info --egg-base ../../../../build/examples_rclpy_executors build --build-base /home/diseq1/ros2_ws/build/examples_rclpy_executors/build install --record /home/diseq1/ros2_ws/build/examples_rclpy_executors/install.log --single-version-externally-managed install_data
