[1.472s] Invoking command in '/home/diseq1/ros2_ws/build/turtlesim': CMAKE_PREFIX_PATH=/opt/ros/humble /usr/bin/cmake /home/diseq1/ros2_ws/ros_tutorials/turtlesim -DCMAKE_INSTALL_PREFIX=/home/diseq1/ros2_ws/install/turtlesim
[1.752s] -- The C compiler identification is GNU 11.4.0
[2.612s] -- The CXX compiler identification is GNU 11.4.0
[3.142s] -- Detecting C compiler ABI info
[3.334s] -- Detecting C compiler ABI info - done
[3.334s] -- Check for working C compiler: /usr/bin/cc - skipped
[3.334s] -- Detecting C compile features
[3.334s] -- Detecting C compile features - done
[3.334s] -- Detecting CXX compiler ABI info
[3.470s] -- Detecting CXX compiler ABI info - done
[3.474s] -- Check for working CXX compiler: /usr/bin/c++ - skipped
[3.474s] -- Detecting CXX compile features
[3.474s] -- Detecting CXX compile features - done
[3.475s] -- Found ament_cmake: 1.3.12 (/opt/ros/humble/share/ament_cmake/cmake)
[3.555s] -- Found Python3: /usr/bin/python3 (found version "3.10.12") found components: Interpreter 
[3.601s] -- Found ament_index_cpp: 1.4.0 (/opt/ros/humble/share/ament_index_cpp/cmake)
[3.601s] -- Found geometry_msgs: 4.9.0 (/opt/ros/humble/share/geometry_msgs/cmake)
[3.823s] -- Found rosidl_generator_c: 3.1.8 (/opt/ros/humble/share/rosidl_generator_c/cmake)
[3.825s] -- Found rosidl_adapter: 3.1.8 (/opt/ros/humble/share/rosidl_adapter/cmake)
[3.829s] -- Found rosidl_generator_cpp: 3.1.8 (/opt/ros/humble/share/rosidl_generator_cpp/cmake)
[3.834s] -- Using all available rosidl_typesupport_c: rosidl_typesupport_fastrtps_c;rosidl_typesupport_introspection_c
[3.842s] -- Using all available rosidl_typesupport_cpp: rosidl_typesupport_fastrtps_cpp;rosidl_typesupport_introspection_cpp
[3.999s] -- Found rclcpp: 16.0.17 (/opt/ros/humble/share/rclcpp/cmake)
[4.016s] -- Found rmw_implementation_cmake: 6.1.2 (/opt/ros/humble/share/rmw_implementation_cmake/cmake)
[4.017s] -- Found rmw_fastrtps_cpp: 6.2.9 (/opt/ros/humble/share/rmw_fastrtps_cpp/cmake)
[5.200s] -- Found OpenSSL: /usr/lib/x86_64-linux-gnu/libcrypto.so (found version "3.0.2")  
[6.354s] -- Found FastRTPS: /opt/ros/humble/include  
[9.479s] -- Using RMW implementation 'rmw_fastrtps_cpp' as default
[9.483s] -- Looking for pthread.h
[9.590s] -- Looking for pthread.h - found
[9.590s] -- Performing Test CMAKE_HAVE_LIBC_PTHREAD
[9.721s] -- Performing Test CMAKE_HAVE_LIBC_PTHREAD - Success
[9.722s] -- Found Threads: TRUE  
[9.743s] -- Found rclcpp_action: 16.0.17 (/opt/ros/humble/share/rclcpp_action/cmake)
[9.760s] -- Found rosidl_default_generators: 1.2.0 (/opt/ros/humble/share/rosidl_default_generators/cmake)
[9.767s] -- Found std_srvs: 4.9.0 (/opt/ros/humble/share/std_srvs/cmake)
[9.943s] -- Found ament_cmake_ros: 0.10.0 (/opt/ros/humble/share/ament_cmake_ros/cmake)
[10.117s] -- Using all available rosidl_typesupport_c: rosidl_typesupport_fastrtps_c;rosidl_typesupport_introspection_c
[10.189s] -- Using all available rosidl_typesupport_cpp: rosidl_typesupport_fastrtps_cpp;rosidl_typesupport_introspection_cpp
[10.322s] -- Found PythonInterp: /usr/bin/python3 (found suitable version "3.10.12", minimum required is "3.6") 
[10.324s] -- Found python_cmake_module: 0.10.0 (/opt/ros/humble/share/python_cmake_module/cmake)
[10.783s] -- Found PythonLibs: /usr/lib/x86_64-linux-gnu/libpython3.10.so (found suitable version "3.10.12", minimum required is "3.5") 
[10.783s] -- Using PYTHON_EXECUTABLE: /usr/bin/python3
[10.783s] -- Using PYTHON_INCLUDE_DIRS: /usr/include/python3.10
[10.783s] -- Using PYTHON_LIBRARIES: /usr/lib/x86_64-linux-gnu/libpython3.10.so
[10.794s] -- Found PythonExtra: .so  
[10.867s] -- Configuring done
[10.909s] -- Generating done
[10.920s] -- Build files have been written to: /home/diseq1/ros2_ws/build/turtlesim
