[0.072s] Invoking command in '/home/diseq1/ros2_ws/build/examples_rclcpp_minimal_publisher': CMAKE_PREFIX_PATH=/opt/ros/humble /usr/bin/cmake /home/diseq1/ros2_ws/src/ros2-tutorials/rclcpp/topics/minimal_publisher -DCMAKE_INSTALL_PREFIX=/home/diseq1/ros2_ws/install/examples_rclcpp_minimal_publisher
[1.553s] -- The C compiler identification is GNU 11.4.0
[1.553s] -- The CXX compiler identification is GNU 11.4.0
[1.553s] -- Detecting C compiler ABI info
[1.553s] -- Detecting C compiler ABI info - done
[1.553s] -- Check for working C compiler: /usr/bin/cc - skipped
[1.553s] -- Detecting C compile features
[1.553s] -- Detecting C compile features - done
[1.553s] -- Detecting CXX compiler ABI info
[1.553s] -- Detecting CXX compiler ABI info - done
[1.553s] -- Check for working CXX compiler: /usr/bin/c++ - skipped
[1.553s] -- Detecting CXX compile features
[1.553s] -- Detecting CXX compile features - done
[1.554s] -- Found ament_cmake: 1.3.12 (/opt/ros/humble/share/ament_cmake/cmake)
[1.554s] -- Found Python3: /usr/bin/python3 (found version "3.10.12") found components: Interpreter 
[1.554s] -- Found rclcpp: 16.0.17 (/opt/ros/humble/share/rclcpp/cmake)
[1.554s] -- Found rosidl_generator_c: 3.1.8 (/opt/ros/humble/share/rosidl_generator_c/cmake)
[1.554s] -- Found rosidl_adapter: 3.1.8 (/opt/ros/humble/share/rosidl_adapter/cmake)
[1.554s] -- Found rosidl_generator_cpp: 3.1.8 (/opt/ros/humble/share/rosidl_generator_cpp/cmake)
[1.554s] -- Using all available rosidl_typesupport_c: rosidl_typesupport_fastrtps_c;rosidl_typesupport_introspection_c
[1.554s] -- Using all available rosidl_typesupport_cpp: rosidl_typesupport_fastrtps_cpp;rosidl_typesupport_introspection_cpp
[1.554s] -- Found rmw_implementation_cmake: 6.1.2 (/opt/ros/humble/share/rmw_implementation_cmake/cmake)
[1.554s] -- Found rmw_fastrtps_cpp: 6.2.9 (/opt/ros/humble/share/rmw_fastrtps_cpp/cmake)
[2.571s] -- Found OpenSSL: /usr/lib/x86_64-linux-gnu/libcrypto.so (found version "3.0.2")  
[3.607s] -- Found FastRTPS: /opt/ros/humble/include  
[5.417s] -- Using RMW implementation 'rmw_fastrtps_cpp' as default
[5.420s] -- Looking for pthread.h
[5.593s] -- Looking for pthread.h - found
[5.593s] -- Performing Test CMAKE_HAVE_LIBC_PTHREAD
[5.735s] -- Performing Test CMAKE_HAVE_LIBC_PTHREAD - Success
[5.736s] -- Found Threads: TRUE  
[5.762s] -- Found ament_lint_auto: 0.12.14 (/opt/ros/humble/share/ament_lint_auto/cmake)
[5.812s] -- Added test 'copyright' to check source files copyright and LICENSE
[5.813s] -- Added test 'cppcheck' to perform static code analysis on C / C++ code
[5.814s] -- Configured cppcheck include dirs: 
[5.814s] -- Configured cppcheck exclude dirs and/or files: 
[5.814s] -- Added test 'cpplint' to check C / C++ code against the Google style
[5.814s] -- Configured cpplint exclude dirs and/or files: 
[5.815s] -- Added test 'lint_cmake' to check CMake code style
[5.815s] -- Added test 'uncrustify' to check C / C++ code style
[5.816s] -- Configured uncrustify additional arguments: 
[5.816s] -- Added test 'xmllint' to check XML markup files
[5.817s] -- Configuring done
[5.819s] [31mCMake Error at CMakeLists.txt:21 (add_executable):
[5.819s]   Cannot find source file:
[5.819s] 
[5.819s]     member_function.cpp
[5.819s] 
[5.819s] [0m
[5.819s] [31mCMake Error at CMakeLists.txt:21 (add_executable):
[5.819s]   No SOURCES given to target: publisher_member_function
[5.819s] 
[5.819s] [0m
[5.819s] [0mCMake Generate step failed.  Build files cannot be regenerated correctly.[0m
[5.825s] Invoked command in '/home/diseq1/ros2_ws/build/examples_rclcpp_minimal_publisher' returned '1': CMAKE_PREFIX_PATH=/opt/ros/humble /usr/bin/cmake /home/diseq1/ros2_ws/src/ros2-tutorials/rclcpp/topics/minimal_publisher -DCMAKE_INSTALL_PREFIX=/home/diseq1/ros2_ws/install/examples_rclcpp_minimal_publisher
