[1.922s] Invoking command in '/home/diseq1/ros2_ws/src/ros2-tutorials/rclpy/services/minimal_client': PYTHONPATH=/home/diseq1/ros2_ws/build/examples_rclpy_minimal_client/prefix_override:/usr/lib/python3/dist-packages/colcon_core/task/python/colcon_distutils_commands:/home/diseq1/ros2_ws/install/examples_rclpy_minimal_client/lib/python3.10/site-packages:${PYTHONPATH} /usr/bin/python3 -W ignore:setup.py install is deprecated -W ignore:easy_install command is deprecated setup.py egg_info --egg-base ../../../../../build/examples_rclpy_minimal_client build --build-base /home/diseq1/ros2_ws/build/examples_rclpy_minimal_client/build install --record /home/diseq1/ros2_ws/build/examples_rclpy_minimal_client/install.log --single-version-externally-managed install_data
[3.320s] running egg_info
[3.320s] creating ../../../../../build/examples_rclpy_minimal_client/examples_rclpy_minimal_client.egg-info
[3.320s] writing ../../../../../build/examples_rclpy_minimal_client/examples_rclpy_minimal_client.egg-info/PKG-INFO
[3.320s] writing dependency_links to ../../../../../build/examples_rclpy_minimal_client/examples_rclpy_minimal_client.egg-info/dependency_links.txt
[3.320s] writing entry points to ../../../../../build/examples_rclpy_minimal_client/examples_rclpy_minimal_client.egg-info/entry_points.txt
[3.320s] writing requirements to ../../../../../build/examples_rclpy_minimal_client/examples_rclpy_minimal_client.egg-info/requires.txt
[3.320s] writing top-level names to ../../../../../build/examples_rclpy_minimal_client/examples_rclpy_minimal_client.egg-info/top_level.txt
[3.320s] writing manifest file '../../../../../build/examples_rclpy_minimal_client/examples_rclpy_minimal_client.egg-info/SOURCES.txt'
[3.320s] reading manifest file '../../../../../build/examples_rclpy_minimal_client/examples_rclpy_minimal_client.egg-info/SOURCES.txt'
[3.320s] writing manifest file '../../../../../build/examples_rclpy_minimal_client/examples_rclpy_minimal_client.egg-info/SOURCES.txt'
[3.320s] running build
[3.320s] running build_py
[3.320s] creating /home/diseq1/ros2_ws/build/examples_rclpy_minimal_client/build
[3.320s] creating /home/diseq1/ros2_ws/build/examples_rclpy_minimal_client/build/lib
[3.321s] creating /home/diseq1/ros2_ws/build/examples_rclpy_minimal_client/build/lib/examples_rclpy_minimal_client
[3.321s] copying examples_rclpy_minimal_client/client_async_member_function.py -> /home/diseq1/ros2_ws/build/examples_rclpy_minimal_client/build/lib/examples_rclpy_minimal_client
[3.321s] copying examples_rclpy_minimal_client/__init__.py -> /home/diseq1/ros2_ws/build/examples_rclpy_minimal_client/build/lib/examples_rclpy_minimal_client
[3.321s] copying examples_rclpy_minimal_client/client_async_callback.py -> /home/diseq1/ros2_ws/build/examples_rclpy_minimal_client/build/lib/examples_rclpy_minimal_client
[3.321s] copying examples_rclpy_minimal_client/client_async.py -> /home/diseq1/ros2_ws/build/examples_rclpy_minimal_client/build/lib/examples_rclpy_minimal_client
[3.321s] copying examples_rclpy_minimal_client/client.py -> /home/diseq1/ros2_ws/build/examples_rclpy_minimal_client/build/lib/examples_rclpy_minimal_client
[3.321s] running install
[3.321s] running install_lib
[3.321s] creating /home/diseq1/ros2_ws/install/examples_rclpy_minimal_client/lib/python3.10/site-packages/examples_rclpy_minimal_client
[3.321s] copying /home/diseq1/ros2_ws/build/examples_rclpy_minimal_client/build/lib/examples_rclpy_minimal_client/client_async_member_function.py -> /home/diseq1/ros2_ws/install/examples_rclpy_minimal_client/lib/python3.10/site-packages/examples_rclpy_minimal_client
[3.321s] copying /home/diseq1/ros2_ws/build/examples_rclpy_minimal_client/build/lib/examples_rclpy_minimal_client/__init__.py -> /home/diseq1/ros2_ws/install/examples_rclpy_minimal_client/lib/python3.10/site-packages/examples_rclpy_minimal_client
[3.321s] copying /home/diseq1/ros2_ws/build/examples_rclpy_minimal_client/build/lib/examples_rclpy_minimal_client/client_async_callback.py -> /home/diseq1/ros2_ws/install/examples_rclpy_minimal_client/lib/python3.10/site-packages/examples_rclpy_minimal_client
[3.322s] copying /home/diseq1/ros2_ws/build/examples_rclpy_minimal_client/build/lib/examples_rclpy_minimal_client/client_async.py -> /home/diseq1/ros2_ws/install/examples_rclpy_minimal_client/lib/python3.10/site-packages/examples_rclpy_minimal_client
[3.322s] copying /home/diseq1/ros2_ws/build/examples_rclpy_minimal_client/build/lib/examples_rclpy_minimal_client/client.py -> /home/diseq1/ros2_ws/install/examples_rclpy_minimal_client/lib/python3.10/site-packages/examples_rclpy_minimal_client
[3.322s] byte-compiling /home/diseq1/ros2_ws/install/examples_rclpy_minimal_client/lib/python3.10/site-packages/examples_rclpy_minimal_client/client_async_member_function.py to client_async_member_function.cpython-310.pyc
[3.322s] byte-compiling /home/diseq1/ros2_ws/install/examples_rclpy_minimal_client/lib/python3.10/site-packages/examples_rclpy_minimal_client/__init__.py to __init__.cpython-310.pyc
[3.323s] byte-compiling /home/diseq1/ros2_ws/install/examples_rclpy_minimal_client/lib/python3.10/site-packages/examples_rclpy_minimal_client/client_async_callback.py to client_async_callback.cpython-310.pyc
[3.323s] byte-compiling /home/diseq1/ros2_ws/install/examples_rclpy_minimal_client/lib/python3.10/site-packages/examples_rclpy_minimal_client/client_async.py to client_async.cpython-310.pyc
[3.323s] byte-compiling /home/diseq1/ros2_ws/install/examples_rclpy_minimal_client/lib/python3.10/site-packages/examples_rclpy_minimal_client/client.py to client.cpython-310.pyc
[3.323s] running install_data
[3.323s] creating /home/diseq1/ros2_ws/install/examples_rclpy_minimal_client/share/ament_index
[3.324s] creating /home/diseq1/ros2_ws/install/examples_rclpy_minimal_client/share/ament_index/resource_index
[3.324s] creating /home/diseq1/ros2_ws/install/examples_rclpy_minimal_client/share/ament_index/resource_index/packages
[3.324s] copying resource/examples_rclpy_minimal_client -> /home/diseq1/ros2_ws/install/examples_rclpy_minimal_client/share/ament_index/resource_index/packages
[3.324s] copying package.xml -> /home/diseq1/ros2_ws/install/examples_rclpy_minimal_client/share/examples_rclpy_minimal_client
[3.324s] running install_egg_info
[3.324s] Copying ../../../../../build/examples_rclpy_minimal_client/examples_rclpy_minimal_client.egg-info to /home/diseq1/ros2_ws/install/examples_rclpy_minimal_client/lib/python3.10/site-packages/examples_rclpy_minimal_client-0.21.4-py3.10.egg-info
[3.324s] running install_scripts
[3.324s] Installing client script to /home/diseq1/ros2_ws/install/examples_rclpy_minimal_client/lib/examples_rclpy_minimal_client
[3.324s] Installing client_async script to /home/diseq1/ros2_ws/install/examples_rclpy_minimal_client/lib/examples_rclpy_minimal_client
[3.324s] Installing client_async_callback script to /home/diseq1/ros2_ws/install/examples_rclpy_minimal_client/lib/examples_rclpy_minimal_client
[3.324s] Installing client_async_member_function script to /home/diseq1/ros2_ws/install/examples_rclpy_minimal_client/lib/examples_rclpy_minimal_client
[3.324s] writing list of installed files to '/home/diseq1/ros2_ws/build/examples_rclpy_minimal_client/install.log'
[3.365s] Invoked command in '/home/diseq1/ros2_ws/src/ros2-tutorials/rclpy/services/minimal_client' returned '0': PYTHONPATH=/home/diseq1/ros2_ws/build/examples_rclpy_minimal_client/prefix_override:/usr/lib/python3/dist-packages/colcon_core/task/python/colcon_distutils_commands:/home/diseq1/ros2_ws/install/examples_rclpy_minimal_client/lib/python3.10/site-packages:${PYTHONPATH} /usr/bin/python3 -W ignore:setup.py install is deprecated -W ignore:easy_install command is deprecated setup.py egg_info --egg-base ../../../../../build/examples_rclpy_minimal_client build --build-base /home/diseq1/ros2_ws/build/examples_rclpy_minimal_client/build install --record /home/diseq1/ros2_ws/build/examples_rclpy_minimal_client/install.log --single-version-externally-managed install_data
