[0.007s] Invoking command in '/home/diseq1/ros2_ws/build/urdf_tutorial': CMAKE_PREFIX_PATH=${CMAKE_PREFIX_PATH}:/home/diseq1/ros2_ws/install/turtle_tf2_py:/home/diseq1/ros2_ws/install/launch_testing_examples:/home/diseq1/ros2_ws/install/examples_rclpy_pointcloud_publisher:/home/diseq1/ros2_ws/install/examples_rclpy_minimal_subscriber:/home/diseq1/ros2_ws/install/examples_rclpy_minimal_service:/home/diseq1/ros2_ws/install/examples_rclpy_minimal_publisher:/home/diseq1/ros2_ws/install/examples_rclpy_minimal_client:/home/diseq1/ros2_ws/install/examples_rclpy_minimal_action_server:/home/diseq1/ros2_ws/install/examples_rclpy_minimal_action_client:/home/diseq1/ros2_ws/install/examples_rclpy_guard_conditions:/home/diseq1/ros2_ws/install/examples_rclpy_executors:/opt/ros/humble /usr/bin/cmake --build /home/diseq1/ros2_ws/build/urdf_tutorial -- -j32 -l32
[0.025s] Invoked command in '/home/diseq1/ros2_ws/build/urdf_tutorial' returned '0': CMAKE_PREFIX_PATH=${CMAKE_PREFIX_PATH}:/home/diseq1/ros2_ws/install/turtle_tf2_py:/home/diseq1/ros2_ws/install/launch_testing_examples:/home/diseq1/ros2_ws/install/examples_rclpy_pointcloud_publisher:/home/diseq1/ros2_ws/install/examples_rclpy_minimal_subscriber:/home/diseq1/ros2_ws/install/examples_rclpy_minimal_service:/home/diseq1/ros2_ws/install/examples_rclpy_minimal_publisher:/home/diseq1/ros2_ws/install/examples_rclpy_minimal_client:/home/diseq1/ros2_ws/install/examples_rclpy_minimal_action_server:/home/diseq1/ros2_ws/install/examples_rclpy_minimal_action_client:/home/diseq1/ros2_ws/install/examples_rclpy_guard_conditions:/home/diseq1/ros2_ws/install/examples_rclpy_executors:/opt/ros/humble /usr/bin/cmake --build /home/diseq1/ros2_ws/build/urdf_tutorial -- -j32 -l32
[0.030s] Invoking command in '/home/diseq1/ros2_ws/build/urdf_tutorial': CMAKE_PREFIX_PATH=${CMAKE_PREFIX_PATH}:/home/diseq1/ros2_ws/install/turtle_tf2_py:/home/diseq1/ros2_ws/install/launch_testing_examples:/home/diseq1/ros2_ws/install/examples_rclpy_pointcloud_publisher:/home/diseq1/ros2_ws/install/examples_rclpy_minimal_subscriber:/home/diseq1/ros2_ws/install/examples_rclpy_minimal_service:/home/diseq1/ros2_ws/install/examples_rclpy_minimal_publisher:/home/diseq1/ros2_ws/install/examples_rclpy_minimal_client:/home/diseq1/ros2_ws/install/examples_rclpy_minimal_action_server:/home/diseq1/ros2_ws/install/examples_rclpy_minimal_action_client:/home/diseq1/ros2_ws/install/examples_rclpy_guard_conditions:/home/diseq1/ros2_ws/install/examples_rclpy_executors:/opt/ros/humble /usr/bin/cmake --install /home/diseq1/ros2_ws/build/urdf_tutorial
[0.033s] -- Install configuration: ""
[0.033s] -- Up-to-date: /home/diseq1/ros2_ws/install/urdf_tutorial/share/urdf_tutorial/launch
[0.033s] -- Up-to-date: /home/diseq1/ros2_ws/install/urdf_tutorial/share/urdf_tutorial/launch/display.launch.py
[0.034s] -- Up-to-date: /home/diseq1/ros2_ws/install/urdf_tutorial/share/urdf_tutorial/urdf
[0.034s] -- Installing: /home/diseq1/ros2_ws/install/urdf_tutorial/share/urdf_tutorial/urdf/02-two-link.urdf
[0.034s] -- Up-to-date: /home/diseq1/ros2_ws/install/urdf_tutorial/share/urdf_tutorial/urdf/01-simple-link.urdf
[0.034s] -- Up-to-date: /home/diseq1/ros2_ws/install/urdf_tutorial/share/ament_index/resource_index/package_run_dependencies/urdf_tutorial
[0.034s] -- Up-to-date: /home/diseq1/ros2_ws/install/urdf_tutorial/share/ament_index/resource_index/parent_prefix_path/urdf_tutorial
[0.034s] -- Up-to-date: /home/diseq1/ros2_ws/install/urdf_tutorial/share/urdf_tutorial/environment/ament_prefix_path.sh
[0.034s] -- Up-to-date: /home/diseq1/ros2_ws/install/urdf_tutorial/share/urdf_tutorial/environment/ament_prefix_path.dsv
[0.034s] -- Up-to-date: /home/diseq1/ros2_ws/install/urdf_tutorial/share/urdf_tutorial/environment/path.sh
[0.034s] -- Up-to-date: /home/diseq1/ros2_ws/install/urdf_tutorial/share/urdf_tutorial/environment/path.dsv
[0.034s] -- Up-to-date: /home/diseq1/ros2_ws/install/urdf_tutorial/share/urdf_tutorial/local_setup.bash
[0.034s] -- Up-to-date: /home/diseq1/ros2_ws/install/urdf_tutorial/share/urdf_tutorial/local_setup.sh
[0.034s] -- Up-to-date: /home/diseq1/ros2_ws/install/urdf_tutorial/share/urdf_tutorial/local_setup.zsh
[0.034s] -- Up-to-date: /home/diseq1/ros2_ws/install/urdf_tutorial/share/urdf_tutorial/local_setup.dsv
[0.034s] -- Installing: /home/diseq1/ros2_ws/install/urdf_tutorial/share/urdf_tutorial/package.dsv
[0.035s] -- Up-to-date: /home/diseq1/ros2_ws/install/urdf_tutorial/share/ament_index/resource_index/packages/urdf_tutorial
[0.035s] -- Up-to-date: /home/diseq1/ros2_ws/install/urdf_tutorial/share/urdf_tutorial/cmake/urdf_tutorialConfig.cmake
[0.035s] -- Up-to-date: /home/diseq1/ros2_ws/install/urdf_tutorial/share/urdf_tutorial/cmake/urdf_tutorialConfig-version.cmake
[0.035s] -- Up-to-date: /home/diseq1/ros2_ws/install/urdf_tutorial/share/urdf_tutorial/package.xml
[0.036s] Invoked command in '/home/diseq1/ros2_ws/build/urdf_tutorial' returned '0': CMAKE_PREFIX_PATH=${CMAKE_PREFIX_PATH}:/home/diseq1/ros2_ws/install/turtle_tf2_py:/home/diseq1/ros2_ws/install/launch_testing_examples:/home/diseq1/ros2_ws/install/examples_rclpy_pointcloud_publisher:/home/diseq1/ros2_ws/install/examples_rclpy_minimal_subscriber:/home/diseq1/ros2_ws/install/examples_rclpy_minimal_service:/home/diseq1/ros2_ws/install/examples_rclpy_minimal_publisher:/home/diseq1/ros2_ws/install/examples_rclpy_minimal_client:/home/diseq1/ros2_ws/install/examples_rclpy_minimal_action_server:/home/diseq1/ros2_ws/install/examples_rclpy_minimal_action_client:/home/diseq1/ros2_ws/install/examples_rclpy_guard_conditions:/home/diseq1/ros2_ws/install/examples_rclpy_executors:/opt/ros/humble /usr/bin/cmake --install /home/diseq1/ros2_ws/build/urdf_tutorial
